TCP Ping trying to connect to server localhost (127.0.0.1) on port 1491
 ... connected to Pong server: asking for 501 repetitions of 4096 bytes TCP messages
 ... Pong server agreed :-)
tcp_ping received 4096 bytes back
Round trip time was 0.286657 milliseconds in repetition 1
tcp_ping received 4096 bytes back
Round trip time was 0.331942 milliseconds in repetition 2
tcp_ping received 4096 bytes back
Round trip time was 0.260759 milliseconds in repetition 3
tcp_ping received 4096 bytes back
Round trip time was 0.240901 milliseconds in repetition 4
tcp_ping received 4096 bytes back
Round trip time was 0.240521 milliseconds in repetition 5
tcp_ping received 4096 bytes back
Round trip time was 0.244618 milliseconds in repetition 6
tcp_ping received 4096 bytes back
Round trip time was 0.240341 milliseconds in repetition 7
tcp_ping received 4096 bytes back
Round trip time was 0.240621 milliseconds in repetition 8
tcp_ping received 4096 bytes back
Round trip time was 0.240901 milliseconds in repetition 9
tcp_ping received 4096 bytes back
Round trip time was 0.231484 milliseconds in repetition 10
tcp_ping received 4096 bytes back
Round trip time was 0.240961 milliseconds in repetition 11
tcp_ping received 4096 bytes back
Round trip time was 0.240852 milliseconds in repetition 12
tcp_ping received 4096 bytes back
Round trip time was 0.240671 milliseconds in repetition 13
tcp_ping received 4096 bytes back
Round trip time was 0.243998 milliseconds in repetition 14
tcp_ping received 4096 bytes back
Round trip time was 0.251692 milliseconds in repetition 15
tcp_ping received 4096 bytes back
Round trip time was 0.258355 milliseconds in repetition 16
tcp_ping received 4096 bytes back
Round trip time was 0.29323 milliseconds in repetition 17
tcp_ping received 4096 bytes back
Round trip time was 0.242745 milliseconds in repetition 18
tcp_ping received 4096 bytes back
Round trip time was 0.240801 milliseconds in repetition 19
tcp_ping received 4096 bytes back
Round trip time was 0.240651 milliseconds in repetition 20
tcp_ping received 4096 bytes back
Round trip time was 0.240139 milliseconds in repetition 21
tcp_ping received 4096 bytes back
Round trip time was 0.279604 milliseconds in repetition 22
tcp_ping received 4096 bytes back
Round trip time was 8.48806 milliseconds in repetition 23
tcp_ping received 4096 bytes back
Round trip time was 0.174748 milliseconds in repetition 24
tcp_ping received 4096 bytes back
Round trip time was 0.119143 milliseconds in repetition 25
tcp_ping received 4096 bytes back
Round trip time was 0.120527 milliseconds in repetition 26
tcp_ping received 4096 bytes back
Round trip time was 0.120356 milliseconds in repetition 27
tcp_ping received 4096 bytes back
Round trip time was 0.119704 milliseconds in repetition 28
tcp_ping received 4096 bytes back
Round trip time was 0.119113 milliseconds in repetition 29
tcp_ping received 4096 bytes back
Round trip time was 0.120186 milliseconds in repetition 30
tcp_ping received 4096 bytes back
Round trip time was 0.15417 milliseconds in repetition 31
tcp_ping received 4096 bytes back
Round trip time was 0.121929 milliseconds in repetition 32
tcp_ping received 4096 bytes back
Round trip time was 0.120756 milliseconds in repetition 33
tcp_ping received 4096 bytes back
Round trip time was 0.119695 milliseconds in repetition 34
tcp_ping received 4096 bytes back
Round trip time was 0.119914 milliseconds in repetition 35
tcp_ping received 4096 bytes back
Round trip time was 0.120708 milliseconds in repetition 36
tcp_ping received 4096 bytes back
Round trip time was 0.121307 milliseconds in repetition 37
tcp_ping received 4096 bytes back
Round trip time was 0.157044 milliseconds in repetition 38
tcp_ping received 4096 bytes back
Round trip time was 0.129783 milliseconds in repetition 39
tcp_ping received 4096 bytes back
Round trip time was 0.119804 milliseconds in repetition 40
tcp_ping received 4096 bytes back
Round trip time was 0.119274 milliseconds in repetition 41
tcp_ping received 4096 bytes back
Round trip time was 0.119854 milliseconds in repetition 42
tcp_ping received 4096 bytes back
Round trip time was 1.08958 milliseconds in repetition 43
tcp_ping received 4096 bytes back
Round trip time was 0.128832 milliseconds in repetition 44
tcp_ping received 4096 bytes back
Round trip time was 0.201278 milliseconds in repetition 45
tcp_ping received 4096 bytes back
Round trip time was 0.12273 milliseconds in repetition 46
tcp_ping received 4096 bytes back
Round trip time was 0.119825 milliseconds in repetition 47
tcp_ping received 4096 bytes back
Round trip time was 0.120296 milliseconds in repetition 48
tcp_ping received 4096 bytes back
Round trip time was 0.120025 milliseconds in repetition 49
tcp_ping received 4096 bytes back
Round trip time was 0.119535 milliseconds in repetition 50
tcp_ping received 4096 bytes back
Round trip time was 0.119895 milliseconds in repetition 51
tcp_ping received 4096 bytes back
Round trip time was 0.154338 milliseconds in repetition 52
tcp_ping received 4096 bytes back
Round trip time was 0.12247 milliseconds in repetition 53
tcp_ping received 4096 bytes back
Round trip time was 0.120235 milliseconds in repetition 54
tcp_ping received 4096 bytes back
Round trip time was 0.119875 milliseconds in repetition 55
tcp_ping received 4096 bytes back
Round trip time was 0.119454 milliseconds in repetition 56
tcp_ping received 4096 bytes back
Round trip time was 0.119694 milliseconds in repetition 57
tcp_ping received 4096 bytes back
Round trip time was 0.119964 milliseconds in repetition 58
tcp_ping received 4096 bytes back
Round trip time was 0.119544 milliseconds in repetition 59
tcp_ping received 4096 bytes back
Round trip time was 0.1542 milliseconds in repetition 60
tcp_ping received 4096 bytes back
Round trip time was 0.123682 milliseconds in repetition 61
tcp_ping received 4096 bytes back
Round trip time was 0.120396 milliseconds in repetition 62
tcp_ping received 4096 bytes back
Round trip time was 0.121528 milliseconds in repetition 63
tcp_ping received 4096 bytes back
Round trip time was 0.120175 milliseconds in repetition 64
tcp_ping received 4096 bytes back
Round trip time was 0.120256 milliseconds in repetition 65
tcp_ping received 4096 bytes back
Round trip time was 0.120336 milliseconds in repetition 66
tcp_ping received 4096 bytes back
Round trip time was 0.793677 milliseconds in repetition 67
tcp_ping received 4096 bytes back
Round trip time was 0.124263 milliseconds in repetition 68
tcp_ping received 4096 bytes back
Round trip time was 0.119303 milliseconds in repetition 69
tcp_ping received 4096 bytes back
Round trip time was 0.159969 milliseconds in repetition 70
tcp_ping received 4096 bytes back
Round trip time was 0.12235 milliseconds in repetition 71
tcp_ping received 4096 bytes back
Round trip time was 0.119986 milliseconds in repetition 72
tcp_ping received 4096 bytes back
Round trip time was 0.119434 milliseconds in repetition 73
tcp_ping received 4096 bytes back
Round trip time was 0.119153 milliseconds in repetition 74
tcp_ping received 4096 bytes back
Round trip time was 0.118893 milliseconds in repetition 75
tcp_ping received 4096 bytes back
Round trip time was 0.119374 milliseconds in repetition 76
tcp_ping received 4096 bytes back
Round trip time was 0.151855 milliseconds in repetition 77
tcp_ping received 4096 bytes back
Round trip time was 0.126308 milliseconds in repetition 78
tcp_ping received 4096 bytes back
Round trip time was 0.122239 milliseconds in repetition 79
tcp_ping received 4096 bytes back
Round trip time was 0.124633 milliseconds in repetition 80
tcp_ping received 4096 bytes back
Round trip time was 0.140474 milliseconds in repetition 81
tcp_ping received 4096 bytes back
Round trip time was 0.119573 milliseconds in repetition 82
tcp_ping received 4096 bytes back
Round trip time was 0.125665 milliseconds in repetition 83
tcp_ping received 4096 bytes back
Round trip time was 0.174266 milliseconds in repetition 84
tcp_ping received 4096 bytes back
Round trip time was 0.121648 milliseconds in repetition 85
tcp_ping received 4096 bytes back
Round trip time was 0.125294 milliseconds in repetition 86
tcp_ping received 4096 bytes back
Round trip time was 0.118232 milliseconds in repetition 87
tcp_ping received 4096 bytes back
Round trip time was 0.131987 milliseconds in repetition 88
tcp_ping received 4096 bytes back
Round trip time was 0.1168 milliseconds in repetition 89
tcp_ping received 4096 bytes back
Round trip time was 0.180077 milliseconds in repetition 90
tcp_ping received 4096 bytes back
Round trip time was 0.130574 milliseconds in repetition 91
tcp_ping received 4096 bytes back
Round trip time was 0.604323 milliseconds in repetition 92
tcp_ping received 4096 bytes back
Round trip time was 0.172052 milliseconds in repetition 93
tcp_ping received 4096 bytes back
Round trip time was 0.134923 milliseconds in repetition 94
tcp_ping received 4096 bytes back
Round trip time was 0.140903 milliseconds in repetition 95
tcp_ping received 4096 bytes back
Round trip time was 0.123661 milliseconds in repetition 96
tcp_ping received 4096 bytes back
Round trip time was 0.126737 milliseconds in repetition 97
tcp_ping received 4096 bytes back
Round trip time was 0.127921 milliseconds in repetition 98
tcp_ping received 4096 bytes back
Round trip time was 0.131195 milliseconds in repetition 99
tcp_ping received 4096 bytes back
Round trip time was 0.209843 milliseconds in repetition 100
tcp_ping received 4096 bytes back
Round trip time was 0.141635 milliseconds in repetition 101
tcp_ping received 4096 bytes back
Round trip time was 0.121688 milliseconds in repetition 102
tcp_ping received 4096 bytes back
Round trip time was 0.118503 milliseconds in repetition 103
tcp_ping received 4096 bytes back
Round trip time was 0.119945 milliseconds in repetition 104
tcp_ping received 4096 bytes back
Round trip time was 0.122169 milliseconds in repetition 105
tcp_ping received 4096 bytes back
Round trip time was 0.119915 milliseconds in repetition 106
tcp_ping received 4096 bytes back
Round trip time was 0.344726 milliseconds in repetition 107
tcp_ping received 4096 bytes back
Round trip time was 0.132098 milliseconds in repetition 108
tcp_ping received 4096 bytes back
Round trip time was 0.116598 milliseconds in repetition 109
tcp_ping received 4096 bytes back
Round trip time was 0.119044 milliseconds in repetition 110
tcp_ping received 4096 bytes back
Round trip time was 0.116098 milliseconds in repetition 111
tcp_ping received 4096 bytes back
Round trip time was 0.117361 milliseconds in repetition 112
tcp_ping received 4096 bytes back
Round trip time was 0.285867 milliseconds in repetition 113
tcp_ping received 4096 bytes back
Round trip time was 0.123862 milliseconds in repetition 114
tcp_ping received 4096 bytes back
Round trip time was 0.118622 milliseconds in repetition 115
tcp_ping received 4096 bytes back
Round trip time was 0.120206 milliseconds in repetition 116
tcp_ping received 4096 bytes back
Round trip time was 0.118101 milliseconds in repetition 117
tcp_ping received 4096 bytes back
Round trip time was 0.118903 milliseconds in repetition 118
tcp_ping received 4096 bytes back
Round trip time was 0.265829 milliseconds in repetition 119
tcp_ping received 4096 bytes back
Round trip time was 0.214182 milliseconds in repetition 120
tcp_ping received 4096 bytes back
Round trip time was 0.144741 milliseconds in repetition 121
tcp_ping received 4096 bytes back
Round trip time was 0.132848 milliseconds in repetition 122
tcp_ping received 4096 bytes back
Round trip time was 0.162675 milliseconds in repetition 123
tcp_ping received 4096 bytes back
Round trip time was 0.143129 milliseconds in repetition 124
tcp_ping received 4096 bytes back
Round trip time was 0.145563 milliseconds in repetition 125
tcp_ping received 4096 bytes back
Round trip time was 0.119924 milliseconds in repetition 126
tcp_ping received 4096 bytes back
Round trip time was 0.119514 milliseconds in repetition 127
tcp_ping received 4096 bytes back
Round trip time was 0.11779 milliseconds in repetition 128
tcp_ping received 4096 bytes back
Round trip time was 0.121387 milliseconds in repetition 129
tcp_ping received 4096 bytes back
Round trip time was 0.119143 milliseconds in repetition 130
tcp_ping received 4096 bytes back
Round trip time was 0.122851 milliseconds in repetition 131
tcp_ping received 4096 bytes back
Round trip time was 0.140845 milliseconds in repetition 132
tcp_ping received 4096 bytes back
Round trip time was 0.116919 milliseconds in repetition 133
tcp_ping received 4096 bytes back
Round trip time was 0.118151 milliseconds in repetition 134
tcp_ping received 4096 bytes back
Round trip time was 0.121999 milliseconds in repetition 135
tcp_ping received 4096 bytes back
Round trip time was 0.124583 milliseconds in repetition 136
tcp_ping received 4096 bytes back
Round trip time was 0.203372 milliseconds in repetition 137
tcp_ping received 4096 bytes back
Round trip time was 0.136186 milliseconds in repetition 138
tcp_ping received 4096 bytes back
Round trip time was 0.121538 milliseconds in repetition 139
tcp_ping received 4096 bytes back
Round trip time was 0.120306 milliseconds in repetition 140
tcp_ping received 4096 bytes back
Round trip time was 0.120646 milliseconds in repetition 141
tcp_ping received 4096 bytes back
Round trip time was 0.119664 milliseconds in repetition 142
tcp_ping received 4096 bytes back
Round trip time was 0.117951 milliseconds in repetition 143
tcp_ping received 4096 bytes back
Round trip time was 0.144932 milliseconds in repetition 144
tcp_ping received 4096 bytes back
Round trip time was 0.136144 milliseconds in repetition 145
tcp_ping received 4096 bytes back
Round trip time was 0.119613 milliseconds in repetition 146
tcp_ping received 4096 bytes back
Round trip time was 0.119454 milliseconds in repetition 147
tcp_ping received 4096 bytes back
Round trip time was 0.120505 milliseconds in repetition 148
tcp_ping received 4096 bytes back
Round trip time was 0.120004 milliseconds in repetition 149
tcp_ping received 4096 bytes back
Round trip time was 0.119835 milliseconds in repetition 150
tcp_ping received 4096 bytes back
Round trip time was 0.120267 milliseconds in repetition 151
tcp_ping received 4096 bytes back
Round trip time was 0.15537 milliseconds in repetition 152
tcp_ping received 4096 bytes back
Round trip time was 0.121627 milliseconds in repetition 153
tcp_ping received 4096 bytes back
Round trip time was 0.121809 milliseconds in repetition 154
tcp_ping received 4096 bytes back
Round trip time was 0.122038 milliseconds in repetition 155
tcp_ping received 4096 bytes back
Round trip time was 0.120165 milliseconds in repetition 156
tcp_ping received 4096 bytes back
Round trip time was 0.120386 milliseconds in repetition 157
tcp_ping received 4096 bytes back
Round trip time was 0.121096 milliseconds in repetition 158
tcp_ping received 4096 bytes back
Round trip time was 0.156753 milliseconds in repetition 159
tcp_ping received 4096 bytes back
Round trip time was 0.128391 milliseconds in repetition 160
tcp_ping received 4096 bytes back
Round trip time was 0.120856 milliseconds in repetition 161
tcp_ping received 4096 bytes back
Round trip time was 0.120916 milliseconds in repetition 162
tcp_ping received 4096 bytes back
Round trip time was 0.119925 milliseconds in repetition 163
tcp_ping received 4096 bytes back
Round trip time was 0.119655 milliseconds in repetition 164
tcp_ping received 4096 bytes back
Round trip time was 0.120647 milliseconds in repetition 165
tcp_ping received 4096 bytes back
Round trip time was 0.119774 milliseconds in repetition 166
tcp_ping received 4096 bytes back
Round trip time was 0.199585 milliseconds in repetition 167
tcp_ping received 4096 bytes back
Round trip time was 0.122921 milliseconds in repetition 168
tcp_ping received 4096 bytes back
Round trip time was 0.120596 milliseconds in repetition 169
tcp_ping received 4096 bytes back
Round trip time was 0.119834 milliseconds in repetition 170
tcp_ping received 4096 bytes back
Round trip time was 0.119445 milliseconds in repetition 171
tcp_ping received 4096 bytes back
Round trip time was 0.119594 milliseconds in repetition 172
tcp_ping received 4096 bytes back
Round trip time was 0.120266 milliseconds in repetition 173
tcp_ping received 4096 bytes back
Round trip time was 0.152084 milliseconds in repetition 174
tcp_ping received 4096 bytes back
Round trip time was 0.125414 milliseconds in repetition 175
tcp_ping received 4096 bytes back
Round trip time was 0.120556 milliseconds in repetition 176
tcp_ping received 4096 bytes back
Round trip time was 0.119764 milliseconds in repetition 177
tcp_ping received 4096 bytes back
Round trip time was 0.119885 milliseconds in repetition 178
tcp_ping received 4096 bytes back
Round trip time was 0.120386 milliseconds in repetition 179
tcp_ping received 4096 bytes back
Round trip time was 0.119715 milliseconds in repetition 180
tcp_ping received 4096 bytes back
Round trip time was 0.168706 milliseconds in repetition 181
tcp_ping received 4096 bytes back
Round trip time was 0.110356 milliseconds in repetition 182
tcp_ping received 4096 bytes back
Round trip time was 0.105628 milliseconds in repetition 183
tcp_ping received 4096 bytes back
Round trip time was 0.105228 milliseconds in repetition 184
tcp_ping received 4096 bytes back
Round trip time was 0.104957 milliseconds in repetition 185
tcp_ping received 4096 bytes back
Round trip time was 0.104646 milliseconds in repetition 186
tcp_ping received 4096 bytes back
Round trip time was 0.104646 milliseconds in repetition 187
tcp_ping received 4096 bytes back
Round trip time was 0.104416 milliseconds in repetition 188
tcp_ping received 4096 bytes back
Round trip time was 0.143208 milliseconds in repetition 189
tcp_ping received 4096 bytes back
Round trip time was 0.105827 milliseconds in repetition 190
tcp_ping received 4096 bytes back
Round trip time was 0.104697 milliseconds in repetition 191
tcp_ping received 4096 bytes back
Round trip time was 0.104847 milliseconds in repetition 192
tcp_ping received 4096 bytes back
Round trip time was 0.104545 milliseconds in repetition 193
tcp_ping received 4096 bytes back
Round trip time was 0.105037 milliseconds in repetition 194
tcp_ping received 4096 bytes back
Round trip time was 0.104636 milliseconds in repetition 195
tcp_ping received 4096 bytes back
Round trip time was 0.104586 milliseconds in repetition 196
tcp_ping received 4096 bytes back
Round trip time was 0.104506 milliseconds in repetition 197
tcp_ping received 4096 bytes back
Round trip time was 0.166983 milliseconds in repetition 198
tcp_ping received 4096 bytes back
Round trip time was 0.10701 milliseconds in repetition 199
tcp_ping received 4096 bytes back
Round trip time was 0.104826 milliseconds in repetition 200
tcp_ping received 4096 bytes back
Round trip time was 0.104667 milliseconds in repetition 201
tcp_ping received 4096 bytes back
Round trip time was 0.104766 milliseconds in repetition 202
tcp_ping received 4096 bytes back
Round trip time was 0.104586 milliseconds in repetition 203
tcp_ping received 4096 bytes back
Round trip time was 0.104946 milliseconds in repetition 204
tcp_ping received 4096 bytes back
Round trip time was 0.104657 milliseconds in repetition 205
tcp_ping received 4096 bytes back
Round trip time was 0.142969 milliseconds in repetition 206
tcp_ping received 4096 bytes back
Round trip time was 0.274523 milliseconds in repetition 207
tcp_ping received 4096 bytes back
Round trip time was 0.11184 milliseconds in repetition 208
tcp_ping received 4096 bytes back
Round trip time was 0.116708 milliseconds in repetition 209
tcp_ping received 4096 bytes back
Round trip time was 0.108874 milliseconds in repetition 210
tcp_ping received 4096 bytes back
Round trip time was 0.105499 milliseconds in repetition 211
tcp_ping received 4096 bytes back
Round trip time was 0.105187 milliseconds in repetition 212
tcp_ping received 4096 bytes back
Round trip time was 0.136756 milliseconds in repetition 213
tcp_ping received 4096 bytes back
Round trip time was 0.105848 milliseconds in repetition 214
tcp_ping received 4096 bytes back
Round trip time was 0.104926 milliseconds in repetition 215
tcp_ping received 4096 bytes back
Round trip time was 0.104996 milliseconds in repetition 216
tcp_ping received 4096 bytes back
Round trip time was 0.104886 milliseconds in repetition 217
tcp_ping received 4096 bytes back
Round trip time was 0.104776 milliseconds in repetition 218
tcp_ping received 4096 bytes back
Round trip time was 0.112582 milliseconds in repetition 219
tcp_ping received 4096 bytes back
Round trip time was 0.108444 milliseconds in repetition 220
tcp_ping received 4096 bytes back
Round trip time was 0.143389 milliseconds in repetition 221
tcp_ping received 4096 bytes back
Round trip time was 0.108424 milliseconds in repetition 222
tcp_ping received 4096 bytes back
Round trip time was 0.106158 milliseconds in repetition 223
tcp_ping received 4096 bytes back
Round trip time was 0.105178 milliseconds in repetition 224
tcp_ping received 4096 bytes back
Round trip time was 0.105518 milliseconds in repetition 225
tcp_ping received 4096 bytes back
Round trip time was 0.105668 milliseconds in repetition 226
tcp_ping received 4096 bytes back
Round trip time was 0.105809 milliseconds in repetition 227
tcp_ping received 4096 bytes back
Round trip time was 0.105497 milliseconds in repetition 228
tcp_ping received 4096 bytes back
Round trip time was 0.105236 milliseconds in repetition 229
tcp_ping received 4096 bytes back
Round trip time was 0.212639 milliseconds in repetition 230
tcp_ping received 4096 bytes back
Round trip time was 0.108744 milliseconds in repetition 231
tcp_ping received 4096 bytes back
Round trip time was 0.106469 milliseconds in repetition 232
tcp_ping received 4096 bytes back
Round trip time was 0.106339 milliseconds in repetition 233
tcp_ping received 4096 bytes back
Round trip time was 0.106258 milliseconds in repetition 234
tcp_ping received 4096 bytes back
Round trip time was 0.105137 milliseconds in repetition 235
tcp_ping received 4096 bytes back
Round trip time was 0.104936 milliseconds in repetition 236
tcp_ping received 4096 bytes back
Round trip time was 0.104827 milliseconds in repetition 237
tcp_ping received 4096 bytes back
Round trip time was 0.331632 milliseconds in repetition 238
tcp_ping received 4096 bytes back
Round trip time was 0.109786 milliseconds in repetition 239
tcp_ping received 4096 bytes back
Round trip time was 0.105679 milliseconds in repetition 240
tcp_ping received 4096 bytes back
Round trip time was 0.105236 milliseconds in repetition 241
tcp_ping received 4096 bytes back
Round trip time was 0.105547 milliseconds in repetition 242
tcp_ping received 4096 bytes back
Round trip time was 0.105206 milliseconds in repetition 243
tcp_ping received 4096 bytes back
Round trip time was 0.208041 milliseconds in repetition 244
tcp_ping received 4096 bytes back
Round trip time was 0.137367 milliseconds in repetition 245
tcp_ping received 4096 bytes back
Round trip time was 0.106859 milliseconds in repetition 246
tcp_ping received 4096 bytes back
Round trip time was 0.105338 milliseconds in repetition 247
tcp_ping received 4096 bytes back
Round trip time was 0.104786 milliseconds in repetition 248
tcp_ping received 4096 bytes back
Round trip time was 0.105427 milliseconds in repetition 249
tcp_ping received 4096 bytes back
Round trip time was 0.104516 milliseconds in repetition 250
tcp_ping received 4096 bytes back
Round trip time was 0.104516 milliseconds in repetition 251
tcp_ping received 4096 bytes back
Round trip time was 0.268713 milliseconds in repetition 252
tcp_ping received 4096 bytes back
Round trip time was 0.141835 milliseconds in repetition 253
tcp_ping received 4096 bytes back
Round trip time was 0.109024 milliseconds in repetition 254
tcp_ping received 4096 bytes back
Round trip time was 0.105598 milliseconds in repetition 255
tcp_ping received 4096 bytes back
Round trip time was 0.105238 milliseconds in repetition 256
tcp_ping received 4096 bytes back
Round trip time was 0.104978 milliseconds in repetition 257
tcp_ping received 4096 bytes back
Round trip time was 0.104606 milliseconds in repetition 258
tcp_ping received 4096 bytes back
Round trip time was 0.273854 milliseconds in repetition 259
tcp_ping received 4096 bytes back
Round trip time was 0.109366 milliseconds in repetition 260
tcp_ping received 4096 bytes back
Round trip time was 0.105687 milliseconds in repetition 261
tcp_ping received 4096 bytes back
Round trip time was 0.109605 milliseconds in repetition 262
tcp_ping received 4096 bytes back
Round trip time was 0.110937 milliseconds in repetition 263
tcp_ping received 4096 bytes back
Round trip time was 0.118593 milliseconds in repetition 264
tcp_ping received 4096 bytes back
Round trip time was 0.180358 milliseconds in repetition 265
tcp_ping received 4096 bytes back
Round trip time was 0.12346 milliseconds in repetition 266
tcp_ping received 4096 bytes back
Round trip time was 0.121017 milliseconds in repetition 267
tcp_ping received 4096 bytes back
Round trip time was 0.116557 milliseconds in repetition 268
tcp_ping received 4096 bytes back
Round trip time was 0.12248 milliseconds in repetition 269
tcp_ping received 4096 bytes back
Round trip time was 0.145112 milliseconds in repetition 270
tcp_ping received 4096 bytes back
Round trip time was 0.109965 milliseconds in repetition 271
tcp_ping received 4096 bytes back
Round trip time was 0.176361 milliseconds in repetition 272
tcp_ping received 4096 bytes back
Round trip time was 0.107812 milliseconds in repetition 273
tcp_ping received 4096 bytes back
Round trip time was 0.105056 milliseconds in repetition 274
tcp_ping received 4096 bytes back
Round trip time was 0.106951 milliseconds in repetition 275
tcp_ping received 4096 bytes back
Round trip time was 0.105017 milliseconds in repetition 276
tcp_ping received 4096 bytes back
Round trip time was 0.105778 milliseconds in repetition 277
tcp_ping received 4096 bytes back
Round trip time was 0.105156 milliseconds in repetition 278
tcp_ping received 4096 bytes back
Round trip time was 0.105047 milliseconds in repetition 279
tcp_ping received 4096 bytes back
Round trip time was 0.157796 milliseconds in repetition 280
tcp_ping received 4096 bytes back
Round trip time was 0.106819 milliseconds in repetition 281
tcp_ping received 4096 bytes back
Round trip time was 0.105068 milliseconds in repetition 282
tcp_ping received 4096 bytes back
Round trip time was 0.105288 milliseconds in repetition 283
tcp_ping received 4096 bytes back
Round trip time was 0.104676 milliseconds in repetition 284
tcp_ping received 4096 bytes back
Round trip time was 0.104325 milliseconds in repetition 285
tcp_ping received 4096 bytes back
Round trip time was 0.104457 milliseconds in repetition 286
tcp_ping received 4096 bytes back
Round trip time was 0.105028 milliseconds in repetition 287
tcp_ping received 4096 bytes back
Round trip time was 0.104586 milliseconds in repetition 288
tcp_ping received 4096 bytes back
Round trip time was 0.221355 milliseconds in repetition 289
tcp_ping received 4096 bytes back
Round trip time was 0.14991 milliseconds in repetition 290
tcp_ping received 4096 bytes back
Round trip time was 0.110807 milliseconds in repetition 291
tcp_ping received 4096 bytes back
Round trip time was 0.105727 milliseconds in repetition 292
tcp_ping received 4096 bytes back
Round trip time was 0.104826 milliseconds in repetition 293
tcp_ping received 4096 bytes back
Round trip time was 0.105096 milliseconds in repetition 294
tcp_ping received 4096 bytes back
Round trip time was 0.105087 milliseconds in repetition 295
tcp_ping received 4096 bytes back
Round trip time was 0.18718 milliseconds in repetition 296
tcp_ping received 4096 bytes back
Round trip time was 0.107391 milliseconds in repetition 297
tcp_ping received 4096 bytes back
Round trip time was 0.105037 milliseconds in repetition 298
tcp_ping received 4096 bytes back
Round trip time was 0.105196 milliseconds in repetition 299
tcp_ping received 4096 bytes back
Round trip time was 0.104946 milliseconds in repetition 300
tcp_ping received 4096 bytes back
Round trip time was 0.105008 milliseconds in repetition 301
tcp_ping received 4096 bytes back
Round trip time was 0.105287 milliseconds in repetition 302
tcp_ping received 4096 bytes back
Round trip time was 0.104616 milliseconds in repetition 303
tcp_ping received 4096 bytes back
Round trip time was 0.134953 milliseconds in repetition 304
tcp_ping received 4096 bytes back
Round trip time was 0.108573 milliseconds in repetition 305
tcp_ping received 4096 bytes back
Round trip time was 0.109024 milliseconds in repetition 306
tcp_ping received 4096 bytes back
Round trip time was 0.104876 milliseconds in repetition 307
tcp_ping received 4096 bytes back
Round trip time was 0.104957 milliseconds in repetition 308
tcp_ping received 4096 bytes back
Round trip time was 0.104888 milliseconds in repetition 309
tcp_ping received 4096 bytes back
Round trip time was 0.104876 milliseconds in repetition 310
tcp_ping received 4096 bytes back
Round trip time was 0.104867 milliseconds in repetition 311
tcp_ping received 4096 bytes back
Round trip time was 0.257603 milliseconds in repetition 312
tcp_ping received 4096 bytes back
Round trip time was 0.138519 milliseconds in repetition 313
tcp_ping received 4096 bytes back
Round trip time was 0.109345 milliseconds in repetition 314
tcp_ping received 4096 bytes back
Round trip time was 0.104847 milliseconds in repetition 315
tcp_ping received 4096 bytes back
Round trip time was 0.105609 milliseconds in repetition 316
tcp_ping received 4096 bytes back
Round trip time was 0.104957 milliseconds in repetition 317
tcp_ping received 4096 bytes back
Round trip time was 0.104656 milliseconds in repetition 318
tcp_ping received 4096 bytes back
Round trip time was 0.156893 milliseconds in repetition 319
tcp_ping received 4096 bytes back
Round trip time was 0.105929 milliseconds in repetition 320
tcp_ping received 4096 bytes back
Round trip time was 0.105197 milliseconds in repetition 321
tcp_ping received 4096 bytes back
Round trip time was 0.105237 milliseconds in repetition 322
tcp_ping received 4096 bytes back
Round trip time was 0.104887 milliseconds in repetition 323
tcp_ping received 4096 bytes back
Round trip time was 0.104847 milliseconds in repetition 324
tcp_ping received 4096 bytes back
Round trip time was 0.105638 milliseconds in repetition 325
tcp_ping received 4096 bytes back
Round trip time was 0.104966 milliseconds in repetition 326
tcp_ping received 4096 bytes back
Round trip time was 0.152406 milliseconds in repetition 327
tcp_ping received 4096 bytes back
Round trip time was 0.107031 milliseconds in repetition 328
tcp_ping received 4096 bytes back
Round trip time was 0.105398 milliseconds in repetition 329
tcp_ping received 4096 bytes back
Round trip time was 0.105116 milliseconds in repetition 330
tcp_ping received 4096 bytes back
Round trip time was 0.104916 milliseconds in repetition 331
tcp_ping received 4096 bytes back
Round trip time was 0.105307 milliseconds in repetition 332
tcp_ping received 4096 bytes back
Round trip time was 0.104867 milliseconds in repetition 333
tcp_ping received 4096 bytes back
Round trip time was 0.105107 milliseconds in repetition 334
tcp_ping received 4096 bytes back
Round trip time was 0.104877 milliseconds in repetition 335
tcp_ping received 4096 bytes back
Round trip time was 0.140252 milliseconds in repetition 336
tcp_ping received 4096 bytes back
Round trip time was 0.109805 milliseconds in repetition 337
tcp_ping received 4096 bytes back
Round trip time was 0.118462 milliseconds in repetition 338
tcp_ping received 4096 bytes back
Round trip time was 0.118722 milliseconds in repetition 339
tcp_ping received 4096 bytes back
Round trip time was 0.118581 milliseconds in repetition 340
tcp_ping received 4096 bytes back
Round trip time was 0.121056 milliseconds in repetition 341
tcp_ping received 4096 bytes back
Round trip time was 0.11725 milliseconds in repetition 342
tcp_ping received 4096 bytes back
Round trip time was 0.118112 milliseconds in repetition 343
tcp_ping received 4096 bytes back
Round trip time was 0.155271 milliseconds in repetition 344
tcp_ping received 4096 bytes back
Round trip time was 0.120406 milliseconds in repetition 345
tcp_ping received 4096 bytes back
Round trip time was 0.117751 milliseconds in repetition 346
tcp_ping received 4096 bytes back
Round trip time was 0.118933 milliseconds in repetition 347
tcp_ping received 4096 bytes back
Round trip time was 0.119584 milliseconds in repetition 348
tcp_ping received 4096 bytes back
Round trip time was 0.126908 milliseconds in repetition 349
tcp_ping received 4096 bytes back
Round trip time was 0.183904 milliseconds in repetition 350
tcp_ping received 4096 bytes back
Round trip time was 0.122148 milliseconds in repetition 351
tcp_ping received 4096 bytes back
Round trip time was 0.116139 milliseconds in repetition 352
tcp_ping received 4096 bytes back
Round trip time was 0.117621 milliseconds in repetition 353
tcp_ping received 4096 bytes back
Round trip time was 0.129672 milliseconds in repetition 354
tcp_ping received 4096 bytes back
Round trip time was 0.119774 milliseconds in repetition 355
tcp_ping received 4096 bytes back
Round trip time was 0.11704 milliseconds in repetition 356
tcp_ping received 4096 bytes back
Round trip time was 0.182642 milliseconds in repetition 357
tcp_ping received 4096 bytes back
Round trip time was 0.183544 milliseconds in repetition 358
tcp_ping received 4096 bytes back
Round trip time was 0.108083 milliseconds in repetition 359
tcp_ping received 4096 bytes back
Round trip time was 0.105988 milliseconds in repetition 360
tcp_ping received 4096 bytes back
Round trip time was 0.11243 milliseconds in repetition 361
tcp_ping received 4096 bytes back
Round trip time was 0.117091 milliseconds in repetition 362
tcp_ping received 4096 bytes back
Round trip time was 0.105918 milliseconds in repetition 363
tcp_ping received 4096 bytes back
Round trip time was 0.139231 milliseconds in repetition 364
tcp_ping received 4096 bytes back
Round trip time was 0.108132 milliseconds in repetition 365
tcp_ping received 4096 bytes back
Round trip time was 0.105559 milliseconds in repetition 366
tcp_ping received 4096 bytes back
Round trip time was 0.105418 milliseconds in repetition 367
tcp_ping received 4096 bytes back
Round trip time was 0.105448 milliseconds in repetition 368
tcp_ping received 4096 bytes back
Round trip time was 0.105879 milliseconds in repetition 369
tcp_ping received 4096 bytes back
Round trip time was 0.105488 milliseconds in repetition 370
tcp_ping received 4096 bytes back
Round trip time was 0.105478 milliseconds in repetition 371
tcp_ping received 4096 bytes back
Round trip time was 0.105468 milliseconds in repetition 372
tcp_ping received 4096 bytes back
Round trip time was 0.150562 milliseconds in repetition 373
tcp_ping received 4096 bytes back
Round trip time was 0.126427 milliseconds in repetition 374
tcp_ping received 4096 bytes back
Round trip time was 0.118692 milliseconds in repetition 375
tcp_ping received 4096 bytes back
Round trip time was 0.105718 milliseconds in repetition 376
tcp_ping received 4096 bytes back
Round trip time was 0.105047 milliseconds in repetition 377
tcp_ping received 4096 bytes back
Round trip time was 0.104926 milliseconds in repetition 378
tcp_ping received 4096 bytes back
Round trip time was 0.104786 milliseconds in repetition 379
tcp_ping received 4096 bytes back
Round trip time was 0.104806 milliseconds in repetition 380
tcp_ping received 4096 bytes back
Round trip time was 0.155041 milliseconds in repetition 381
tcp_ping received 4096 bytes back
Round trip time was 0.106139 milliseconds in repetition 382
tcp_ping received 4096 bytes back
Round trip time was 0.105578 milliseconds in repetition 383
tcp_ping received 4096 bytes back
Round trip time was 0.105487 milliseconds in repetition 384
tcp_ping received 4096 bytes back
Round trip time was 0.105137 milliseconds in repetition 385
tcp_ping received 4096 bytes back
Round trip time was 0.105107 milliseconds in repetition 386
tcp_ping received 4096 bytes back
Round trip time was 0.105198 milliseconds in repetition 387
tcp_ping received 4096 bytes back
Round trip time was 0.105197 milliseconds in repetition 388
tcp_ping received 4096 bytes back
Round trip time was 0.105127 milliseconds in repetition 389
tcp_ping received 4096 bytes back
Round trip time was 0.18699 milliseconds in repetition 390
tcp_ping received 4096 bytes back
Round trip time was 0.105979 milliseconds in repetition 391
tcp_ping received 4096 bytes back
Round trip time was 0.105698 milliseconds in repetition 392
tcp_ping received 4096 bytes back
Round trip time was 0.108995 milliseconds in repetition 393
tcp_ping received 4096 bytes back
Round trip time was 0.105087 milliseconds in repetition 394
tcp_ping received 4096 bytes back
Round trip time was 0.104867 milliseconds in repetition 395
tcp_ping received 4096 bytes back
Round trip time was 0.104997 milliseconds in repetition 396
tcp_ping received 4096 bytes back
Round trip time was 0.135514 milliseconds in repetition 397
tcp_ping received 4096 bytes back
Round trip time was 0.105788 milliseconds in repetition 398
tcp_ping received 4096 bytes back
Round trip time was 0.104637 milliseconds in repetition 399
tcp_ping received 4096 bytes back
Round trip time was 0.105078 milliseconds in repetition 400
tcp_ping received 4096 bytes back
Round trip time was 0.105578 milliseconds in repetition 401
tcp_ping received 4096 bytes back
Round trip time was 0.105328 milliseconds in repetition 402
tcp_ping received 4096 bytes back
Round trip time was 0.105418 milliseconds in repetition 403
tcp_ping received 4096 bytes back
Round trip time was 0.105206 milliseconds in repetition 404
tcp_ping received 4096 bytes back
Round trip time was 0.105327 milliseconds in repetition 405
tcp_ping received 4096 bytes back
Round trip time was 0.146405 milliseconds in repetition 406
tcp_ping received 4096 bytes back
Round trip time was 0.10655 milliseconds in repetition 407
tcp_ping received 4096 bytes back
Round trip time was 0.105207 milliseconds in repetition 408
tcp_ping received 4096 bytes back
Round trip time was 0.105307 milliseconds in repetition 409
tcp_ping received 4096 bytes back
Round trip time was 0.105318 milliseconds in repetition 410
tcp_ping received 4096 bytes back
Round trip time was 0.104976 milliseconds in repetition 411
tcp_ping received 4096 bytes back
Round trip time was 0.105297 milliseconds in repetition 412
tcp_ping received 4096 bytes back
Round trip time was 0.104827 milliseconds in repetition 413
tcp_ping received 4096 bytes back
Round trip time was 0.104817 milliseconds in repetition 414
tcp_ping received 4096 bytes back
Round trip time was 0.122999 milliseconds in repetition 415
tcp_ping received 4096 bytes back
Round trip time was 0.105208 milliseconds in repetition 416
tcp_ping received 4096 bytes back
Round trip time was 0.105308 milliseconds in repetition 417
tcp_ping received 4096 bytes back
Round trip time was 0.105088 milliseconds in repetition 418
tcp_ping received 4096 bytes back
Round trip time was 0.105157 milliseconds in repetition 419
tcp_ping received 4096 bytes back
Round trip time was 0.105457 milliseconds in repetition 420
tcp_ping received 4096 bytes back
Round trip time was 0.105017 milliseconds in repetition 421
tcp_ping received 4096 bytes back
Round trip time was 0.104857 milliseconds in repetition 422
tcp_ping received 4096 bytes back
Round trip time was 0.184737 milliseconds in repetition 423
tcp_ping received 4096 bytes back
Round trip time was 0.110437 milliseconds in repetition 424
tcp_ping received 4096 bytes back
Round trip time was 0.104786 milliseconds in repetition 425
tcp_ping received 4096 bytes back
Round trip time was 0.104627 milliseconds in repetition 426
tcp_ping received 4096 bytes back
Round trip time was 0.104696 milliseconds in repetition 427
tcp_ping received 4096 bytes back
Round trip time was 0.105267 milliseconds in repetition 428
tcp_ping received 4096 bytes back
Round trip time was 0.105046 milliseconds in repetition 429
tcp_ping received 4096 bytes back
Round trip time was 0.105248 milliseconds in repetition 430
tcp_ping received 4096 bytes back
Round trip time was 0.171292 milliseconds in repetition 431
tcp_ping received 4096 bytes back
Round trip time was 0.114364 milliseconds in repetition 432
tcp_ping received 4096 bytes back
Round trip time was 0.105227 milliseconds in repetition 433
tcp_ping received 4096 bytes back
Round trip time was 0.105026 milliseconds in repetition 434
tcp_ping received 4096 bytes back
Round trip time was 0.104827 milliseconds in repetition 435
tcp_ping received 4096 bytes back
Round trip time was 0.104756 milliseconds in repetition 436
tcp_ping received 4096 bytes back
Round trip time was 0.110176 milliseconds in repetition 437
tcp_ping received 4096 bytes back
Round trip time was 0.105087 milliseconds in repetition 438
tcp_ping received 4096 bytes back
Round trip time was 0.155421 milliseconds in repetition 439
tcp_ping received 4096 bytes back
Round trip time was 0.106289 milliseconds in repetition 440
tcp_ping received 4096 bytes back
Round trip time was 0.104896 milliseconds in repetition 441
tcp_ping received 4096 bytes back
Round trip time was 0.104687 milliseconds in repetition 442
tcp_ping received 4096 bytes back
Round trip time was 0.104806 milliseconds in repetition 443
tcp_ping received 4096 bytes back
Round trip time was 0.104917 milliseconds in repetition 444
tcp_ping received 4096 bytes back
Round trip time was 0.105127 milliseconds in repetition 445
tcp_ping received 4096 bytes back
Round trip time was 0.105167 milliseconds in repetition 446
tcp_ping received 4096 bytes back
Round trip time was 0.136416 milliseconds in repetition 447
tcp_ping received 4096 bytes back
Round trip time was 0.14463 milliseconds in repetition 448
tcp_ping received 4096 bytes back
Round trip time was 0.114855 milliseconds in repetition 449
tcp_ping received 4096 bytes back
Round trip time was 0.104897 milliseconds in repetition 450
tcp_ping received 4096 bytes back
Round trip time was 0.105277 milliseconds in repetition 451
tcp_ping received 4096 bytes back
Round trip time was 0.104676 milliseconds in repetition 452
tcp_ping received 4096 bytes back
Round trip time was 0.104866 milliseconds in repetition 453
tcp_ping received 4096 bytes back
Round trip time was 0.105729 milliseconds in repetition 454
tcp_ping received 4096 bytes back
Round trip time was 0.146465 milliseconds in repetition 455
tcp_ping received 4096 bytes back
Round trip time was 0.110487 milliseconds in repetition 456
tcp_ping received 4096 bytes back
Round trip time was 0.104776 milliseconds in repetition 457
tcp_ping received 4096 bytes back
Round trip time was 0.105188 milliseconds in repetition 458
tcp_ping received 4096 bytes back
Round trip time was 0.105217 milliseconds in repetition 459
tcp_ping received 4096 bytes back
Round trip time was 0.105398 milliseconds in repetition 460
tcp_ping received 4096 bytes back
Round trip time was 0.104877 milliseconds in repetition 461
tcp_ping received 4096 bytes back
Round trip time was 0.105028 milliseconds in repetition 462
tcp_ping received 4096 bytes back
Round trip time was 0.105258 milliseconds in repetition 463
tcp_ping received 4096 bytes back
Round trip time was 0.130464 milliseconds in repetition 464
tcp_ping received 4096 bytes back
Round trip time was 0.105989 milliseconds in repetition 465
tcp_ping received 4096 bytes back
Round trip time was 0.105439 milliseconds in repetition 466
tcp_ping received 4096 bytes back
Round trip time was 0.105447 milliseconds in repetition 467
tcp_ping received 4096 bytes back
Round trip time was 0.104806 milliseconds in repetition 468
tcp_ping received 4096 bytes back
Round trip time was 0.104976 milliseconds in repetition 469
tcp_ping received 4096 bytes back
Round trip time was 0.104966 milliseconds in repetition 470
tcp_ping received 4096 bytes back
Round trip time was 0.105008 milliseconds in repetition 471
tcp_ping received 4096 bytes back
Round trip time was 0.104887 milliseconds in repetition 472
tcp_ping received 4096 bytes back
Round trip time was 0.154078 milliseconds in repetition 473
tcp_ping received 4096 bytes back
Round trip time was 0.124394 milliseconds in repetition 474
tcp_ping received 4096 bytes back
Round trip time was 0.118924 milliseconds in repetition 475
tcp_ping received 4096 bytes back
Round trip time was 0.117691 milliseconds in repetition 476
tcp_ping received 4096 bytes back
Round trip time was 0.118984 milliseconds in repetition 477
tcp_ping received 4096 bytes back
Round trip time was 0.11817 milliseconds in repetition 478
tcp_ping received 4096 bytes back
Round trip time was 0.11771 milliseconds in repetition 479
tcp_ping received 4096 bytes back
Round trip time was 0.174768 milliseconds in repetition 480
tcp_ping received 4096 bytes back
Round trip time was 0.123341 milliseconds in repetition 481
tcp_ping received 4096 bytes back
Round trip time was 0.121659 milliseconds in repetition 482
tcp_ping received 4096 bytes back
Round trip time was 0.123991 milliseconds in repetition 483
tcp_ping received 4096 bytes back
Round trip time was 0.124894 milliseconds in repetition 484
tcp_ping received 4096 bytes back
Round trip time was 0.120466 milliseconds in repetition 485
tcp_ping received 4096 bytes back
Round trip time was 0.131417 milliseconds in repetition 486
tcp_ping received 4096 bytes back
Round trip time was 0.178155 milliseconds in repetition 487
tcp_ping received 4096 bytes back
Round trip time was 0.107111 milliseconds in repetition 488
tcp_ping received 4096 bytes back
Round trip time was 0.104897 milliseconds in repetition 489
tcp_ping received 4096 bytes back
Round trip time was 0.105328 milliseconds in repetition 490
tcp_ping received 4096 bytes back
Round trip time was 0.104696 milliseconds in repetition 491
tcp_ping received 4096 bytes back
Round trip time was 0.105298 milliseconds in repetition 492
tcp_ping received 4096 bytes back
Round trip time was 0.104676 milliseconds in repetition 493
tcp_ping received 4096 bytes back
Round trip time was 0.104846 milliseconds in repetition 494
tcp_ping received 4096 bytes back
Round trip time was 0.134302 milliseconds in repetition 495
tcp_ping received 4096 bytes back
Round trip time was 0.105918 milliseconds in repetition 496
tcp_ping received 4096 bytes back
Round trip time was 0.105718 milliseconds in repetition 497
tcp_ping received 4096 bytes back
Round trip time was 0.105008 milliseconds in repetition 498
tcp_ping received 4096 bytes back
Round trip time was 0.104817 milliseconds in repetition 499
tcp_ping received 4096 bytes back
Round trip time was 0.104896 milliseconds in repetition 500
tcp_ping received 4096 bytes back
Round trip time was 0.105829 milliseconds in repetition 501

 ... clock resolution was 1e-06
TCP Ping:  Statistics over 501 repetitions of 4096 byte messages

RTT : percentile 10: 0.104867, median: 0.117951, percentile 90: 0.178155, average: 0.149085, variance: 0.144144

RTT histogram:
0.104323 494
0.52351 4
0.942697 2
1.36188 0
1.78107 0
2.20026 0
2.61945 0
3.03863 0
3.45782 0
3.87701 0
4.29619 0
4.71538 0
5.13457 0
5.55375 0
5.97294 0
6.39213 0
6.81131 0
7.2305 0
7.64969 0
8.06888 0
8.48806 1

   median Throughput : 69452.6 KB/s   overall Throughput : 54948.5 KB/s

