TCP Ping trying to connect to server localhost (127.0.0.1) on port 1491
 ... connected to Pong server: asking for 501 repetitions of 256 bytes TCP messages
 ... Pong server agreed :-)
tcp_ping received 256 bytes back
Round trip time was 0.133059 milliseconds in repetition 1
tcp_ping received 256 bytes back
Round trip time was 0.11729 milliseconds in repetition 2
tcp_ping received 256 bytes back
Round trip time was 0.120215 milliseconds in repetition 3
tcp_ping received 256 bytes back
Round trip time was 0.11766 milliseconds in repetition 4
tcp_ping received 256 bytes back
Round trip time was 0.113583 milliseconds in repetition 5
tcp_ping received 256 bytes back
Round trip time was 0.118322 milliseconds in repetition 6
tcp_ping received 256 bytes back
Round trip time was 0.115848 milliseconds in repetition 7
tcp_ping received 256 bytes back
Round trip time was 0.116329 milliseconds in repetition 8
tcp_ping received 256 bytes back
Round trip time was 0.123672 milliseconds in repetition 9
tcp_ping received 256 bytes back
Round trip time was 0.120706 milliseconds in repetition 10
tcp_ping received 256 bytes back
Round trip time was 0.118372 milliseconds in repetition 11
tcp_ping received 256 bytes back
Round trip time was 0.119594 milliseconds in repetition 12
tcp_ping received 256 bytes back
Round trip time was 0.116999 milliseconds in repetition 13
tcp_ping received 256 bytes back
Round trip time was 0.123783 milliseconds in repetition 14
tcp_ping received 256 bytes back
Round trip time was 0.11705 milliseconds in repetition 15
tcp_ping received 256 bytes back
Round trip time was 0.118802 milliseconds in repetition 16
tcp_ping received 256 bytes back
Round trip time was 0.118472 milliseconds in repetition 17
tcp_ping received 256 bytes back
Round trip time was 0.116317 milliseconds in repetition 18
tcp_ping received 256 bytes back
Round trip time was 0.11751 milliseconds in repetition 19
tcp_ping received 256 bytes back
Round trip time was 0.118381 milliseconds in repetition 20
tcp_ping received 256 bytes back
Round trip time was 0.134391 milliseconds in repetition 21
tcp_ping received 256 bytes back
Round trip time was 0.119785 milliseconds in repetition 22
tcp_ping received 256 bytes back
Round trip time was 0.116298 milliseconds in repetition 23
tcp_ping received 256 bytes back
Round trip time was 0.131687 milliseconds in repetition 24
tcp_ping received 256 bytes back
Round trip time was 0.118593 milliseconds in repetition 25
tcp_ping received 256 bytes back
Round trip time was 0.145414 milliseconds in repetition 26
tcp_ping received 256 bytes back
Round trip time was 0.145383 milliseconds in repetition 27
tcp_ping received 256 bytes back
Round trip time was 0.135845 milliseconds in repetition 28
tcp_ping received 256 bytes back
Round trip time was 0.118772 milliseconds in repetition 29
tcp_ping received 256 bytes back
Round trip time was 0.11715 milliseconds in repetition 30
tcp_ping received 256 bytes back
Round trip time was 0.118533 milliseconds in repetition 31
tcp_ping received 256 bytes back
Round trip time was 0.118812 milliseconds in repetition 32
tcp_ping received 256 bytes back
Round trip time was 0.11749 milliseconds in repetition 33
tcp_ping received 256 bytes back
Round trip time was 0.11757 milliseconds in repetition 34
tcp_ping received 256 bytes back
Round trip time was 0.11678 milliseconds in repetition 35
tcp_ping received 256 bytes back
Round trip time was 0.13353 milliseconds in repetition 36
tcp_ping received 256 bytes back
Round trip time was 0.11745 milliseconds in repetition 37
tcp_ping received 256 bytes back
Round trip time was 0.11719 milliseconds in repetition 38
tcp_ping received 256 bytes back
Round trip time was 0.117671 milliseconds in repetition 39
tcp_ping received 256 bytes back
Round trip time was 0.11688 milliseconds in repetition 40
tcp_ping received 256 bytes back
Round trip time was 0.116728 milliseconds in repetition 41
tcp_ping received 256 bytes back
Round trip time was 0.11744 milliseconds in repetition 42
tcp_ping received 256 bytes back
Round trip time was 0.133701 milliseconds in repetition 43
tcp_ping received 256 bytes back
Round trip time was 0.119684 milliseconds in repetition 44
tcp_ping received 256 bytes back
Round trip time was 0.117069 milliseconds in repetition 45
tcp_ping received 256 bytes back
Round trip time was 0.117581 milliseconds in repetition 46
tcp_ping received 256 bytes back
Round trip time was 0.120527 milliseconds in repetition 47
tcp_ping received 256 bytes back
Round trip time was 0.143969 milliseconds in repetition 48
tcp_ping received 256 bytes back
Round trip time was 0.137678 milliseconds in repetition 49
tcp_ping received 256 bytes back
Round trip time was 0.135383 milliseconds in repetition 50
tcp_ping received 256 bytes back
Round trip time was 0.114204 milliseconds in repetition 51
tcp_ping received 256 bytes back
Round trip time was 0.116708 milliseconds in repetition 52
tcp_ping received 256 bytes back
Round trip time was 0.119565 milliseconds in repetition 53
tcp_ping received 256 bytes back
Round trip time was 0.120896 milliseconds in repetition 54
tcp_ping received 256 bytes back
Round trip time was 0.117922 milliseconds in repetition 55
tcp_ping received 256 bytes back
Round trip time was 0.157846 milliseconds in repetition 56
tcp_ping received 256 bytes back
Round trip time was 1.00511 milliseconds in repetition 57
tcp_ping received 256 bytes back
Round trip time was 0.096962 milliseconds in repetition 58
tcp_ping received 256 bytes back
Round trip time was 0.030086 milliseconds in repetition 59
tcp_ping received 256 bytes back
Round trip time was 0.026649 milliseconds in repetition 60
tcp_ping received 256 bytes back
Round trip time was 0.026701 milliseconds in repetition 61
tcp_ping received 256 bytes back
Round trip time was 0.026359 milliseconds in repetition 62
tcp_ping received 256 bytes back
Round trip time was 0.026259 milliseconds in repetition 63
tcp_ping received 256 bytes back
Round trip time was 0.026109 milliseconds in repetition 64
tcp_ping received 256 bytes back
Round trip time was 0.026118 milliseconds in repetition 65
tcp_ping received 256 bytes back
Round trip time was 0.026048 milliseconds in repetition 66
tcp_ping received 256 bytes back
Round trip time was 0.025979 milliseconds in repetition 67
tcp_ping received 256 bytes back
Round trip time was 0.026009 milliseconds in repetition 68
tcp_ping received 256 bytes back
Round trip time was 0.025949 milliseconds in repetition 69
tcp_ping received 256 bytes back
Round trip time was 0.025999 milliseconds in repetition 70
tcp_ping received 256 bytes back
Round trip time was 0.026119 milliseconds in repetition 71
tcp_ping received 256 bytes back
Round trip time was 0.026039 milliseconds in repetition 72
tcp_ping received 256 bytes back
Round trip time was 0.025969 milliseconds in repetition 73
tcp_ping received 256 bytes back
Round trip time was 0.025968 milliseconds in repetition 74
tcp_ping received 256 bytes back
Round trip time was 0.026009 milliseconds in repetition 75
tcp_ping received 256 bytes back
Round trip time was 0.025968 milliseconds in repetition 76
tcp_ping received 256 bytes back
Round trip time was 0.026069 milliseconds in repetition 77
tcp_ping received 256 bytes back
Round trip time was 0.101129 milliseconds in repetition 78
tcp_ping received 256 bytes back
Round trip time was 0.030166 milliseconds in repetition 79
tcp_ping received 256 bytes back
Round trip time was 0.026199 milliseconds in repetition 80
tcp_ping received 256 bytes back
Round trip time was 0.025938 milliseconds in repetition 81
tcp_ping received 256 bytes back
Round trip time was 0.0263 milliseconds in repetition 82
tcp_ping received 256 bytes back
Round trip time was 0.02626 milliseconds in repetition 83
tcp_ping received 256 bytes back
Round trip time was 0.026238 milliseconds in repetition 84
tcp_ping received 256 bytes back
Round trip time was 0.02622 milliseconds in repetition 85
tcp_ping received 256 bytes back
Round trip time was 0.052808 milliseconds in repetition 86
tcp_ping received 256 bytes back
Round trip time was 0.034975 milliseconds in repetition 87
tcp_ping received 256 bytes back
Round trip time was 0.026028 milliseconds in repetition 88
tcp_ping received 256 bytes back
Round trip time was 0.030207 milliseconds in repetition 89
tcp_ping received 256 bytes back
Round trip time was 0.02616 milliseconds in repetition 90
tcp_ping received 256 bytes back
Round trip time was 0.026579 milliseconds in repetition 91
tcp_ping received 256 bytes back
Round trip time was 0.290123 milliseconds in repetition 92
tcp_ping received 256 bytes back
Round trip time was 0.036699 milliseconds in repetition 93
tcp_ping received 256 bytes back
Round trip time was 0.026338 milliseconds in repetition 94
tcp_ping received 256 bytes back
Round trip time was 0.026209 milliseconds in repetition 95
tcp_ping received 256 bytes back
Round trip time was 0.02635 milliseconds in repetition 96
tcp_ping received 256 bytes back
Round trip time was 0.026128 milliseconds in repetition 97
tcp_ping received 256 bytes back
Round trip time was 0.026078 milliseconds in repetition 98
tcp_ping received 256 bytes back
Round trip time was 0.026079 milliseconds in repetition 99
tcp_ping received 256 bytes back
Round trip time was 0.025989 milliseconds in repetition 100
tcp_ping received 256 bytes back
Round trip time was 0.026158 milliseconds in repetition 101
tcp_ping received 256 bytes back
Round trip time was 0.026078 milliseconds in repetition 102
tcp_ping received 256 bytes back
Round trip time was 0.026079 milliseconds in repetition 103
tcp_ping received 256 bytes back
Round trip time was 0.025969 milliseconds in repetition 104
tcp_ping received 256 bytes back
Round trip time was 0.026028 milliseconds in repetition 105
tcp_ping received 256 bytes back
Round trip time was 0.025979 milliseconds in repetition 106
tcp_ping received 256 bytes back
Round trip time was 0.073257 milliseconds in repetition 107
tcp_ping received 256 bytes back
Round trip time was 0.030637 milliseconds in repetition 108
tcp_ping received 256 bytes back
Round trip time was 0.030767 milliseconds in repetition 109
tcp_ping received 256 bytes back
Round trip time was 0.028333 milliseconds in repetition 110
tcp_ping received 256 bytes back
Round trip time was 0.025949 milliseconds in repetition 111
tcp_ping received 256 bytes back
Round trip time was 0.026158 milliseconds in repetition 112
tcp_ping received 256 bytes back
Round trip time was 0.026129 milliseconds in repetition 113
tcp_ping received 256 bytes back
Round trip time was 0.026541 milliseconds in repetition 114
tcp_ping received 256 bytes back
Round trip time was 0.026129 milliseconds in repetition 115
tcp_ping received 256 bytes back
Round trip time was 0.0262 milliseconds in repetition 116
tcp_ping received 256 bytes back
Round trip time was 0.026069 milliseconds in repetition 117
tcp_ping received 256 bytes back
Round trip time was 0.026319 milliseconds in repetition 118
tcp_ping received 256 bytes back
Round trip time was 0.02624 milliseconds in repetition 119
tcp_ping received 256 bytes back
Round trip time was 0.025978 milliseconds in repetition 120
tcp_ping received 256 bytes back
Round trip time was 0.026028 milliseconds in repetition 121
tcp_ping received 256 bytes back
Round trip time was 0.026219 milliseconds in repetition 122
tcp_ping received 256 bytes back
Round trip time was 0.025938 milliseconds in repetition 123
tcp_ping received 256 bytes back
Round trip time was 0.02616 milliseconds in repetition 124
tcp_ping received 256 bytes back
Round trip time was 0.02611 milliseconds in repetition 125
tcp_ping received 256 bytes back
Round trip time was 0.025979 milliseconds in repetition 126
tcp_ping received 256 bytes back
Round trip time was 0.02596 milliseconds in repetition 127
tcp_ping received 256 bytes back
Round trip time was 0.025999 milliseconds in repetition 128
tcp_ping received 256 bytes back
Round trip time was 0.025939 milliseconds in repetition 129
tcp_ping received 256 bytes back
Round trip time was 0.0261 milliseconds in repetition 130
tcp_ping received 256 bytes back
Round trip time was 0.025969 milliseconds in repetition 131
tcp_ping received 256 bytes back
Round trip time was 0.02612 milliseconds in repetition 132
tcp_ping received 256 bytes back
Round trip time was 0.029445 milliseconds in repetition 133
tcp_ping received 256 bytes back
Round trip time was 0.026238 milliseconds in repetition 134
tcp_ping received 256 bytes back
Round trip time was 0.026159 milliseconds in repetition 135
tcp_ping received 256 bytes back
Round trip time was 0.166773 milliseconds in repetition 136
tcp_ping received 256 bytes back
Round trip time was 0.028263 milliseconds in repetition 137
tcp_ping received 256 bytes back
Round trip time was 0.02629 milliseconds in repetition 138
tcp_ping received 256 bytes back
Round trip time was 0.026029 milliseconds in repetition 139
tcp_ping received 256 bytes back
Round trip time was 0.026099 milliseconds in repetition 140
tcp_ping received 256 bytes back
Round trip time was 0.026028 milliseconds in repetition 141
tcp_ping received 256 bytes back
Round trip time was 0.025998 milliseconds in repetition 142
tcp_ping received 256 bytes back
Round trip time was 0.026389 milliseconds in repetition 143
tcp_ping received 256 bytes back
Round trip time was 0.026049 milliseconds in repetition 144
tcp_ping received 256 bytes back
Round trip time was 0.025999 milliseconds in repetition 145
tcp_ping received 256 bytes back
Round trip time was 0.026189 milliseconds in repetition 146
tcp_ping received 256 bytes back
Round trip time was 0.026109 milliseconds in repetition 147
tcp_ping received 256 bytes back
Round trip time was 0.026129 milliseconds in repetition 148
tcp_ping received 256 bytes back
Round trip time was 0.025979 milliseconds in repetition 149
tcp_ping received 256 bytes back
Round trip time was 0.026089 milliseconds in repetition 150
tcp_ping received 256 bytes back
Round trip time was 0.026019 milliseconds in repetition 151
tcp_ping received 256 bytes back
Round trip time was 0.026209 milliseconds in repetition 152
tcp_ping received 256 bytes back
Round trip time was 0.026059 milliseconds in repetition 153
tcp_ping received 256 bytes back
Round trip time was 0.0261 milliseconds in repetition 154
tcp_ping received 256 bytes back
Round trip time was 0.025989 milliseconds in repetition 155
tcp_ping received 256 bytes back
Round trip time was 0.026019 milliseconds in repetition 156
tcp_ping received 256 bytes back
Round trip time was 0.025878 milliseconds in repetition 157
tcp_ping received 256 bytes back
Round trip time was 0.025979 milliseconds in repetition 158
tcp_ping received 256 bytes back
Round trip time was 0.026039 milliseconds in repetition 159
tcp_ping received 256 bytes back
Round trip time was 0.02613 milliseconds in repetition 160
tcp_ping received 256 bytes back
Round trip time was 0.026029 milliseconds in repetition 161
tcp_ping received 256 bytes back
Round trip time was 0.026009 milliseconds in repetition 162
tcp_ping received 256 bytes back
Round trip time was 0.025999 milliseconds in repetition 163
tcp_ping received 256 bytes back
Round trip time was 0.05847 milliseconds in repetition 164
tcp_ping received 256 bytes back
Round trip time was 0.02697 milliseconds in repetition 165
tcp_ping received 256 bytes back
Round trip time was 0.026039 milliseconds in repetition 166
tcp_ping received 256 bytes back
Round trip time was 0.025929 milliseconds in repetition 167
tcp_ping received 256 bytes back
Round trip time was 0.026009 milliseconds in repetition 168
tcp_ping received 256 bytes back
Round trip time was 0.025929 milliseconds in repetition 169
tcp_ping received 256 bytes back
Round trip time was 0.026119 milliseconds in repetition 170
tcp_ping received 256 bytes back
Round trip time was 0.026279 milliseconds in repetition 171
tcp_ping received 256 bytes back
Round trip time was 0.02614 milliseconds in repetition 172
tcp_ping received 256 bytes back
Round trip time was 0.025969 milliseconds in repetition 173
tcp_ping received 256 bytes back
Round trip time was 6.91874 milliseconds in repetition 174
tcp_ping received 256 bytes back
Round trip time was 0.132047 milliseconds in repetition 175
tcp_ping received 256 bytes back
Round trip time was 0.026971 milliseconds in repetition 176
tcp_ping received 256 bytes back
Round trip time was 0.030639 milliseconds in repetition 177
tcp_ping received 256 bytes back
Round trip time was 0.02654 milliseconds in repetition 178
tcp_ping received 256 bytes back
Round trip time was 0.026299 milliseconds in repetition 179
tcp_ping received 256 bytes back
Round trip time was 0.026299 milliseconds in repetition 180
tcp_ping received 256 bytes back
Round trip time was 0.02626 milliseconds in repetition 181
tcp_ping received 256 bytes back
Round trip time was 0.026229 milliseconds in repetition 182
tcp_ping received 256 bytes back
Round trip time was 0.02629 milliseconds in repetition 183
tcp_ping received 256 bytes back
Round trip time was 0.026299 milliseconds in repetition 184
tcp_ping received 256 bytes back
Round trip time was 0.02679 milliseconds in repetition 185
tcp_ping received 256 bytes back
Round trip time was 0.065182 milliseconds in repetition 186
tcp_ping received 256 bytes back
Round trip time was 0.033313 milliseconds in repetition 187
tcp_ping received 256 bytes back
Round trip time was 0.0263 milliseconds in repetition 188
tcp_ping received 256 bytes back
Round trip time was 0.026039 milliseconds in repetition 189
tcp_ping received 256 bytes back
Round trip time was 0.026108 milliseconds in repetition 190
tcp_ping received 256 bytes back
Round trip time was 0.026128 milliseconds in repetition 191
tcp_ping received 256 bytes back
Round trip time was 0.026049 milliseconds in repetition 192
tcp_ping received 256 bytes back
Round trip time was 0.026099 milliseconds in repetition 193
tcp_ping received 256 bytes back
Round trip time was 0.026509 milliseconds in repetition 194
tcp_ping received 256 bytes back
Round trip time was 0.026069 milliseconds in repetition 195
tcp_ping received 256 bytes back
Round trip time was 0.026129 milliseconds in repetition 196
tcp_ping received 256 bytes back
Round trip time was 0.026049 milliseconds in repetition 197
tcp_ping received 256 bytes back
Round trip time was 0.026149 milliseconds in repetition 198
tcp_ping received 256 bytes back
Round trip time was 0.026099 milliseconds in repetition 199
tcp_ping received 256 bytes back
Round trip time was 0.026059 milliseconds in repetition 200
tcp_ping received 256 bytes back
Round trip time was 0.026139 milliseconds in repetition 201
tcp_ping received 256 bytes back
Round trip time was 0.026129 milliseconds in repetition 202
tcp_ping received 256 bytes back
Round trip time was 0.026289 milliseconds in repetition 203
tcp_ping received 256 bytes back
Round trip time was 0.026099 milliseconds in repetition 204
tcp_ping received 256 bytes back
Round trip time was 0.025968 milliseconds in repetition 205
tcp_ping received 256 bytes back
Round trip time was 0.026058 milliseconds in repetition 206
tcp_ping received 256 bytes back
Round trip time was 0.026259 milliseconds in repetition 207
tcp_ping received 256 bytes back
Round trip time was 0.026099 milliseconds in repetition 208
tcp_ping received 256 bytes back
Round trip time was 0.026119 milliseconds in repetition 209
tcp_ping received 256 bytes back
Round trip time was 0.026079 milliseconds in repetition 210
tcp_ping received 256 bytes back
Round trip time was 0.026069 milliseconds in repetition 211
tcp_ping received 256 bytes back
Round trip time was 0.0261 milliseconds in repetition 212
tcp_ping received 256 bytes back
Round trip time was 0.02606 milliseconds in repetition 213
tcp_ping received 256 bytes back
Round trip time was 0.02617 milliseconds in repetition 214
tcp_ping received 256 bytes back
Round trip time was 0.026079 milliseconds in repetition 215
tcp_ping received 256 bytes back
Round trip time was 0.026078 milliseconds in repetition 216
tcp_ping received 256 bytes back
Round trip time was 0.082664 milliseconds in repetition 217
tcp_ping received 256 bytes back
Round trip time was 0.036669 milliseconds in repetition 218
tcp_ping received 256 bytes back
Round trip time was 0.027431 milliseconds in repetition 219
tcp_ping received 256 bytes back
Round trip time was 0.026189 milliseconds in repetition 220
tcp_ping received 256 bytes back
Round trip time was 0.029416 milliseconds in repetition 221
tcp_ping received 256 bytes back
Round trip time was 0.026149 milliseconds in repetition 222
tcp_ping received 256 bytes back
Round trip time was 0.026189 milliseconds in repetition 223
tcp_ping received 256 bytes back
Round trip time was 0.026099 milliseconds in repetition 224
tcp_ping received 256 bytes back
Round trip time was 0.02633 milliseconds in repetition 225
tcp_ping received 256 bytes back
Round trip time was 0.026128 milliseconds in repetition 226
tcp_ping received 256 bytes back
Round trip time was 0.025968 milliseconds in repetition 227
tcp_ping received 256 bytes back
Round trip time was 0.026019 milliseconds in repetition 228
tcp_ping received 256 bytes back
Round trip time was 0.026069 milliseconds in repetition 229
tcp_ping received 256 bytes back
Round trip time was 0.026079 milliseconds in repetition 230
tcp_ping received 256 bytes back
Round trip time was 0.026139 milliseconds in repetition 231
tcp_ping received 256 bytes back
Round trip time was 0.026139 milliseconds in repetition 232
tcp_ping received 256 bytes back
Round trip time was 0.0261 milliseconds in repetition 233
tcp_ping received 256 bytes back
Round trip time was 0.026009 milliseconds in repetition 234
tcp_ping received 256 bytes back
Round trip time was 0.02605 milliseconds in repetition 235
tcp_ping received 256 bytes back
Round trip time was 0.026049 milliseconds in repetition 236
tcp_ping received 256 bytes back
Round trip time was 0.02606 milliseconds in repetition 237
tcp_ping received 256 bytes back
Round trip time was 0.026159 milliseconds in repetition 238
tcp_ping received 256 bytes back
Round trip time was 0.026059 milliseconds in repetition 239
tcp_ping received 256 bytes back
Round trip time was 0.026059 milliseconds in repetition 240
tcp_ping received 256 bytes back
Round trip time was 0.026119 milliseconds in repetition 241
tcp_ping received 256 bytes back
Round trip time was 0.026089 milliseconds in repetition 242
tcp_ping received 256 bytes back
Round trip time was 0.026199 milliseconds in repetition 243
tcp_ping received 256 bytes back
Round trip time was 0.026239 milliseconds in repetition 244
tcp_ping received 256 bytes back
Round trip time was 0.026019 milliseconds in repetition 245
tcp_ping received 256 bytes back
Round trip time was 0.025959 milliseconds in repetition 246
tcp_ping received 256 bytes back
Round trip time was 0.060454 milliseconds in repetition 247
tcp_ping received 256 bytes back
Round trip time was 0.027282 milliseconds in repetition 248
tcp_ping received 256 bytes back
Round trip time was 0.02661 milliseconds in repetition 249
tcp_ping received 256 bytes back
Round trip time was 0.026069 milliseconds in repetition 250
tcp_ping received 256 bytes back
Round trip time was 0.026059 milliseconds in repetition 251
tcp_ping received 256 bytes back
Round trip time was 0.026069 milliseconds in repetition 252
tcp_ping received 256 bytes back
Round trip time was 0.026039 milliseconds in repetition 253
tcp_ping received 256 bytes back
Round trip time was 0.025999 milliseconds in repetition 254
tcp_ping received 256 bytes back
Round trip time was 0.02607 milliseconds in repetition 255
tcp_ping received 256 bytes back
Round trip time was 0.028442 milliseconds in repetition 256
tcp_ping received 256 bytes back
Round trip time was 0.036749 milliseconds in repetition 257
tcp_ping received 256 bytes back
Round trip time was 0.02648 milliseconds in repetition 258
tcp_ping received 256 bytes back
Round trip time was 0.026469 milliseconds in repetition 259
tcp_ping received 256 bytes back
Round trip time was 0.026459 milliseconds in repetition 260
tcp_ping received 256 bytes back
Round trip time was 0.026368 milliseconds in repetition 261
tcp_ping received 256 bytes back
Round trip time was 0.02646 milliseconds in repetition 262
tcp_ping received 256 bytes back
Round trip time was 0.02635 milliseconds in repetition 263
tcp_ping received 256 bytes back
Round trip time was 0.026289 milliseconds in repetition 264
tcp_ping received 256 bytes back
Round trip time was 0.02628 milliseconds in repetition 265
tcp_ping received 256 bytes back
Round trip time was 0.029997 milliseconds in repetition 266
tcp_ping received 256 bytes back
Round trip time was 0.026489 milliseconds in repetition 267
tcp_ping received 256 bytes back
Round trip time was 0.026219 milliseconds in repetition 268
tcp_ping received 256 bytes back
Round trip time was 0.026229 milliseconds in repetition 269
tcp_ping received 256 bytes back
Round trip time was 0.02617 milliseconds in repetition 270
tcp_ping received 256 bytes back
Round trip time was 0.026119 milliseconds in repetition 271
tcp_ping received 256 bytes back
Round trip time was 0.026169 milliseconds in repetition 272
tcp_ping received 256 bytes back
Round trip time was 0.026289 milliseconds in repetition 273
tcp_ping received 256 bytes back
Round trip time was 0.026149 milliseconds in repetition 274
tcp_ping received 256 bytes back
Round trip time was 0.026089 milliseconds in repetition 275
tcp_ping received 256 bytes back
Round trip time was 0.026099 milliseconds in repetition 276
tcp_ping received 256 bytes back
Round trip time was 0.073799 milliseconds in repetition 277
tcp_ping received 256 bytes back
Round trip time was 0.027531 milliseconds in repetition 278
tcp_ping received 256 bytes back
Round trip time was 0.026059 milliseconds in repetition 279
tcp_ping received 256 bytes back
Round trip time was 0.026129 milliseconds in repetition 280
tcp_ping received 256 bytes back
Round trip time was 0.02662 milliseconds in repetition 281
tcp_ping received 256 bytes back
Round trip time was 0.026188 milliseconds in repetition 282
tcp_ping received 256 bytes back
Round trip time was 0.02633 milliseconds in repetition 283
tcp_ping received 256 bytes back
Round trip time was 0.026318 milliseconds in repetition 284
tcp_ping received 256 bytes back
Round trip time was 0.026279 milliseconds in repetition 285
tcp_ping received 256 bytes back
Round trip time was 0.02628 milliseconds in repetition 286
tcp_ping received 256 bytes back
Round trip time was 0.026189 milliseconds in repetition 287
tcp_ping received 256 bytes back
Round trip time was 0.02617 milliseconds in repetition 288
tcp_ping received 256 bytes back
Round trip time was 0.02616 milliseconds in repetition 289
tcp_ping received 256 bytes back
Round trip time was 0.02636 milliseconds in repetition 290
tcp_ping received 256 bytes back
Round trip time was 0.026299 milliseconds in repetition 291
tcp_ping received 256 bytes back
Round trip time was 0.02635 milliseconds in repetition 292
tcp_ping received 256 bytes back
Round trip time was 0.026218 milliseconds in repetition 293
tcp_ping received 256 bytes back
Round trip time was 0.0263 milliseconds in repetition 294
tcp_ping received 256 bytes back
Round trip time was 0.02617 milliseconds in repetition 295
tcp_ping received 256 bytes back
Round trip time was 0.026308 milliseconds in repetition 296
tcp_ping received 256 bytes back
Round trip time was 0.02632 milliseconds in repetition 297
tcp_ping received 256 bytes back
Round trip time was 0.026459 milliseconds in repetition 298
tcp_ping received 256 bytes back
Round trip time was 0.02612 milliseconds in repetition 299
tcp_ping received 256 bytes back
Round trip time was 0.02624 milliseconds in repetition 300
tcp_ping received 256 bytes back
Round trip time was 0.02628 milliseconds in repetition 301
tcp_ping received 256 bytes back
Round trip time was 0.026248 milliseconds in repetition 302
tcp_ping received 256 bytes back
Round trip time was 0.026228 milliseconds in repetition 303
tcp_ping received 256 bytes back
Round trip time was 0.026268 milliseconds in repetition 304
tcp_ping received 256 bytes back
Round trip time was 0.026138 milliseconds in repetition 305
tcp_ping received 256 bytes back
Round trip time was 0.026179 milliseconds in repetition 306
tcp_ping received 256 bytes back
Round trip time was 0.02615 milliseconds in repetition 307
tcp_ping received 256 bytes back
Round trip time was 2.02476 milliseconds in repetition 308
tcp_ping received 256 bytes back
Round trip time was 0.038631 milliseconds in repetition 309
tcp_ping received 256 bytes back
Round trip time was 0.030367 milliseconds in repetition 310
tcp_ping received 256 bytes back
Round trip time was 0.02659 milliseconds in repetition 311
tcp_ping received 256 bytes back
Round trip time was 0.026299 milliseconds in repetition 312
tcp_ping received 256 bytes back
Round trip time was 0.026691 milliseconds in repetition 313
tcp_ping received 256 bytes back
Round trip time was 0.02635 milliseconds in repetition 314
tcp_ping received 256 bytes back
Round trip time was 0.026308 milliseconds in repetition 315
tcp_ping received 256 bytes back
Round trip time was 0.026741 milliseconds in repetition 316
tcp_ping received 256 bytes back
Round trip time was 0.02641 milliseconds in repetition 317
tcp_ping received 256 bytes back
Round trip time was 0.02659 milliseconds in repetition 318
tcp_ping received 256 bytes back
Round trip time was 0.026599 milliseconds in repetition 319
tcp_ping received 256 bytes back
Round trip time was 0.026439 milliseconds in repetition 320
tcp_ping received 256 bytes back
Round trip time was 0.02654 milliseconds in repetition 321
tcp_ping received 256 bytes back
Round trip time was 0.026589 milliseconds in repetition 322
tcp_ping received 256 bytes back
Round trip time was 0.02659 milliseconds in repetition 323
tcp_ping received 256 bytes back
Round trip time was 0.026529 milliseconds in repetition 324
tcp_ping received 256 bytes back
Round trip time was 0.026579 milliseconds in repetition 325
tcp_ping received 256 bytes back
Round trip time was 0.026409 milliseconds in repetition 326
tcp_ping received 256 bytes back
Round trip time was 0.02641 milliseconds in repetition 327
tcp_ping received 256 bytes back
Round trip time was 0.026419 milliseconds in repetition 328
tcp_ping received 256 bytes back
Round trip time was 0.026449 milliseconds in repetition 329
tcp_ping received 256 bytes back
Round trip time was 0.02648 milliseconds in repetition 330
tcp_ping received 256 bytes back
Round trip time was 0.026529 milliseconds in repetition 331
tcp_ping received 256 bytes back
Round trip time was 0.026339 milliseconds in repetition 332
tcp_ping received 256 bytes back
Round trip time was 0.02643 milliseconds in repetition 333
tcp_ping received 256 bytes back
Round trip time was 0.02646 milliseconds in repetition 334
tcp_ping received 256 bytes back
Round trip time was 0.060523 milliseconds in repetition 335
tcp_ping received 256 bytes back
Round trip time was 0.027241 milliseconds in repetition 336
tcp_ping received 256 bytes back
Round trip time was 0.02636 milliseconds in repetition 337
tcp_ping received 256 bytes back
Round trip time was 0.0266 milliseconds in repetition 338
tcp_ping received 256 bytes back
Round trip time was 0.02638 milliseconds in repetition 339
tcp_ping received 256 bytes back
Round trip time was 0.026289 milliseconds in repetition 340
tcp_ping received 256 bytes back
Round trip time was 0.026338 milliseconds in repetition 341
tcp_ping received 256 bytes back
Round trip time was 0.02634 milliseconds in repetition 342
tcp_ping received 256 bytes back
Round trip time was 0.02637 milliseconds in repetition 343
tcp_ping received 256 bytes back
Round trip time was 0.02654 milliseconds in repetition 344
tcp_ping received 256 bytes back
Round trip time was 0.02639 milliseconds in repetition 345
tcp_ping received 256 bytes back
Round trip time was 0.02646 milliseconds in repetition 346
tcp_ping received 256 bytes back
Round trip time was 0.026308 milliseconds in repetition 347
tcp_ping received 256 bytes back
Round trip time was 0.02636 milliseconds in repetition 348
tcp_ping received 256 bytes back
Round trip time was 0.02668 milliseconds in repetition 349
tcp_ping received 256 bytes back
Round trip time was 0.02622 milliseconds in repetition 350
tcp_ping received 256 bytes back
Round trip time was 0.026168 milliseconds in repetition 351
tcp_ping received 256 bytes back
Round trip time was 0.026129 milliseconds in repetition 352
tcp_ping received 256 bytes back
Round trip time was 0.026249 milliseconds in repetition 353
tcp_ping received 256 bytes back
Round trip time was 0.028984 milliseconds in repetition 354
tcp_ping received 256 bytes back
Round trip time was 0.026199 milliseconds in repetition 355
tcp_ping received 256 bytes back
Round trip time was 0.02608 milliseconds in repetition 356
tcp_ping received 256 bytes back
Round trip time was 0.026288 milliseconds in repetition 357
tcp_ping received 256 bytes back
Round trip time was 0.026049 milliseconds in repetition 358
tcp_ping received 256 bytes back
Round trip time was 0.02618 milliseconds in repetition 359
tcp_ping received 256 bytes back
Round trip time was 0.026099 milliseconds in repetition 360
tcp_ping received 256 bytes back
Round trip time was 0.02619 milliseconds in repetition 361
tcp_ping received 256 bytes back
Round trip time was 0.026108 milliseconds in repetition 362
tcp_ping received 256 bytes back
Round trip time was 0.026139 milliseconds in repetition 363
tcp_ping received 256 bytes back
Round trip time was 0.026119 milliseconds in repetition 364
tcp_ping received 256 bytes back
Round trip time was 0.049553 milliseconds in repetition 365
tcp_ping received 256 bytes back
Round trip time was 0.035898 milliseconds in repetition 366
tcp_ping received 256 bytes back
Round trip time was 0.02617 milliseconds in repetition 367
tcp_ping received 256 bytes back
Round trip time was 0.025919 milliseconds in repetition 368
tcp_ping received 256 bytes back
Round trip time was 0.026069 milliseconds in repetition 369
tcp_ping received 256 bytes back
Round trip time was 0.025959 milliseconds in repetition 370
tcp_ping received 256 bytes back
Round trip time was 0.025988 milliseconds in repetition 371
tcp_ping received 256 bytes back
Round trip time was 0.026068 milliseconds in repetition 372
tcp_ping received 256 bytes back
Round trip time was 0.026139 milliseconds in repetition 373
tcp_ping received 256 bytes back
Round trip time was 0.025888 milliseconds in repetition 374
tcp_ping received 256 bytes back
Round trip time was 0.026038 milliseconds in repetition 375
tcp_ping received 256 bytes back
Round trip time was 0.026019 milliseconds in repetition 376
tcp_ping received 256 bytes back
Round trip time was 0.026019 milliseconds in repetition 377
tcp_ping received 256 bytes back
Round trip time was 0.026019 milliseconds in repetition 378
tcp_ping received 256 bytes back
Round trip time was 0.02617 milliseconds in repetition 379
tcp_ping received 256 bytes back
Round trip time was 0.02601 milliseconds in repetition 380
tcp_ping received 256 bytes back
Round trip time was 0.025999 milliseconds in repetition 381
tcp_ping received 256 bytes back
Round trip time was 0.0265 milliseconds in repetition 382
tcp_ping received 256 bytes back
Round trip time was 0.026129 milliseconds in repetition 383
tcp_ping received 256 bytes back
Round trip time was 0.026179 milliseconds in repetition 384
tcp_ping received 256 bytes back
Round trip time was 0.02617 milliseconds in repetition 385
tcp_ping received 256 bytes back
Round trip time was 0.159209 milliseconds in repetition 386
tcp_ping received 256 bytes back
Round trip time was 0.027321 milliseconds in repetition 387
tcp_ping received 256 bytes back
Round trip time was 0.026128 milliseconds in repetition 388
tcp_ping received 256 bytes back
Round trip time was 0.025998 milliseconds in repetition 389
tcp_ping received 256 bytes back
Round trip time was 0.026089 milliseconds in repetition 390
tcp_ping received 256 bytes back
Round trip time was 0.026048 milliseconds in repetition 391
tcp_ping received 256 bytes back
Round trip time was 0.081333 milliseconds in repetition 392
tcp_ping received 256 bytes back
Round trip time was 0.122961 milliseconds in repetition 393
tcp_ping received 256 bytes back
Round trip time was 0.030557 milliseconds in repetition 394
tcp_ping received 256 bytes back
Round trip time was 0.028573 milliseconds in repetition 395
tcp_ping received 256 bytes back
Round trip time was 0.028543 milliseconds in repetition 396
tcp_ping received 256 bytes back
Round trip time was 0.028553 milliseconds in repetition 397
tcp_ping received 256 bytes back
Round trip time was 0.030317 milliseconds in repetition 398
tcp_ping received 256 bytes back
Round trip time was 0.026349 milliseconds in repetition 399
tcp_ping received 256 bytes back
Round trip time was 0.02624 milliseconds in repetition 400
tcp_ping received 256 bytes back
Round trip time was 0.026269 milliseconds in repetition 401
tcp_ping received 256 bytes back
Round trip time was 0.026079 milliseconds in repetition 402
tcp_ping received 256 bytes back
Round trip time was 0.026099 milliseconds in repetition 403
tcp_ping received 256 bytes back
Round trip time was 0.026831 milliseconds in repetition 404
tcp_ping received 256 bytes back
Round trip time was 0.028995 milliseconds in repetition 405
tcp_ping received 256 bytes back
Round trip time was 0.028653 milliseconds in repetition 406
tcp_ping received 256 bytes back
Round trip time was 0.028513 milliseconds in repetition 407
tcp_ping received 256 bytes back
Round trip time was 0.028484 milliseconds in repetition 408
tcp_ping received 256 bytes back
Round trip time was 0.028513 milliseconds in repetition 409
tcp_ping received 256 bytes back
Round trip time was 0.028453 milliseconds in repetition 410
tcp_ping received 256 bytes back
Round trip time was 0.028534 milliseconds in repetition 411
tcp_ping received 256 bytes back
Round trip time was 0.028573 milliseconds in repetition 412
tcp_ping received 256 bytes back
Round trip time was 0.028503 milliseconds in repetition 413
tcp_ping received 256 bytes back
Round trip time was 0.028474 milliseconds in repetition 414
tcp_ping received 256 bytes back
Round trip time was 0.030197 milliseconds in repetition 415
tcp_ping received 256 bytes back
Round trip time was 0.2616 milliseconds in repetition 416
tcp_ping received 256 bytes back
Round trip time was 0.083016 milliseconds in repetition 417
tcp_ping received 256 bytes back
Round trip time was 0.08515 milliseconds in repetition 418
tcp_ping received 256 bytes back
Round trip time was 0.081763 milliseconds in repetition 419
tcp_ping received 256 bytes back
Round trip time was 0.082694 milliseconds in repetition 420
tcp_ping received 256 bytes back
Round trip time was 0.061896 milliseconds in repetition 421
tcp_ping received 256 bytes back
Round trip time was 0.052668 milliseconds in repetition 422
tcp_ping received 256 bytes back
Round trip time was 0.045184 milliseconds in repetition 423
tcp_ping received 256 bytes back
Round trip time was 0.043551 milliseconds in repetition 424
tcp_ping received 256 bytes back
Round trip time was 0.039344 milliseconds in repetition 425
tcp_ping received 256 bytes back
Round trip time was 0.405209 milliseconds in repetition 426
tcp_ping received 256 bytes back
Round trip time was 0.067857 milliseconds in repetition 427
tcp_ping received 256 bytes back
Round trip time was 0.028373 milliseconds in repetition 428
tcp_ping received 256 bytes back
Round trip time was 0.028715 milliseconds in repetition 429
tcp_ping received 256 bytes back
Round trip time was 0.028143 milliseconds in repetition 430
tcp_ping received 256 bytes back
Round trip time was 0.028042 milliseconds in repetition 431
tcp_ping received 256 bytes back
Round trip time was 0.028543 milliseconds in repetition 432
tcp_ping received 256 bytes back
Round trip time was 0.028112 milliseconds in repetition 433
tcp_ping received 256 bytes back
Round trip time was 0.028122 milliseconds in repetition 434
tcp_ping received 256 bytes back
Round trip time was 0.028203 milliseconds in repetition 435
tcp_ping received 256 bytes back
Round trip time was 0.028624 milliseconds in repetition 436
tcp_ping received 256 bytes back
Round trip time was 0.028352 milliseconds in repetition 437
tcp_ping received 256 bytes back
Round trip time was 0.028073 milliseconds in repetition 438
tcp_ping received 256 bytes back
Round trip time was 0.028363 milliseconds in repetition 439
tcp_ping received 256 bytes back
Round trip time was 0.028263 milliseconds in repetition 440
tcp_ping received 256 bytes back
Round trip time was 0.028043 milliseconds in repetition 441
tcp_ping received 256 bytes back
Round trip time was 0.063821 milliseconds in repetition 442
tcp_ping received 256 bytes back
Round trip time was 0.027311 milliseconds in repetition 443
tcp_ping received 256 bytes back
Round trip time was 0.026189 milliseconds in repetition 444
tcp_ping received 256 bytes back
Round trip time was 0.026248 milliseconds in repetition 445
tcp_ping received 256 bytes back
Round trip time was 0.026389 milliseconds in repetition 446
tcp_ping received 256 bytes back
Round trip time was 0.025959 milliseconds in repetition 447
tcp_ping received 256 bytes back
Round trip time was 0.025998 milliseconds in repetition 448
tcp_ping received 256 bytes back
Round trip time was 0.026009 milliseconds in repetition 449
tcp_ping received 256 bytes back
Round trip time was 0.028483 milliseconds in repetition 450
tcp_ping received 256 bytes back
Round trip time was 0.028823 milliseconds in repetition 451
tcp_ping received 256 bytes back
Round trip time was 0.028443 milliseconds in repetition 452
tcp_ping received 256 bytes back
Round trip time was 0.028343 milliseconds in repetition 453
tcp_ping received 256 bytes back
Round trip time was 0.028482 milliseconds in repetition 454
tcp_ping received 256 bytes back
Round trip time was 0.028232 milliseconds in repetition 455
tcp_ping received 256 bytes back
Round trip time was 0.028253 milliseconds in repetition 456
tcp_ping received 256 bytes back
Round trip time was 0.028254 milliseconds in repetition 457
tcp_ping received 256 bytes back
Round trip time was 0.029605 milliseconds in repetition 458
tcp_ping received 256 bytes back
Round trip time was 0.028533 milliseconds in repetition 459
tcp_ping received 256 bytes back
Round trip time was 0.028504 milliseconds in repetition 460
tcp_ping received 256 bytes back
Round trip time was 0.028453 milliseconds in repetition 461
tcp_ping received 256 bytes back
Round trip time was 0.028194 milliseconds in repetition 462
tcp_ping received 256 bytes back
Round trip time was 0.124093 milliseconds in repetition 463
tcp_ping received 256 bytes back
Round trip time was 0.038813 milliseconds in repetition 464
tcp_ping received 256 bytes back
Round trip time was 0.028644 milliseconds in repetition 465
tcp_ping received 256 bytes back
Round trip time was 0.028304 milliseconds in repetition 466
tcp_ping received 256 bytes back
Round trip time was 0.028224 milliseconds in repetition 467
tcp_ping received 256 bytes back
Round trip time was 0.028232 milliseconds in repetition 468
tcp_ping received 256 bytes back
Round trip time was 0.028253 milliseconds in repetition 469
tcp_ping received 256 bytes back
Round trip time was 0.028273 milliseconds in repetition 470
tcp_ping received 256 bytes back
Round trip time was 0.028263 milliseconds in repetition 471
tcp_ping received 256 bytes back
Round trip time was 0.028152 milliseconds in repetition 472
tcp_ping received 256 bytes back
Round trip time was 0.028183 milliseconds in repetition 473
tcp_ping received 256 bytes back
Round trip time was 0.028314 milliseconds in repetition 474
tcp_ping received 256 bytes back
Round trip time was 0.028453 milliseconds in repetition 475
tcp_ping received 256 bytes back
Round trip time was 0.028473 milliseconds in repetition 476
tcp_ping received 256 bytes back
Round trip time was 0.028243 milliseconds in repetition 477
tcp_ping received 256 bytes back
Round trip time was 0.028233 milliseconds in repetition 478
tcp_ping received 256 bytes back
Round trip time was 0.029905 milliseconds in repetition 479
tcp_ping received 256 bytes back
Round trip time was 0.17653 milliseconds in repetition 480
tcp_ping received 256 bytes back
Round trip time was 0.043603 milliseconds in repetition 481
tcp_ping received 256 bytes back
Round trip time was 0.039465 milliseconds in repetition 482
tcp_ping received 256 bytes back
Round trip time was 0.036959 milliseconds in repetition 483
tcp_ping received 256 bytes back
Round trip time was 0.081894 milliseconds in repetition 484
tcp_ping received 256 bytes back
Round trip time was 0.037942 milliseconds in repetition 485
tcp_ping received 256 bytes back
Round trip time was 0.1015 milliseconds in repetition 486
tcp_ping received 256 bytes back
Round trip time was 0.08004 milliseconds in repetition 487
tcp_ping received 256 bytes back
Round trip time was 0.064642 milliseconds in repetition 488
tcp_ping received 256 bytes back
Round trip time was 0.054081 milliseconds in repetition 489
tcp_ping received 256 bytes back
Round trip time was 0.067948 milliseconds in repetition 490
tcp_ping received 256 bytes back
Round trip time was 0.05307 milliseconds in repetition 491
tcp_ping received 256 bytes back
Round trip time was 0.063529 milliseconds in repetition 492
tcp_ping received 256 bytes back
Round trip time was 0.065413 milliseconds in repetition 493
tcp_ping received 256 bytes back
Round trip time was 0.053911 milliseconds in repetition 494
tcp_ping received 256 bytes back
Round trip time was 0.184406 milliseconds in repetition 495
tcp_ping received 256 bytes back
Round trip time was 0.090941 milliseconds in repetition 496
tcp_ping received 256 bytes back
Round trip time was 0.10161 milliseconds in repetition 497
tcp_ping received 256 bytes back
Round trip time was 0.093325 milliseconds in repetition 498
tcp_ping received 256 bytes back
Round trip time was 0.102623 milliseconds in repetition 499
tcp_ping received 256 bytes back
Round trip time was 0.071043 milliseconds in repetition 500
tcp_ping received 256 bytes back
Round trip time was 0.983323 milliseconds in repetition 501

 ... clock resolution was 1e-06
TCP Ping:  Statistics over 501 repetitions of 256 byte messages

RTT : percentile 10: 0.026019, median: 0.026359, percentile 90: 0.11751, average: 0.0661664, variance: 0.107151

RTT histogram:
0.0258775 494
0.37052 3
0.715163 0
1.05981 2
1.40445 0
1.74909 0
2.09374 1
2.43838 0
2.78302 0
3.12766 0
3.47231 0
3.81695 0
4.16159 0
4.50624 0
4.85088 0
5.19552 0
5.54017 0
5.88481 0
6.22945 0
6.57409 0
6.91874 1

   median Throughput : 19424.1 KB/s   overall Throughput : 7738.07 KB/s

