TCP Ping trying to connect to server localhost (127.0.0.1) on port 1491
 ... connected to Pong server: asking for 501 repetitions of 32768 bytes TCP messages
 ... Pong server agreed :-)
tcp_ping received 32768 bytes back
Round trip time was 0.839523 milliseconds in repetition 1
tcp_ping received 32768 bytes back
Round trip time was 0.797515 milliseconds in repetition 2
tcp_ping received 32768 bytes back
Round trip time was 0.822101 milliseconds in repetition 3
tcp_ping received 32768 bytes back
Round trip time was 0.831991 milliseconds in repetition 4
tcp_ping received 32768 bytes back
Round trip time was 0.863318 milliseconds in repetition 5
tcp_ping received 32768 bytes back
Round trip time was 0.808847 milliseconds in repetition 6
tcp_ping received 32768 bytes back
Round trip time was 0.769291 milliseconds in repetition 7
tcp_ping received 32768 bytes back
Round trip time was 0.792676 milliseconds in repetition 8
tcp_ping received 32768 bytes back
Round trip time was 0.792976 milliseconds in repetition 9
tcp_ping received 32768 bytes back
Round trip time was 0.911168 milliseconds in repetition 10
tcp_ping received 32768 bytes back
Round trip time was 0.878988 milliseconds in repetition 11
tcp_ping received 32768 bytes back
Round trip time was 0.877545 milliseconds in repetition 12
tcp_ping received 32768 bytes back
Round trip time was 1.5316 milliseconds in repetition 13
tcp_ping received 32768 bytes back
Round trip time was 0.982963 milliseconds in repetition 14
tcp_ping received 32768 bytes back
Round trip time was 0.954539 milliseconds in repetition 15
tcp_ping received 32768 bytes back
Round trip time was 0.899376 milliseconds in repetition 16
tcp_ping received 32768 bytes back
Round trip time was 0.898073 milliseconds in repetition 17
tcp_ping received 32768 bytes back
Round trip time was 1.07775 milliseconds in repetition 18
tcp_ping received 32768 bytes back
Round trip time was 1.06789 milliseconds in repetition 19
tcp_ping received 32768 bytes back
Round trip time was 0.900588 milliseconds in repetition 20
tcp_ping received 32768 bytes back
Round trip time was 0.919773 milliseconds in repetition 21
tcp_ping received 32768 bytes back
Round trip time was 0.907211 milliseconds in repetition 22
tcp_ping received 32768 bytes back
Round trip time was 0.889548 milliseconds in repetition 23
tcp_ping received 32768 bytes back
Round trip time was 0.958817 milliseconds in repetition 24
tcp_ping received 32768 bytes back
Round trip time was 0.893124 milliseconds in repetition 25
tcp_ping received 32768 bytes back
Round trip time was 0.911037 milliseconds in repetition 26
tcp_ping received 32768 bytes back
Round trip time was 1.10903 milliseconds in repetition 27
tcp_ping received 32768 bytes back
Round trip time was 0.901169 milliseconds in repetition 28
tcp_ping received 32768 bytes back
Round trip time was 0.893595 milliseconds in repetition 29
tcp_ping received 32768 bytes back
Round trip time was 0.89147 milliseconds in repetition 30
tcp_ping received 32768 bytes back
Round trip time was 0.895358 milliseconds in repetition 31
tcp_ping received 32768 bytes back
Round trip time was 0.926867 milliseconds in repetition 32
tcp_ping received 32768 bytes back
Round trip time was 0.914334 milliseconds in repetition 33
tcp_ping received 32768 bytes back
Round trip time was 5.00543 milliseconds in repetition 34
tcp_ping received 32768 bytes back
Round trip time was 1.17659 milliseconds in repetition 35
tcp_ping received 32768 bytes back
Round trip time was 1.07465 milliseconds in repetition 36
tcp_ping received 32768 bytes back
Round trip time was 0.931556 milliseconds in repetition 37
tcp_ping received 32768 bytes back
Round trip time was 0.957514 milliseconds in repetition 38
tcp_ping received 32768 bytes back
Round trip time was 0.90757 milliseconds in repetition 39
tcp_ping received 32768 bytes back
Round trip time was 0.910867 milliseconds in repetition 40
tcp_ping received 32768 bytes back
Round trip time was 1.91945 milliseconds in repetition 41
tcp_ping received 32768 bytes back
Round trip time was 5.32774 milliseconds in repetition 42
tcp_ping received 32768 bytes back
Round trip time was 3.85825 milliseconds in repetition 43
tcp_ping received 32768 bytes back
Round trip time was 0.902892 milliseconds in repetition 44
tcp_ping received 32768 bytes back
Round trip time was 0.849222 milliseconds in repetition 45
tcp_ping received 32768 bytes back
Round trip time was 0.89624 milliseconds in repetition 46
tcp_ping received 32768 bytes back
Round trip time was 0.903123 milliseconds in repetition 47
tcp_ping received 32768 bytes back
Round trip time was 1.3506 milliseconds in repetition 48
tcp_ping received 32768 bytes back
Round trip time was 1.07195 milliseconds in repetition 49
tcp_ping received 32768 bytes back
Round trip time was 1.12409 milliseconds in repetition 50
tcp_ping received 32768 bytes back
Round trip time was 0.900357 milliseconds in repetition 51
tcp_ping received 32768 bytes back
Round trip time was 0.856145 milliseconds in repetition 52
tcp_ping received 32768 bytes back
Round trip time was 0.800741 milliseconds in repetition 53
tcp_ping received 32768 bytes back
Round trip time was 0.7681 milliseconds in repetition 54
tcp_ping received 32768 bytes back
Round trip time was 0.821729 milliseconds in repetition 55
tcp_ping received 32768 bytes back
Round trip time was 0.834424 milliseconds in repetition 56
tcp_ping received 32768 bytes back
Round trip time was 0.802764 milliseconds in repetition 57
tcp_ping received 32768 bytes back
Round trip time was 0.860292 milliseconds in repetition 58
tcp_ping received 32768 bytes back
Round trip time was 0.860213 milliseconds in repetition 59
tcp_ping received 32768 bytes back
Round trip time was 0.828834 milliseconds in repetition 60
tcp_ping received 32768 bytes back
Round trip time was 0.78415 milliseconds in repetition 61
tcp_ping received 32768 bytes back
Round trip time was 0.802494 milliseconds in repetition 62
tcp_ping received 32768 bytes back
Round trip time was 0.793326 milliseconds in repetition 63
tcp_ping received 32768 bytes back
Round trip time was 0.808346 milliseconds in repetition 64
tcp_ping received 32768 bytes back
Round trip time was 0.849192 milliseconds in repetition 65
tcp_ping received 32768 bytes back
Round trip time was 0.800991 milliseconds in repetition 66
tcp_ping received 32768 bytes back
Round trip time was 0.765946 milliseconds in repetition 67
tcp_ping received 32768 bytes back
Round trip time was 0.792225 milliseconds in repetition 68
tcp_ping received 32768 bytes back
Round trip time was 0.807655 milliseconds in repetition 69
tcp_ping received 32768 bytes back
Round trip time was 0.809478 milliseconds in repetition 70
tcp_ping received 32768 bytes back
Round trip time was 0.793547 milliseconds in repetition 71
tcp_ping received 32768 bytes back
Round trip time was 0.763822 milliseconds in repetition 72
tcp_ping received 32768 bytes back
Round trip time was 0.792936 milliseconds in repetition 73
tcp_ping received 32768 bytes back
Round trip time was 0.807865 milliseconds in repetition 74
tcp_ping received 32768 bytes back
Round trip time was 0.839404 milliseconds in repetition 75
tcp_ping received 32768 bytes back
Round trip time was 0.79473 milliseconds in repetition 76
tcp_ping received 32768 bytes back
Round trip time was 0.809137 milliseconds in repetition 77
tcp_ping received 32768 bytes back
Round trip time was 0.946334 milliseconds in repetition 78
tcp_ping received 32768 bytes back
Round trip time was 0.825216 milliseconds in repetition 79
tcp_ping received 32768 bytes back
Round trip time was 0.859851 milliseconds in repetition 80
tcp_ping received 32768 bytes back
Round trip time was 0.801442 milliseconds in repetition 81
tcp_ping received 32768 bytes back
Round trip time was 0.836097 milliseconds in repetition 82
tcp_ping received 32768 bytes back
Round trip time was 0.838746 milliseconds in repetition 83
tcp_ping received 32768 bytes back
Round trip time was 1.11458 milliseconds in repetition 84
tcp_ping received 32768 bytes back
Round trip time was 0.797705 milliseconds in repetition 85
tcp_ping received 32768 bytes back
Round trip time was 0.790001 milliseconds in repetition 86
tcp_ping received 32768 bytes back
Round trip time was 0.85898 milliseconds in repetition 87
tcp_ping received 32768 bytes back
Round trip time was 0.766828 milliseconds in repetition 88
tcp_ping received 32768 bytes back
Round trip time was 0.822281 milliseconds in repetition 89
tcp_ping received 32768 bytes back
Round trip time was 0.792606 milliseconds in repetition 90
tcp_ping received 32768 bytes back
Round trip time was 0.83699 milliseconds in repetition 91
tcp_ping received 32768 bytes back
Round trip time was 0.820498 milliseconds in repetition 92
tcp_ping received 32768 bytes back
Round trip time was 0.821039 milliseconds in repetition 93
tcp_ping received 32768 bytes back
Round trip time was 0.766206 milliseconds in repetition 94
tcp_ping received 32768 bytes back
Round trip time was 0.792186 milliseconds in repetition 95
tcp_ping received 32768 bytes back
Round trip time was 0.789599 milliseconds in repetition 96
tcp_ping received 32768 bytes back
Round trip time was 0.929352 milliseconds in repetition 97
tcp_ping received 32768 bytes back
Round trip time was 0.844332 milliseconds in repetition 98
tcp_ping received 32768 bytes back
Round trip time was 0.792415 milliseconds in repetition 99
tcp_ping received 32768 bytes back
Round trip time was 0.763681 milliseconds in repetition 100
tcp_ping received 32768 bytes back
Round trip time was 0.789619 milliseconds in repetition 101
tcp_ping received 32768 bytes back
Round trip time was 0.828062 milliseconds in repetition 102
tcp_ping received 32768 bytes back
Round trip time was 0.806853 milliseconds in repetition 103
tcp_ping received 32768 bytes back
Round trip time was 0.808837 milliseconds in repetition 104
tcp_ping received 32768 bytes back
Round trip time was 0.790392 milliseconds in repetition 105
tcp_ping received 32768 bytes back
Round trip time was 0.765675 milliseconds in repetition 106
tcp_ping received 32768 bytes back
Round trip time was 0.790351 milliseconds in repetition 107
tcp_ping received 32768 bytes back
Round trip time was 0.805058 milliseconds in repetition 108
tcp_ping received 32768 bytes back
Round trip time was 0.807925 milliseconds in repetition 109
tcp_ping received 32768 bytes back
Round trip time was 0.790551 milliseconds in repetition 110
tcp_ping received 32768 bytes back
Round trip time was 0.764313 milliseconds in repetition 111
tcp_ping received 32768 bytes back
Round trip time was 0.79514 milliseconds in repetition 112
tcp_ping received 32768 bytes back
Round trip time was 0.805399 milliseconds in repetition 113
tcp_ping received 32768 bytes back
Round trip time was 0.809338 milliseconds in repetition 114
tcp_ping received 32768 bytes back
Round trip time was 0.791272 milliseconds in repetition 115
tcp_ping received 32768 bytes back
Round trip time was 0.788698 milliseconds in repetition 116
tcp_ping received 32768 bytes back
Round trip time was 0.764933 milliseconds in repetition 117
tcp_ping received 32768 bytes back
Round trip time was 0.894607 milliseconds in repetition 118
tcp_ping received 32768 bytes back
Round trip time was 0.810829 milliseconds in repetition 119
tcp_ping received 32768 bytes back
Round trip time was 0.791513 milliseconds in repetition 120
tcp_ping received 32768 bytes back
Round trip time was 0.790331 milliseconds in repetition 121
tcp_ping received 32768 bytes back
Round trip time was 0.802293 milliseconds in repetition 122
tcp_ping received 32768 bytes back
Round trip time was 0.765012 milliseconds in repetition 123
tcp_ping received 32768 bytes back
Round trip time was 0.811 milliseconds in repetition 124
tcp_ping received 32768 bytes back
Round trip time was 0.790602 milliseconds in repetition 125
tcp_ping received 32768 bytes back
Round trip time was 0.799087 milliseconds in repetition 126
tcp_ping received 32768 bytes back
Round trip time was 0.802624 milliseconds in repetition 127
tcp_ping received 32768 bytes back
Round trip time was 0.763942 milliseconds in repetition 128
tcp_ping received 32768 bytes back
Round trip time was 0.807804 milliseconds in repetition 129
tcp_ping received 32768 bytes back
Round trip time was 0.804478 milliseconds in repetition 130
tcp_ping received 32768 bytes back
Round trip time was 0.790712 milliseconds in repetition 131
tcp_ping received 32768 bytes back
Round trip time was 0.80564 milliseconds in repetition 132
tcp_ping received 32768 bytes back
Round trip time was 0.807554 milliseconds in repetition 133
tcp_ping received 32768 bytes back
Round trip time was 0.764673 milliseconds in repetition 134
tcp_ping received 32768 bytes back
Round trip time was 0.790481 milliseconds in repetition 135
tcp_ping received 32768 bytes back
Round trip time was 0.793438 milliseconds in repetition 136
tcp_ping received 32768 bytes back
Round trip time was 0.791282 milliseconds in repetition 137
tcp_ping received 32768 bytes back
Round trip time was 0.808475 milliseconds in repetition 138
tcp_ping received 32768 bytes back
Round trip time was 0.898444 milliseconds in repetition 139
tcp_ping received 32768 bytes back
Round trip time was 0.766797 milliseconds in repetition 140
tcp_ping received 32768 bytes back
Round trip time was 0.789359 milliseconds in repetition 141
tcp_ping received 32768 bytes back
Round trip time was 0.790351 milliseconds in repetition 142
tcp_ping received 32768 bytes back
Round trip time was 0.818063 milliseconds in repetition 143
tcp_ping received 32768 bytes back
Round trip time was 0.790912 milliseconds in repetition 144
tcp_ping received 32768 bytes back
Round trip time was 0.786243 milliseconds in repetition 145
tcp_ping received 32768 bytes back
Round trip time was 0.769742 milliseconds in repetition 146
tcp_ping received 32768 bytes back
Round trip time was 0.789379 milliseconds in repetition 147
tcp_ping received 32768 bytes back
Round trip time was 0.912917 milliseconds in repetition 148
tcp_ping received 32768 bytes back
Round trip time was 0.971161 milliseconds in repetition 149
tcp_ping received 32768 bytes back
Round trip time was 0.967954 milliseconds in repetition 150
tcp_ping received 32768 bytes back
Round trip time was 0.967523 milliseconds in repetition 151
tcp_ping received 32768 bytes back
Round trip time was 0.96039 milliseconds in repetition 152
tcp_ping received 32768 bytes back
Round trip time was 0.929261 milliseconds in repetition 153
tcp_ping received 32768 bytes back
Round trip time was 0.92871 milliseconds in repetition 154
tcp_ping received 32768 bytes back
Round trip time was 0.940983 milliseconds in repetition 155
tcp_ping received 32768 bytes back
Round trip time was 0.974887 milliseconds in repetition 156
tcp_ping received 32768 bytes back
Round trip time was 1.01076 milliseconds in repetition 157
tcp_ping received 32768 bytes back
Round trip time was 0.935833 milliseconds in repetition 158
tcp_ping received 32768 bytes back
Round trip time was 0.935885 milliseconds in repetition 159
tcp_ping received 32768 bytes back
Round trip time was 0.937257 milliseconds in repetition 160
tcp_ping received 32768 bytes back
Round trip time was 0.935744 milliseconds in repetition 161
tcp_ping received 32768 bytes back
Round trip time was 0.935363 milliseconds in repetition 162
tcp_ping received 32768 bytes back
Round trip time was 0.935683 milliseconds in repetition 163
tcp_ping received 32768 bytes back
Round trip time was 0.960199 milliseconds in repetition 164
tcp_ping received 32768 bytes back
Round trip time was 0.944601 milliseconds in repetition 165
tcp_ping received 32768 bytes back
Round trip time was 0.934842 milliseconds in repetition 166
tcp_ping received 32768 bytes back
Round trip time was 0.93172 milliseconds in repetition 167
tcp_ping received 32768 bytes back
Round trip time was 4.74203 milliseconds in repetition 168
tcp_ping received 32768 bytes back
Round trip time was 1.4217 milliseconds in repetition 169
tcp_ping received 32768 bytes back
Round trip time was 1.2369 milliseconds in repetition 170
tcp_ping received 32768 bytes back
Round trip time was 0.942517 milliseconds in repetition 171
tcp_ping received 32768 bytes back
Round trip time was 0.947255 milliseconds in repetition 172
tcp_ping received 32768 bytes back
Round trip time was 0.951964 milliseconds in repetition 173
tcp_ping received 32768 bytes back
Round trip time was 0.942696 milliseconds in repetition 174
tcp_ping received 32768 bytes back
Round trip time was 0.945482 milliseconds in repetition 175
tcp_ping received 32768 bytes back
Round trip time was 0.942406 milliseconds in repetition 176
tcp_ping received 32768 bytes back
Round trip time was 0.941154 milliseconds in repetition 177
tcp_ping received 32768 bytes back
Round trip time was 0.987521 milliseconds in repetition 178
tcp_ping received 32768 bytes back
Round trip time was 1.05677 milliseconds in repetition 179
tcp_ping received 32768 bytes back
Round trip time was 1.08101 milliseconds in repetition 180
tcp_ping received 32768 bytes back
Round trip time was 0.996036 milliseconds in repetition 181
tcp_ping received 32768 bytes back
Round trip time was 1.57051 milliseconds in repetition 182
tcp_ping received 32768 bytes back
Round trip time was 0.943719 milliseconds in repetition 183
tcp_ping received 32768 bytes back
Round trip time was 0.978213 milliseconds in repetition 184
tcp_ping received 32768 bytes back
Round trip time was 0.932779 milliseconds in repetition 185
tcp_ping received 32768 bytes back
Round trip time was 1.01784 milliseconds in repetition 186
tcp_ping received 32768 bytes back
Round trip time was 0.95204 milliseconds in repetition 187
tcp_ping received 32768 bytes back
Round trip time was 0.935093 milliseconds in repetition 188
tcp_ping received 32768 bytes back
Round trip time was 0.931726 milliseconds in repetition 189
tcp_ping received 32768 bytes back
Round trip time was 0.950792 milliseconds in repetition 190
tcp_ping received 32768 bytes back
Round trip time was 0.937417 milliseconds in repetition 191
tcp_ping received 32768 bytes back
Round trip time was 0.963045 milliseconds in repetition 192
tcp_ping received 32768 bytes back
Round trip time was 0.930634 milliseconds in repetition 193
tcp_ping received 32768 bytes back
Round trip time was 0.930524 milliseconds in repetition 194
tcp_ping received 32768 bytes back
Round trip time was 0.931055 milliseconds in repetition 195
tcp_ping received 32768 bytes back
Round trip time was 0.912691 milliseconds in repetition 196
tcp_ping received 32768 bytes back
Round trip time was 0.919804 milliseconds in repetition 197
tcp_ping received 32768 bytes back
Round trip time was 0.921427 milliseconds in repetition 198
tcp_ping received 32768 bytes back
Round trip time was 0.919863 milliseconds in repetition 199
tcp_ping received 32768 bytes back
Round trip time was 0.950541 milliseconds in repetition 200
tcp_ping received 32768 bytes back
Round trip time was 0.948418 milliseconds in repetition 201
tcp_ping received 32768 bytes back
Round trip time was 0.952445 milliseconds in repetition 202
tcp_ping received 32768 bytes back
Round trip time was 0.939651 milliseconds in repetition 203
tcp_ping received 32768 bytes back
Round trip time was 1.00733 milliseconds in repetition 204
tcp_ping received 32768 bytes back
Round trip time was 0.94095 milliseconds in repetition 205
tcp_ping received 32768 bytes back
Round trip time was 0.945802 milliseconds in repetition 206
tcp_ping received 32768 bytes back
Round trip time was 0.937817 milliseconds in repetition 207
tcp_ping received 32768 bytes back
Round trip time was 1.91297 milliseconds in repetition 208
tcp_ping received 32768 bytes back
Round trip time was 0.868838 milliseconds in repetition 209
tcp_ping received 32768 bytes back
Round trip time was 0.792465 milliseconds in repetition 210
tcp_ping received 32768 bytes back
Round trip time was 0.844277 milliseconds in repetition 211
tcp_ping received 32768 bytes back
Round trip time was 1.00069 milliseconds in repetition 212
tcp_ping received 32768 bytes back
Round trip time was 0.935904 milliseconds in repetition 213
tcp_ping received 32768 bytes back
Round trip time was 0.931275 milliseconds in repetition 214
tcp_ping received 32768 bytes back
Round trip time was 0.929783 milliseconds in repetition 215
tcp_ping received 32768 bytes back
Round trip time was 0.969948 milliseconds in repetition 216
tcp_ping received 32768 bytes back
Round trip time was 0.882058 milliseconds in repetition 217
tcp_ping received 32768 bytes back
Round trip time was 1.19609 milliseconds in repetition 218
tcp_ping received 32768 bytes back
Round trip time was 0.940853 milliseconds in repetition 219
tcp_ping received 32768 bytes back
Round trip time was 0.962769 milliseconds in repetition 220
tcp_ping received 32768 bytes back
Round trip time was 0.941203 milliseconds in repetition 221
tcp_ping received 32768 bytes back
Round trip time was 1.20583 milliseconds in repetition 222
tcp_ping received 32768 bytes back
Round trip time was 0.95018 milliseconds in repetition 223
tcp_ping received 32768 bytes back
Round trip time was 0.968906 milliseconds in repetition 224
tcp_ping received 32768 bytes back
Round trip time was 0.947596 milliseconds in repetition 225
tcp_ping received 32768 bytes back
Round trip time was 0.94454 milliseconds in repetition 226
tcp_ping received 32768 bytes back
Round trip time was 0.972974 milliseconds in repetition 227
tcp_ping received 32768 bytes back
Round trip time was 0.967694 milliseconds in repetition 228
tcp_ping received 32768 bytes back
Round trip time was 0.9604 milliseconds in repetition 229
tcp_ping received 32768 bytes back
Round trip time was 0.948858 milliseconds in repetition 230
tcp_ping received 32768 bytes back
Round trip time was 0.931065 milliseconds in repetition 231
tcp_ping received 32768 bytes back
Round trip time was 0.953518 milliseconds in repetition 232
tcp_ping received 32768 bytes back
Round trip time was 0.937918 milliseconds in repetition 233
tcp_ping received 32768 bytes back
Round trip time was 0.928621 milliseconds in repetition 234
tcp_ping received 32768 bytes back
Round trip time was 0.942596 milliseconds in repetition 235
tcp_ping received 32768 bytes back
Round trip time was 0.914544 milliseconds in repetition 236
tcp_ping received 32768 bytes back
Round trip time was 0.97148 milliseconds in repetition 237
tcp_ping received 32768 bytes back
Round trip time was 0.940252 milliseconds in repetition 238
tcp_ping received 32768 bytes back
Round trip time was 0.945411 milliseconds in repetition 239
tcp_ping received 32768 bytes back
Round trip time was 0.948077 milliseconds in repetition 240
tcp_ping received 32768 bytes back
Round trip time was 0.947766 milliseconds in repetition 241
tcp_ping received 32768 bytes back
Round trip time was 0.950401 milliseconds in repetition 242
tcp_ping received 32768 bytes back
Round trip time was 0.950552 milliseconds in repetition 243
tcp_ping received 32768 bytes back
Round trip time was 0.948839 milliseconds in repetition 244
tcp_ping received 32768 bytes back
Round trip time was 0.979125 milliseconds in repetition 245
tcp_ping received 32768 bytes back
Round trip time was 0.943167 milliseconds in repetition 246
tcp_ping received 32768 bytes back
Round trip time was 0.928059 milliseconds in repetition 247
tcp_ping received 32768 bytes back
Round trip time was 0.929843 milliseconds in repetition 248
tcp_ping received 32768 bytes back
Round trip time was 0.96549 milliseconds in repetition 249
tcp_ping received 32768 bytes back
Round trip time was 0.958427 milliseconds in repetition 250
tcp_ping received 32768 bytes back
Round trip time was 0.950962 milliseconds in repetition 251
tcp_ping received 32768 bytes back
Round trip time was 0.948588 milliseconds in repetition 252
tcp_ping received 32768 bytes back
Round trip time was 0.943919 milliseconds in repetition 253
tcp_ping received 32768 bytes back
Round trip time was 0.944509 milliseconds in repetition 254
tcp_ping received 32768 bytes back
Round trip time was 1.037 milliseconds in repetition 255
tcp_ping received 32768 bytes back
Round trip time was 0.895073 milliseconds in repetition 256
tcp_ping received 32768 bytes back
Round trip time was 0.966512 milliseconds in repetition 257
tcp_ping received 32768 bytes back
Round trip time was 0.966882 milliseconds in repetition 258
tcp_ping received 32768 bytes back
Round trip time was 0.98707 milliseconds in repetition 259
tcp_ping received 32768 bytes back
Round trip time was 0.962624 milliseconds in repetition 260
tcp_ping received 32768 bytes back
Round trip time was 0.99208 milliseconds in repetition 261
tcp_ping received 32768 bytes back
Round trip time was 0.973755 milliseconds in repetition 262
tcp_ping received 32768 bytes back
Round trip time was 0.964137 milliseconds in repetition 263
tcp_ping received 32768 bytes back
Round trip time was 0.962444 milliseconds in repetition 264
tcp_ping received 32768 bytes back
Round trip time was 0.965068 milliseconds in repetition 265
tcp_ping received 32768 bytes back
Round trip time was 0.985948 milliseconds in repetition 266
tcp_ping received 32768 bytes back
Round trip time was 0.971601 milliseconds in repetition 267
tcp_ping received 32768 bytes back
Round trip time was 0.967183 milliseconds in repetition 268
tcp_ping received 32768 bytes back
Round trip time was 0.962785 milliseconds in repetition 269
tcp_ping received 32768 bytes back
Round trip time was 0.966983 milliseconds in repetition 270
tcp_ping received 32768 bytes back
Round trip time was 1.03555 milliseconds in repetition 271
tcp_ping received 32768 bytes back
Round trip time was 0.974927 milliseconds in repetition 272
tcp_ping received 32768 bytes back
Round trip time was 0.961943 milliseconds in repetition 273
tcp_ping received 32768 bytes back
Round trip time was 0.966882 milliseconds in repetition 274
tcp_ping received 32768 bytes back
Round trip time was 0.961723 milliseconds in repetition 275
tcp_ping received 32768 bytes back
Round trip time was 0.982682 milliseconds in repetition 276
tcp_ping received 32768 bytes back
Round trip time was 0.968345 milliseconds in repetition 277
tcp_ping received 32768 bytes back
Round trip time was 0.95504 milliseconds in repetition 278
tcp_ping received 32768 bytes back
Round trip time was 0.961542 milliseconds in repetition 279
tcp_ping received 32768 bytes back
Round trip time was 0.950391 milliseconds in repetition 280
tcp_ping received 32768 bytes back
Round trip time was 0.973545 milliseconds in repetition 281
tcp_ping received 32768 bytes back
Round trip time was 0.88847 milliseconds in repetition 282
tcp_ping received 32768 bytes back
Round trip time was 0.982802 milliseconds in repetition 283
tcp_ping received 32768 bytes back
Round trip time was 0.967664 milliseconds in repetition 284
tcp_ping received 32768 bytes back
Round trip time was 0.96571 milliseconds in repetition 285
tcp_ping received 32768 bytes back
Round trip time was 0.986279 milliseconds in repetition 286
tcp_ping received 32768 bytes back
Round trip time was 0.972112 milliseconds in repetition 287
tcp_ping received 32768 bytes back
Round trip time was 1.06747 milliseconds in repetition 288
tcp_ping received 32768 bytes back
Round trip time was 0.941254 milliseconds in repetition 289
tcp_ping received 32768 bytes back
Round trip time was 0.939581 milliseconds in repetition 290
tcp_ping received 32768 bytes back
Round trip time was 0.983122 milliseconds in repetition 291
tcp_ping received 32768 bytes back
Round trip time was 0.96071 milliseconds in repetition 292
tcp_ping received 32768 bytes back
Round trip time was 0.953096 milliseconds in repetition 293
tcp_ping received 32768 bytes back
Round trip time was 0.956443 milliseconds in repetition 294
tcp_ping received 32768 bytes back
Round trip time was 0.954238 milliseconds in repetition 295
tcp_ping received 32768 bytes back
Round trip time was 0.964518 milliseconds in repetition 296
tcp_ping received 32768 bytes back
Round trip time was 0.968174 milliseconds in repetition 297
tcp_ping received 32768 bytes back
Round trip time was 0.987691 milliseconds in repetition 298
tcp_ping received 32768 bytes back
Round trip time was 0.967603 milliseconds in repetition 299
tcp_ping received 32768 bytes back
Round trip time was 0.955461 milliseconds in repetition 300
tcp_ping received 32768 bytes back
Round trip time was 0.978634 milliseconds in repetition 301
tcp_ping received 32768 bytes back
Round trip time was 0.961994 milliseconds in repetition 302
tcp_ping received 32768 bytes back
Round trip time was 0.885586 milliseconds in repetition 303
tcp_ping received 32768 bytes back
Round trip time was 0.958808 milliseconds in repetition 304
tcp_ping received 32768 bytes back
Round trip time was 0.959959 milliseconds in repetition 305
tcp_ping received 32768 bytes back
Round trip time was 1.04663 milliseconds in repetition 306
tcp_ping received 32768 bytes back
Round trip time was 0.942596 milliseconds in repetition 307
tcp_ping received 32768 bytes back
Round trip time was 0.959508 milliseconds in repetition 308
tcp_ping received 32768 bytes back
Round trip time was 0.972222 milliseconds in repetition 309
tcp_ping received 32768 bytes back
Round trip time was 0.957485 milliseconds in repetition 310
tcp_ping received 32768 bytes back
Round trip time was 0.97051 milliseconds in repetition 311
tcp_ping received 32768 bytes back
Round trip time was 0.986609 milliseconds in repetition 312
tcp_ping received 32768 bytes back
Round trip time was 0.967925 milliseconds in repetition 313
tcp_ping received 32768 bytes back
Round trip time was 1.02831 milliseconds in repetition 314
tcp_ping received 32768 bytes back
Round trip time was 0.969156 milliseconds in repetition 315
tcp_ping received 32768 bytes back
Round trip time was 0.97113 milliseconds in repetition 316
tcp_ping received 32768 bytes back
Round trip time was 0.990045 milliseconds in repetition 317
tcp_ping received 32768 bytes back
Round trip time was 0.982121 milliseconds in repetition 318
tcp_ping received 32768 bytes back
Round trip time was 0.981434 milliseconds in repetition 319
tcp_ping received 32768 bytes back
Round trip time was 0.950031 milliseconds in repetition 320
tcp_ping received 32768 bytes back
Round trip time was 0.948908 milliseconds in repetition 321
tcp_ping received 32768 bytes back
Round trip time was 1.02385 milliseconds in repetition 322
tcp_ping received 32768 bytes back
Round trip time was 0.973145 milliseconds in repetition 323
tcp_ping received 32768 bytes back
Round trip time was 0.949049 milliseconds in repetition 324
tcp_ping received 32768 bytes back
Round trip time was 0.958547 milliseconds in repetition 325
tcp_ping received 32768 bytes back
Round trip time was 0.955551 milliseconds in repetition 326
tcp_ping received 32768 bytes back
Round trip time was 3.80282 milliseconds in repetition 327
tcp_ping received 32768 bytes back
Round trip time was 0.970178 milliseconds in repetition 328
tcp_ping received 32768 bytes back
Round trip time was 1.17223 milliseconds in repetition 329
tcp_ping received 32768 bytes back
Round trip time was 1.01772 milliseconds in repetition 330
tcp_ping received 32768 bytes back
Round trip time was 0.975528 milliseconds in repetition 331
tcp_ping received 32768 bytes back
Round trip time was 1.07243 milliseconds in repetition 332
tcp_ping received 32768 bytes back
Round trip time was 1.10108 milliseconds in repetition 333
tcp_ping received 32768 bytes back
Round trip time was 1.0859 milliseconds in repetition 334
tcp_ping received 32768 bytes back
Round trip time was 0.962533 milliseconds in repetition 335
tcp_ping received 32768 bytes back
Round trip time was 1.05026 milliseconds in repetition 336
tcp_ping received 32768 bytes back
Round trip time was 0.952045 milliseconds in repetition 337
tcp_ping received 32768 bytes back
Round trip time was 0.952105 milliseconds in repetition 338
tcp_ping received 32768 bytes back
Round trip time was 0.962443 milliseconds in repetition 339
tcp_ping received 32768 bytes back
Round trip time was 1.00924 milliseconds in repetition 340
tcp_ping received 32768 bytes back
Round trip time was 0.948107 milliseconds in repetition 341
tcp_ping received 32768 bytes back
Round trip time was 0.943859 milliseconds in repetition 342
tcp_ping received 32768 bytes back
Round trip time was 0.961571 milliseconds in repetition 343
tcp_ping received 32768 bytes back
Round trip time was 0.939582 milliseconds in repetition 344
tcp_ping received 32768 bytes back
Round trip time was 0.951873 milliseconds in repetition 345
tcp_ping received 32768 bytes back
Round trip time was 0.982021 milliseconds in repetition 346
tcp_ping received 32768 bytes back
Round trip time was 0.959389 milliseconds in repetition 347
tcp_ping received 32768 bytes back
Round trip time was 0.955931 milliseconds in repetition 348
tcp_ping received 32768 bytes back
Round trip time was 1.00697 milliseconds in repetition 349
tcp_ping received 32768 bytes back
Round trip time was 1.07147 milliseconds in repetition 350
tcp_ping received 32768 bytes back
Round trip time was 1.20048 milliseconds in repetition 351
tcp_ping received 32768 bytes back
Round trip time was 1.13042 milliseconds in repetition 352
tcp_ping received 32768 bytes back
Round trip time was 1.0893 milliseconds in repetition 353
tcp_ping received 32768 bytes back
Round trip time was 1.14156 milliseconds in repetition 354
tcp_ping received 32768 bytes back
Round trip time was 1.10394 milliseconds in repetition 355
tcp_ping received 32768 bytes back
Round trip time was 0.957474 milliseconds in repetition 356
tcp_ping received 32768 bytes back
Round trip time was 0.953747 milliseconds in repetition 357
tcp_ping received 32768 bytes back
Round trip time was 0.953547 milliseconds in repetition 358
tcp_ping received 32768 bytes back
Round trip time was 0.955912 milliseconds in repetition 359
tcp_ping received 32768 bytes back
Round trip time was 0.970448 milliseconds in repetition 360
tcp_ping received 32768 bytes back
Round trip time was 0.957083 milliseconds in repetition 361
tcp_ping received 32768 bytes back
Round trip time was 0.953727 milliseconds in repetition 362
tcp_ping received 32768 bytes back
Round trip time was 0.956653 milliseconds in repetition 363
tcp_ping received 32768 bytes back
Round trip time was 0.958066 milliseconds in repetition 364
tcp_ping received 32768 bytes back
Round trip time was 0.954299 milliseconds in repetition 365
tcp_ping received 32768 bytes back
Round trip time was 0.956002 milliseconds in repetition 366
tcp_ping received 32768 bytes back
Round trip time was 0.95535 milliseconds in repetition 367
tcp_ping received 32768 bytes back
Round trip time was 0.957284 milliseconds in repetition 368
tcp_ping received 32768 bytes back
Round trip time was 0.978495 milliseconds in repetition 369
tcp_ping received 32768 bytes back
Round trip time was 0.956022 milliseconds in repetition 370
tcp_ping received 32768 bytes back
Round trip time was 0.956664 milliseconds in repetition 371
tcp_ping received 32768 bytes back
Round trip time was 0.946714 milliseconds in repetition 372
tcp_ping received 32768 bytes back
Round trip time was 0.914183 milliseconds in repetition 373
tcp_ping received 32768 bytes back
Round trip time was 0.933069 milliseconds in repetition 374
tcp_ping received 32768 bytes back
Round trip time was 0.919433 milliseconds in repetition 375
tcp_ping received 32768 bytes back
Round trip time was 0.953246 milliseconds in repetition 376
tcp_ping received 32768 bytes back
Round trip time was 0.940012 milliseconds in repetition 377
tcp_ping received 32768 bytes back
Round trip time was 0.951943 milliseconds in repetition 378
tcp_ping received 32768 bytes back
Round trip time was 0.943699 milliseconds in repetition 379
tcp_ping received 32768 bytes back
Round trip time was 0.958857 milliseconds in repetition 380
tcp_ping received 32768 bytes back
Round trip time was 0.952635 milliseconds in repetition 381
tcp_ping received 32768 bytes back
Round trip time was 0.951784 milliseconds in repetition 382
tcp_ping received 32768 bytes back
Round trip time was 0.946563 milliseconds in repetition 383
tcp_ping received 32768 bytes back
Round trip time was 0.948197 milliseconds in repetition 384
tcp_ping received 32768 bytes back
Round trip time was 1.05716 milliseconds in repetition 385
tcp_ping received 32768 bytes back
Round trip time was 0.956213 milliseconds in repetition 386
tcp_ping received 32768 bytes back
Round trip time was 0.944109 milliseconds in repetition 387
tcp_ping received 32768 bytes back
Round trip time was 0.94999 milliseconds in repetition 388
tcp_ping received 32768 bytes back
Round trip time was 0.948748 milliseconds in repetition 389
tcp_ping received 32768 bytes back
Round trip time was 0.948708 milliseconds in repetition 390
tcp_ping received 32768 bytes back
Round trip time was 0.944741 milliseconds in repetition 391
tcp_ping received 32768 bytes back
Round trip time was 0.948968 milliseconds in repetition 392
tcp_ping received 32768 bytes back
Round trip time was 0.947826 milliseconds in repetition 393
tcp_ping received 32768 bytes back
Round trip time was 0.945783 milliseconds in repetition 394
tcp_ping received 32768 bytes back
Round trip time was 0.946194 milliseconds in repetition 395
tcp_ping received 32768 bytes back
Round trip time was 0.943519 milliseconds in repetition 396
tcp_ping received 32768 bytes back
Round trip time was 0.983764 milliseconds in repetition 397
tcp_ping received 32768 bytes back
Round trip time was 0.987461 milliseconds in repetition 398
tcp_ping received 32768 bytes back
Round trip time was 0.945201 milliseconds in repetition 399
tcp_ping received 32768 bytes back
Round trip time was 0.952355 milliseconds in repetition 400
tcp_ping received 32768 bytes back
Round trip time was 0.94946 milliseconds in repetition 401
tcp_ping received 32768 bytes back
Round trip time was 0.946574 milliseconds in repetition 402
tcp_ping received 32768 bytes back
Round trip time was 0.954478 milliseconds in repetition 403
tcp_ping received 32768 bytes back
Round trip time was 0.952586 milliseconds in repetition 404
tcp_ping received 32768 bytes back
Round trip time was 0.943799 milliseconds in repetition 405
tcp_ping received 32768 bytes back
Round trip time was 0.951794 milliseconds in repetition 406
tcp_ping received 32768 bytes back
Round trip time was 0.952866 milliseconds in repetition 407
tcp_ping received 32768 bytes back
Round trip time was 0.975488 milliseconds in repetition 408
tcp_ping received 32768 bytes back
Round trip time was 0.951694 milliseconds in repetition 409
tcp_ping received 32768 bytes back
Round trip time was 0.945042 milliseconds in repetition 410
tcp_ping received 32768 bytes back
Round trip time was 0.948148 milliseconds in repetition 411
tcp_ping received 32768 bytes back
Round trip time was 0.945623 milliseconds in repetition 412
tcp_ping received 32768 bytes back
Round trip time was 0.947677 milliseconds in repetition 413
tcp_ping received 32768 bytes back
Round trip time was 0.983603 milliseconds in repetition 414
tcp_ping received 32768 bytes back
Round trip time was 1.05859 milliseconds in repetition 415
tcp_ping received 32768 bytes back
Round trip time was 1.06022 milliseconds in repetition 416
tcp_ping received 32768 bytes back
Round trip time was 1.01863 milliseconds in repetition 417
tcp_ping received 32768 bytes back
Round trip time was 1.09367 milliseconds in repetition 418
tcp_ping received 32768 bytes back
Round trip time was 1.07167 milliseconds in repetition 419
tcp_ping received 32768 bytes back
Round trip time was 1.04079 milliseconds in repetition 420
tcp_ping received 32768 bytes back
Round trip time was 1.01634 milliseconds in repetition 421
tcp_ping received 32768 bytes back
Round trip time was 1.01584 milliseconds in repetition 422
tcp_ping received 32768 bytes back
Round trip time was 1.02382 milliseconds in repetition 423
tcp_ping received 32768 bytes back
Round trip time was 1.4481 milliseconds in repetition 424
tcp_ping received 32768 bytes back
Round trip time was 5.59407 milliseconds in repetition 425
tcp_ping received 32768 bytes back
Round trip time was 0.923862 milliseconds in repetition 426
tcp_ping received 32768 bytes back
Round trip time was 1.74805 milliseconds in repetition 427
tcp_ping received 32768 bytes back
Round trip time was 1.12046 milliseconds in repetition 428
tcp_ping received 32768 bytes back
Round trip time was 2.19409 milliseconds in repetition 429
tcp_ping received 32768 bytes back
Round trip time was 1.27855 milliseconds in repetition 430
tcp_ping received 32768 bytes back
Round trip time was 1.08557 milliseconds in repetition 431
tcp_ping received 32768 bytes back
Round trip time was 1.01977 milliseconds in repetition 432
tcp_ping received 32768 bytes back
Round trip time was 1.26075 milliseconds in repetition 433
tcp_ping received 32768 bytes back
Round trip time was 0.925295 milliseconds in repetition 434
tcp_ping received 32768 bytes back
Round trip time was 0.943399 milliseconds in repetition 435
tcp_ping received 32768 bytes back
Round trip time was 0.98702 milliseconds in repetition 436
tcp_ping received 32768 bytes back
Round trip time was 0.963776 milliseconds in repetition 437
tcp_ping received 32768 bytes back
Round trip time was 0.950061 milliseconds in repetition 438
tcp_ping received 32768 bytes back
Round trip time was 0.946704 milliseconds in repetition 439
tcp_ping received 32768 bytes back
Round trip time was 0.942256 milliseconds in repetition 440
tcp_ping received 32768 bytes back
Round trip time was 0.951553 milliseconds in repetition 441
tcp_ping received 32768 bytes back
Round trip time was 0.930093 milliseconds in repetition 442
tcp_ping received 32768 bytes back
Round trip time was 0.935343 milliseconds in repetition 443
tcp_ping received 32768 bytes back
Round trip time was 0.938078 milliseconds in repetition 444
tcp_ping received 32768 bytes back
Round trip time was 0.979997 milliseconds in repetition 445
tcp_ping received 32768 bytes back
Round trip time was 1.02616 milliseconds in repetition 446
tcp_ping received 32768 bytes back
Round trip time was 0.93924 milliseconds in repetition 447
tcp_ping received 32768 bytes back
Round trip time was 0.951984 milliseconds in repetition 448
tcp_ping received 32768 bytes back
Round trip time was 1.07855 milliseconds in repetition 449
tcp_ping received 32768 bytes back
Round trip time was 0.952996 milliseconds in repetition 450
tcp_ping received 32768 bytes back
Round trip time was 0.929331 milliseconds in repetition 451
tcp_ping received 32768 bytes back
Round trip time was 0.931295 milliseconds in repetition 452
tcp_ping received 32768 bytes back
Round trip time was 0.950842 milliseconds in repetition 453
tcp_ping received 32768 bytes back
Round trip time was 0.92319 milliseconds in repetition 454
tcp_ping received 32768 bytes back
Round trip time was 0.943809 milliseconds in repetition 455
tcp_ping received 32768 bytes back
Round trip time was 1.02481 milliseconds in repetition 456
tcp_ping received 32768 bytes back
Round trip time was 1.12153 milliseconds in repetition 457
tcp_ping received 32768 bytes back
Round trip time was 0.96847 milliseconds in repetition 458
tcp_ping received 32768 bytes back
Round trip time was 0.932057 milliseconds in repetition 459
tcp_ping received 32768 bytes back
Round trip time was 0.972152 milliseconds in repetition 460
tcp_ping received 32768 bytes back
Round trip time was 1.00767 milliseconds in repetition 461
tcp_ping received 32768 bytes back
Round trip time was 0.950892 milliseconds in repetition 462
tcp_ping received 32768 bytes back
Round trip time was 1.04335 milliseconds in repetition 463
tcp_ping received 32768 bytes back
Round trip time was 0.959964 milliseconds in repetition 464
tcp_ping received 32768 bytes back
Round trip time was 0.952666 milliseconds in repetition 465
tcp_ping received 32768 bytes back
Round trip time was 1.14309 milliseconds in repetition 466
tcp_ping received 32768 bytes back
Round trip time was 0.956272 milliseconds in repetition 467
tcp_ping received 32768 bytes back
Round trip time was 0.947215 milliseconds in repetition 468
tcp_ping received 32768 bytes back
Round trip time was 0.938899 milliseconds in repetition 469
tcp_ping received 32768 bytes back
Round trip time was 0.962874 milliseconds in repetition 470
tcp_ping received 32768 bytes back
Round trip time was 0.947928 milliseconds in repetition 471
tcp_ping received 32768 bytes back
Round trip time was 0.940683 milliseconds in repetition 472
tcp_ping received 32768 bytes back
Round trip time was 0.945302 milliseconds in repetition 473
tcp_ping received 32768 bytes back
Round trip time was 0.930885 milliseconds in repetition 474
tcp_ping received 32768 bytes back
Round trip time was 0.939831 milliseconds in repetition 475
tcp_ping received 32768 bytes back
Round trip time was 0.967613 milliseconds in repetition 476
tcp_ping received 32768 bytes back
Round trip time was 0.976841 milliseconds in repetition 477
tcp_ping received 32768 bytes back
Round trip time was 0.94452 milliseconds in repetition 478
tcp_ping received 32768 bytes back
Round trip time was 0.965079 milliseconds in repetition 479
tcp_ping received 32768 bytes back
Round trip time was 1.03031 milliseconds in repetition 480
tcp_ping received 32768 bytes back
Round trip time was 0.942747 milliseconds in repetition 481
tcp_ping received 32768 bytes back
Round trip time was 0.939641 milliseconds in repetition 482
tcp_ping received 32768 bytes back
Round trip time was 0.936656 milliseconds in repetition 483
tcp_ping received 32768 bytes back
Round trip time was 1.20717 milliseconds in repetition 484
tcp_ping received 32768 bytes back
Round trip time was 1.17363 milliseconds in repetition 485
tcp_ping received 32768 bytes back
Round trip time was 1.34479 milliseconds in repetition 486
tcp_ping received 32768 bytes back
Round trip time was 1.05063 milliseconds in repetition 487
tcp_ping received 32768 bytes back
Round trip time was 1.05191 milliseconds in repetition 488
tcp_ping received 32768 bytes back
Round trip time was 1.32895 milliseconds in repetition 489
tcp_ping received 32768 bytes back
Round trip time was 3.09261 milliseconds in repetition 490
tcp_ping received 32768 bytes back
Round trip time was 0.820526 milliseconds in repetition 491
tcp_ping received 32768 bytes back
Round trip time was 0.793347 milliseconds in repetition 492
tcp_ping received 32768 bytes back
Round trip time was 0.765434 milliseconds in repetition 493
tcp_ping received 32768 bytes back
Round trip time was 0.807703 milliseconds in repetition 494
tcp_ping received 32768 bytes back
Round trip time was 0.841977 milliseconds in repetition 495
tcp_ping received 32768 bytes back
Round trip time was 0.829645 milliseconds in repetition 496
tcp_ping received 32768 bytes back
Round trip time was 0.804959 milliseconds in repetition 497
tcp_ping received 32768 bytes back
Round trip time was 0.792435 milliseconds in repetition 498
tcp_ping received 32768 bytes back
Round trip time was 0.765324 milliseconds in repetition 499
tcp_ping received 32768 bytes back
Round trip time was 0.860292 milliseconds in repetition 500
tcp_ping received 32768 bytes back
Round trip time was 0.812192 milliseconds in repetition 501

 ... clock resolution was 1e-06
TCP Ping:  Statistics over 501 repetitions of 32768 byte messages

RTT : percentile 10: 0.79473, median: 0.947928, percentile 90: 1.06789, average: 0.996393, variance: 0.202909

RTT histogram:
0.76368 118
1.0052 352
1.24672 16
1.48824 4
1.72976 1
1.97128 2
2.2128 1
2.45432 0
2.69584 0
2.93736 0
3.17888 1
3.4204 0
3.66192 0
3.90344 2
4.14496 0
4.38648 0
4.628 1
4.86952 0
5.11104 1
5.35255 1
5.59407 1

   median Throughput : 69136.1 KB/s   overall Throughput : 65773.2 KB/s

