TCP Ping trying to connect to server localhost (127.0.0.1) on port 1491
 ... connected to Pong server: asking for 501 repetitions of 2048 bytes TCP messages
 ... Pong server agreed :-)
tcp_ping received 2048 bytes back
Round trip time was 0.222186 milliseconds in repetition 1
tcp_ping received 2048 bytes back
Round trip time was 0.197591 milliseconds in repetition 2
tcp_ping received 2048 bytes back
Round trip time was 0.198692 milliseconds in repetition 3
tcp_ping received 2048 bytes back
Round trip time was 0.198031 milliseconds in repetition 4
tcp_ping received 2048 bytes back
Round trip time was 0.19732 milliseconds in repetition 5
tcp_ping received 2048 bytes back
Round trip time was 0.216847 milliseconds in repetition 6
tcp_ping received 2048 bytes back
Round trip time was 0.197149 milliseconds in repetition 7
tcp_ping received 2048 bytes back
Round trip time was 0.197621 milliseconds in repetition 8
tcp_ping received 2048 bytes back
Round trip time was 0.196749 milliseconds in repetition 9
tcp_ping received 2048 bytes back
Round trip time was 0.19719 milliseconds in repetition 10
tcp_ping received 2048 bytes back
Round trip time was 0.197751 milliseconds in repetition 11
tcp_ping received 2048 bytes back
Round trip time was 0.197089 milliseconds in repetition 12
tcp_ping received 2048 bytes back
Round trip time was 0.197561 milliseconds in repetition 13
tcp_ping received 2048 bytes back
Round trip time was 0.265167 milliseconds in repetition 14
tcp_ping received 2048 bytes back
Round trip time was 0.219521 milliseconds in repetition 15
tcp_ping received 2048 bytes back
Round trip time was 0.19737 milliseconds in repetition 16
tcp_ping received 2048 bytes back
Round trip time was 0.196709 milliseconds in repetition 17
tcp_ping received 2048 bytes back
Round trip time was 0.198051 milliseconds in repetition 18
tcp_ping received 2048 bytes back
Round trip time was 0.18663 milliseconds in repetition 19
tcp_ping received 2048 bytes back
Round trip time was 0.197691 milliseconds in repetition 20
tcp_ping received 2048 bytes back
Round trip time was 0.197169 milliseconds in repetition 21
tcp_ping received 2048 bytes back
Round trip time was 0.197139 milliseconds in repetition 22
tcp_ping received 2048 bytes back
Round trip time was 0.19719 milliseconds in repetition 23
tcp_ping received 2048 bytes back
Round trip time was 0.21392 milliseconds in repetition 24
tcp_ping received 2048 bytes back
Round trip time was 0.19703 milliseconds in repetition 25
tcp_ping received 2048 bytes back
Round trip time was 0.19742 milliseconds in repetition 26
tcp_ping received 2048 bytes back
Round trip time was 0.197039 milliseconds in repetition 27
tcp_ping received 2048 bytes back
Round trip time was 0.214492 milliseconds in repetition 28
tcp_ping received 2048 bytes back
Round trip time was 0.198953 milliseconds in repetition 29
tcp_ping received 2048 bytes back
Round trip time was 0.198261 milliseconds in repetition 30
tcp_ping received 2048 bytes back
Round trip time was 0.196929 milliseconds in repetition 31
tcp_ping received 2048 bytes back
Round trip time was 0.197811 milliseconds in repetition 32
tcp_ping received 2048 bytes back
Round trip time was 0.19732 milliseconds in repetition 33
tcp_ping received 2048 bytes back
Round trip time was 0.22977 milliseconds in repetition 34
tcp_ping received 2048 bytes back
Round trip time was 0.197951 milliseconds in repetition 35
tcp_ping received 2048 bytes back
Round trip time was 0.19748 milliseconds in repetition 36
tcp_ping received 2048 bytes back
Round trip time was 2.11982 milliseconds in repetition 37
tcp_ping received 2048 bytes back
Round trip time was 0.188163 milliseconds in repetition 38
tcp_ping received 2048 bytes back
Round trip time was 0.174647 milliseconds in repetition 39
tcp_ping received 2048 bytes back
Round trip time was 0.206286 milliseconds in repetition 40
tcp_ping received 2048 bytes back
Round trip time was 0.208691 milliseconds in repetition 41
tcp_ping received 2048 bytes back
Round trip time was 0.151715 milliseconds in repetition 42
tcp_ping received 2048 bytes back
Round trip time was 0.30426 milliseconds in repetition 43
tcp_ping received 2048 bytes back
Round trip time was 0.178724 milliseconds in repetition 44
tcp_ping received 2048 bytes back
Round trip time was 0.169959 milliseconds in repetition 45
tcp_ping received 2048 bytes back
Round trip time was 0.174136 milliseconds in repetition 46
tcp_ping received 2048 bytes back
Round trip time was 0.191498 milliseconds in repetition 47
tcp_ping received 2048 bytes back
Round trip time was 0.173135 milliseconds in repetition 48
tcp_ping received 2048 bytes back
Round trip time was 0.174477 milliseconds in repetition 49
tcp_ping received 2048 bytes back
Round trip time was 0.175219 milliseconds in repetition 50
tcp_ping received 2048 bytes back
Round trip time was 0.173876 milliseconds in repetition 51
tcp_ping received 2048 bytes back
Round trip time was 0.189956 milliseconds in repetition 52
tcp_ping received 2048 bytes back
Round trip time was 4.19268 milliseconds in repetition 53
tcp_ping received 2048 bytes back
Round trip time was 0.466084 milliseconds in repetition 54
tcp_ping received 2048 bytes back
Round trip time was 0.179246 milliseconds in repetition 55
tcp_ping received 2048 bytes back
Round trip time was 0.163477 milliseconds in repetition 56
tcp_ping received 2048 bytes back
Round trip time was 0.156642 milliseconds in repetition 57
tcp_ping received 2048 bytes back
Round trip time was 0.153598 milliseconds in repetition 58
tcp_ping received 2048 bytes back
Round trip time was 0.154329 milliseconds in repetition 59
tcp_ping received 2048 bytes back
Round trip time was 0.162164 milliseconds in repetition 60
tcp_ping received 2048 bytes back
Round trip time was 0.148528 milliseconds in repetition 61
tcp_ping received 2048 bytes back
Round trip time was 0.369016 milliseconds in repetition 62
tcp_ping received 2048 bytes back
Round trip time was 0.207769 milliseconds in repetition 63
tcp_ping received 2048 bytes back
Round trip time was 0.213199 milliseconds in repetition 64
tcp_ping received 2048 bytes back
Round trip time was 0.411671 milliseconds in repetition 65
tcp_ping received 2048 bytes back
Round trip time was 0.231935 milliseconds in repetition 66
tcp_ping received 2048 bytes back
Round trip time was 0.228348 milliseconds in repetition 67
tcp_ping received 2048 bytes back
Round trip time was 0.250148 milliseconds in repetition 68
tcp_ping received 2048 bytes back
Round trip time was 0.227436 milliseconds in repetition 69
tcp_ping received 2048 bytes back
Round trip time was 0.231162 milliseconds in repetition 70
tcp_ping received 2048 bytes back
Round trip time was 0.230592 milliseconds in repetition 71
tcp_ping received 2048 bytes back
Round trip time was 0.247665 milliseconds in repetition 72
tcp_ping received 2048 bytes back
Round trip time was 0.227997 milliseconds in repetition 73
tcp_ping received 2048 bytes back
Round trip time was 0.25827 milliseconds in repetition 74
tcp_ping received 2048 bytes back
Round trip time was 0.193313 milliseconds in repetition 75
tcp_ping received 2048 bytes back
Round trip time was 0.25129 milliseconds in repetition 76
tcp_ping received 2048 bytes back
Round trip time was 0.156153 milliseconds in repetition 77
tcp_ping received 2048 bytes back
Round trip time was 0.22385 milliseconds in repetition 78
tcp_ping received 2048 bytes back
Round trip time was 0.150212 milliseconds in repetition 79
tcp_ping received 2048 bytes back
Round trip time was 0.154198 milliseconds in repetition 80
tcp_ping received 2048 bytes back
Round trip time was 0.173315 milliseconds in repetition 81
tcp_ping received 2048 bytes back
Round trip time was 0.1547 milliseconds in repetition 82
tcp_ping received 2048 bytes back
Round trip time was 0.198603 milliseconds in repetition 83
tcp_ping received 2048 bytes back
Round trip time was 3.26706 milliseconds in repetition 84
tcp_ping received 2048 bytes back
Round trip time was 0.215303 milliseconds in repetition 85
tcp_ping received 2048 bytes back
Round trip time was 0.191799 milliseconds in repetition 86
tcp_ping received 2048 bytes back
Round trip time was 0.182181 milliseconds in repetition 87
tcp_ping received 2048 bytes back
Round trip time was 0.169088 milliseconds in repetition 88
tcp_ping received 2048 bytes back
Round trip time was 0.16 milliseconds in repetition 89
tcp_ping received 2048 bytes back
Round trip time was 0.157023 milliseconds in repetition 90
tcp_ping received 2048 bytes back
Round trip time was 0.155692 milliseconds in repetition 91
tcp_ping received 2048 bytes back
Round trip time was 0.161864 milliseconds in repetition 92
tcp_ping received 2048 bytes back
Round trip time was 0.15483 milliseconds in repetition 93
tcp_ping received 2048 bytes back
Round trip time was 0.15484 milliseconds in repetition 94
tcp_ping received 2048 bytes back
Round trip time was 0.171873 milliseconds in repetition 95
tcp_ping received 2048 bytes back
Round trip time was 0.151474 milliseconds in repetition 96
tcp_ping received 2048 bytes back
Round trip time was 0.152596 milliseconds in repetition 97
tcp_ping received 2048 bytes back
Round trip time was 0.157426 milliseconds in repetition 98
tcp_ping received 2048 bytes back
Round trip time was 0.178714 milliseconds in repetition 99
tcp_ping received 2048 bytes back
Round trip time was 0.156202 milliseconds in repetition 100
tcp_ping received 2048 bytes back
Round trip time was 0.166442 milliseconds in repetition 101
tcp_ping received 2048 bytes back
Round trip time was 0.150742 milliseconds in repetition 102
tcp_ping received 2048 bytes back
Round trip time was 0.149099 milliseconds in repetition 103
tcp_ping received 2048 bytes back
Round trip time was 0.158536 milliseconds in repetition 104
tcp_ping received 2048 bytes back
Round trip time was 0.219732 milliseconds in repetition 105
tcp_ping received 2048 bytes back
Round trip time was 0.179286 milliseconds in repetition 106
tcp_ping received 2048 bytes back
Round trip time was 0.160721 milliseconds in repetition 107
tcp_ping received 2048 bytes back
Round trip time was 0.160791 milliseconds in repetition 108
tcp_ping received 2048 bytes back
Round trip time was 0.162303 milliseconds in repetition 109
tcp_ping received 2048 bytes back
Round trip time was 0.162354 milliseconds in repetition 110
tcp_ping received 2048 bytes back
Round trip time was 0.16036 milliseconds in repetition 111
tcp_ping received 2048 bytes back
Round trip time was 0.19206 milliseconds in repetition 112
tcp_ping received 2048 bytes back
Round trip time was 0.159309 milliseconds in repetition 113
tcp_ping received 2048 bytes back
Round trip time was 5.43773 milliseconds in repetition 114
tcp_ping received 2048 bytes back
Round trip time was 0.263955 milliseconds in repetition 115
tcp_ping received 2048 bytes back
Round trip time was 0.163607 milliseconds in repetition 116
tcp_ping received 2048 bytes back
Round trip time was 0.162024 milliseconds in repetition 117
tcp_ping received 2048 bytes back
Round trip time was 0.188844 milliseconds in repetition 118
tcp_ping received 2048 bytes back
Round trip time was 0.185447 milliseconds in repetition 119
tcp_ping received 2048 bytes back
Round trip time was 0.180288 milliseconds in repetition 120
tcp_ping received 2048 bytes back
Round trip time was 0.164549 milliseconds in repetition 121
tcp_ping received 2048 bytes back
Round trip time was 0.161694 milliseconds in repetition 122
tcp_ping received 2048 bytes back
Round trip time was 0.161002 milliseconds in repetition 123
tcp_ping received 2048 bytes back
Round trip time was 0.276228 milliseconds in repetition 124
tcp_ping received 2048 bytes back
Round trip time was 0.232205 milliseconds in repetition 125
tcp_ping received 2048 bytes back
Round trip time was 0.204052 milliseconds in repetition 126
tcp_ping received 2048 bytes back
Round trip time was 0.209814 milliseconds in repetition 127
tcp_ping received 2048 bytes back
Round trip time was 0.188738 milliseconds in repetition 128
tcp_ping received 2048 bytes back
Round trip time was 0.201778 milliseconds in repetition 129
tcp_ping received 2048 bytes back
Round trip time was 0.186541 milliseconds in repetition 130
tcp_ping received 2048 bytes back
Round trip time was 0.222787 milliseconds in repetition 131
tcp_ping received 2048 bytes back
Round trip time was 0.214583 milliseconds in repetition 132
tcp_ping received 2048 bytes back
Round trip time was 0.233036 milliseconds in repetition 133
tcp_ping received 2048 bytes back
Round trip time was 0.208831 milliseconds in repetition 134
tcp_ping received 2048 bytes back
Round trip time was 0.209343 milliseconds in repetition 135
tcp_ping received 2048 bytes back
Round trip time was 0.209142 milliseconds in repetition 136
tcp_ping received 2048 bytes back
Round trip time was 0.239068 milliseconds in repetition 137
tcp_ping received 2048 bytes back
Round trip time was 0.223538 milliseconds in repetition 138
tcp_ping received 2048 bytes back
Round trip time was 0.209653 milliseconds in repetition 139
tcp_ping received 2048 bytes back
Round trip time was 0.20804 milliseconds in repetition 140
tcp_ping received 2048 bytes back
Round trip time was 0.207379 milliseconds in repetition 141
tcp_ping received 2048 bytes back
Round trip time was 0.222357 milliseconds in repetition 142
tcp_ping received 2048 bytes back
Round trip time was 0.214562 milliseconds in repetition 143
tcp_ping received 2048 bytes back
Round trip time was 0.216736 milliseconds in repetition 144
tcp_ping received 2048 bytes back
Round trip time was 0.214051 milliseconds in repetition 145
tcp_ping received 2048 bytes back
Round trip time was 0.214782 milliseconds in repetition 146
tcp_ping received 2048 bytes back
Round trip time was 0.21289 milliseconds in repetition 147
tcp_ping received 2048 bytes back
Round trip time was 0.212758 milliseconds in repetition 148
tcp_ping received 2048 bytes back
Round trip time was 0.214412 milliseconds in repetition 149
tcp_ping received 2048 bytes back
Round trip time was 0.236063 milliseconds in repetition 150
tcp_ping received 2048 bytes back
Round trip time was 0.217668 milliseconds in repetition 151
tcp_ping received 2048 bytes back
Round trip time was 0.207539 milliseconds in repetition 152
tcp_ping received 2048 bytes back
Round trip time was 0.208741 milliseconds in repetition 153
tcp_ping received 2048 bytes back
Round trip time was 0.217238 milliseconds in repetition 154
tcp_ping received 2048 bytes back
Round trip time was 0.243547 milliseconds in repetition 155
tcp_ping received 2048 bytes back
Round trip time was 0.266179 milliseconds in repetition 156
tcp_ping received 2048 bytes back
Round trip time was 0.19771 milliseconds in repetition 157
tcp_ping received 2048 bytes back
Round trip time was 0.215794 milliseconds in repetition 158
tcp_ping received 2048 bytes back
Round trip time was 0.200326 milliseconds in repetition 159
tcp_ping received 2048 bytes back
Round trip time was 0.227095 milliseconds in repetition 160
tcp_ping received 2048 bytes back
Round trip time was 0.199694 milliseconds in repetition 161
tcp_ping received 2048 bytes back
Round trip time was 0.203151 milliseconds in repetition 162
tcp_ping received 2048 bytes back
Round trip time was 0.212397 milliseconds in repetition 163
tcp_ping received 2048 bytes back
Round trip time was 0.197881 milliseconds in repetition 164
tcp_ping received 2048 bytes back
Round trip time was 0.197761 milliseconds in repetition 165
tcp_ping received 2048 bytes back
Round trip time was 0.196709 milliseconds in repetition 166
tcp_ping received 2048 bytes back
Round trip time was 0.216385 milliseconds in repetition 167
tcp_ping received 2048 bytes back
Round trip time was 0.200596 milliseconds in repetition 168
tcp_ping received 2048 bytes back
Round trip time was 0.200435 milliseconds in repetition 169
tcp_ping received 2048 bytes back
Round trip time was 0.199063 milliseconds in repetition 170
tcp_ping received 2048 bytes back
Round trip time was 0.199223 milliseconds in repetition 171
tcp_ping received 2048 bytes back
Round trip time was 0.205625 milliseconds in repetition 172
tcp_ping received 2048 bytes back
Round trip time was 0.188895 milliseconds in repetition 173
tcp_ping received 2048 bytes back
Round trip time was 0.122611 milliseconds in repetition 174
tcp_ping received 2048 bytes back
Round trip time was 0.283903 milliseconds in repetition 175
tcp_ping received 2048 bytes back
Round trip time was 0.245289 milliseconds in repetition 176
tcp_ping received 2048 bytes back
Round trip time was 0.203882 milliseconds in repetition 177
tcp_ping received 2048 bytes back
Round trip time was 0.205746 milliseconds in repetition 178
tcp_ping received 2048 bytes back
Round trip time was 0.205005 milliseconds in repetition 179
tcp_ping received 2048 bytes back
Round trip time was 0.222407 milliseconds in repetition 180
tcp_ping received 2048 bytes back
Round trip time was 0.407233 milliseconds in repetition 181
tcp_ping received 2048 bytes back
Round trip time was 0.204143 milliseconds in repetition 182
tcp_ping received 2048 bytes back
Round trip time was 0.203971 milliseconds in repetition 183
tcp_ping received 2048 bytes back
Round trip time was 0.222087 milliseconds in repetition 184
tcp_ping received 2048 bytes back
Round trip time was 0.203811 milliseconds in repetition 185
tcp_ping received 2048 bytes back
Round trip time was 0.204202 milliseconds in repetition 186
tcp_ping received 2048 bytes back
Round trip time was 0.203552 milliseconds in repetition 187
tcp_ping received 2048 bytes back
Round trip time was 0.209018 milliseconds in repetition 188
tcp_ping received 2048 bytes back
Round trip time was 0.216236 milliseconds in repetition 189
tcp_ping received 2048 bytes back
Round trip time was 0.24569 milliseconds in repetition 190
tcp_ping received 2048 bytes back
Round trip time was 0.221285 milliseconds in repetition 191
tcp_ping received 2048 bytes back
Round trip time was 0.244388 milliseconds in repetition 192
tcp_ping received 2048 bytes back
Round trip time was 0.221925 milliseconds in repetition 193
tcp_ping received 2048 bytes back
Round trip time was 0.204323 milliseconds in repetition 194
tcp_ping received 2048 bytes back
Round trip time was 0.195386 milliseconds in repetition 195
tcp_ping received 2048 bytes back
Round trip time was 0.214081 milliseconds in repetition 196
tcp_ping received 2048 bytes back
Round trip time was 0.199804 milliseconds in repetition 197
tcp_ping received 2048 bytes back
Round trip time was 0.195526 milliseconds in repetition 198
tcp_ping received 2048 bytes back
Round trip time was 0.194996 milliseconds in repetition 199
tcp_ping received 2048 bytes back
Round trip time was 0.195657 milliseconds in repetition 200
tcp_ping received 2048 bytes back
Round trip time was 0.212859 milliseconds in repetition 201
tcp_ping received 2048 bytes back
Round trip time was 0.195266 milliseconds in repetition 202
tcp_ping received 2048 bytes back
Round trip time was 0.195015 milliseconds in repetition 203
tcp_ping received 2048 bytes back
Round trip time was 0.195758 milliseconds in repetition 204
tcp_ping received 2048 bytes back
Round trip time was 0.195647 milliseconds in repetition 205
tcp_ping received 2048 bytes back
Round trip time was 0.20829 milliseconds in repetition 206
tcp_ping received 2048 bytes back
Round trip time was 0.196187 milliseconds in repetition 207
tcp_ping received 2048 bytes back
Round trip time was 0.189846 milliseconds in repetition 208
tcp_ping received 2048 bytes back
Round trip time was 0.189345 milliseconds in repetition 209
tcp_ping received 2048 bytes back
Round trip time was 0.207579 milliseconds in repetition 210
tcp_ping received 2048 bytes back
Round trip time was 0.191539 milliseconds in repetition 211
tcp_ping received 2048 bytes back
Round trip time was 0.190808 milliseconds in repetition 212
tcp_ping received 2048 bytes back
Round trip time was 0.190277 milliseconds in repetition 213
tcp_ping received 2048 bytes back
Round trip time was 0.190106 milliseconds in repetition 214
tcp_ping received 2048 bytes back
Round trip time was 0.216536 milliseconds in repetition 215
tcp_ping received 2048 bytes back
Round trip time was 0.198612 milliseconds in repetition 216
tcp_ping received 2048 bytes back
Round trip time was 0.197981 milliseconds in repetition 217
tcp_ping received 2048 bytes back
Round trip time was 0.198862 milliseconds in repetition 218
tcp_ping received 2048 bytes back
Round trip time was 0.19737 milliseconds in repetition 219
tcp_ping received 2048 bytes back
Round trip time was 0.202309 milliseconds in repetition 220
tcp_ping received 2048 bytes back
Round trip time was 0.198552 milliseconds in repetition 221
tcp_ping received 2048 bytes back
Round trip time was 0.198542 milliseconds in repetition 222
tcp_ping received 2048 bytes back
Round trip time was 0.197761 milliseconds in repetition 223
tcp_ping received 2048 bytes back
Round trip time was 0.216385 milliseconds in repetition 224
tcp_ping received 2048 bytes back
Round trip time was 0.198091 milliseconds in repetition 225
tcp_ping received 2048 bytes back
Round trip time was 0.205334 milliseconds in repetition 226
tcp_ping received 2048 bytes back
Round trip time was 0.19778 milliseconds in repetition 227
tcp_ping received 2048 bytes back
Round trip time was 0.199234 milliseconds in repetition 228
tcp_ping received 2048 bytes back
Round trip time was 0.201197 milliseconds in repetition 229
tcp_ping received 2048 bytes back
Round trip time was 0.198683 milliseconds in repetition 230
tcp_ping received 2048 bytes back
Round trip time was 0.199945 milliseconds in repetition 231
tcp_ping received 2048 bytes back
Round trip time was 0.19756 milliseconds in repetition 232
tcp_ping received 2048 bytes back
Round trip time was 0.20296 milliseconds in repetition 233
tcp_ping received 2048 bytes back
Round trip time was 0.198011 milliseconds in repetition 234
tcp_ping received 2048 bytes back
Round trip time was 0.198081 milliseconds in repetition 235
tcp_ping received 2048 bytes back
Round trip time was 0.219417 milliseconds in repetition 236
tcp_ping received 2048 bytes back
Round trip time was 0.201879 milliseconds in repetition 237
tcp_ping received 2048 bytes back
Round trip time was 0.219512 milliseconds in repetition 238
tcp_ping received 2048 bytes back
Round trip time was 0.199314 milliseconds in repetition 239
tcp_ping received 2048 bytes back
Round trip time was 0.200254 milliseconds in repetition 240
tcp_ping received 2048 bytes back
Round trip time was 0.208331 milliseconds in repetition 241
tcp_ping received 2048 bytes back
Round trip time was 0.275757 milliseconds in repetition 242
tcp_ping received 2048 bytes back
Round trip time was 0.249898 milliseconds in repetition 243
tcp_ping received 2048 bytes back
Round trip time was 0.254677 milliseconds in repetition 244
tcp_ping received 2048 bytes back
Round trip time was 0.246141 milliseconds in repetition 245
tcp_ping received 2048 bytes back
Round trip time was 0.255679 milliseconds in repetition 246
tcp_ping received 2048 bytes back
Round trip time was 0.254758 milliseconds in repetition 247
tcp_ping received 2048 bytes back
Round trip time was 0.214583 milliseconds in repetition 248
tcp_ping received 2048 bytes back
Round trip time was 0.205404 milliseconds in repetition 249
tcp_ping received 2048 bytes back
Round trip time was 0.219061 milliseconds in repetition 250
tcp_ping received 2048 bytes back
Round trip time was 0.477675 milliseconds in repetition 251
tcp_ping received 2048 bytes back
Round trip time was 0.203892 milliseconds in repetition 252
tcp_ping received 2048 bytes back
Round trip time was 0.219963 milliseconds in repetition 253
tcp_ping received 2048 bytes back
Round trip time was 0.20314 milliseconds in repetition 254
tcp_ping received 2048 bytes back
Round trip time was 0.204212 milliseconds in repetition 255
tcp_ping received 2048 bytes back
Round trip time was 0.203952 milliseconds in repetition 256
tcp_ping received 2048 bytes back
Round trip time was 0.201638 milliseconds in repetition 257
tcp_ping received 2048 bytes back
Round trip time was 0.18666 milliseconds in repetition 258
tcp_ping received 2048 bytes back
Round trip time was 0.203772 milliseconds in repetition 259
tcp_ping received 2048 bytes back
Round trip time was 0.253114 milliseconds in repetition 260
tcp_ping received 2048 bytes back
Round trip time was 0.185909 milliseconds in repetition 261
tcp_ping received 2048 bytes back
Round trip time was 0.229661 milliseconds in repetition 262
tcp_ping received 2048 bytes back
Round trip time was 0.205405 milliseconds in repetition 263
tcp_ping received 2048 bytes back
Round trip time was 0.21324 milliseconds in repetition 264
tcp_ping received 2048 bytes back
Round trip time was 0.212589 milliseconds in repetition 265
tcp_ping received 2048 bytes back
Round trip time was 0.21384 milliseconds in repetition 266
tcp_ping received 2048 bytes back
Round trip time was 0.220063 milliseconds in repetition 267
tcp_ping received 2048 bytes back
Round trip time was 0.217878 milliseconds in repetition 268
tcp_ping received 2048 bytes back
Round trip time was 0.214582 milliseconds in repetition 269
tcp_ping received 2048 bytes back
Round trip time was 0.259191 milliseconds in repetition 270
tcp_ping received 2048 bytes back
Round trip time was 0.220032 milliseconds in repetition 271
tcp_ping received 2048 bytes back
Round trip time was 0.21889 milliseconds in repetition 272
tcp_ping received 2048 bytes back
Round trip time was 0.217918 milliseconds in repetition 273
tcp_ping received 2048 bytes back
Round trip time was 0.219752 milliseconds in repetition 274
tcp_ping received 2048 bytes back
Round trip time was 0.216996 milliseconds in repetition 275
tcp_ping received 2048 bytes back
Round trip time was 0.21856 milliseconds in repetition 276
tcp_ping received 2048 bytes back
Round trip time was 0.224391 milliseconds in repetition 277
tcp_ping received 2048 bytes back
Round trip time was 0.244438 milliseconds in repetition 278
tcp_ping received 2048 bytes back
Round trip time was 0.218309 milliseconds in repetition 279
tcp_ping received 2048 bytes back
Round trip time was 0.219291 milliseconds in repetition 280
tcp_ping received 2048 bytes back
Round trip time was 0.218249 milliseconds in repetition 281
tcp_ping received 2048 bytes back
Round trip time was 0.219281 milliseconds in repetition 282
tcp_ping received 2048 bytes back
Round trip time was 0.20221 milliseconds in repetition 283
tcp_ping received 2048 bytes back
Round trip time was 0.200827 milliseconds in repetition 284
tcp_ping received 2048 bytes back
Round trip time was 0.19207 milliseconds in repetition 285
tcp_ping received 2048 bytes back
Round trip time was 0.200766 milliseconds in repetition 286
tcp_ping received 2048 bytes back
Round trip time was 0.21377 milliseconds in repetition 287
tcp_ping received 2048 bytes back
Round trip time was 0.19171 milliseconds in repetition 288
tcp_ping received 2048 bytes back
Round trip time was 0.191499 milliseconds in repetition 289
tcp_ping received 2048 bytes back
Round trip time was 0.191739 milliseconds in repetition 290
tcp_ping received 2048 bytes back
Round trip time was 0.191718 milliseconds in repetition 291
tcp_ping received 2048 bytes back
Round trip time was 0.204293 milliseconds in repetition 292
tcp_ping received 2048 bytes back
Round trip time was 0.191859 milliseconds in repetition 293
tcp_ping received 2048 bytes back
Round trip time was 0.191639 milliseconds in repetition 294
tcp_ping received 2048 bytes back
Round trip time was 0.198702 milliseconds in repetition 295
tcp_ping received 2048 bytes back
Round trip time was 0.209733 milliseconds in repetition 296
tcp_ping received 2048 bytes back
Round trip time was 0.193032 milliseconds in repetition 297
tcp_ping received 2048 bytes back
Round trip time was 0.191409 milliseconds in repetition 298
tcp_ping received 2048 bytes back
Round trip time was 0.191288 milliseconds in repetition 299
tcp_ping received 2048 bytes back
Round trip time was 0.194254 milliseconds in repetition 300
tcp_ping received 2048 bytes back
Round trip time was 0.210073 milliseconds in repetition 301
tcp_ping received 2048 bytes back
Round trip time was 0.191309 milliseconds in repetition 302
tcp_ping received 2048 bytes back
Round trip time was 0.191149 milliseconds in repetition 303
tcp_ping received 2048 bytes back
Round trip time was 0.191629 milliseconds in repetition 304
tcp_ping received 2048 bytes back
Round trip time was 0.19211 milliseconds in repetition 305
tcp_ping received 2048 bytes back
Round trip time was 0.192171 milliseconds in repetition 306
tcp_ping received 2048 bytes back
Round trip time was 0.191459 milliseconds in repetition 307
tcp_ping received 2048 bytes back
Round trip time was 0.19192 milliseconds in repetition 308
tcp_ping received 2048 bytes back
Round trip time was 0.194215 milliseconds in repetition 309
tcp_ping received 2048 bytes back
Round trip time was 0.193172 milliseconds in repetition 310
tcp_ping received 2048 bytes back
Round trip time was 0.314649 milliseconds in repetition 311
tcp_ping received 2048 bytes back
Round trip time was 0.253896 milliseconds in repetition 312
tcp_ping received 2048 bytes back
Round trip time was 0.259747 milliseconds in repetition 313
tcp_ping received 2048 bytes back
Round trip time was 0.20231 milliseconds in repetition 314
tcp_ping received 2048 bytes back
Round trip time was 0.215294 milliseconds in repetition 315
tcp_ping received 2048 bytes back
Round trip time was 0.20807 milliseconds in repetition 316
tcp_ping received 2048 bytes back
Round trip time was 0.208932 milliseconds in repetition 317
tcp_ping received 2048 bytes back
Round trip time was 0.210995 milliseconds in repetition 318
tcp_ping received 2048 bytes back
Round trip time was 0.211285 milliseconds in repetition 319
tcp_ping received 2048 bytes back
Round trip time was 0.208892 milliseconds in repetition 320
tcp_ping received 2048 bytes back
Round trip time was 0.214001 milliseconds in repetition 321
tcp_ping received 2048 bytes back
Round trip time was 0.45927 milliseconds in repetition 322
tcp_ping received 2048 bytes back
Round trip time was 0.297778 milliseconds in repetition 323
tcp_ping received 2048 bytes back
Round trip time was 0.219602 milliseconds in repetition 324
tcp_ping received 2048 bytes back
Round trip time was 0.238497 milliseconds in repetition 325
tcp_ping received 2048 bytes back
Round trip time was 0.215283 milliseconds in repetition 326
tcp_ping received 2048 bytes back
Round trip time was 0.219341 milliseconds in repetition 327
tcp_ping received 2048 bytes back
Round trip time was 0.219352 milliseconds in repetition 328
tcp_ping received 2048 bytes back
Round trip time was 0.224461 milliseconds in repetition 329
tcp_ping received 2048 bytes back
Round trip time was 0.227597 milliseconds in repetition 330
tcp_ping received 2048 bytes back
Round trip time was 0.216586 milliseconds in repetition 331
tcp_ping received 2048 bytes back
Round trip time was 0.21871 milliseconds in repetition 332
tcp_ping received 2048 bytes back
Round trip time was 0.217837 milliseconds in repetition 333
tcp_ping received 2048 bytes back
Round trip time was 0.231354 milliseconds in repetition 334
tcp_ping received 2048 bytes back
Round trip time was 0.21907 milliseconds in repetition 335
tcp_ping received 2048 bytes back
Round trip time was 0.220402 milliseconds in repetition 336
tcp_ping received 2048 bytes back
Round trip time was 0.219512 milliseconds in repetition 337
tcp_ping received 2048 bytes back
Round trip time was 0.234459 milliseconds in repetition 338
tcp_ping received 2048 bytes back
Round trip time was 0.218399 milliseconds in repetition 339
tcp_ping received 2048 bytes back
Round trip time was 0.219031 milliseconds in repetition 340
tcp_ping received 2048 bytes back
Round trip time was 0.218959 milliseconds in repetition 341
tcp_ping received 2048 bytes back
Round trip time was 0.236363 milliseconds in repetition 342
tcp_ping received 2048 bytes back
Round trip time was 0.219801 milliseconds in repetition 343
tcp_ping received 2048 bytes back
Round trip time was 0.219692 milliseconds in repetition 344
tcp_ping received 2048 bytes back
Round trip time was 0.216977 milliseconds in repetition 345
tcp_ping received 2048 bytes back
Round trip time was 0.230081 milliseconds in repetition 346
tcp_ping received 2048 bytes back
Round trip time was 0.221184 milliseconds in repetition 347
tcp_ping received 2048 bytes back
Round trip time was 0.21885 milliseconds in repetition 348
tcp_ping received 2048 bytes back
Round trip time was 0.219121 milliseconds in repetition 349
tcp_ping received 2048 bytes back
Round trip time was 0.236844 milliseconds in repetition 350
tcp_ping received 2048 bytes back
Round trip time was 0.220353 milliseconds in repetition 351
tcp_ping received 2048 bytes back
Round trip time was 0.217728 milliseconds in repetition 352
tcp_ping received 2048 bytes back
Round trip time was 0.217878 milliseconds in repetition 353
tcp_ping received 2048 bytes back
Round trip time was 0.228078 milliseconds in repetition 354
tcp_ping received 2048 bytes back
Round trip time was 0.235617 milliseconds in repetition 355
tcp_ping received 2048 bytes back
Round trip time was 0.223138 milliseconds in repetition 356
tcp_ping received 2048 bytes back
Round trip time was 0.221735 milliseconds in repetition 357
tcp_ping received 2048 bytes back
Round trip time was 0.239648 milliseconds in repetition 358
tcp_ping received 2048 bytes back
Round trip time was 0.217709 milliseconds in repetition 359
tcp_ping received 2048 bytes back
Round trip time was 0.213971 milliseconds in repetition 360
tcp_ping received 2048 bytes back
Round trip time was 0.213811 milliseconds in repetition 361
tcp_ping received 2048 bytes back
Round trip time was 0.21329 milliseconds in repetition 362
tcp_ping received 2048 bytes back
Round trip time was 0.214782 milliseconds in repetition 363
tcp_ping received 2048 bytes back
Round trip time was 0.208781 milliseconds in repetition 364
tcp_ping received 2048 bytes back
Round trip time was 0.208621 milliseconds in repetition 365
tcp_ping received 2048 bytes back
Round trip time was 0.209291 milliseconds in repetition 366
tcp_ping received 2048 bytes back
Round trip time was 0.226305 milliseconds in repetition 367
tcp_ping received 2048 bytes back
Round trip time was 0.208601 milliseconds in repetition 368
tcp_ping received 2048 bytes back
Round trip time was 0.208652 milliseconds in repetition 369
tcp_ping received 2048 bytes back
Round trip time was 0.20838 milliseconds in repetition 370
tcp_ping received 2048 bytes back
Round trip time was 0.228518 milliseconds in repetition 371
tcp_ping received 2048 bytes back
Round trip time was 0.210835 milliseconds in repetition 372
tcp_ping received 2048 bytes back
Round trip time was 0.20827 milliseconds in repetition 373
tcp_ping received 2048 bytes back
Round trip time was 0.208742 milliseconds in repetition 374
tcp_ping received 2048 bytes back
Round trip time was 0.238908 milliseconds in repetition 375
tcp_ping received 2048 bytes back
Round trip time was 0.223248 milliseconds in repetition 376
tcp_ping received 2048 bytes back
Round trip time was 0.213881 milliseconds in repetition 377
tcp_ping received 2048 bytes back
Round trip time was 0.264195 milliseconds in repetition 378
tcp_ping received 2048 bytes back
Round trip time was 0.215168 milliseconds in repetition 379
tcp_ping received 2048 bytes back
Round trip time was 0.219381 milliseconds in repetition 380
tcp_ping received 2048 bytes back
Round trip time was 0.218169 milliseconds in repetition 381
tcp_ping received 2048 bytes back
Round trip time was 0.206057 milliseconds in repetition 382
tcp_ping received 2048 bytes back
Round trip time was 0.210114 milliseconds in repetition 383
tcp_ping received 2048 bytes back
Round trip time was 0.228177 milliseconds in repetition 384
tcp_ping received 2048 bytes back
Round trip time was 0.210444 milliseconds in repetition 385
tcp_ping received 2048 bytes back
Round trip time was 0.210373 milliseconds in repetition 386
tcp_ping received 2048 bytes back
Round trip time was 0.210654 milliseconds in repetition 387
tcp_ping received 2048 bytes back
Round trip time was 0.225232 milliseconds in repetition 388
tcp_ping received 2048 bytes back
Round trip time was 0.210013 milliseconds in repetition 389
tcp_ping received 2048 bytes back
Round trip time was 0.210614 milliseconds in repetition 390
tcp_ping received 2048 bytes back
Round trip time was 0.210405 milliseconds in repetition 391
tcp_ping received 2048 bytes back
Round trip time was 0.210234 milliseconds in repetition 392
tcp_ping received 2048 bytes back
Round trip time was 0.165981 milliseconds in repetition 393
tcp_ping received 2048 bytes back
Round trip time was 0.210425 milliseconds in repetition 394
tcp_ping received 2048 bytes back
Round trip time was 0.211036 milliseconds in repetition 395
tcp_ping received 2048 bytes back
Round trip time was 0.210525 milliseconds in repetition 396
tcp_ping received 2048 bytes back
Round trip time was 0.230321 milliseconds in repetition 397
tcp_ping received 2048 bytes back
Round trip time was 0.215534 milliseconds in repetition 398
tcp_ping received 2048 bytes back
Round trip time was 0.194204 milliseconds in repetition 399
tcp_ping received 2048 bytes back
Round trip time was 0.216416 milliseconds in repetition 400
tcp_ping received 2048 bytes back
Round trip time was 0.219923 milliseconds in repetition 401
tcp_ping received 2048 bytes back
Round trip time was 0.220583 milliseconds in repetition 402
tcp_ping received 2048 bytes back
Round trip time was 0.216144 milliseconds in repetition 403
tcp_ping received 2048 bytes back
Round trip time was 0.217959 milliseconds in repetition 404
tcp_ping received 2048 bytes back
Round trip time was 0.2186 milliseconds in repetition 405
tcp_ping received 2048 bytes back
Round trip time was 0.2347 milliseconds in repetition 406
tcp_ping received 2048 bytes back
Round trip time was 0.219001 milliseconds in repetition 407
tcp_ping received 2048 bytes back
Round trip time was 0.215723 milliseconds in repetition 408
tcp_ping received 2048 bytes back
Round trip time was 0.216154 milliseconds in repetition 409
tcp_ping received 2048 bytes back
Round trip time was 0.215834 milliseconds in repetition 410
tcp_ping received 2048 bytes back
Round trip time was 0.217999 milliseconds in repetition 411
tcp_ping received 2048 bytes back
Round trip time was 0.218649 milliseconds in repetition 412
tcp_ping received 2048 bytes back
Round trip time was 0.215865 milliseconds in repetition 413
tcp_ping received 2048 bytes back
Round trip time was 0.231263 milliseconds in repetition 414
tcp_ping received 2048 bytes back
Round trip time was 0.223359 milliseconds in repetition 415
tcp_ping received 2048 bytes back
Round trip time was 0.215052 milliseconds in repetition 416
tcp_ping received 2048 bytes back
Round trip time was 0.218269 milliseconds in repetition 417
tcp_ping received 2048 bytes back
Round trip time was 0.236213 milliseconds in repetition 418
tcp_ping received 2048 bytes back
Round trip time was 0.215564 milliseconds in repetition 419
tcp_ping received 2048 bytes back
Round trip time was 0.216876 milliseconds in repetition 420
tcp_ping received 2048 bytes back
Round trip time was 0.216255 milliseconds in repetition 421
tcp_ping received 2048 bytes back
Round trip time was 0.235231 milliseconds in repetition 422
tcp_ping received 2048 bytes back
Round trip time was 0.21869 milliseconds in repetition 423
tcp_ping received 2048 bytes back
Round trip time was 0.215684 milliseconds in repetition 424
tcp_ping received 2048 bytes back
Round trip time was 0.216256 milliseconds in repetition 425
tcp_ping received 2048 bytes back
Round trip time was 0.237624 milliseconds in repetition 426
tcp_ping received 2048 bytes back
Round trip time was 0.214091 milliseconds in repetition 427
tcp_ping received 2048 bytes back
Round trip time was 0.216195 milliseconds in repetition 428
tcp_ping received 2048 bytes back
Round trip time was 0.216847 milliseconds in repetition 429
tcp_ping received 2048 bytes back
Round trip time was 0.216526 milliseconds in repetition 430
tcp_ping received 2048 bytes back
Round trip time was 0.234299 milliseconds in repetition 431
tcp_ping received 2048 bytes back
Round trip time was 0.223518 milliseconds in repetition 432
tcp_ping received 2048 bytes back
Round trip time was 0.216516 milliseconds in repetition 433
tcp_ping received 2048 bytes back
Round trip time was 0.215624 milliseconds in repetition 434
tcp_ping received 2048 bytes back
Round trip time was 0.214702 milliseconds in repetition 435
tcp_ping received 2048 bytes back
Round trip time was 0.217658 milliseconds in repetition 436
tcp_ping received 2048 bytes back
Round trip time was 0.212529 milliseconds in repetition 437
tcp_ping received 2048 bytes back
Round trip time was 0.216546 milliseconds in repetition 438
tcp_ping received 2048 bytes back
Round trip time was 0.264175 milliseconds in repetition 439
tcp_ping received 2048 bytes back
Round trip time was 0.215714 milliseconds in repetition 440
tcp_ping received 2048 bytes back
Round trip time was 0.215925 milliseconds in repetition 441
tcp_ping received 2048 bytes back
Round trip time was 0.217839 milliseconds in repetition 442
tcp_ping received 2048 bytes back
Round trip time was 0.219682 milliseconds in repetition 443
tcp_ping received 2048 bytes back
Round trip time was 0.217297 milliseconds in repetition 444
tcp_ping received 2048 bytes back
Round trip time was 0.216617 milliseconds in repetition 445
tcp_ping received 2048 bytes back
Round trip time was 0.217178 milliseconds in repetition 446
tcp_ping received 2048 bytes back
Round trip time was 0.235101 milliseconds in repetition 447
tcp_ping received 2048 bytes back
Round trip time was 0.21853 milliseconds in repetition 448
tcp_ping received 2048 bytes back
Round trip time was 0.2245 milliseconds in repetition 449
tcp_ping received 2048 bytes back
Round trip time was 0.289553 milliseconds in repetition 450
tcp_ping received 2048 bytes back
Round trip time was 0.23492 milliseconds in repetition 451
tcp_ping received 2048 bytes back
Round trip time was 0.215925 milliseconds in repetition 452
tcp_ping received 2048 bytes back
Round trip time was 0.217939 milliseconds in repetition 453
tcp_ping received 2048 bytes back
Round trip time was 0.2184 milliseconds in repetition 454
tcp_ping received 2048 bytes back
Round trip time was 0.236443 milliseconds in repetition 455
tcp_ping received 2048 bytes back
Round trip time was 0.215544 milliseconds in repetition 456
tcp_ping received 2048 bytes back
Round trip time was 0.216165 milliseconds in repetition 457
tcp_ping received 2048 bytes back
Round trip time was 0.216376 milliseconds in repetition 458
tcp_ping received 2048 bytes back
Round trip time was 0.235452 milliseconds in repetition 459
tcp_ping received 2048 bytes back
Round trip time was 0.219421 milliseconds in repetition 460
tcp_ping received 2048 bytes back
Round trip time was 0.215383 milliseconds in repetition 461
tcp_ping received 2048 bytes back
Round trip time was 0.216726 milliseconds in repetition 462
tcp_ping received 2048 bytes back
Round trip time was 0.232166 milliseconds in repetition 463
tcp_ping received 2048 bytes back
Round trip time was 0.2195 milliseconds in repetition 464
tcp_ping received 2048 bytes back
Round trip time was 0.217648 milliseconds in repetition 465
tcp_ping received 2048 bytes back
Round trip time was 0.226083 milliseconds in repetition 466
tcp_ping received 2048 bytes back
Round trip time was 0.202801 milliseconds in repetition 467
tcp_ping received 2048 bytes back
Round trip time was 0.227506 milliseconds in repetition 468
tcp_ping received 2048 bytes back
Round trip time was 0.210334 milliseconds in repetition 469
tcp_ping received 2048 bytes back
Round trip time was 0.211818 milliseconds in repetition 470
tcp_ping received 2048 bytes back
Round trip time was 0.208571 milliseconds in repetition 471
tcp_ping received 2048 bytes back
Round trip time was 0.212218 milliseconds in repetition 472
tcp_ping received 2048 bytes back
Round trip time was 0.211737 milliseconds in repetition 473
tcp_ping received 2048 bytes back
Round trip time was 0.210625 milliseconds in repetition 474
tcp_ping received 2048 bytes back
Round trip time was 0.210534 milliseconds in repetition 475
tcp_ping received 2048 bytes back
Round trip time was 0.228668 milliseconds in repetition 476
tcp_ping received 2048 bytes back
Round trip time was 0.210936 milliseconds in repetition 477
tcp_ping received 2048 bytes back
Round trip time was 0.210325 milliseconds in repetition 478
tcp_ping received 2048 bytes back
Round trip time was 0.209302 milliseconds in repetition 479
tcp_ping received 2048 bytes back
Round trip time was 0.221245 milliseconds in repetition 480
tcp_ping received 2048 bytes back
Round trip time was 0.210194 milliseconds in repetition 481
tcp_ping received 2048 bytes back
Round trip time was 0.2083 milliseconds in repetition 482
tcp_ping received 2048 bytes back
Round trip time was 0.216735 milliseconds in repetition 483
tcp_ping received 2048 bytes back
Round trip time was 0.168115 milliseconds in repetition 484
tcp_ping received 2048 bytes back
Round trip time was 0.215905 milliseconds in repetition 485
tcp_ping received 2048 bytes back
Round trip time was 0.217718 milliseconds in repetition 486
tcp_ping received 2048 bytes back
Round trip time was 0.217437 milliseconds in repetition 487
tcp_ping received 2048 bytes back
Round trip time was 0.218099 milliseconds in repetition 488
tcp_ping received 2048 bytes back
Round trip time was 0.237054 milliseconds in repetition 489
tcp_ping received 2048 bytes back
Round trip time was 0.215775 milliseconds in repetition 490
tcp_ping received 2048 bytes back
Round trip time was 0.215894 milliseconds in repetition 491
tcp_ping received 2048 bytes back
Round trip time was 0.216196 milliseconds in repetition 492
tcp_ping received 2048 bytes back
Round trip time was 0.233728 milliseconds in repetition 493
tcp_ping received 2048 bytes back
Round trip time was 0.218731 milliseconds in repetition 494
tcp_ping received 2048 bytes back
Round trip time was 0.21821 milliseconds in repetition 495
tcp_ping received 2048 bytes back
Round trip time was 0.219502 milliseconds in repetition 496
tcp_ping received 2048 bytes back
Round trip time was 0.221004 milliseconds in repetition 497
tcp_ping received 2048 bytes back
Round trip time was 0.208861 milliseconds in repetition 498
tcp_ping received 2048 bytes back
Round trip time was 0.216725 milliseconds in repetition 499
tcp_ping received 2048 bytes back
Round trip time was 0.218389 milliseconds in repetition 500
tcp_ping received 2048 bytes back
Round trip time was 0.284092 milliseconds in repetition 501

 ... clock resolution was 1e-06
TCP Ping:  Statistics over 501 repetitions of 2048 byte messages

RTT : percentile 10: 0.178724, median: 0.211818, percentile 90: 0.236213, average: 0.239846, variance: 0.112665

RTT histogram:
0.122609 474
0.388366 23
0.654122 0
0.919878 0
1.18563 0
1.45139 0
1.71715 0
1.9829 0
2.24866 1
2.51441 0
2.78017 0
3.04593 0
3.31168 1
3.57744 0
3.8432 0
4.10895 1
4.37471 0
4.64046 0
4.90622 0
5.17198 0
5.43773 1

   median Throughput : 19337.4 KB/s   overall Throughput : 17077.6 KB/s

