TCP Ping trying to connect to server localhost (127.0.0.1) on port 1491
 ... connected to Pong server: asking for 501 repetitions of 65536 bytes TCP messages
 ... Pong server agreed :-)
tcp_ping received 65536 bytes back
Round trip time was 1.59537 milliseconds in repetition 1
tcp_ping received 65536 bytes back
Round trip time was 1.56681 milliseconds in repetition 2
tcp_ping received 65536 bytes back
Round trip time was 1.56966 milliseconds in repetition 3
tcp_ping received 65536 bytes back
Round trip time was 1.56083 milliseconds in repetition 4
tcp_ping received 65536 bytes back
Round trip time was 1.84161 milliseconds in repetition 5
tcp_ping received 65536 bytes back
Round trip time was 1.50596 milliseconds in repetition 6
tcp_ping received 65536 bytes back
Round trip time was 1.47987 milliseconds in repetition 7
tcp_ping received 65536 bytes back
Round trip time was 1.56637 milliseconds in repetition 8
tcp_ping received 65536 bytes back
Round trip time was 1.50225 milliseconds in repetition 9
tcp_ping received 65536 bytes back
Round trip time was 1.44885 milliseconds in repetition 10
tcp_ping received 65536 bytes back
Round trip time was 1.45645 milliseconds in repetition 11
tcp_ping received 65536 bytes back
Round trip time was 1.46267 milliseconds in repetition 12
tcp_ping received 65536 bytes back
Round trip time was 1.48047 milliseconds in repetition 13
tcp_ping received 65536 bytes back
Round trip time was 1.46094 milliseconds in repetition 14
tcp_ping received 65536 bytes back
Round trip time was 1.45545 milliseconds in repetition 15
tcp_ping received 65536 bytes back
Round trip time was 1.4665 milliseconds in repetition 16
tcp_ping received 65536 bytes back
Round trip time was 1.53312 milliseconds in repetition 17
tcp_ping received 65536 bytes back
Round trip time was 1.51676 milliseconds in repetition 18
tcp_ping received 65536 bytes back
Round trip time was 1.47217 milliseconds in repetition 19
tcp_ping received 65536 bytes back
Round trip time was 1.45493 milliseconds in repetition 20
tcp_ping received 65536 bytes back
Round trip time was 1.44782 milliseconds in repetition 21
tcp_ping received 65536 bytes back
Round trip time was 1.47245 milliseconds in repetition 22
tcp_ping received 65536 bytes back
Round trip time was 1.46982 milliseconds in repetition 23
tcp_ping received 65536 bytes back
Round trip time was 1.51745 milliseconds in repetition 24
tcp_ping received 65536 bytes back
Round trip time was 1.46603 milliseconds in repetition 25
tcp_ping received 65536 bytes back
Round trip time was 1.46133 milliseconds in repetition 26
tcp_ping received 65536 bytes back
Round trip time was 1.43813 milliseconds in repetition 27
tcp_ping received 65536 bytes back
Round trip time was 1.4791 milliseconds in repetition 28
tcp_ping received 65536 bytes back
Round trip time was 1.46682 milliseconds in repetition 29
tcp_ping received 65536 bytes back
Round trip time was 1.6799 milliseconds in repetition 30
tcp_ping received 65536 bytes back
Round trip time was 1.44025 milliseconds in repetition 31
tcp_ping received 65536 bytes back
Round trip time was 1.4905 milliseconds in repetition 32
tcp_ping received 65536 bytes back
Round trip time was 1.43745 milliseconds in repetition 33
tcp_ping received 65536 bytes back
Round trip time was 1.52291 milliseconds in repetition 34
tcp_ping received 65536 bytes back
Round trip time was 1.44314 milliseconds in repetition 35
tcp_ping received 65536 bytes back
Round trip time was 1.47668 milliseconds in repetition 36
tcp_ping received 65536 bytes back
Round trip time was 1.5633 milliseconds in repetition 37
tcp_ping received 65536 bytes back
Round trip time was 1.4808 milliseconds in repetition 38
tcp_ping received 65536 bytes back
Round trip time was 1.48136 milliseconds in repetition 39
tcp_ping received 65536 bytes back
Round trip time was 1.47249 milliseconds in repetition 40
tcp_ping received 65536 bytes back
Round trip time was 1.47687 milliseconds in repetition 41
tcp_ping received 65536 bytes back
Round trip time was 1.43698 milliseconds in repetition 42
tcp_ping received 65536 bytes back
Round trip time was 1.45402 milliseconds in repetition 43
tcp_ping received 65536 bytes back
Round trip time was 1.46281 milliseconds in repetition 44
tcp_ping received 65536 bytes back
Round trip time was 1.46636 milliseconds in repetition 45
tcp_ping received 65536 bytes back
Round trip time was 1.43612 milliseconds in repetition 46
tcp_ping received 65536 bytes back
Round trip time was 1.49788 milliseconds in repetition 47
tcp_ping received 65536 bytes back
Round trip time was 1.43922 milliseconds in repetition 48
tcp_ping received 65536 bytes back
Round trip time was 1.84214 milliseconds in repetition 49
tcp_ping received 65536 bytes back
Round trip time was 2.24282 milliseconds in repetition 50
tcp_ping received 65536 bytes back
Round trip time was 2.30032 milliseconds in repetition 51
tcp_ping received 65536 bytes back
Round trip time was 2.02945 milliseconds in repetition 52
tcp_ping received 65536 bytes back
Round trip time was 1.72164 milliseconds in repetition 53
tcp_ping received 65536 bytes back
Round trip time was 1.67306 milliseconds in repetition 54
tcp_ping received 65536 bytes back
Round trip time was 1.89965 milliseconds in repetition 55
tcp_ping received 65536 bytes back
Round trip time was 1.73896 milliseconds in repetition 56
tcp_ping received 65536 bytes back
Round trip time was 1.71846 milliseconds in repetition 57
tcp_ping received 65536 bytes back
Round trip time was 1.87207 milliseconds in repetition 58
tcp_ping received 65536 bytes back
Round trip time was 2.10525 milliseconds in repetition 59
tcp_ping received 65536 bytes back
Round trip time was 1.68186 milliseconds in repetition 60
tcp_ping received 65536 bytes back
Round trip time was 1.43575 milliseconds in repetition 61
tcp_ping received 65536 bytes back
Round trip time was 1.53858 milliseconds in repetition 62
tcp_ping received 65536 bytes back
Round trip time was 1.45212 milliseconds in repetition 63
tcp_ping received 65536 bytes back
Round trip time was 1.46124 milliseconds in repetition 64
tcp_ping received 65536 bytes back
Round trip time was 1.45579 milliseconds in repetition 65
tcp_ping received 65536 bytes back
Round trip time was 1.46821 milliseconds in repetition 66
tcp_ping received 65536 bytes back
Round trip time was 1.44068 milliseconds in repetition 67
tcp_ping received 65536 bytes back
Round trip time was 1.51771 milliseconds in repetition 68
tcp_ping received 65536 bytes back
Round trip time was 1.68032 milliseconds in repetition 69
tcp_ping received 65536 bytes back
Round trip time was 1.69401 milliseconds in repetition 70
tcp_ping received 65536 bytes back
Round trip time was 1.72266 milliseconds in repetition 71
tcp_ping received 65536 bytes back
Round trip time was 1.60701 milliseconds in repetition 72
tcp_ping received 65536 bytes back
Round trip time was 1.51805 milliseconds in repetition 73
tcp_ping received 65536 bytes back
Round trip time was 1.49611 milliseconds in repetition 74
tcp_ping received 65536 bytes back
Round trip time was 1.47171 milliseconds in repetition 75
tcp_ping received 65536 bytes back
Round trip time was 1.47727 milliseconds in repetition 76
tcp_ping received 65536 bytes back
Round trip time was 1.43898 milliseconds in repetition 77
tcp_ping received 65536 bytes back
Round trip time was 1.49692 milliseconds in repetition 78
tcp_ping received 65536 bytes back
Round trip time was 1.44957 milliseconds in repetition 79
tcp_ping received 65536 bytes back
Round trip time was 1.54204 milliseconds in repetition 80
tcp_ping received 65536 bytes back
Round trip time was 1.4832 milliseconds in repetition 81
tcp_ping received 65536 bytes back
Round trip time was 1.43484 milliseconds in repetition 82
tcp_ping received 65536 bytes back
Round trip time was 1.48397 milliseconds in repetition 83
tcp_ping received 65536 bytes back
Round trip time was 1.43686 milliseconds in repetition 84
tcp_ping received 65536 bytes back
Round trip time was 1.47001 milliseconds in repetition 85
tcp_ping received 65536 bytes back
Round trip time was 1.44779 milliseconds in repetition 86
tcp_ping received 65536 bytes back
Round trip time was 1.45925 milliseconds in repetition 87
tcp_ping received 65536 bytes back
Round trip time was 1.46691 milliseconds in repetition 88
tcp_ping received 65536 bytes back
Round trip time was 1.51809 milliseconds in repetition 89
tcp_ping received 65536 bytes back
Round trip time was 1.44328 milliseconds in repetition 90
tcp_ping received 65536 bytes back
Round trip time was 1.49684 milliseconds in repetition 91
tcp_ping received 65536 bytes back
Round trip time was 1.43712 milliseconds in repetition 92
tcp_ping received 65536 bytes back
Round trip time was 1.48787 milliseconds in repetition 93
tcp_ping received 65536 bytes back
Round trip time was 1.5107 milliseconds in repetition 94
tcp_ping received 65536 bytes back
Round trip time was 1.52518 milliseconds in repetition 95
tcp_ping received 65536 bytes back
Round trip time was 2.12914 milliseconds in repetition 96
tcp_ping received 65536 bytes back
Round trip time was 2.16297 milliseconds in repetition 97
tcp_ping received 65536 bytes back
Round trip time was 1.5593 milliseconds in repetition 98
tcp_ping received 65536 bytes back
Round trip time was 1.45066 milliseconds in repetition 99
tcp_ping received 65536 bytes back
Round trip time was 1.46614 milliseconds in repetition 100
tcp_ping received 65536 bytes back
Round trip time was 1.43397 milliseconds in repetition 101
tcp_ping received 65536 bytes back
Round trip time was 1.46406 milliseconds in repetition 102
tcp_ping received 65536 bytes back
Round trip time was 1.45316 milliseconds in repetition 103
tcp_ping received 65536 bytes back
Round trip time was 1.45105 milliseconds in repetition 104
tcp_ping received 65536 bytes back
Round trip time was 1.54287 milliseconds in repetition 105
tcp_ping received 65536 bytes back
Round trip time was 1.44602 milliseconds in repetition 106
tcp_ping received 65536 bytes back
Round trip time was 1.45223 milliseconds in repetition 107
tcp_ping received 65536 bytes back
Round trip time was 1.44041 milliseconds in repetition 108
tcp_ping received 65536 bytes back
Round trip time was 1.43327 milliseconds in repetition 109
tcp_ping received 65536 bytes back
Round trip time was 1.45097 milliseconds in repetition 110
tcp_ping received 65536 bytes back
Round trip time was 1.43352 milliseconds in repetition 111
tcp_ping received 65536 bytes back
Round trip time was 1.45153 milliseconds in repetition 112
tcp_ping received 65536 bytes back
Round trip time was 1.44365 milliseconds in repetition 113
tcp_ping received 65536 bytes back
Round trip time was 1.55832 milliseconds in repetition 114
tcp_ping received 65536 bytes back
Round trip time was 1.47177 milliseconds in repetition 115
tcp_ping received 65536 bytes back
Round trip time was 1.43518 milliseconds in repetition 116
tcp_ping received 65536 bytes back
Round trip time was 1.43298 milliseconds in repetition 117
tcp_ping received 65536 bytes back
Round trip time was 1.45935 milliseconds in repetition 118
tcp_ping received 65536 bytes back
Round trip time was 1.43366 milliseconds in repetition 119
tcp_ping received 65536 bytes back
Round trip time was 1.45814 milliseconds in repetition 120
tcp_ping received 65536 bytes back
Round trip time was 1.43391 milliseconds in repetition 121
tcp_ping received 65536 bytes back
Round trip time was 1.542 milliseconds in repetition 122
tcp_ping received 65536 bytes back
Round trip time was 1.43483 milliseconds in repetition 123
tcp_ping received 65536 bytes back
Round trip time was 1.45885 milliseconds in repetition 124
tcp_ping received 65536 bytes back
Round trip time was 1.462 milliseconds in repetition 125
tcp_ping received 65536 bytes back
Round trip time was 1.48703 milliseconds in repetition 126
tcp_ping received 65536 bytes back
Round trip time was 1.71536 milliseconds in repetition 127
tcp_ping received 65536 bytes back
Round trip time was 1.46074 milliseconds in repetition 128
tcp_ping received 65536 bytes back
Round trip time was 1.48518 milliseconds in repetition 129
tcp_ping received 65536 bytes back
Round trip time was 1.48375 milliseconds in repetition 130
tcp_ping received 65536 bytes back
Round trip time was 1.54707 milliseconds in repetition 131
tcp_ping received 65536 bytes back
Round trip time was 1.49052 milliseconds in repetition 132
tcp_ping received 65536 bytes back
Round trip time was 1.64849 milliseconds in repetition 133
tcp_ping received 65536 bytes back
Round trip time was 1.45508 milliseconds in repetition 134
tcp_ping received 65536 bytes back
Round trip time was 1.47612 milliseconds in repetition 135
tcp_ping received 65536 bytes back
Round trip time was 1.45443 milliseconds in repetition 136
tcp_ping received 65536 bytes back
Round trip time was 1.43491 milliseconds in repetition 137
tcp_ping received 65536 bytes back
Round trip time was 1.48229 milliseconds in repetition 138
tcp_ping received 65536 bytes back
Round trip time was 1.43497 milliseconds in repetition 139
tcp_ping received 65536 bytes back
Round trip time was 1.45477 milliseconds in repetition 140
tcp_ping received 65536 bytes back
Round trip time was 1.46999 milliseconds in repetition 141
tcp_ping received 65536 bytes back
Round trip time was 1.4541 milliseconds in repetition 142
tcp_ping received 65536 bytes back
Round trip time was 1.52206 milliseconds in repetition 143
tcp_ping received 65536 bytes back
Round trip time was 1.46617 milliseconds in repetition 144
tcp_ping received 65536 bytes back
Round trip time was 1.46069 milliseconds in repetition 145
tcp_ping received 65536 bytes back
Round trip time was 1.45269 milliseconds in repetition 146
tcp_ping received 65536 bytes back
Round trip time was 1.43287 milliseconds in repetition 147
tcp_ping received 65536 bytes back
Round trip time was 1.45135 milliseconds in repetition 148
tcp_ping received 65536 bytes back
Round trip time was 1.43308 milliseconds in repetition 149
tcp_ping received 65536 bytes back
Round trip time was 1.45131 milliseconds in repetition 150
tcp_ping received 65536 bytes back
Round trip time was 1.4329 milliseconds in repetition 151
tcp_ping received 65536 bytes back
Round trip time was 1.45016 milliseconds in repetition 152
tcp_ping received 65536 bytes back
Round trip time was 1.43396 milliseconds in repetition 153
tcp_ping received 65536 bytes back
Round trip time was 1.47649 milliseconds in repetition 154
tcp_ping received 65536 bytes back
Round trip time was 1.43347 milliseconds in repetition 155
tcp_ping received 65536 bytes back
Round trip time was 1.51897 milliseconds in repetition 156
tcp_ping received 65536 bytes back
Round trip time was 1.4442 milliseconds in repetition 157
tcp_ping received 65536 bytes back
Round trip time was 1.45679 milliseconds in repetition 158
tcp_ping received 65536 bytes back
Round trip time was 1.43192 milliseconds in repetition 159
tcp_ping received 65536 bytes back
Round trip time was 1.45021 milliseconds in repetition 160
tcp_ping received 65536 bytes back
Round trip time was 1.43246 milliseconds in repetition 161
tcp_ping received 65536 bytes back
Round trip time was 1.45141 milliseconds in repetition 162
tcp_ping received 65536 bytes back
Round trip time was 1.43429 milliseconds in repetition 163
tcp_ping received 65536 bytes back
Round trip time was 1.45402 milliseconds in repetition 164
tcp_ping received 65536 bytes back
Round trip time was 1.43695 milliseconds in repetition 165
tcp_ping received 65536 bytes back
Round trip time was 1.5539 milliseconds in repetition 166
tcp_ping received 65536 bytes back
Round trip time was 1.43698 milliseconds in repetition 167
tcp_ping received 65536 bytes back
Round trip time was 1.45043 milliseconds in repetition 168
tcp_ping received 65536 bytes back
Round trip time was 1.43328 milliseconds in repetition 169
tcp_ping received 65536 bytes back
Round trip time was 1.46405 milliseconds in repetition 170
tcp_ping received 65536 bytes back
Round trip time was 1.50326 milliseconds in repetition 171
tcp_ping received 65536 bytes back
Round trip time was 1.45852 milliseconds in repetition 172
tcp_ping received 65536 bytes back
Round trip time was 1.43362 milliseconds in repetition 173
tcp_ping received 65536 bytes back
Round trip time was 1.47324 milliseconds in repetition 174
tcp_ping received 65536 bytes back
Round trip time was 1.46974 milliseconds in repetition 175
tcp_ping received 65536 bytes back
Round trip time was 1.4527 milliseconds in repetition 176
tcp_ping received 65536 bytes back
Round trip time was 1.43279 milliseconds in repetition 177
tcp_ping received 65536 bytes back
Round trip time was 1.481 milliseconds in repetition 178
tcp_ping received 65536 bytes back
Round trip time was 1.43379 milliseconds in repetition 179
tcp_ping received 65536 bytes back
Round trip time was 1.47719 milliseconds in repetition 180
tcp_ping received 65536 bytes back
Round trip time was 1.43659 milliseconds in repetition 181
tcp_ping received 65536 bytes back
Round trip time was 1.48417 milliseconds in repetition 182
tcp_ping received 65536 bytes back
Round trip time was 1.43498 milliseconds in repetition 183
tcp_ping received 65536 bytes back
Round trip time was 1.56467 milliseconds in repetition 184
tcp_ping received 65536 bytes back
Round trip time was 1.57132 milliseconds in repetition 185
tcp_ping received 65536 bytes back
Round trip time was 1.69073 milliseconds in repetition 186
tcp_ping received 65536 bytes back
Round trip time was 1.66327 milliseconds in repetition 187
tcp_ping received 65536 bytes back
Round trip time was 1.58156 milliseconds in repetition 188
tcp_ping received 65536 bytes back
Round trip time was 1.60535 milliseconds in repetition 189
tcp_ping received 65536 bytes back
Round trip time was 1.59639 milliseconds in repetition 190
tcp_ping received 65536 bytes back
Round trip time was 1.60487 milliseconds in repetition 191
tcp_ping received 65536 bytes back
Round trip time was 1.60351 milliseconds in repetition 192
tcp_ping received 65536 bytes back
Round trip time was 1.62737 milliseconds in repetition 193
tcp_ping received 65536 bytes back
Round trip time was 1.99725 milliseconds in repetition 194
tcp_ping received 65536 bytes back
Round trip time was 1.57248 milliseconds in repetition 195
tcp_ping received 65536 bytes back
Round trip time was 2.43766 milliseconds in repetition 196
tcp_ping received 65536 bytes back
Round trip time was 1.52649 milliseconds in repetition 197
tcp_ping received 65536 bytes back
Round trip time was 1.80125 milliseconds in repetition 198
tcp_ping received 65536 bytes back
Round trip time was 1.68788 milliseconds in repetition 199
tcp_ping received 65536 bytes back
Round trip time was 2.02327 milliseconds in repetition 200
tcp_ping received 65536 bytes back
Round trip time was 1.63366 milliseconds in repetition 201
tcp_ping received 65536 bytes back
Round trip time was 1.70214 milliseconds in repetition 202
tcp_ping received 65536 bytes back
Round trip time was 2.38425 milliseconds in repetition 203
tcp_ping received 65536 bytes back
Round trip time was 1.49118 milliseconds in repetition 204
tcp_ping received 65536 bytes back
Round trip time was 12.9472 milliseconds in repetition 205
tcp_ping received 65536 bytes back
Round trip time was 1.78019 milliseconds in repetition 206
tcp_ping received 65536 bytes back
Round trip time was 1.73195 milliseconds in repetition 207
tcp_ping received 65536 bytes back
Round trip time was 1.93734 milliseconds in repetition 208
tcp_ping received 65536 bytes back
Round trip time was 3.47144 milliseconds in repetition 209
tcp_ping received 65536 bytes back
Round trip time was 1.66373 milliseconds in repetition 210
tcp_ping received 65536 bytes back
Round trip time was 1.62869 milliseconds in repetition 211
tcp_ping received 65536 bytes back
Round trip time was 1.57045 milliseconds in repetition 212
tcp_ping received 65536 bytes back
Round trip time was 2.08151 milliseconds in repetition 213
tcp_ping received 65536 bytes back
Round trip time was 1.54285 milliseconds in repetition 214
tcp_ping received 65536 bytes back
Round trip time was 1.65824 milliseconds in repetition 215
tcp_ping received 65536 bytes back
Round trip time was 1.63718 milliseconds in repetition 216
tcp_ping received 65536 bytes back
Round trip time was 1.58829 milliseconds in repetition 217
tcp_ping received 65536 bytes back
Round trip time was 1.66034 milliseconds in repetition 218
tcp_ping received 65536 bytes back
Round trip time was 1.55431 milliseconds in repetition 219
tcp_ping received 65536 bytes back
Round trip time was 1.64894 milliseconds in repetition 220
tcp_ping received 65536 bytes back
Round trip time was 1.533 milliseconds in repetition 221
tcp_ping received 65536 bytes back
Round trip time was 1.71901 milliseconds in repetition 222
tcp_ping received 65536 bytes back
Round trip time was 1.92402 milliseconds in repetition 223
tcp_ping received 65536 bytes back
Round trip time was 1.74733 milliseconds in repetition 224
tcp_ping received 65536 bytes back
Round trip time was 6.51147 milliseconds in repetition 225
tcp_ping received 65536 bytes back
Round trip time was 4.90298 milliseconds in repetition 226
tcp_ping received 65536 bytes back
Round trip time was 1.66657 milliseconds in repetition 227
tcp_ping received 65536 bytes back
Round trip time was 1.51231 milliseconds in repetition 228
tcp_ping received 65536 bytes back
Round trip time was 1.52461 milliseconds in repetition 229
tcp_ping received 65536 bytes back
Round trip time was 2.02023 milliseconds in repetition 230
tcp_ping received 65536 bytes back
Round trip time was 4.96562 milliseconds in repetition 231
tcp_ping received 65536 bytes back
Round trip time was 1.54642 milliseconds in repetition 232
tcp_ping received 65536 bytes back
Round trip time was 1.50427 milliseconds in repetition 233
tcp_ping received 65536 bytes back
Round trip time was 1.51269 milliseconds in repetition 234
tcp_ping received 65536 bytes back
Round trip time was 3.11139 milliseconds in repetition 235
tcp_ping received 65536 bytes back
Round trip time was 1.54882 milliseconds in repetition 236
tcp_ping received 65536 bytes back
Round trip time was 1.49819 milliseconds in repetition 237
tcp_ping received 65536 bytes back
Round trip time was 5.85786 milliseconds in repetition 238
tcp_ping received 65536 bytes back
Round trip time was 1.62987 milliseconds in repetition 239
tcp_ping received 65536 bytes back
Round trip time was 2.06432 milliseconds in repetition 240
tcp_ping received 65536 bytes back
Round trip time was 2.31787 milliseconds in repetition 241
tcp_ping received 65536 bytes back
Round trip time was 1.83335 milliseconds in repetition 242
tcp_ping received 65536 bytes back
Round trip time was 1.63554 milliseconds in repetition 243
tcp_ping received 65536 bytes back
Round trip time was 1.57865 milliseconds in repetition 244
tcp_ping received 65536 bytes back
Round trip time was 1.5941 milliseconds in repetition 245
tcp_ping received 65536 bytes back
Round trip time was 1.59861 milliseconds in repetition 246
tcp_ping received 65536 bytes back
Round trip time was 1.60505 milliseconds in repetition 247
tcp_ping received 65536 bytes back
Round trip time was 1.58201 milliseconds in repetition 248
tcp_ping received 65536 bytes back
Round trip time was 1.60464 milliseconds in repetition 249
tcp_ping received 65536 bytes back
Round trip time was 1.58274 milliseconds in repetition 250
tcp_ping received 65536 bytes back
Round trip time was 1.54697 milliseconds in repetition 251
tcp_ping received 65536 bytes back
Round trip time was 1.56721 milliseconds in repetition 252
tcp_ping received 65536 bytes back
Round trip time was 1.99427 milliseconds in repetition 253
tcp_ping received 65536 bytes back
Round trip time was 1.56912 milliseconds in repetition 254
tcp_ping received 65536 bytes back
Round trip time was 1.62137 milliseconds in repetition 255
tcp_ping received 65536 bytes back
Round trip time was 1.57984 milliseconds in repetition 256
tcp_ping received 65536 bytes back
Round trip time was 1.57378 milliseconds in repetition 257
tcp_ping received 65536 bytes back
Round trip time was 1.61839 milliseconds in repetition 258
tcp_ping received 65536 bytes back
Round trip time was 1.58971 milliseconds in repetition 259
tcp_ping received 65536 bytes back
Round trip time was 1.59861 milliseconds in repetition 260
tcp_ping received 65536 bytes back
Round trip time was 1.54631 milliseconds in repetition 261
tcp_ping received 65536 bytes back
Round trip time was 1.64469 milliseconds in repetition 262
tcp_ping received 65536 bytes back
Round trip time was 1.65111 milliseconds in repetition 263
tcp_ping received 65536 bytes back
Round trip time was 1.58111 milliseconds in repetition 264
tcp_ping received 65536 bytes back
Round trip time was 1.63871 milliseconds in repetition 265
tcp_ping received 65536 bytes back
Round trip time was 1.58827 milliseconds in repetition 266
tcp_ping received 65536 bytes back
Round trip time was 1.58228 milliseconds in repetition 267
tcp_ping received 65536 bytes back
Round trip time was 1.60993 milliseconds in repetition 268
tcp_ping received 65536 bytes back
Round trip time was 1.5892 milliseconds in repetition 269
tcp_ping received 65536 bytes back
Round trip time was 1.60213 milliseconds in repetition 270
tcp_ping received 65536 bytes back
Round trip time was 1.66282 milliseconds in repetition 271
tcp_ping received 65536 bytes back
Round trip time was 1.57749 milliseconds in repetition 272
tcp_ping received 65536 bytes back
Round trip time was 1.63864 milliseconds in repetition 273
tcp_ping received 65536 bytes back
Round trip time was 1.63935 milliseconds in repetition 274
tcp_ping received 65536 bytes back
Round trip time was 1.5989 milliseconds in repetition 275
tcp_ping received 65536 bytes back
Round trip time was 1.63906 milliseconds in repetition 276
tcp_ping received 65536 bytes back
Round trip time was 1.61143 milliseconds in repetition 277
tcp_ping received 65536 bytes back
Round trip time was 1.59208 milliseconds in repetition 278
tcp_ping received 65536 bytes back
Round trip time was 1.61453 milliseconds in repetition 279
tcp_ping received 65536 bytes back
Round trip time was 1.63862 milliseconds in repetition 280
tcp_ping received 65536 bytes back
Round trip time was 1.57566 milliseconds in repetition 281
tcp_ping received 65536 bytes back
Round trip time was 1.65115 milliseconds in repetition 282
tcp_ping received 65536 bytes back
Round trip time was 1.62683 milliseconds in repetition 283
tcp_ping received 65536 bytes back
Round trip time was 1.67842 milliseconds in repetition 284
tcp_ping received 65536 bytes back
Round trip time was 1.75147 milliseconds in repetition 285
tcp_ping received 65536 bytes back
Round trip time was 1.6316 milliseconds in repetition 286
tcp_ping received 65536 bytes back
Round trip time was 1.71148 milliseconds in repetition 287
tcp_ping received 65536 bytes back
Round trip time was 1.76686 milliseconds in repetition 288
tcp_ping received 65536 bytes back
Round trip time was 1.6161 milliseconds in repetition 289
tcp_ping received 65536 bytes back
Round trip time was 1.63327 milliseconds in repetition 290
tcp_ping received 65536 bytes back
Round trip time was 1.71921 milliseconds in repetition 291
tcp_ping received 65536 bytes back
Round trip time was 2.02342 milliseconds in repetition 292
tcp_ping received 65536 bytes back
Round trip time was 1.55892 milliseconds in repetition 293
tcp_ping received 65536 bytes back
Round trip time was 1.61112 milliseconds in repetition 294
tcp_ping received 65536 bytes back
Round trip time was 1.60664 milliseconds in repetition 295
tcp_ping received 65536 bytes back
Round trip time was 1.57051 milliseconds in repetition 296
tcp_ping received 65536 bytes back
Round trip time was 1.58702 milliseconds in repetition 297
tcp_ping received 65536 bytes back
Round trip time was 1.57177 milliseconds in repetition 298
tcp_ping received 65536 bytes back
Round trip time was 1.57443 milliseconds in repetition 299
tcp_ping received 65536 bytes back
Round trip time was 1.64029 milliseconds in repetition 300
tcp_ping received 65536 bytes back
Round trip time was 1.59826 milliseconds in repetition 301
tcp_ping received 65536 bytes back
Round trip time was 1.61221 milliseconds in repetition 302
tcp_ping received 65536 bytes back
Round trip time was 1.6299 milliseconds in repetition 303
tcp_ping received 65536 bytes back
Round trip time was 1.64403 milliseconds in repetition 304
tcp_ping received 65536 bytes back
Round trip time was 1.61519 milliseconds in repetition 305
tcp_ping received 65536 bytes back
Round trip time was 1.58613 milliseconds in repetition 306
tcp_ping received 65536 bytes back
Round trip time was 1.61619 milliseconds in repetition 307
tcp_ping received 65536 bytes back
Round trip time was 1.61321 milliseconds in repetition 308
tcp_ping received 65536 bytes back
Round trip time was 1.60818 milliseconds in repetition 309
tcp_ping received 65536 bytes back
Round trip time was 1.58695 milliseconds in repetition 310
tcp_ping received 65536 bytes back
Round trip time was 1.61551 milliseconds in repetition 311
tcp_ping received 65536 bytes back
Round trip time was 1.68294 milliseconds in repetition 312
tcp_ping received 65536 bytes back
Round trip time was 1.62416 milliseconds in repetition 313
tcp_ping received 65536 bytes back
Round trip time was 1.61463 milliseconds in repetition 314
tcp_ping received 65536 bytes back
Round trip time was 1.60561 milliseconds in repetition 315
tcp_ping received 65536 bytes back
Round trip time was 1.64759 milliseconds in repetition 316
tcp_ping received 65536 bytes back
Round trip time was 1.60025 milliseconds in repetition 317
tcp_ping received 65536 bytes back
Round trip time was 1.64988 milliseconds in repetition 318
tcp_ping received 65536 bytes back
Round trip time was 1.65833 milliseconds in repetition 319
tcp_ping received 65536 bytes back
Round trip time was 1.60183 milliseconds in repetition 320
tcp_ping received 65536 bytes back
Round trip time was 1.64872 milliseconds in repetition 321
tcp_ping received 65536 bytes back
Round trip time was 1.64582 milliseconds in repetition 322
tcp_ping received 65536 bytes back
Round trip time was 1.60166 milliseconds in repetition 323
tcp_ping received 65536 bytes back
Round trip time was 1.63165 milliseconds in repetition 324
tcp_ping received 65536 bytes back
Round trip time was 1.64538 milliseconds in repetition 325
tcp_ping received 65536 bytes back
Round trip time was 1.59804 milliseconds in repetition 326
tcp_ping received 65536 bytes back
Round trip time was 1.62111 milliseconds in repetition 327
tcp_ping received 65536 bytes back
Round trip time was 1.6069 milliseconds in repetition 328
tcp_ping received 65536 bytes back
Round trip time was 1.80362 milliseconds in repetition 329
tcp_ping received 65536 bytes back
Round trip time was 1.71547 milliseconds in repetition 330
tcp_ping received 65536 bytes back
Round trip time was 1.8011 milliseconds in repetition 331
tcp_ping received 65536 bytes back
Round trip time was 1.64529 milliseconds in repetition 332
tcp_ping received 65536 bytes back
Round trip time was 1.88415 milliseconds in repetition 333
tcp_ping received 65536 bytes back
Round trip time was 1.9558 milliseconds in repetition 334
tcp_ping received 65536 bytes back
Round trip time was 1.77259 milliseconds in repetition 335
tcp_ping received 65536 bytes back
Round trip time was 2.00403 milliseconds in repetition 336
tcp_ping received 65536 bytes back
Round trip time was 1.60036 milliseconds in repetition 337
tcp_ping received 65536 bytes back
Round trip time was 1.56508 milliseconds in repetition 338
tcp_ping received 65536 bytes back
Round trip time was 1.61537 milliseconds in repetition 339
tcp_ping received 65536 bytes back
Round trip time was 1.62739 milliseconds in repetition 340
tcp_ping received 65536 bytes back
Round trip time was 1.55957 milliseconds in repetition 341
tcp_ping received 65536 bytes back
Round trip time was 1.63164 milliseconds in repetition 342
tcp_ping received 65536 bytes back
Round trip time was 1.56308 milliseconds in repetition 343
tcp_ping received 65536 bytes back
Round trip time was 1.70292 milliseconds in repetition 344
tcp_ping received 65536 bytes back
Round trip time was 1.60325 milliseconds in repetition 345
tcp_ping received 65536 bytes back
Round trip time was 1.58093 milliseconds in repetition 346
tcp_ping received 65536 bytes back
Round trip time was 1.6743 milliseconds in repetition 347
tcp_ping received 65536 bytes back
Round trip time was 1.61884 milliseconds in repetition 348
tcp_ping received 65536 bytes back
Round trip time was 1.60498 milliseconds in repetition 349
tcp_ping received 65536 bytes back
Round trip time was 1.62018 milliseconds in repetition 350
tcp_ping received 65536 bytes back
Round trip time was 1.60387 milliseconds in repetition 351
tcp_ping received 65536 bytes back
Round trip time was 1.64347 milliseconds in repetition 352
tcp_ping received 65536 bytes back
Round trip time was 1.61353 milliseconds in repetition 353
tcp_ping received 65536 bytes back
Round trip time was 1.63734 milliseconds in repetition 354
tcp_ping received 65536 bytes back
Round trip time was 1.59565 milliseconds in repetition 355
tcp_ping received 65536 bytes back
Round trip time was 1.60818 milliseconds in repetition 356
tcp_ping received 65536 bytes back
Round trip time was 1.62123 milliseconds in repetition 357
tcp_ping received 65536 bytes back
Round trip time was 1.60959 milliseconds in repetition 358
tcp_ping received 65536 bytes back
Round trip time was 1.58308 milliseconds in repetition 359
tcp_ping received 65536 bytes back
Round trip time was 1.62659 milliseconds in repetition 360
tcp_ping received 65536 bytes back
Round trip time was 1.61237 milliseconds in repetition 361
tcp_ping received 65536 bytes back
Round trip time was 1.62866 milliseconds in repetition 362
tcp_ping received 65536 bytes back
Round trip time was 1.61916 milliseconds in repetition 363
tcp_ping received 65536 bytes back
Round trip time was 1.60038 milliseconds in repetition 364
tcp_ping received 65536 bytes back
Round trip time was 1.58078 milliseconds in repetition 365
tcp_ping received 65536 bytes back
Round trip time was 1.62174 milliseconds in repetition 366
tcp_ping received 65536 bytes back
Round trip time was 1.62499 milliseconds in repetition 367
tcp_ping received 65536 bytes back
Round trip time was 1.59914 milliseconds in repetition 368
tcp_ping received 65536 bytes back
Round trip time was 1.63379 milliseconds in repetition 369
tcp_ping received 65536 bytes back
Round trip time was 1.58849 milliseconds in repetition 370
tcp_ping received 65536 bytes back
Round trip time was 1.61776 milliseconds in repetition 371
tcp_ping received 65536 bytes back
Round trip time was 1.65646 milliseconds in repetition 372
tcp_ping received 65536 bytes back
Round trip time was 1.59753 milliseconds in repetition 373
tcp_ping received 65536 bytes back
Round trip time was 1.61168 milliseconds in repetition 374
tcp_ping received 65536 bytes back
Round trip time was 1.58686 milliseconds in repetition 375
tcp_ping received 65536 bytes back
Round trip time was 1.62059 milliseconds in repetition 376
tcp_ping received 65536 bytes back
Round trip time was 1.60641 milliseconds in repetition 377
tcp_ping received 65536 bytes back
Round trip time was 1.6001 milliseconds in repetition 378
tcp_ping received 65536 bytes back
Round trip time was 1.63313 milliseconds in repetition 379
tcp_ping received 65536 bytes back
Round trip time was 1.58388 milliseconds in repetition 380
tcp_ping received 65536 bytes back
Round trip time was 1.61432 milliseconds in repetition 381
tcp_ping received 65536 bytes back
Round trip time was 1.61048 milliseconds in repetition 382
tcp_ping received 65536 bytes back
Round trip time was 1.59174 milliseconds in repetition 383
tcp_ping received 65536 bytes back
Round trip time was 1.65004 milliseconds in repetition 384
tcp_ping received 65536 bytes back
Round trip time was 1.63927 milliseconds in repetition 385
tcp_ping received 65536 bytes back
Round trip time was 1.58872 milliseconds in repetition 386
tcp_ping received 65536 bytes back
Round trip time was 1.62631 milliseconds in repetition 387
tcp_ping received 65536 bytes back
Round trip time was 1.63966 milliseconds in repetition 388
tcp_ping received 65536 bytes back
Round trip time was 1.60521 milliseconds in repetition 389
tcp_ping received 65536 bytes back
Round trip time was 1.61367 milliseconds in repetition 390
tcp_ping received 65536 bytes back
Round trip time was 1.59301 milliseconds in repetition 391
tcp_ping received 65536 bytes back
Round trip time was 1.6045 milliseconds in repetition 392
tcp_ping received 65536 bytes back
Round trip time was 1.62624 milliseconds in repetition 393
tcp_ping received 65536 bytes back
Round trip time was 1.61368 milliseconds in repetition 394
tcp_ping received 65536 bytes back
Round trip time was 1.62087 milliseconds in repetition 395
tcp_ping received 65536 bytes back
Round trip time was 1.62433 milliseconds in repetition 396
tcp_ping received 65536 bytes back
Round trip time was 1.59286 milliseconds in repetition 397
tcp_ping received 65536 bytes back
Round trip time was 1.82637 milliseconds in repetition 398
tcp_ping received 65536 bytes back
Round trip time was 1.65 milliseconds in repetition 399
tcp_ping received 65536 bytes back
Round trip time was 1.62025 milliseconds in repetition 400
tcp_ping received 65536 bytes back
Round trip time was 1.65663 milliseconds in repetition 401
tcp_ping received 65536 bytes back
Round trip time was 1.69301 milliseconds in repetition 402
tcp_ping received 65536 bytes back
Round trip time was 1.63056 milliseconds in repetition 403
tcp_ping received 65536 bytes back
Round trip time was 1.60869 milliseconds in repetition 404
tcp_ping received 65536 bytes back
Round trip time was 1.60848 milliseconds in repetition 405
tcp_ping received 65536 bytes back
Round trip time was 1.64914 milliseconds in repetition 406
tcp_ping received 65536 bytes back
Round trip time was 1.61923 milliseconds in repetition 407
tcp_ping received 65536 bytes back
Round trip time was 1.57166 milliseconds in repetition 408
tcp_ping received 65536 bytes back
Round trip time was 1.61669 milliseconds in repetition 409
tcp_ping received 65536 bytes back
Round trip time was 1.72986 milliseconds in repetition 410
tcp_ping received 65536 bytes back
Round trip time was 1.61662 milliseconds in repetition 411
tcp_ping received 65536 bytes back
Round trip time was 1.68375 milliseconds in repetition 412
tcp_ping received 65536 bytes back
Round trip time was 1.67292 milliseconds in repetition 413
tcp_ping received 65536 bytes back
Round trip time was 1.62069 milliseconds in repetition 414
tcp_ping received 65536 bytes back
Round trip time was 1.61019 milliseconds in repetition 415
tcp_ping received 65536 bytes back
Round trip time was 1.62724 milliseconds in repetition 416
tcp_ping received 65536 bytes back
Round trip time was 2.54727 milliseconds in repetition 417
tcp_ping received 65536 bytes back
Round trip time was 5.82963 milliseconds in repetition 418
tcp_ping received 65536 bytes back
Round trip time was 1.96399 milliseconds in repetition 419
tcp_ping received 65536 bytes back
Round trip time was 1.67653 milliseconds in repetition 420
tcp_ping received 65536 bytes back
Round trip time was 1.68981 milliseconds in repetition 421
tcp_ping received 65536 bytes back
Round trip time was 1.72317 milliseconds in repetition 422
tcp_ping received 65536 bytes back
Round trip time was 2.2739 milliseconds in repetition 423
tcp_ping received 65536 bytes back
Round trip time was 1.71598 milliseconds in repetition 424
tcp_ping received 65536 bytes back
Round trip time was 1.68382 milliseconds in repetition 425
tcp_ping received 65536 bytes back
Round trip time was 1.68103 milliseconds in repetition 426
tcp_ping received 65536 bytes back
Round trip time was 1.68821 milliseconds in repetition 427
tcp_ping received 65536 bytes back
Round trip time was 1.67546 milliseconds in repetition 428
tcp_ping received 65536 bytes back
Round trip time was 2.08929 milliseconds in repetition 429
tcp_ping received 65536 bytes back
Round trip time was 1.89838 milliseconds in repetition 430
tcp_ping received 65536 bytes back
Round trip time was 1.72979 milliseconds in repetition 431
tcp_ping received 65536 bytes back
Round trip time was 1.66383 milliseconds in repetition 432
tcp_ping received 65536 bytes back
Round trip time was 1.79399 milliseconds in repetition 433
tcp_ping received 65536 bytes back
Round trip time was 1.68991 milliseconds in repetition 434
tcp_ping received 65536 bytes back
Round trip time was 1.68289 milliseconds in repetition 435
tcp_ping received 65536 bytes back
Round trip time was 1.76974 milliseconds in repetition 436
tcp_ping received 65536 bytes back
Round trip time was 1.75376 milliseconds in repetition 437
tcp_ping received 65536 bytes back
Round trip time was 4.03033 milliseconds in repetition 438
tcp_ping received 65536 bytes back
Round trip time was 1.7351 milliseconds in repetition 439
tcp_ping received 65536 bytes back
Round trip time was 1.65739 milliseconds in repetition 440
tcp_ping received 65536 bytes back
Round trip time was 1.54793 milliseconds in repetition 441
tcp_ping received 65536 bytes back
Round trip time was 1.48385 milliseconds in repetition 442
tcp_ping received 65536 bytes back
Round trip time was 1.52517 milliseconds in repetition 443
tcp_ping received 65536 bytes back
Round trip time was 1.47418 milliseconds in repetition 444
tcp_ping received 65536 bytes back
Round trip time was 1.50976 milliseconds in repetition 445
tcp_ping received 65536 bytes back
Round trip time was 1.43905 milliseconds in repetition 446
tcp_ping received 65536 bytes back
Round trip time was 1.82565 milliseconds in repetition 447
tcp_ping received 65536 bytes back
Round trip time was 2.27213 milliseconds in repetition 448
tcp_ping received 65536 bytes back
Round trip time was 1.51141 milliseconds in repetition 449
tcp_ping received 65536 bytes back
Round trip time was 1.60945 milliseconds in repetition 450
tcp_ping received 65536 bytes back
Round trip time was 1.44788 milliseconds in repetition 451
tcp_ping received 65536 bytes back
Round trip time was 1.52425 milliseconds in repetition 452
tcp_ping received 65536 bytes back
Round trip time was 1.51358 milliseconds in repetition 453
tcp_ping received 65536 bytes back
Round trip time was 1.47307 milliseconds in repetition 454
tcp_ping received 65536 bytes back
Round trip time was 1.52034 milliseconds in repetition 455
tcp_ping received 65536 bytes back
Round trip time was 1.54439 milliseconds in repetition 456
tcp_ping received 65536 bytes back
Round trip time was 3.34465 milliseconds in repetition 457
tcp_ping received 65536 bytes back
Round trip time was 1.78524 milliseconds in repetition 458
tcp_ping received 65536 bytes back
Round trip time was 1.52621 milliseconds in repetition 459
tcp_ping received 65536 bytes back
Round trip time was 1.55741 milliseconds in repetition 460
tcp_ping received 65536 bytes back
Round trip time was 1.45616 milliseconds in repetition 461
tcp_ping received 65536 bytes back
Round trip time was 1.52288 milliseconds in repetition 462
tcp_ping received 65536 bytes back
Round trip time was 1.44277 milliseconds in repetition 463
tcp_ping received 65536 bytes back
Round trip time was 1.52226 milliseconds in repetition 464
tcp_ping received 65536 bytes back
Round trip time was 1.49781 milliseconds in repetition 465
tcp_ping received 65536 bytes back
Round trip time was 1.52738 milliseconds in repetition 466
tcp_ping received 65536 bytes back
Round trip time was 1.77087 milliseconds in repetition 467
tcp_ping received 65536 bytes back
Round trip time was 1.68784 milliseconds in repetition 468
tcp_ping received 65536 bytes back
Round trip time was 1.51384 milliseconds in repetition 469
tcp_ping received 65536 bytes back
Round trip time was 1.44035 milliseconds in repetition 470
tcp_ping received 65536 bytes back
Round trip time was 1.4708 milliseconds in repetition 471
tcp_ping received 65536 bytes back
Round trip time was 1.43669 milliseconds in repetition 472
tcp_ping received 65536 bytes back
Round trip time was 1.45453 milliseconds in repetition 473
tcp_ping received 65536 bytes back
Round trip time was 1.44375 milliseconds in repetition 474
tcp_ping received 65536 bytes back
Round trip time was 1.46034 milliseconds in repetition 475
tcp_ping received 65536 bytes back
Round trip time was 1.46845 milliseconds in repetition 476
tcp_ping received 65536 bytes back
Round trip time was 1.45634 milliseconds in repetition 477
tcp_ping received 65536 bytes back
Round trip time was 1.60952 milliseconds in repetition 478
tcp_ping received 65536 bytes back
Round trip time was 1.43965 milliseconds in repetition 479
tcp_ping received 65536 bytes back
Round trip time was 1.7712 milliseconds in repetition 480
tcp_ping received 65536 bytes back
Round trip time was 1.73126 milliseconds in repetition 481
tcp_ping received 65536 bytes back
Round trip time was 1.67457 milliseconds in repetition 482
tcp_ping received 65536 bytes back
Round trip time was 1.66134 milliseconds in repetition 483
tcp_ping received 65536 bytes back
Round trip time was 1.63722 milliseconds in repetition 484
tcp_ping received 65536 bytes back
Round trip time was 1.63984 milliseconds in repetition 485
tcp_ping received 65536 bytes back
Round trip time was 1.72535 milliseconds in repetition 486
tcp_ping received 65536 bytes back
Round trip time was 1.67633 milliseconds in repetition 487
tcp_ping received 65536 bytes back
Round trip time was 1.72169 milliseconds in repetition 488
tcp_ping received 65536 bytes back
Round trip time was 1.62347 milliseconds in repetition 489
tcp_ping received 65536 bytes back
Round trip time was 1.61268 milliseconds in repetition 490
tcp_ping received 65536 bytes back
Round trip time was 1.62335 milliseconds in repetition 491
tcp_ping received 65536 bytes back
Round trip time was 1.62147 milliseconds in repetition 492
tcp_ping received 65536 bytes back
Round trip time was 1.5971 milliseconds in repetition 493
tcp_ping received 65536 bytes back
Round trip time was 1.66632 milliseconds in repetition 494
tcp_ping received 65536 bytes back
Round trip time was 1.63671 milliseconds in repetition 495
tcp_ping received 65536 bytes back
Round trip time was 1.59038 milliseconds in repetition 496
tcp_ping received 65536 bytes back
Round trip time was 1.73417 milliseconds in repetition 497
tcp_ping received 65536 bytes back
Round trip time was 1.67456 milliseconds in repetition 498
tcp_ping received 65536 bytes back
Round trip time was 1.60036 milliseconds in repetition 499
tcp_ping received 65536 bytes back
Round trip time was 1.61868 milliseconds in repetition 500
tcp_ping received 65536 bytes back
Round trip time was 1.63001 milliseconds in repetition 501

 ... clock resolution was 1e-06
TCP Ping:  Statistics over 501 repetitions of 65536 byte messages

RTT : percentile 10: 1.44779, median: 1.59565, percentile 90: 1.77259, average: 1.67793, variance: 0.471379

RTT histogram:
1.43192 431
2.00769 55
2.58345 5
3.15922 2
3.73498 1
4.31074 1
4.88651 2
5.46227 0
6.03804 2
6.6138 1
7.18957 0
7.76533 0
8.34109 0
8.91686 0
9.49262 0
10.0684 0
10.6441 0
11.2199 0
11.7957 0
12.3714 0
12.9472 1

   median Throughput : 82143.3 KB/s   overall Throughput : 78115.2 KB/s

