TCP Ping trying to connect to server localhost (127.0.0.1) on port 1491
 ... connected to Pong server: asking for 501 repetitions of 768 bytes TCP messages
 ... Pong server agreed :-)
tcp_ping received 768 bytes back
Round trip time was 0.198552 milliseconds in repetition 1
tcp_ping received 768 bytes back
Round trip time was 0.099848 milliseconds in repetition 2
tcp_ping received 768 bytes back
Round trip time was 0.086492 milliseconds in repetition 3
tcp_ping received 768 bytes back
Round trip time was 0.06917 milliseconds in repetition 4
tcp_ping received 768 bytes back
Round trip time was 0.059541 milliseconds in repetition 5
tcp_ping received 768 bytes back
Round trip time was 0.054261 milliseconds in repetition 6
tcp_ping received 768 bytes back
Round trip time was 0.050515 milliseconds in repetition 7
tcp_ping received 768 bytes back
Round trip time was 0.19235 milliseconds in repetition 8
tcp_ping received 768 bytes back
Round trip time was 0.074128 milliseconds in repetition 9
tcp_ping received 768 bytes back
Round trip time was 0.05395 milliseconds in repetition 10
tcp_ping received 768 bytes back
Round trip time was 0.052378 milliseconds in repetition 11
tcp_ping received 768 bytes back
Round trip time was 0.055735 milliseconds in repetition 12
tcp_ping received 768 bytes back
Round trip time was 0.054642 milliseconds in repetition 13
tcp_ping received 768 bytes back
Round trip time was 0.062837 milliseconds in repetition 14
tcp_ping received 768 bytes back
Round trip time was 0.059792 milliseconds in repetition 15
tcp_ping received 768 bytes back
Round trip time was 0.052699 milliseconds in repetition 16
tcp_ping received 768 bytes back
Round trip time was 0.06409 milliseconds in repetition 17
tcp_ping received 768 bytes back
Round trip time was 0.060423 milliseconds in repetition 18
tcp_ping received 768 bytes back
Round trip time was 0.054361 milliseconds in repetition 19
tcp_ping received 768 bytes back
Round trip time was 0.066275 milliseconds in repetition 20
tcp_ping received 768 bytes back
Round trip time was 0.38167 milliseconds in repetition 21
tcp_ping received 768 bytes back
Round trip time was 0.044784 milliseconds in repetition 22
tcp_ping received 768 bytes back
Round trip time was 0.040114 milliseconds in repetition 23
tcp_ping received 768 bytes back
Round trip time was 0.039074 milliseconds in repetition 24
tcp_ping received 768 bytes back
Round trip time was 0.038984 milliseconds in repetition 25
tcp_ping received 768 bytes back
Round trip time was 0.038882 milliseconds in repetition 26
tcp_ping received 768 bytes back
Round trip time was 0.038813 milliseconds in repetition 27
tcp_ping received 768 bytes back
Round trip time was 0.038813 milliseconds in repetition 28
tcp_ping received 768 bytes back
Round trip time was 0.038843 milliseconds in repetition 29
tcp_ping received 768 bytes back
Round trip time was 0.039314 milliseconds in repetition 30
tcp_ping received 768 bytes back
Round trip time was 0.039093 milliseconds in repetition 31
tcp_ping received 768 bytes back
Round trip time was 0.038984 milliseconds in repetition 32
tcp_ping received 768 bytes back
Round trip time was 0.038913 milliseconds in repetition 33
tcp_ping received 768 bytes back
Round trip time was 0.038852 milliseconds in repetition 34
tcp_ping received 768 bytes back
Round trip time was 0.099577 milliseconds in repetition 35
tcp_ping received 768 bytes back
Round trip time was 0.040114 milliseconds in repetition 36
tcp_ping received 768 bytes back
Round trip time was 0.040085 milliseconds in repetition 37
tcp_ping received 768 bytes back
Round trip time was 0.039293 milliseconds in repetition 38
tcp_ping received 768 bytes back
Round trip time was 0.038914 milliseconds in repetition 39
tcp_ping received 768 bytes back
Round trip time was 0.038682 milliseconds in repetition 40
tcp_ping received 768 bytes back
Round trip time was 0.038822 milliseconds in repetition 41
tcp_ping received 768 bytes back
Round trip time was 0.210274 milliseconds in repetition 42
tcp_ping received 768 bytes back
Round trip time was 0.040737 milliseconds in repetition 43
tcp_ping received 768 bytes back
Round trip time was 0.070423 milliseconds in repetition 44
tcp_ping received 768 bytes back
Round trip time was 0.040275 milliseconds in repetition 45
tcp_ping received 768 bytes back
Round trip time was 0.039003 milliseconds in repetition 46
tcp_ping received 768 bytes back
Round trip time was 0.040966 milliseconds in repetition 47
tcp_ping received 768 bytes back
Round trip time was 0.097132 milliseconds in repetition 48
tcp_ping received 768 bytes back
Round trip time was 0.055694 milliseconds in repetition 49
tcp_ping received 768 bytes back
Round trip time was 0.039234 milliseconds in repetition 50
tcp_ping received 768 bytes back
Round trip time was 0.038972 milliseconds in repetition 51
tcp_ping received 768 bytes back
Round trip time was 0.039383 milliseconds in repetition 52
tcp_ping received 768 bytes back
Round trip time was 0.039134 milliseconds in repetition 53
tcp_ping received 768 bytes back
Round trip time was 0.083436 milliseconds in repetition 54
tcp_ping received 768 bytes back
Round trip time was 0.044704 milliseconds in repetition 55
tcp_ping received 768 bytes back
Round trip time was 0.039032 milliseconds in repetition 56
tcp_ping received 768 bytes back
Round trip time was 0.039053 milliseconds in repetition 57
tcp_ping received 768 bytes back
Round trip time was 0.039084 milliseconds in repetition 58
tcp_ping received 768 bytes back
Round trip time was 0.040446 milliseconds in repetition 59
tcp_ping received 768 bytes back
Round trip time was 0.038874 milliseconds in repetition 60
tcp_ping received 768 bytes back
Round trip time was 0.038863 milliseconds in repetition 61
tcp_ping received 768 bytes back
Round trip time was 0.038913 milliseconds in repetition 62
tcp_ping received 768 bytes back
Round trip time was 0.038923 milliseconds in repetition 63
tcp_ping received 768 bytes back
Round trip time was 0.039184 milliseconds in repetition 64
tcp_ping received 768 bytes back
Round trip time was 0.038802 milliseconds in repetition 65
tcp_ping received 768 bytes back
Round trip time was 0.038853 milliseconds in repetition 66
tcp_ping received 768 bytes back
Round trip time was 0.038814 milliseconds in repetition 67
tcp_ping received 768 bytes back
Round trip time was 0.083086 milliseconds in repetition 68
tcp_ping received 768 bytes back
Round trip time was 0.045787 milliseconds in repetition 69
tcp_ping received 768 bytes back
Round trip time was 0.038823 milliseconds in repetition 70
tcp_ping received 768 bytes back
Round trip time was 0.039083 milliseconds in repetition 71
tcp_ping received 768 bytes back
Round trip time was 0.039454 milliseconds in repetition 72
tcp_ping received 768 bytes back
Round trip time was 0.038933 milliseconds in repetition 73
tcp_ping received 768 bytes back
Round trip time was 0.039645 milliseconds in repetition 74
tcp_ping received 768 bytes back
Round trip time was 0.038823 milliseconds in repetition 75
tcp_ping received 768 bytes back
Round trip time was 0.038813 milliseconds in repetition 76
tcp_ping received 768 bytes back
Round trip time was 0.038783 milliseconds in repetition 77
tcp_ping received 768 bytes back
Round trip time was 0.039054 milliseconds in repetition 78
tcp_ping received 768 bytes back
Round trip time was 0.038743 milliseconds in repetition 79
tcp_ping received 768 bytes back
Round trip time was 0.038784 milliseconds in repetition 80
tcp_ping received 768 bytes back
Round trip time was 0.038784 milliseconds in repetition 81
tcp_ping received 768 bytes back
Round trip time was 0.038893 milliseconds in repetition 82
tcp_ping received 768 bytes back
Round trip time was 0.039475 milliseconds in repetition 83
tcp_ping received 768 bytes back
Round trip time was 0.038773 milliseconds in repetition 84
tcp_ping received 768 bytes back
Round trip time was 0.038843 milliseconds in repetition 85
tcp_ping received 768 bytes back
Round trip time was 0.038792 milliseconds in repetition 86
tcp_ping received 768 bytes back
Round trip time was 0.038933 milliseconds in repetition 87
tcp_ping received 768 bytes back
Round trip time was 0.038783 milliseconds in repetition 88
tcp_ping received 768 bytes back
Round trip time was 0.05903 milliseconds in repetition 89
tcp_ping received 768 bytes back
Round trip time was 0.039062 milliseconds in repetition 90
tcp_ping received 768 bytes back
Round trip time was 0.038874 milliseconds in repetition 91
tcp_ping received 768 bytes back
Round trip time was 0.038853 milliseconds in repetition 92
tcp_ping received 768 bytes back
Round trip time was 0.039274 milliseconds in repetition 93
tcp_ping received 768 bytes back
Round trip time was 0.039033 milliseconds in repetition 94
tcp_ping received 768 bytes back
Round trip time was 0.038942 milliseconds in repetition 95
tcp_ping received 768 bytes back
Round trip time was 0.038954 milliseconds in repetition 96
tcp_ping received 768 bytes back
Round trip time was 0.038722 milliseconds in repetition 97
tcp_ping received 768 bytes back
Round trip time was 0.038933 milliseconds in repetition 98
tcp_ping received 768 bytes back
Round trip time was 0.038783 milliseconds in repetition 99
tcp_ping received 768 bytes back
Round trip time was 0.038703 milliseconds in repetition 100
tcp_ping received 768 bytes back
Round trip time was 0.038794 milliseconds in repetition 101
tcp_ping received 768 bytes back
Round trip time was 0.038964 milliseconds in repetition 102
tcp_ping received 768 bytes back
Round trip time was 0.038983 milliseconds in repetition 103
tcp_ping received 768 bytes back
Round trip time was 0.038763 milliseconds in repetition 104
tcp_ping received 768 bytes back
Round trip time was 0.038672 milliseconds in repetition 105
tcp_ping received 768 bytes back
Round trip time was 0.039063 milliseconds in repetition 106
tcp_ping received 768 bytes back
Round trip time was 0.038953 milliseconds in repetition 107
tcp_ping received 768 bytes back
Round trip time was 0.088085 milliseconds in repetition 108
tcp_ping received 768 bytes back
Round trip time was 0.039984 milliseconds in repetition 109
tcp_ping received 768 bytes back
Round trip time was 0.039082 milliseconds in repetition 110
tcp_ping received 768 bytes back
Round trip time was 0.039143 milliseconds in repetition 111
tcp_ping received 768 bytes back
Round trip time was 0.038923 milliseconds in repetition 112
tcp_ping received 768 bytes back
Round trip time was 0.038863 milliseconds in repetition 113
tcp_ping received 768 bytes back
Round trip time was 0.038763 milliseconds in repetition 114
tcp_ping received 768 bytes back
Round trip time was 0.038923 milliseconds in repetition 115
tcp_ping received 768 bytes back
Round trip time was 0.039543 milliseconds in repetition 116
tcp_ping received 768 bytes back
Round trip time was 0.039234 milliseconds in repetition 117
tcp_ping received 768 bytes back
Round trip time was 0.038912 milliseconds in repetition 118
tcp_ping received 768 bytes back
Round trip time was 0.038974 milliseconds in repetition 119
tcp_ping received 768 bytes back
Round trip time was 0.039704 milliseconds in repetition 120
tcp_ping received 768 bytes back
Round trip time was 0.038894 milliseconds in repetition 121
tcp_ping received 768 bytes back
Round trip time was 0.038963 milliseconds in repetition 122
tcp_ping received 768 bytes back
Round trip time was 0.038822 milliseconds in repetition 123
tcp_ping received 768 bytes back
Round trip time was 0.039054 milliseconds in repetition 124
tcp_ping received 768 bytes back
Round trip time was 0.039094 milliseconds in repetition 125
tcp_ping received 768 bytes back
Round trip time was 0.039074 milliseconds in repetition 126
tcp_ping received 768 bytes back
Round trip time was 0.038893 milliseconds in repetition 127
tcp_ping received 768 bytes back
Round trip time was 0.039074 milliseconds in repetition 128
tcp_ping received 768 bytes back
Round trip time was 0.066214 milliseconds in repetition 129
tcp_ping received 768 bytes back
Round trip time was 0.041347 milliseconds in repetition 130
tcp_ping received 768 bytes back
Round trip time was 0.038962 milliseconds in repetition 131
tcp_ping received 768 bytes back
Round trip time was 0.038984 milliseconds in repetition 132
tcp_ping received 768 bytes back
Round trip time was 0.043321 milliseconds in repetition 133
tcp_ping received 768 bytes back
Round trip time was 0.039414 milliseconds in repetition 134
tcp_ping received 768 bytes back
Round trip time was 0.039124 milliseconds in repetition 135
tcp_ping received 768 bytes back
Round trip time was 0.039263 milliseconds in repetition 136
tcp_ping received 768 bytes back
Round trip time was 0.038944 milliseconds in repetition 137
tcp_ping received 768 bytes back
Round trip time was 0.039413 milliseconds in repetition 138
tcp_ping received 768 bytes back
Round trip time was 0.039425 milliseconds in repetition 139
tcp_ping received 768 bytes back
Round trip time was 0.039032 milliseconds in repetition 140
tcp_ping received 768 bytes back
Round trip time was 0.038862 milliseconds in repetition 141
tcp_ping received 768 bytes back
Round trip time was 0.038913 milliseconds in repetition 142
tcp_ping received 768 bytes back
Round trip time was 0.038992 milliseconds in repetition 143
tcp_ping received 768 bytes back
Round trip time was 0.039615 milliseconds in repetition 144
tcp_ping received 768 bytes back
Round trip time was 0.038813 milliseconds in repetition 145
tcp_ping received 768 bytes back
Round trip time was 0.038833 milliseconds in repetition 146
tcp_ping received 768 bytes back
Round trip time was 0.038993 milliseconds in repetition 147
tcp_ping received 768 bytes back
Round trip time was 0.039375 milliseconds in repetition 148
tcp_ping received 768 bytes back
Round trip time was 0.060233 milliseconds in repetition 149
tcp_ping received 768 bytes back
Round trip time was 0.048331 milliseconds in repetition 150
tcp_ping received 768 bytes back
Round trip time was 0.039414 milliseconds in repetition 151
tcp_ping received 768 bytes back
Round trip time was 0.039915 milliseconds in repetition 152
tcp_ping received 768 bytes back
Round trip time was 0.039173 milliseconds in repetition 153
tcp_ping received 768 bytes back
Round trip time was 0.038813 milliseconds in repetition 154
tcp_ping received 768 bytes back
Round trip time was 0.038843 milliseconds in repetition 155
tcp_ping received 768 bytes back
Round trip time was 0.038713 milliseconds in repetition 156
tcp_ping received 768 bytes back
Round trip time was 0.039404 milliseconds in repetition 157
tcp_ping received 768 bytes back
Round trip time was 0.038753 milliseconds in repetition 158
tcp_ping received 768 bytes back
Round trip time was 0.038783 milliseconds in repetition 159
tcp_ping received 768 bytes back
Round trip time was 0.038983 milliseconds in repetition 160
tcp_ping received 768 bytes back
Round trip time was 0.038913 milliseconds in repetition 161
tcp_ping received 768 bytes back
Round trip time was 0.039164 milliseconds in repetition 162
tcp_ping received 768 bytes back
Round trip time was 0.039033 milliseconds in repetition 163
tcp_ping received 768 bytes back
Round trip time was 0.038683 milliseconds in repetition 164
tcp_ping received 768 bytes back
Round trip time was 0.038712 milliseconds in repetition 165
tcp_ping received 768 bytes back
Round trip time was 0.038823 milliseconds in repetition 166
tcp_ping received 768 bytes back
Round trip time was 0.038893 milliseconds in repetition 167
tcp_ping received 768 bytes back
Round trip time was 0.038753 milliseconds in repetition 168
tcp_ping received 768 bytes back
Round trip time was 0.038773 milliseconds in repetition 169
tcp_ping received 768 bytes back
Round trip time was 0.039164 milliseconds in repetition 170
tcp_ping received 768 bytes back
Round trip time was 0.056546 milliseconds in repetition 171
tcp_ping received 768 bytes back
Round trip time was 1.42648 milliseconds in repetition 172
tcp_ping received 768 bytes back
Round trip time was 0.040396 milliseconds in repetition 173
tcp_ping received 768 bytes back
Round trip time was 0.039114 milliseconds in repetition 174
tcp_ping received 768 bytes back
Round trip time was 0.039113 milliseconds in repetition 175
tcp_ping received 768 bytes back
Round trip time was 0.038832 milliseconds in repetition 176
tcp_ping received 768 bytes back
Round trip time was 0.042981 milliseconds in repetition 177
tcp_ping received 768 bytes back
Round trip time was 0.039124 milliseconds in repetition 178
tcp_ping received 768 bytes back
Round trip time was 0.038972 milliseconds in repetition 179
tcp_ping received 768 bytes back
Round trip time was 0.039172 milliseconds in repetition 180
tcp_ping received 768 bytes back
Round trip time was 0.038894 milliseconds in repetition 181
tcp_ping received 768 bytes back
Round trip time was 0.038853 milliseconds in repetition 182
tcp_ping received 768 bytes back
Round trip time was 2.22769 milliseconds in repetition 183
tcp_ping received 768 bytes back
Round trip time was 0.042951 milliseconds in repetition 184
tcp_ping received 768 bytes back
Round trip time was 0.039404 milliseconds in repetition 185
tcp_ping received 768 bytes back
Round trip time was 0.039093 milliseconds in repetition 186
tcp_ping received 768 bytes back
Round trip time was 0.039504 milliseconds in repetition 187
tcp_ping received 768 bytes back
Round trip time was 0.039044 milliseconds in repetition 188
tcp_ping received 768 bytes back
Round trip time was 0.039054 milliseconds in repetition 189
tcp_ping received 768 bytes back
Round trip time was 0.038924 milliseconds in repetition 190
tcp_ping received 768 bytes back
Round trip time was 0.038973 milliseconds in repetition 191
tcp_ping received 768 bytes back
Round trip time was 0.039053 milliseconds in repetition 192
tcp_ping received 768 bytes back
Round trip time was 0.039033 milliseconds in repetition 193
tcp_ping received 768 bytes back
Round trip time was 0.038904 milliseconds in repetition 194
tcp_ping received 768 bytes back
Round trip time was 0.039093 milliseconds in repetition 195
tcp_ping received 768 bytes back
Round trip time was 0.039033 milliseconds in repetition 196
tcp_ping received 768 bytes back
Round trip time was 0.039144 milliseconds in repetition 197
tcp_ping received 768 bytes back
Round trip time was 0.045415 milliseconds in repetition 198
tcp_ping received 768 bytes back
Round trip time was 0.125747 milliseconds in repetition 199
tcp_ping received 768 bytes back
Round trip time was 0.056496 milliseconds in repetition 200
tcp_ping received 768 bytes back
Round trip time was 0.054842 milliseconds in repetition 201
tcp_ping received 768 bytes back
Round trip time was 0.054933 milliseconds in repetition 202
tcp_ping received 768 bytes back
Round trip time was 0.054692 milliseconds in repetition 203
tcp_ping received 768 bytes back
Round trip time was 0.054712 milliseconds in repetition 204
tcp_ping received 768 bytes back
Round trip time was 0.054903 milliseconds in repetition 205
tcp_ping received 768 bytes back
Round trip time was 0.054924 milliseconds in repetition 206
tcp_ping received 768 bytes back
Round trip time was 0.054521 milliseconds in repetition 207
tcp_ping received 768 bytes back
Round trip time was 0.054623 milliseconds in repetition 208
tcp_ping received 768 bytes back
Round trip time was 0.054663 milliseconds in repetition 209
tcp_ping received 768 bytes back
Round trip time was 0.054793 milliseconds in repetition 210
tcp_ping received 768 bytes back
Round trip time was 0.054733 milliseconds in repetition 211
tcp_ping received 768 bytes back
Round trip time was 0.054662 milliseconds in repetition 212
tcp_ping received 768 bytes back
Round trip time was 0.053351 milliseconds in repetition 213
tcp_ping received 768 bytes back
Round trip time was 0.077665 milliseconds in repetition 214
tcp_ping received 768 bytes back
Round trip time was 0.041598 milliseconds in repetition 215
tcp_ping received 768 bytes back
Round trip time was 0.039083 milliseconds in repetition 216
tcp_ping received 768 bytes back
Round trip time was 0.039083 milliseconds in repetition 217
tcp_ping received 768 bytes back
Round trip time was 0.039013 milliseconds in repetition 218
tcp_ping received 768 bytes back
Round trip time was 0.039062 milliseconds in repetition 219
tcp_ping received 768 bytes back
Round trip time was 0.039123 milliseconds in repetition 220
tcp_ping received 768 bytes back
Round trip time was 0.043712 milliseconds in repetition 221
tcp_ping received 768 bytes back
Round trip time was 0.039293 milliseconds in repetition 222
tcp_ping received 768 bytes back
Round trip time was 0.039203 milliseconds in repetition 223
tcp_ping received 768 bytes back
Round trip time was 0.039043 milliseconds in repetition 224
tcp_ping received 768 bytes back
Round trip time was 0.038984 milliseconds in repetition 225
tcp_ping received 768 bytes back
Round trip time was 0.039053 milliseconds in repetition 226
tcp_ping received 768 bytes back
Round trip time was 0.039153 milliseconds in repetition 227
tcp_ping received 768 bytes back
Round trip time was 0.039093 milliseconds in repetition 228
tcp_ping received 768 bytes back
Round trip time was 0.039033 milliseconds in repetition 229
tcp_ping received 768 bytes back
Round trip time was 0.039052 milliseconds in repetition 230
tcp_ping received 768 bytes back
Round trip time was 0.039094 milliseconds in repetition 231
tcp_ping received 768 bytes back
Round trip time was 0.039053 milliseconds in repetition 232
tcp_ping received 768 bytes back
Round trip time was 0.039053 milliseconds in repetition 233
tcp_ping received 768 bytes back
Round trip time was 0.084869 milliseconds in repetition 234
tcp_ping received 768 bytes back
Round trip time was 0.04284 milliseconds in repetition 235
tcp_ping received 768 bytes back
Round trip time was 0.039244 milliseconds in repetition 236
tcp_ping received 768 bytes back
Round trip time was 0.039144 milliseconds in repetition 237
tcp_ping received 768 bytes back
Round trip time was 0.039083 milliseconds in repetition 238
tcp_ping received 768 bytes back
Round trip time was 0.039083 milliseconds in repetition 239
tcp_ping received 768 bytes back
Round trip time was 0.039144 milliseconds in repetition 240
tcp_ping received 768 bytes back
Round trip time was 0.039244 milliseconds in repetition 241
tcp_ping received 768 bytes back
Round trip time was 0.039073 milliseconds in repetition 242
tcp_ping received 768 bytes back
Round trip time was 0.039134 milliseconds in repetition 243
tcp_ping received 768 bytes back
Round trip time was 0.039053 milliseconds in repetition 244
tcp_ping received 768 bytes back
Round trip time was 0.039133 milliseconds in repetition 245
tcp_ping received 768 bytes back
Round trip time was 0.039204 milliseconds in repetition 246
tcp_ping received 768 bytes back
Round trip time was 0.039024 milliseconds in repetition 247
tcp_ping received 768 bytes back
Round trip time was 0.038973 milliseconds in repetition 248
tcp_ping received 768 bytes back
Round trip time was 0.039013 milliseconds in repetition 249
tcp_ping received 768 bytes back
Round trip time was 0.039133 milliseconds in repetition 250
tcp_ping received 768 bytes back
Round trip time was 0.039163 milliseconds in repetition 251
tcp_ping received 768 bytes back
Round trip time was 0.039043 milliseconds in repetition 252
tcp_ping received 768 bytes back
Round trip time was 0.039073 milliseconds in repetition 253
tcp_ping received 768 bytes back
Round trip time was 0.039194 milliseconds in repetition 254
tcp_ping received 768 bytes back
Round trip time was 0.039134 milliseconds in repetition 255
tcp_ping received 768 bytes back
Round trip time was 0.080611 milliseconds in repetition 256
tcp_ping received 768 bytes back
Round trip time was 0.039544 milliseconds in repetition 257
tcp_ping received 768 bytes back
Round trip time was 0.039153 milliseconds in repetition 258
tcp_ping received 768 bytes back
Round trip time was 0.039564 milliseconds in repetition 259
tcp_ping received 768 bytes back
Round trip time was 0.039073 milliseconds in repetition 260
tcp_ping received 768 bytes back
Round trip time was 0.039022 milliseconds in repetition 261
tcp_ping received 768 bytes back
Round trip time was 0.039043 milliseconds in repetition 262
tcp_ping received 768 bytes back
Round trip time was 0.039074 milliseconds in repetition 263
tcp_ping received 768 bytes back
Round trip time was 0.039224 milliseconds in repetition 264
tcp_ping received 768 bytes back
Round trip time was 0.0424 milliseconds in repetition 265
tcp_ping received 768 bytes back
Round trip time was 0.039314 milliseconds in repetition 266
tcp_ping received 768 bytes back
Round trip time was 0.039214 milliseconds in repetition 267
tcp_ping received 768 bytes back
Round trip time was 0.039254 milliseconds in repetition 268
tcp_ping received 768 bytes back
Round trip time was 0.039032 milliseconds in repetition 269
tcp_ping received 768 bytes back
Round trip time was 0.039113 milliseconds in repetition 270
tcp_ping received 768 bytes back
Round trip time was 0.039194 milliseconds in repetition 271
tcp_ping received 768 bytes back
Round trip time was 0.039204 milliseconds in repetition 272
tcp_ping received 768 bytes back
Round trip time was 0.039133 milliseconds in repetition 273
tcp_ping received 768 bytes back
Round trip time was 0.039123 milliseconds in repetition 274
tcp_ping received 768 bytes back
Round trip time was 0.039104 milliseconds in repetition 275
tcp_ping received 768 bytes back
Round trip time was 0.039183 milliseconds in repetition 276
tcp_ping received 768 bytes back
Round trip time was 0.098064 milliseconds in repetition 277
tcp_ping received 768 bytes back
Round trip time was 0.050044 milliseconds in repetition 278
tcp_ping received 768 bytes back
Round trip time was 0.04811 milliseconds in repetition 279
tcp_ping received 768 bytes back
Round trip time was 0.047118 milliseconds in repetition 280
tcp_ping received 768 bytes back
Round trip time was 0.048461 milliseconds in repetition 281
tcp_ping received 768 bytes back
Round trip time was 0.045976 milliseconds in repetition 282
tcp_ping received 768 bytes back
Round trip time was 0.046187 milliseconds in repetition 283
tcp_ping received 768 bytes back
Round trip time was 0.055203 milliseconds in repetition 284
tcp_ping received 768 bytes back
Round trip time was 0.048721 milliseconds in repetition 285
tcp_ping received 768 bytes back
Round trip time was 0.04873 milliseconds in repetition 286
tcp_ping received 768 bytes back
Round trip time was 0.050885 milliseconds in repetition 287
tcp_ping received 768 bytes back
Round trip time was 0.048932 milliseconds in repetition 288
tcp_ping received 768 bytes back
Round trip time was 0.047268 milliseconds in repetition 289
tcp_ping received 768 bytes back
Round trip time was 0.047319 milliseconds in repetition 290
tcp_ping received 768 bytes back
Round trip time was 0.04828 milliseconds in repetition 291
tcp_ping received 768 bytes back
Round trip time was 0.04786 milliseconds in repetition 292
tcp_ping received 768 bytes back
Round trip time was 0.049051 milliseconds in repetition 293
tcp_ping received 768 bytes back
Round trip time was 0.188393 milliseconds in repetition 294
tcp_ping received 768 bytes back
Round trip time was 0.051266 milliseconds in repetition 295
tcp_ping received 768 bytes back
Round trip time was 0.046427 milliseconds in repetition 296
tcp_ping received 768 bytes back
Round trip time was 0.048751 milliseconds in repetition 297
tcp_ping received 768 bytes back
Round trip time was 0.046227 milliseconds in repetition 298
tcp_ping received 768 bytes back
Round trip time was 0.04829 milliseconds in repetition 299
tcp_ping received 768 bytes back
Round trip time was 0.047018 milliseconds in repetition 300
tcp_ping received 768 bytes back
Round trip time was 0.048622 milliseconds in repetition 301
tcp_ping received 768 bytes back
Round trip time was 0.048461 milliseconds in repetition 302
tcp_ping received 768 bytes back
Round trip time was 0.045866 milliseconds in repetition 303
tcp_ping received 768 bytes back
Round trip time was 0.047099 milliseconds in repetition 304
tcp_ping received 768 bytes back
Round trip time was 0.045756 milliseconds in repetition 305
tcp_ping received 768 bytes back
Round trip time was 0.04812 milliseconds in repetition 306
tcp_ping received 768 bytes back
Round trip time was 0.047198 milliseconds in repetition 307
tcp_ping received 768 bytes back
Round trip time was 0.046657 milliseconds in repetition 308
tcp_ping received 768 bytes back
Round trip time was 0.083516 milliseconds in repetition 309
tcp_ping received 768 bytes back
Round trip time was 0.049363 milliseconds in repetition 310
tcp_ping received 768 bytes back
Round trip time was 0.051326 milliseconds in repetition 311
tcp_ping received 768 bytes back
Round trip time was 0.050445 milliseconds in repetition 312
tcp_ping received 768 bytes back
Round trip time was 0.046606 milliseconds in repetition 313
tcp_ping received 768 bytes back
Round trip time was 0.047429 milliseconds in repetition 314
tcp_ping received 768 bytes back
Round trip time was 0.046227 milliseconds in repetition 315
tcp_ping received 768 bytes back
Round trip time was 0.046227 milliseconds in repetition 316
tcp_ping received 768 bytes back
Round trip time was 0.04818 milliseconds in repetition 317
tcp_ping received 768 bytes back
Round trip time was 0.04804 milliseconds in repetition 318
tcp_ping received 768 bytes back
Round trip time was 0.048752 milliseconds in repetition 319
tcp_ping received 768 bytes back
Round trip time was 0.049293 milliseconds in repetition 320
tcp_ping received 768 bytes back
Round trip time was 0.05319 milliseconds in repetition 321
tcp_ping received 768 bytes back
Round trip time was 0.052659 milliseconds in repetition 322
tcp_ping received 768 bytes back
Round trip time was 0.105758 milliseconds in repetition 323
tcp_ping received 768 bytes back
Round trip time was 0.050385 milliseconds in repetition 324
tcp_ping received 768 bytes back
Round trip time was 0.047991 milliseconds in repetition 325
tcp_ping received 768 bytes back
Round trip time was 0.048892 milliseconds in repetition 326
tcp_ping received 768 bytes back
Round trip time was 0.047239 milliseconds in repetition 327
tcp_ping received 768 bytes back
Round trip time was 0.048019 milliseconds in repetition 328
tcp_ping received 768 bytes back
Round trip time was 0.051186 milliseconds in repetition 329
tcp_ping received 768 bytes back
Round trip time was 0.052348 milliseconds in repetition 330
tcp_ping received 768 bytes back
Round trip time was 0.052188 milliseconds in repetition 331
tcp_ping received 768 bytes back
Round trip time was 0.04813 milliseconds in repetition 332
tcp_ping received 768 bytes back
Round trip time was 0.046568 milliseconds in repetition 333
tcp_ping received 768 bytes back
Round trip time was 0.045516 milliseconds in repetition 334
tcp_ping received 768 bytes back
Round trip time was 0.045677 milliseconds in repetition 335
tcp_ping received 768 bytes back
Round trip time was 0.045816 milliseconds in repetition 336
tcp_ping received 768 bytes back
Round trip time was 0.045515 milliseconds in repetition 337
tcp_ping received 768 bytes back
Round trip time was 0.045365 milliseconds in repetition 338
tcp_ping received 768 bytes back
Round trip time was 0.045175 milliseconds in repetition 339
tcp_ping received 768 bytes back
Round trip time was 0.096541 milliseconds in repetition 340
tcp_ping received 768 bytes back
Round trip time was 0.051246 milliseconds in repetition 341
tcp_ping received 768 bytes back
Round trip time was 0.045785 milliseconds in repetition 342
tcp_ping received 768 bytes back
Round trip time was 0.045607 milliseconds in repetition 343
tcp_ping received 768 bytes back
Round trip time was 0.046076 milliseconds in repetition 344
tcp_ping received 768 bytes back
Round trip time was 0.048952 milliseconds in repetition 345
tcp_ping received 768 bytes back
Round trip time was 0.04734 milliseconds in repetition 346
tcp_ping received 768 bytes back
Round trip time was 0.045465 milliseconds in repetition 347
tcp_ping received 768 bytes back
Round trip time was 0.045436 milliseconds in repetition 348
tcp_ping received 768 bytes back
Round trip time was 0.044884 milliseconds in repetition 349
tcp_ping received 768 bytes back
Round trip time was 0.045506 milliseconds in repetition 350
tcp_ping received 768 bytes back
Round trip time was 0.045245 milliseconds in repetition 351
tcp_ping received 768 bytes back
Round trip time was 0.045456 milliseconds in repetition 352
tcp_ping received 768 bytes back
Round trip time was 0.051005 milliseconds in repetition 353
tcp_ping received 768 bytes back
Round trip time was 0.045336 milliseconds in repetition 354
tcp_ping received 768 bytes back
Round trip time was 0.045445 milliseconds in repetition 355
tcp_ping received 768 bytes back
Round trip time was 0.045735 milliseconds in repetition 356
tcp_ping received 768 bytes back
Round trip time was 0.178805 milliseconds in repetition 357
tcp_ping received 768 bytes back
Round trip time was 0.046157 milliseconds in repetition 358
tcp_ping received 768 bytes back
Round trip time was 0.045455 milliseconds in repetition 359
tcp_ping received 768 bytes back
Round trip time was 0.045405 milliseconds in repetition 360
tcp_ping received 768 bytes back
Round trip time was 0.045395 milliseconds in repetition 361
tcp_ping received 768 bytes back
Round trip time was 0.045095 milliseconds in repetition 362
tcp_ping received 768 bytes back
Round trip time was 0.045455 milliseconds in repetition 363
tcp_ping received 768 bytes back
Round trip time was 0.045455 milliseconds in repetition 364
tcp_ping received 768 bytes back
Round trip time was 0.045105 milliseconds in repetition 365
tcp_ping received 768 bytes back
Round trip time was 0.046207 milliseconds in repetition 366
tcp_ping received 768 bytes back
Round trip time was 0.045675 milliseconds in repetition 367
tcp_ping received 768 bytes back
Round trip time was 0.045035 milliseconds in repetition 368
tcp_ping received 768 bytes back
Round trip time was 0.045396 milliseconds in repetition 369
tcp_ping received 768 bytes back
Round trip time was 0.045375 milliseconds in repetition 370
tcp_ping received 768 bytes back
Round trip time was 0.045245 milliseconds in repetition 371
tcp_ping received 768 bytes back
Round trip time was 0.044885 milliseconds in repetition 372
tcp_ping received 768 bytes back
Round trip time was 0.092563 milliseconds in repetition 373
tcp_ping received 768 bytes back
Round trip time was 0.059843 milliseconds in repetition 374
tcp_ping received 768 bytes back
Round trip time was 0.045404 milliseconds in repetition 375
tcp_ping received 768 bytes back
Round trip time was 0.045504 milliseconds in repetition 376
tcp_ping received 768 bytes back
Round trip time was 0.045415 milliseconds in repetition 377
tcp_ping received 768 bytes back
Round trip time was 0.044823 milliseconds in repetition 378
tcp_ping received 768 bytes back
Round trip time was 0.045024 milliseconds in repetition 379
tcp_ping received 768 bytes back
Round trip time was 0.045175 milliseconds in repetition 380
tcp_ping received 768 bytes back
Round trip time was 0.045195 milliseconds in repetition 381
tcp_ping received 768 bytes back
Round trip time was 0.045034 milliseconds in repetition 382
tcp_ping received 768 bytes back
Round trip time was 0.050234 milliseconds in repetition 383
tcp_ping received 768 bytes back
Round trip time was 0.048802 milliseconds in repetition 384
tcp_ping received 768 bytes back
Round trip time was 0.046137 milliseconds in repetition 385
tcp_ping received 768 bytes back
Round trip time was 0.045284 milliseconds in repetition 386
tcp_ping received 768 bytes back
Round trip time was 0.045555 milliseconds in repetition 387
tcp_ping received 768 bytes back
Round trip time was 0.045355 milliseconds in repetition 388
tcp_ping received 768 bytes back
Round trip time was 0.045255 milliseconds in repetition 389
tcp_ping received 768 bytes back
Round trip time was 0.045204 milliseconds in repetition 390
tcp_ping received 768 bytes back
Round trip time was 0.082234 milliseconds in repetition 391
tcp_ping received 768 bytes back
Round trip time was 0.066024 milliseconds in repetition 392
tcp_ping received 768 bytes back
Round trip time was 0.045625 milliseconds in repetition 393
tcp_ping received 768 bytes back
Round trip time was 0.045556 milliseconds in repetition 394
tcp_ping received 768 bytes back
Round trip time was 0.044653 milliseconds in repetition 395
tcp_ping received 768 bytes back
Round trip time was 0.045415 milliseconds in repetition 396
tcp_ping received 768 bytes back
Round trip time was 0.049173 milliseconds in repetition 397
tcp_ping received 768 bytes back
Round trip time was 0.045224 milliseconds in repetition 398
tcp_ping received 768 bytes back
Round trip time was 0.045285 milliseconds in repetition 399
tcp_ping received 768 bytes back
Round trip time was 0.044984 milliseconds in repetition 400
tcp_ping received 768 bytes back
Round trip time was 0.044604 milliseconds in repetition 401
tcp_ping received 768 bytes back
Round trip time was 0.045605 milliseconds in repetition 402
tcp_ping received 768 bytes back
Round trip time was 0.045866 milliseconds in repetition 403
tcp_ping received 768 bytes back
Round trip time was 0.045104 milliseconds in repetition 404
tcp_ping received 768 bytes back
Round trip time was 0.045405 milliseconds in repetition 405
tcp_ping received 768 bytes back
Round trip time was 0.045295 milliseconds in repetition 406
tcp_ping received 768 bytes back
Round trip time was 0.044984 milliseconds in repetition 407
tcp_ping received 768 bytes back
Round trip time was 0.116358 milliseconds in repetition 408
tcp_ping received 768 bytes back
Round trip time was 0.051706 milliseconds in repetition 409
tcp_ping received 768 bytes back
Round trip time was 0.046026 milliseconds in repetition 410
tcp_ping received 768 bytes back
Round trip time was 0.045154 milliseconds in repetition 411
tcp_ping received 768 bytes back
Round trip time was 0.045175 milliseconds in repetition 412
tcp_ping received 768 bytes back
Round trip time was 0.045084 milliseconds in repetition 413
tcp_ping received 768 bytes back
Round trip time was 0.045425 milliseconds in repetition 414
tcp_ping received 768 bytes back
Round trip time was 0.045345 milliseconds in repetition 415
tcp_ping received 768 bytes back
Round trip time was 0.045365 milliseconds in repetition 416
tcp_ping received 768 bytes back
Round trip time was 0.045595 milliseconds in repetition 417
tcp_ping received 768 bytes back
Round trip time was 0.045105 milliseconds in repetition 418
tcp_ping received 768 bytes back
Round trip time was 0.045124 milliseconds in repetition 419
tcp_ping received 768 bytes back
Round trip time was 0.045395 milliseconds in repetition 420
tcp_ping received 768 bytes back
Round trip time was 0.045194 milliseconds in repetition 421
tcp_ping received 768 bytes back
Round trip time was 0.045335 milliseconds in repetition 422
tcp_ping received 768 bytes back
Round trip time was 0.046797 milliseconds in repetition 423
tcp_ping received 768 bytes back
Round trip time was 0.048411 milliseconds in repetition 424
tcp_ping received 768 bytes back
Round trip time was 0.048551 milliseconds in repetition 425
tcp_ping received 768 bytes back
Round trip time was 0.139451 milliseconds in repetition 426
tcp_ping received 768 bytes back
Round trip time was 0.047829 milliseconds in repetition 427
tcp_ping received 768 bytes back
Round trip time was 0.046047 milliseconds in repetition 428
tcp_ping received 768 bytes back
Round trip time was 0.045295 milliseconds in repetition 429
tcp_ping received 768 bytes back
Round trip time was 0.045394 milliseconds in repetition 430
tcp_ping received 768 bytes back
Round trip time was 0.045655 milliseconds in repetition 431
tcp_ping received 768 bytes back
Round trip time was 0.045284 milliseconds in repetition 432
tcp_ping received 768 bytes back
Round trip time was 0.045456 milliseconds in repetition 433
tcp_ping received 768 bytes back
Round trip time was 0.045526 milliseconds in repetition 434
tcp_ping received 768 bytes back
Round trip time was 0.045697 milliseconds in repetition 435
tcp_ping received 768 bytes back
Round trip time was 0.045034 milliseconds in repetition 436
tcp_ping received 768 bytes back
Round trip time was 0.045265 milliseconds in repetition 437
tcp_ping received 768 bytes back
Round trip time was 0.046087 milliseconds in repetition 438
tcp_ping received 768 bytes back
Round trip time was 0.045596 milliseconds in repetition 439
tcp_ping received 768 bytes back
Round trip time was 0.045074 milliseconds in repetition 440
tcp_ping received 768 bytes back
Round trip time was 0.051596 milliseconds in repetition 441
tcp_ping received 768 bytes back
Round trip time was 0.065183 milliseconds in repetition 442
tcp_ping received 768 bytes back
Round trip time was 0.045355 milliseconds in repetition 443
tcp_ping received 768 bytes back
Round trip time was 0.045586 milliseconds in repetition 444
tcp_ping received 768 bytes back
Round trip time was 0.045345 milliseconds in repetition 445
tcp_ping received 768 bytes back
Round trip time was 0.045174 milliseconds in repetition 446
tcp_ping received 768 bytes back
Round trip time was 0.045886 milliseconds in repetition 447
tcp_ping received 768 bytes back
Round trip time was 0.045876 milliseconds in repetition 448
tcp_ping received 768 bytes back
Round trip time was 0.045025 milliseconds in repetition 449
tcp_ping received 768 bytes back
Round trip time was 0.045336 milliseconds in repetition 450
tcp_ping received 768 bytes back
Round trip time was 0.045375 milliseconds in repetition 451
tcp_ping received 768 bytes back
Round trip time was 0.045135 milliseconds in repetition 452
tcp_ping received 768 bytes back
Round trip time was 0.045175 milliseconds in repetition 453
tcp_ping received 768 bytes back
Round trip time was 0.045456 milliseconds in repetition 454
tcp_ping received 768 bytes back
Round trip time was 0.045236 milliseconds in repetition 455
tcp_ping received 768 bytes back
Round trip time was 0.045154 milliseconds in repetition 456
tcp_ping received 768 bytes back
Round trip time was 0.045226 milliseconds in repetition 457
tcp_ping received 768 bytes back
Round trip time was 0.045305 milliseconds in repetition 458
tcp_ping received 768 bytes back
Round trip time was 0.08027 milliseconds in repetition 459
tcp_ping received 768 bytes back
Round trip time was 0.053891 milliseconds in repetition 460
tcp_ping received 768 bytes back
Round trip time was 0.045366 milliseconds in repetition 461
tcp_ping received 768 bytes back
Round trip time was 0.045545 milliseconds in repetition 462
tcp_ping received 768 bytes back
Round trip time was 0.048009 milliseconds in repetition 463
tcp_ping received 768 bytes back
Round trip time was 0.0479 milliseconds in repetition 464
tcp_ping received 768 bytes back
Round trip time was 0.04781 milliseconds in repetition 465
tcp_ping received 768 bytes back
Round trip time was 0.044393 milliseconds in repetition 466
tcp_ping received 768 bytes back
Round trip time was 0.044293 milliseconds in repetition 467
tcp_ping received 768 bytes back
Round trip time was 0.045226 milliseconds in repetition 468
tcp_ping received 768 bytes back
Round trip time was 0.044322 milliseconds in repetition 469
tcp_ping received 768 bytes back
Round trip time was 0.045886 milliseconds in repetition 470
tcp_ping received 768 bytes back
Round trip time was 0.045135 milliseconds in repetition 471
tcp_ping received 768 bytes back
Round trip time was 0.044784 milliseconds in repetition 472
tcp_ping received 768 bytes back
Round trip time was 0.044122 milliseconds in repetition 473
tcp_ping received 768 bytes back
Round trip time was 0.045315 milliseconds in repetition 474
tcp_ping received 768 bytes back
Round trip time was 0.044885 milliseconds in repetition 475
tcp_ping received 768 bytes back
Round trip time was 0.044694 milliseconds in repetition 476
tcp_ping received 768 bytes back
Round trip time was 0.044163 milliseconds in repetition 477
tcp_ping received 768 bytes back
Round trip time was 0.110167 milliseconds in repetition 478
tcp_ping received 768 bytes back
Round trip time was 0.054151 milliseconds in repetition 479
tcp_ping received 768 bytes back
Round trip time was 0.045335 milliseconds in repetition 480
tcp_ping received 768 bytes back
Round trip time was 0.044755 milliseconds in repetition 481
tcp_ping received 768 bytes back
Round trip time was 0.045425 milliseconds in repetition 482
tcp_ping received 768 bytes back
Round trip time was 0.046437 milliseconds in repetition 483
tcp_ping received 768 bytes back
Round trip time was 0.045375 milliseconds in repetition 484
tcp_ping received 768 bytes back
Round trip time was 0.049383 milliseconds in repetition 485
tcp_ping received 768 bytes back
Round trip time was 0.045515 milliseconds in repetition 486
tcp_ping received 768 bytes back
Round trip time was 0.044584 milliseconds in repetition 487
tcp_ping received 768 bytes back
Round trip time was 0.044954 milliseconds in repetition 488
tcp_ping received 768 bytes back
Round trip time was 0.044323 milliseconds in repetition 489
tcp_ping received 768 bytes back
Round trip time was 0.045114 milliseconds in repetition 490
tcp_ping received 768 bytes back
Round trip time was 0.045405 milliseconds in repetition 491
tcp_ping received 768 bytes back
Round trip time was 0.045415 milliseconds in repetition 492
tcp_ping received 768 bytes back
Round trip time was 0.044423 milliseconds in repetition 493
tcp_ping received 768 bytes back
Round trip time was 0.110527 milliseconds in repetition 494
tcp_ping received 768 bytes back
Round trip time was 0.046137 milliseconds in repetition 495
tcp_ping received 768 bytes back
Round trip time was 0.044903 milliseconds in repetition 496
tcp_ping received 768 bytes back
Round trip time was 0.045586 milliseconds in repetition 497
tcp_ping received 768 bytes back
Round trip time was 0.045314 milliseconds in repetition 498
tcp_ping received 768 bytes back
Round trip time was 0.045265 milliseconds in repetition 499
tcp_ping received 768 bytes back
Round trip time was 0.045415 milliseconds in repetition 500
tcp_ping received 768 bytes back
Round trip time was 0.391804 milliseconds in repetition 501

 ... clock resolution was 1e-06
TCP Ping:  Statistics over 501 repetitions of 768 byte messages

RTT : percentile 10: 0.038893, median: 0.045105, percentile 90: 0.055203, average: 0.0563857, variance: 0.014066

RTT histogram:
0.0386715 481
0.148122 15
0.257573 1
0.367024 2
0.476475 0
0.585926 0
0.695377 0
0.804828 0
0.914279 0
1.02373 0
1.13318 0
1.24263 0
1.35208 0
1.46153 1
1.57098 0
1.68044 0
1.78989 0
1.89934 0
2.00879 0
2.11824 0
2.22769 1

   median Throughput : 34053.9 KB/s   overall Throughput : 27241 KB/s

