TCP Ping trying to connect to server localhost (127.0.0.1) on port 1491
 ... connected to Pong server: asking for 501 repetitions of 786432 bytes TCP messages
 ... Pong server agreed :-)
tcp_ping received 786432 bytes back
Round trip time was 19.7934 milliseconds in repetition 1
tcp_ping received 786432 bytes back
Round trip time was 19.3944 milliseconds in repetition 2
tcp_ping received 786432 bytes back
Round trip time was 19.3382 milliseconds in repetition 3
tcp_ping received 786432 bytes back
Round trip time was 18.8021 milliseconds in repetition 4
tcp_ping received 786432 bytes back
Round trip time was 18.6484 milliseconds in repetition 5
tcp_ping received 786432 bytes back
Round trip time was 17.2374 milliseconds in repetition 6
tcp_ping received 786432 bytes back
Round trip time was 17.2824 milliseconds in repetition 7
tcp_ping received 786432 bytes back
Round trip time was 17.4001 milliseconds in repetition 8
tcp_ping received 786432 bytes back
Round trip time was 17.2057 milliseconds in repetition 9
tcp_ping received 786432 bytes back
Round trip time was 17.2043 milliseconds in repetition 10
tcp_ping received 786432 bytes back
Round trip time was 17.2963 milliseconds in repetition 11
tcp_ping received 786432 bytes back
Round trip time was 17.4682 milliseconds in repetition 12
tcp_ping received 786432 bytes back
Round trip time was 17.1875 milliseconds in repetition 13
tcp_ping received 786432 bytes back
Round trip time was 19.3596 milliseconds in repetition 14
tcp_ping received 786432 bytes back
Round trip time was 18.0765 milliseconds in repetition 15
tcp_ping received 786432 bytes back
Round trip time was 17.2142 milliseconds in repetition 16
tcp_ping received 786432 bytes back
Round trip time was 17.0999 milliseconds in repetition 17
tcp_ping received 786432 bytes back
Round trip time was 17.0693 milliseconds in repetition 18
tcp_ping received 786432 bytes back
Round trip time was 17.308 milliseconds in repetition 19
tcp_ping received 786432 bytes back
Round trip time was 17.1777 milliseconds in repetition 20
tcp_ping received 786432 bytes back
Round trip time was 17.1692 milliseconds in repetition 21
tcp_ping received 786432 bytes back
Round trip time was 17.2382 milliseconds in repetition 22
tcp_ping received 786432 bytes back
Round trip time was 17.6496 milliseconds in repetition 23
tcp_ping received 786432 bytes back
Round trip time was 17.1738 milliseconds in repetition 24
tcp_ping received 786432 bytes back
Round trip time was 17.0175 milliseconds in repetition 25
tcp_ping received 786432 bytes back
Round trip time was 17.1548 milliseconds in repetition 26
tcp_ping received 786432 bytes back
Round trip time was 17.2134 milliseconds in repetition 27
tcp_ping received 786432 bytes back
Round trip time was 17.0472 milliseconds in repetition 28
tcp_ping received 786432 bytes back
Round trip time was 20.9052 milliseconds in repetition 29
tcp_ping received 786432 bytes back
Round trip time was 18.3219 milliseconds in repetition 30
tcp_ping received 786432 bytes back
Round trip time was 17.1346 milliseconds in repetition 31
tcp_ping received 786432 bytes back
Round trip time was 18.1409 milliseconds in repetition 32
tcp_ping received 786432 bytes back
Round trip time was 17.5633 milliseconds in repetition 33
tcp_ping received 786432 bytes back
Round trip time was 22.062 milliseconds in repetition 34
tcp_ping received 786432 bytes back
Round trip time was 18.7399 milliseconds in repetition 35
tcp_ping received 786432 bytes back
Round trip time was 17.7902 milliseconds in repetition 36
tcp_ping received 786432 bytes back
Round trip time was 17.5519 milliseconds in repetition 37
tcp_ping received 786432 bytes back
Round trip time was 17.1134 milliseconds in repetition 38
tcp_ping received 786432 bytes back
Round trip time was 17.1375 milliseconds in repetition 39
tcp_ping received 786432 bytes back
Round trip time was 17.1181 milliseconds in repetition 40
tcp_ping received 786432 bytes back
Round trip time was 17.0305 milliseconds in repetition 41
tcp_ping received 786432 bytes back
Round trip time was 17.0407 milliseconds in repetition 42
tcp_ping received 786432 bytes back
Round trip time was 17.9294 milliseconds in repetition 43
tcp_ping received 786432 bytes back
Round trip time was 17.1227 milliseconds in repetition 44
tcp_ping received 786432 bytes back
Round trip time was 17.1223 milliseconds in repetition 45
tcp_ping received 786432 bytes back
Round trip time was 17.0891 milliseconds in repetition 46
tcp_ping received 786432 bytes back
Round trip time was 16.9537 milliseconds in repetition 47
tcp_ping received 786432 bytes back
Round trip time was 17.0927 milliseconds in repetition 48
tcp_ping received 786432 bytes back
Round trip time was 17.0562 milliseconds in repetition 49
tcp_ping received 786432 bytes back
Round trip time was 16.9776 milliseconds in repetition 50
tcp_ping received 786432 bytes back
Round trip time was 16.9782 milliseconds in repetition 51
tcp_ping received 786432 bytes back
Round trip time was 17.0247 milliseconds in repetition 52
tcp_ping received 786432 bytes back
Round trip time was 17.0784 milliseconds in repetition 53
tcp_ping received 786432 bytes back
Round trip time was 17.2831 milliseconds in repetition 54
tcp_ping received 786432 bytes back
Round trip time was 18.7624 milliseconds in repetition 55
tcp_ping received 786432 bytes back
Round trip time was 17.8316 milliseconds in repetition 56
tcp_ping received 786432 bytes back
Round trip time was 18.0993 milliseconds in repetition 57
tcp_ping received 786432 bytes back
Round trip time was 17.7686 milliseconds in repetition 58
tcp_ping received 786432 bytes back
Round trip time was 17.8971 milliseconds in repetition 59
tcp_ping received 786432 bytes back
Round trip time was 17.13 milliseconds in repetition 60
tcp_ping received 786432 bytes back
Round trip time was 17.1993 milliseconds in repetition 61
tcp_ping received 786432 bytes back
Round trip time was 17.0982 milliseconds in repetition 62
tcp_ping received 786432 bytes back
Round trip time was 17.1427 milliseconds in repetition 63
tcp_ping received 786432 bytes back
Round trip time was 16.9459 milliseconds in repetition 64
tcp_ping received 786432 bytes back
Round trip time was 17.1066 milliseconds in repetition 65
tcp_ping received 786432 bytes back
Round trip time was 17.0331 milliseconds in repetition 66
tcp_ping received 786432 bytes back
Round trip time was 17.076 milliseconds in repetition 67
tcp_ping received 786432 bytes back
Round trip time was 17.0402 milliseconds in repetition 68
tcp_ping received 786432 bytes back
Round trip time was 17.1904 milliseconds in repetition 69
tcp_ping received 786432 bytes back
Round trip time was 17.0032 milliseconds in repetition 70
tcp_ping received 786432 bytes back
Round trip time was 17.0308 milliseconds in repetition 71
tcp_ping received 786432 bytes back
Round trip time was 16.9673 milliseconds in repetition 72
tcp_ping received 786432 bytes back
Round trip time was 17.0666 milliseconds in repetition 73
tcp_ping received 786432 bytes back
Round trip time was 17.0069 milliseconds in repetition 74
tcp_ping received 786432 bytes back
Round trip time was 17.0539 milliseconds in repetition 75
tcp_ping received 786432 bytes back
Round trip time was 16.988 milliseconds in repetition 76
tcp_ping received 786432 bytes back
Round trip time was 17.2079 milliseconds in repetition 77
tcp_ping received 786432 bytes back
Round trip time was 17.1886 milliseconds in repetition 78
tcp_ping received 786432 bytes back
Round trip time was 17.2944 milliseconds in repetition 79
tcp_ping received 786432 bytes back
Round trip time was 17.7547 milliseconds in repetition 80
tcp_ping received 786432 bytes back
Round trip time was 17.0856 milliseconds in repetition 81
tcp_ping received 786432 bytes back
Round trip time was 15.7199 milliseconds in repetition 82
tcp_ping received 786432 bytes back
Round trip time was 17.2118 milliseconds in repetition 83
tcp_ping received 786432 bytes back
Round trip time was 17.2706 milliseconds in repetition 84
tcp_ping received 786432 bytes back
Round trip time was 17.1978 milliseconds in repetition 85
tcp_ping received 786432 bytes back
Round trip time was 17.1576 milliseconds in repetition 86
tcp_ping received 786432 bytes back
Round trip time was 17.3573 milliseconds in repetition 87
tcp_ping received 786432 bytes back
Round trip time was 17.248 milliseconds in repetition 88
tcp_ping received 786432 bytes back
Round trip time was 17.2785 milliseconds in repetition 89
tcp_ping received 786432 bytes back
Round trip time was 17.4742 milliseconds in repetition 90
tcp_ping received 786432 bytes back
Round trip time was 18.1591 milliseconds in repetition 91
tcp_ping received 786432 bytes back
Round trip time was 20.2764 milliseconds in repetition 92
tcp_ping received 786432 bytes back
Round trip time was 17.2326 milliseconds in repetition 93
tcp_ping received 786432 bytes back
Round trip time was 17.6822 milliseconds in repetition 94
tcp_ping received 786432 bytes back
Round trip time was 17.2025 milliseconds in repetition 95
tcp_ping received 786432 bytes back
Round trip time was 17.2181 milliseconds in repetition 96
tcp_ping received 786432 bytes back
Round trip time was 17.0907 milliseconds in repetition 97
tcp_ping received 786432 bytes back
Round trip time was 17.167 milliseconds in repetition 98
tcp_ping received 786432 bytes back
Round trip time was 17.1022 milliseconds in repetition 99
tcp_ping received 786432 bytes back
Round trip time was 17.1094 milliseconds in repetition 100
tcp_ping received 786432 bytes back
Round trip time was 17.1102 milliseconds in repetition 101
tcp_ping received 786432 bytes back
Round trip time was 17.1057 milliseconds in repetition 102
tcp_ping received 786432 bytes back
Round trip time was 17.2034 milliseconds in repetition 103
tcp_ping received 786432 bytes back
Round trip time was 17.1363 milliseconds in repetition 104
tcp_ping received 786432 bytes back
Round trip time was 16.9768 milliseconds in repetition 105
tcp_ping received 786432 bytes back
Round trip time was 17.0533 milliseconds in repetition 106
tcp_ping received 786432 bytes back
Round trip time was 17.1648 milliseconds in repetition 107
tcp_ping received 786432 bytes back
Round trip time was 16.9499 milliseconds in repetition 108
tcp_ping received 786432 bytes back
Round trip time was 16.981 milliseconds in repetition 109
tcp_ping received 786432 bytes back
Round trip time was 17.2332 milliseconds in repetition 110
tcp_ping received 786432 bytes back
Round trip time was 16.1288 milliseconds in repetition 111
tcp_ping received 786432 bytes back
Round trip time was 17.8908 milliseconds in repetition 112
tcp_ping received 786432 bytes back
Round trip time was 18.394 milliseconds in repetition 113
tcp_ping received 786432 bytes back
Round trip time was 17.7657 milliseconds in repetition 114
tcp_ping received 786432 bytes back
Round trip time was 17.2218 milliseconds in repetition 115
tcp_ping received 786432 bytes back
Round trip time was 16.9775 milliseconds in repetition 116
tcp_ping received 786432 bytes back
Round trip time was 17.1292 milliseconds in repetition 117
tcp_ping received 786432 bytes back
Round trip time was 17.0905 milliseconds in repetition 118
tcp_ping received 786432 bytes back
Round trip time was 17.2427 milliseconds in repetition 119
tcp_ping received 786432 bytes back
Round trip time was 17.1986 milliseconds in repetition 120
tcp_ping received 786432 bytes back
Round trip time was 17.0424 milliseconds in repetition 121
tcp_ping received 786432 bytes back
Round trip time was 17.1294 milliseconds in repetition 122
tcp_ping received 786432 bytes back
Round trip time was 17.0904 milliseconds in repetition 123
tcp_ping received 786432 bytes back
Round trip time was 17.0241 milliseconds in repetition 124
tcp_ping received 786432 bytes back
Round trip time was 17.0345 milliseconds in repetition 125
tcp_ping received 786432 bytes back
Round trip time was 17.2533 milliseconds in repetition 126
tcp_ping received 786432 bytes back
Round trip time was 17.092 milliseconds in repetition 127
tcp_ping received 786432 bytes back
Round trip time was 17.2602 milliseconds in repetition 128
tcp_ping received 786432 bytes back
Round trip time was 17.0385 milliseconds in repetition 129
tcp_ping received 786432 bytes back
Round trip time was 17.0606 milliseconds in repetition 130
tcp_ping received 786432 bytes back
Round trip time was 17.0027 milliseconds in repetition 131
tcp_ping received 786432 bytes back
Round trip time was 17.1677 milliseconds in repetition 132
tcp_ping received 786432 bytes back
Round trip time was 17.3402 milliseconds in repetition 133
tcp_ping received 786432 bytes back
Round trip time was 17.3104 milliseconds in repetition 134
tcp_ping received 786432 bytes back
Round trip time was 17.3101 milliseconds in repetition 135
tcp_ping received 786432 bytes back
Round trip time was 15.4718 milliseconds in repetition 136
tcp_ping received 786432 bytes back
Round trip time was 17.4221 milliseconds in repetition 137
tcp_ping received 786432 bytes back
Round trip time was 17.3296 milliseconds in repetition 138
tcp_ping received 786432 bytes back
Round trip time was 17.2736 milliseconds in repetition 139
tcp_ping received 786432 bytes back
Round trip time was 17.1299 milliseconds in repetition 140
tcp_ping received 786432 bytes back
Round trip time was 17.1948 milliseconds in repetition 141
tcp_ping received 786432 bytes back
Round trip time was 17.2298 milliseconds in repetition 142
tcp_ping received 786432 bytes back
Round trip time was 17.183 milliseconds in repetition 143
tcp_ping received 786432 bytes back
Round trip time was 17.1477 milliseconds in repetition 144
tcp_ping received 786432 bytes back
Round trip time was 17.2485 milliseconds in repetition 145
tcp_ping received 786432 bytes back
Round trip time was 17.1925 milliseconds in repetition 146
tcp_ping received 786432 bytes back
Round trip time was 17.3224 milliseconds in repetition 147
tcp_ping received 786432 bytes back
Round trip time was 17.2325 milliseconds in repetition 148
tcp_ping received 786432 bytes back
Round trip time was 19.4837 milliseconds in repetition 149
tcp_ping received 786432 bytes back
Round trip time was 19.2621 milliseconds in repetition 150
tcp_ping received 786432 bytes back
Round trip time was 17.5025 milliseconds in repetition 151
tcp_ping received 786432 bytes back
Round trip time was 17.4068 milliseconds in repetition 152
tcp_ping received 786432 bytes back
Round trip time was 17.4321 milliseconds in repetition 153
tcp_ping received 786432 bytes back
Round trip time was 17.104 milliseconds in repetition 154
tcp_ping received 786432 bytes back
Round trip time was 17.2756 milliseconds in repetition 155
tcp_ping received 786432 bytes back
Round trip time was 17.1401 milliseconds in repetition 156
tcp_ping received 786432 bytes back
Round trip time was 17.3992 milliseconds in repetition 157
tcp_ping received 786432 bytes back
Round trip time was 17.2279 milliseconds in repetition 158
tcp_ping received 786432 bytes back
Round trip time was 17.0894 milliseconds in repetition 159
tcp_ping received 786432 bytes back
Round trip time was 17.1561 milliseconds in repetition 160
tcp_ping received 786432 bytes back
Round trip time was 17.1148 milliseconds in repetition 161
tcp_ping received 786432 bytes back
Round trip time was 17.1678 milliseconds in repetition 162
tcp_ping received 786432 bytes back
Round trip time was 17.1295 milliseconds in repetition 163
tcp_ping received 786432 bytes back
Round trip time was 17.1634 milliseconds in repetition 164
tcp_ping received 786432 bytes back
Round trip time was 17.0353 milliseconds in repetition 165
tcp_ping received 786432 bytes back
Round trip time was 16.9606 milliseconds in repetition 166
tcp_ping received 786432 bytes back
Round trip time was 17.0784 milliseconds in repetition 167
tcp_ping received 786432 bytes back
Round trip time was 17.2512 milliseconds in repetition 168
tcp_ping received 786432 bytes back
Round trip time was 17.2075 milliseconds in repetition 169
tcp_ping received 786432 bytes back
Round trip time was 18.0707 milliseconds in repetition 170
tcp_ping received 786432 bytes back
Round trip time was 18.026 milliseconds in repetition 171
tcp_ping received 786432 bytes back
Round trip time was 17.0514 milliseconds in repetition 172
tcp_ping received 786432 bytes back
Round trip time was 17.197 milliseconds in repetition 173
tcp_ping received 786432 bytes back
Round trip time was 17.0524 milliseconds in repetition 174
tcp_ping received 786432 bytes back
Round trip time was 20.3841 milliseconds in repetition 175
tcp_ping received 786432 bytes back
Round trip time was 17.1495 milliseconds in repetition 176
tcp_ping received 786432 bytes back
Round trip time was 17.3901 milliseconds in repetition 177
tcp_ping received 786432 bytes back
Round trip time was 17.9883 milliseconds in repetition 178
tcp_ping received 786432 bytes back
Round trip time was 17.2467 milliseconds in repetition 179
tcp_ping received 786432 bytes back
Round trip time was 17.0082 milliseconds in repetition 180
tcp_ping received 786432 bytes back
Round trip time was 17.099 milliseconds in repetition 181
tcp_ping received 786432 bytes back
Round trip time was 17.6195 milliseconds in repetition 182
tcp_ping received 786432 bytes back
Round trip time was 18.8633 milliseconds in repetition 183
tcp_ping received 786432 bytes back
Round trip time was 17.1283 milliseconds in repetition 184
tcp_ping received 786432 bytes back
Round trip time was 16.9957 milliseconds in repetition 185
tcp_ping received 786432 bytes back
Round trip time was 17.1023 milliseconds in repetition 186
tcp_ping received 786432 bytes back
Round trip time was 17.01 milliseconds in repetition 187
tcp_ping received 786432 bytes back
Round trip time was 17.0031 milliseconds in repetition 188
tcp_ping received 786432 bytes back
Round trip time was 18.373 milliseconds in repetition 189
tcp_ping received 786432 bytes back
Round trip time was 17.4875 milliseconds in repetition 190
tcp_ping received 786432 bytes back
Round trip time was 17.4031 milliseconds in repetition 191
tcp_ping received 786432 bytes back
Round trip time was 17.3763 milliseconds in repetition 192
tcp_ping received 786432 bytes back
Round trip time was 17.347 milliseconds in repetition 193
tcp_ping received 786432 bytes back
Round trip time was 17.307 milliseconds in repetition 194
tcp_ping received 786432 bytes back
Round trip time was 17.267 milliseconds in repetition 195
tcp_ping received 786432 bytes back
Round trip time was 17.6506 milliseconds in repetition 196
tcp_ping received 786432 bytes back
Round trip time was 17.2345 milliseconds in repetition 197
tcp_ping received 786432 bytes back
Round trip time was 17.2329 milliseconds in repetition 198
tcp_ping received 786432 bytes back
Round trip time was 17.4092 milliseconds in repetition 199
tcp_ping received 786432 bytes back
Round trip time was 17.2655 milliseconds in repetition 200
tcp_ping received 786432 bytes back
Round trip time was 20.1546 milliseconds in repetition 201
tcp_ping received 786432 bytes back
Round trip time was 17.5036 milliseconds in repetition 202
tcp_ping received 786432 bytes back
Round trip time was 17.3488 milliseconds in repetition 203
tcp_ping received 786432 bytes back
Round trip time was 17.67 milliseconds in repetition 204
tcp_ping received 786432 bytes back
Round trip time was 17.2423 milliseconds in repetition 205
tcp_ping received 786432 bytes back
Round trip time was 18.8151 milliseconds in repetition 206
tcp_ping received 786432 bytes back
Round trip time was 20.146 milliseconds in repetition 207
tcp_ping received 786432 bytes back
Round trip time was 17.491 milliseconds in repetition 208
tcp_ping received 786432 bytes back
Round trip time was 17.6754 milliseconds in repetition 209
tcp_ping received 786432 bytes back
Round trip time was 17.2259 milliseconds in repetition 210
tcp_ping received 786432 bytes back
Round trip time was 17.1255 milliseconds in repetition 211
tcp_ping received 786432 bytes back
Round trip time was 17.0431 milliseconds in repetition 212
tcp_ping received 786432 bytes back
Round trip time was 17.1428 milliseconds in repetition 213
tcp_ping received 786432 bytes back
Round trip time was 17.0789 milliseconds in repetition 214
tcp_ping received 786432 bytes back
Round trip time was 17.1889 milliseconds in repetition 215
tcp_ping received 786432 bytes back
Round trip time was 17.1063 milliseconds in repetition 216
tcp_ping received 786432 bytes back
Round trip time was 17.159 milliseconds in repetition 217
tcp_ping received 786432 bytes back
Round trip time was 17.1968 milliseconds in repetition 218
tcp_ping received 786432 bytes back
Round trip time was 17.0604 milliseconds in repetition 219
tcp_ping received 786432 bytes back
Round trip time was 17.2014 milliseconds in repetition 220
tcp_ping received 786432 bytes back
Round trip time was 16.9995 milliseconds in repetition 221
tcp_ping received 786432 bytes back
Round trip time was 16.9527 milliseconds in repetition 222
tcp_ping received 786432 bytes back
Round trip time was 17.0101 milliseconds in repetition 223
tcp_ping received 786432 bytes back
Round trip time was 16.9602 milliseconds in repetition 224
tcp_ping received 786432 bytes back
Round trip time was 17.1102 milliseconds in repetition 225
tcp_ping received 786432 bytes back
Round trip time was 17.3556 milliseconds in repetition 226
tcp_ping received 786432 bytes back
Round trip time was 17.7498 milliseconds in repetition 227
tcp_ping received 786432 bytes back
Round trip time was 18.0358 milliseconds in repetition 228
tcp_ping received 786432 bytes back
Round trip time was 17.202 milliseconds in repetition 229
tcp_ping received 786432 bytes back
Round trip time was 17.2707 milliseconds in repetition 230
tcp_ping received 786432 bytes back
Round trip time was 17.223 milliseconds in repetition 231
tcp_ping received 786432 bytes back
Round trip time was 17.4638 milliseconds in repetition 232
tcp_ping received 786432 bytes back
Round trip time was 17.822 milliseconds in repetition 233
tcp_ping received 786432 bytes back
Round trip time was 17.499 milliseconds in repetition 234
tcp_ping received 786432 bytes back
Round trip time was 17.6136 milliseconds in repetition 235
tcp_ping received 786432 bytes back
Round trip time was 17.2728 milliseconds in repetition 236
tcp_ping received 786432 bytes back
Round trip time was 17.3754 milliseconds in repetition 237
tcp_ping received 786432 bytes back
Round trip time was 17.1019 milliseconds in repetition 238
tcp_ping received 786432 bytes back
Round trip time was 17.271 milliseconds in repetition 239
tcp_ping received 786432 bytes back
Round trip time was 17.7824 milliseconds in repetition 240
tcp_ping received 786432 bytes back
Round trip time was 17.3179 milliseconds in repetition 241
tcp_ping received 786432 bytes back
Round trip time was 17.4149 milliseconds in repetition 242
tcp_ping received 786432 bytes back
Round trip time was 18.6171 milliseconds in repetition 243
tcp_ping received 786432 bytes back
Round trip time was 17.288 milliseconds in repetition 244
tcp_ping received 786432 bytes back
Round trip time was 17.0973 milliseconds in repetition 245
tcp_ping received 786432 bytes back
Round trip time was 17.0444 milliseconds in repetition 246
tcp_ping received 786432 bytes back
Round trip time was 16.983 milliseconds in repetition 247
tcp_ping received 786432 bytes back
Round trip time was 17.0118 milliseconds in repetition 248
tcp_ping received 786432 bytes back
Round trip time was 17.0058 milliseconds in repetition 249
tcp_ping received 786432 bytes back
Round trip time was 16.9469 milliseconds in repetition 250
tcp_ping received 786432 bytes back
Round trip time was 17.0148 milliseconds in repetition 251
tcp_ping received 786432 bytes back
Round trip time was 17.0298 milliseconds in repetition 252
tcp_ping received 786432 bytes back
Round trip time was 17.5299 milliseconds in repetition 253
tcp_ping received 786432 bytes back
Round trip time was 17.0746 milliseconds in repetition 254
tcp_ping received 786432 bytes back
Round trip time was 16.9799 milliseconds in repetition 255
tcp_ping received 786432 bytes back
Round trip time was 17.0947 milliseconds in repetition 256
tcp_ping received 786432 bytes back
Round trip time was 16.982 milliseconds in repetition 257
tcp_ping received 786432 bytes back
Round trip time was 17.0049 milliseconds in repetition 258
tcp_ping received 786432 bytes back
Round trip time was 16.9181 milliseconds in repetition 259
tcp_ping received 786432 bytes back
Round trip time was 17.1268 milliseconds in repetition 260
tcp_ping received 786432 bytes back
Round trip time was 16.9473 milliseconds in repetition 261
tcp_ping received 786432 bytes back
Round trip time was 17.3336 milliseconds in repetition 262
tcp_ping received 786432 bytes back
Round trip time was 20.9789 milliseconds in repetition 263
tcp_ping received 786432 bytes back
Round trip time was 21.8185 milliseconds in repetition 264
tcp_ping received 786432 bytes back
Round trip time was 17.3743 milliseconds in repetition 265
tcp_ping received 786432 bytes back
Round trip time was 17.3137 milliseconds in repetition 266
tcp_ping received 786432 bytes back
Round trip time was 17.5446 milliseconds in repetition 267
tcp_ping received 786432 bytes back
Round trip time was 17.1859 milliseconds in repetition 268
tcp_ping received 786432 bytes back
Round trip time was 17.1886 milliseconds in repetition 269
tcp_ping received 786432 bytes back
Round trip time was 17.4107 milliseconds in repetition 270
tcp_ping received 786432 bytes back
Round trip time was 17.343 milliseconds in repetition 271
tcp_ping received 786432 bytes back
Round trip time was 17.3636 milliseconds in repetition 272
tcp_ping received 786432 bytes back
Round trip time was 17.6229 milliseconds in repetition 273
tcp_ping received 786432 bytes back
Round trip time was 17.3601 milliseconds in repetition 274
tcp_ping received 786432 bytes back
Round trip time was 17.5507 milliseconds in repetition 275
tcp_ping received 786432 bytes back
Round trip time was 17.2359 milliseconds in repetition 276
tcp_ping received 786432 bytes back
Round trip time was 17.7854 milliseconds in repetition 277
tcp_ping received 786432 bytes back
Round trip time was 17.7634 milliseconds in repetition 278
tcp_ping received 786432 bytes back
Round trip time was 17.4632 milliseconds in repetition 279
tcp_ping received 786432 bytes back
Round trip time was 17.2072 milliseconds in repetition 280
tcp_ping received 786432 bytes back
Round trip time was 17.2268 milliseconds in repetition 281
tcp_ping received 786432 bytes back
Round trip time was 17.2313 milliseconds in repetition 282
tcp_ping received 786432 bytes back
Round trip time was 17.5176 milliseconds in repetition 283
tcp_ping received 786432 bytes back
Round trip time was 17.408 milliseconds in repetition 284
tcp_ping received 786432 bytes back
Round trip time was 18.2807 milliseconds in repetition 285
tcp_ping received 786432 bytes back
Round trip time was 17.5215 milliseconds in repetition 286
tcp_ping received 786432 bytes back
Round trip time was 17.1647 milliseconds in repetition 287
tcp_ping received 786432 bytes back
Round trip time was 17.0436 milliseconds in repetition 288
tcp_ping received 786432 bytes back
Round trip time was 17.2641 milliseconds in repetition 289
tcp_ping received 786432 bytes back
Round trip time was 20.6984 milliseconds in repetition 290
tcp_ping received 786432 bytes back
Round trip time was 17.6657 milliseconds in repetition 291
tcp_ping received 786432 bytes back
Round trip time was 17.27 milliseconds in repetition 292
tcp_ping received 786432 bytes back
Round trip time was 17.1048 milliseconds in repetition 293
tcp_ping received 786432 bytes back
Round trip time was 17.1432 milliseconds in repetition 294
tcp_ping received 786432 bytes back
Round trip time was 17.1276 milliseconds in repetition 295
tcp_ping received 786432 bytes back
Round trip time was 17.0554 milliseconds in repetition 296
tcp_ping received 786432 bytes back
Round trip time was 17.1523 milliseconds in repetition 297
tcp_ping received 786432 bytes back
Round trip time was 17.065 milliseconds in repetition 298
tcp_ping received 786432 bytes back
Round trip time was 17.0932 milliseconds in repetition 299
tcp_ping received 786432 bytes back
Round trip time was 17.1217 milliseconds in repetition 300
tcp_ping received 786432 bytes back
Round trip time was 17.2841 milliseconds in repetition 301
tcp_ping received 786432 bytes back
Round trip time was 17.0648 milliseconds in repetition 302
tcp_ping received 786432 bytes back
Round trip time was 17.4836 milliseconds in repetition 303
tcp_ping received 786432 bytes back
Round trip time was 17.3016 milliseconds in repetition 304
tcp_ping received 786432 bytes back
Round trip time was 17.029 milliseconds in repetition 305
tcp_ping received 786432 bytes back
Round trip time was 17.3151 milliseconds in repetition 306
tcp_ping received 786432 bytes back
Round trip time was 17.3264 milliseconds in repetition 307
tcp_ping received 786432 bytes back
Round trip time was 17.2645 milliseconds in repetition 308
tcp_ping received 786432 bytes back
Round trip time was 17.2948 milliseconds in repetition 309
tcp_ping received 786432 bytes back
Round trip time was 17.6775 milliseconds in repetition 310
tcp_ping received 786432 bytes back
Round trip time was 17.2462 milliseconds in repetition 311
tcp_ping received 786432 bytes back
Round trip time was 17.1577 milliseconds in repetition 312
tcp_ping received 786432 bytes back
Round trip time was 17.2543 milliseconds in repetition 313
tcp_ping received 786432 bytes back
Round trip time was 20.471 milliseconds in repetition 314
tcp_ping received 786432 bytes back
Round trip time was 17.253 milliseconds in repetition 315
tcp_ping received 786432 bytes back
Round trip time was 17.2096 milliseconds in repetition 316
tcp_ping received 786432 bytes back
Round trip time was 17.222 milliseconds in repetition 317
tcp_ping received 786432 bytes back
Round trip time was 17.2602 milliseconds in repetition 318
tcp_ping received 786432 bytes back
Round trip time was 17.2293 milliseconds in repetition 319
tcp_ping received 786432 bytes back
Round trip time was 18.2956 milliseconds in repetition 320
tcp_ping received 786432 bytes back
Round trip time was 20.176 milliseconds in repetition 321
tcp_ping received 786432 bytes back
Round trip time was 17.4259 milliseconds in repetition 322
tcp_ping received 786432 bytes back
Round trip time was 17.0711 milliseconds in repetition 323
tcp_ping received 786432 bytes back
Round trip time was 17.2659 milliseconds in repetition 324
tcp_ping received 786432 bytes back
Round trip time was 17.0361 milliseconds in repetition 325
tcp_ping received 786432 bytes back
Round trip time was 16.9821 milliseconds in repetition 326
tcp_ping received 786432 bytes back
Round trip time was 17.0325 milliseconds in repetition 327
tcp_ping received 786432 bytes back
Round trip time was 17.0986 milliseconds in repetition 328
tcp_ping received 786432 bytes back
Round trip time was 16.9719 milliseconds in repetition 329
tcp_ping received 786432 bytes back
Round trip time was 17.0052 milliseconds in repetition 330
tcp_ping received 786432 bytes back
Round trip time was 17.0808 milliseconds in repetition 331
tcp_ping received 786432 bytes back
Round trip time was 21.4164 milliseconds in repetition 332
tcp_ping received 786432 bytes back
Round trip time was 17.1536 milliseconds in repetition 333
tcp_ping received 786432 bytes back
Round trip time was 17.7873 milliseconds in repetition 334
tcp_ping received 786432 bytes back
Round trip time was 17.1684 milliseconds in repetition 335
tcp_ping received 786432 bytes back
Round trip time was 16.9719 milliseconds in repetition 336
tcp_ping received 786432 bytes back
Round trip time was 17.2315 milliseconds in repetition 337
tcp_ping received 786432 bytes back
Round trip time was 17.019 milliseconds in repetition 338
tcp_ping received 786432 bytes back
Round trip time was 17.3765 milliseconds in repetition 339
tcp_ping received 786432 bytes back
Round trip time was 18.6083 milliseconds in repetition 340
tcp_ping received 786432 bytes back
Round trip time was 17.8272 milliseconds in repetition 341
tcp_ping received 786432 bytes back
Round trip time was 18.3993 milliseconds in repetition 342
tcp_ping received 786432 bytes back
Round trip time was 18.2412 milliseconds in repetition 343
tcp_ping received 786432 bytes back
Round trip time was 17.281 milliseconds in repetition 344
tcp_ping received 786432 bytes back
Round trip time was 17.1913 milliseconds in repetition 345
tcp_ping received 786432 bytes back
Round trip time was 17.2174 milliseconds in repetition 346
tcp_ping received 786432 bytes back
Round trip time was 17.344 milliseconds in repetition 347
tcp_ping received 786432 bytes back
Round trip time was 17.5001 milliseconds in repetition 348
tcp_ping received 786432 bytes back
Round trip time was 17.0961 milliseconds in repetition 349
tcp_ping received 786432 bytes back
Round trip time was 17.3045 milliseconds in repetition 350
tcp_ping received 786432 bytes back
Round trip time was 17.0922 milliseconds in repetition 351
tcp_ping received 786432 bytes back
Round trip time was 17.1977 milliseconds in repetition 352
tcp_ping received 786432 bytes back
Round trip time was 17.1626 milliseconds in repetition 353
tcp_ping received 786432 bytes back
Round trip time was 17.0985 milliseconds in repetition 354
tcp_ping received 786432 bytes back
Round trip time was 17.1972 milliseconds in repetition 355
tcp_ping received 786432 bytes back
Round trip time was 17.3635 milliseconds in repetition 356
tcp_ping received 786432 bytes back
Round trip time was 17.1564 milliseconds in repetition 357
tcp_ping received 786432 bytes back
Round trip time was 17.4521 milliseconds in repetition 358
tcp_ping received 786432 bytes back
Round trip time was 17.1084 milliseconds in repetition 359
tcp_ping received 786432 bytes back
Round trip time was 16.9392 milliseconds in repetition 360
tcp_ping received 786432 bytes back
Round trip time was 17.2007 milliseconds in repetition 361
tcp_ping received 786432 bytes back
Round trip time was 17.4821 milliseconds in repetition 362
tcp_ping received 786432 bytes back
Round trip time was 17.2551 milliseconds in repetition 363
tcp_ping received 786432 bytes back
Round trip time was 15.7197 milliseconds in repetition 364
tcp_ping received 786432 bytes back
Round trip time was 17.0679 milliseconds in repetition 365
tcp_ping received 786432 bytes back
Round trip time was 17.1275 milliseconds in repetition 366
tcp_ping received 786432 bytes back
Round trip time was 17.2277 milliseconds in repetition 367
tcp_ping received 786432 bytes back
Round trip time was 17.3053 milliseconds in repetition 368
tcp_ping received 786432 bytes back
Round trip time was 17.3123 milliseconds in repetition 369
tcp_ping received 786432 bytes back
Round trip time was 17.4413 milliseconds in repetition 370
tcp_ping received 786432 bytes back
Round trip time was 17.1299 milliseconds in repetition 371
tcp_ping received 786432 bytes back
Round trip time was 17.1814 milliseconds in repetition 372
tcp_ping received 786432 bytes back
Round trip time was 17.2252 milliseconds in repetition 373
tcp_ping received 786432 bytes back
Round trip time was 17.1434 milliseconds in repetition 374
tcp_ping received 786432 bytes back
Round trip time was 17.2756 milliseconds in repetition 375
tcp_ping received 786432 bytes back
Round trip time was 17.318 milliseconds in repetition 376
tcp_ping received 786432 bytes back
Round trip time was 17.1914 milliseconds in repetition 377
tcp_ping received 786432 bytes back
Round trip time was 20.2 milliseconds in repetition 378
tcp_ping received 786432 bytes back
Round trip time was 18.1768 milliseconds in repetition 379
tcp_ping received 786432 bytes back
Round trip time was 17.2099 milliseconds in repetition 380
tcp_ping received 786432 bytes back
Round trip time was 17.2256 milliseconds in repetition 381
tcp_ping received 786432 bytes back
Round trip time was 17.0058 milliseconds in repetition 382
tcp_ping received 786432 bytes back
Round trip time was 17.1743 milliseconds in repetition 383
tcp_ping received 786432 bytes back
Round trip time was 16.9927 milliseconds in repetition 384
tcp_ping received 786432 bytes back
Round trip time was 17.0691 milliseconds in repetition 385
tcp_ping received 786432 bytes back
Round trip time was 17.022 milliseconds in repetition 386
tcp_ping received 786432 bytes back
Round trip time was 17.1079 milliseconds in repetition 387
tcp_ping received 786432 bytes back
Round trip time was 17.0476 milliseconds in repetition 388
tcp_ping received 786432 bytes back
Round trip time was 17.2387 milliseconds in repetition 389
tcp_ping received 786432 bytes back
Round trip time was 17.3206 milliseconds in repetition 390
tcp_ping received 786432 bytes back
Round trip time was 17.9734 milliseconds in repetition 391
tcp_ping received 786432 bytes back
Round trip time was 17.1026 milliseconds in repetition 392
tcp_ping received 786432 bytes back
Round trip time was 17.0584 milliseconds in repetition 393
tcp_ping received 786432 bytes back
Round trip time was 17.1432 milliseconds in repetition 394
tcp_ping received 786432 bytes back
Round trip time was 16.9811 milliseconds in repetition 395
tcp_ping received 786432 bytes back
Round trip time was 17.3577 milliseconds in repetition 396
tcp_ping received 786432 bytes back
Round trip time was 17.1333 milliseconds in repetition 397
tcp_ping received 786432 bytes back
Round trip time was 17.0882 milliseconds in repetition 398
tcp_ping received 786432 bytes back
Round trip time was 17.2084 milliseconds in repetition 399
tcp_ping received 786432 bytes back
Round trip time was 18.8477 milliseconds in repetition 400
tcp_ping received 786432 bytes back
Round trip time was 17.7128 milliseconds in repetition 401
tcp_ping received 786432 bytes back
Round trip time was 17.0427 milliseconds in repetition 402
tcp_ping received 786432 bytes back
Round trip time was 16.9577 milliseconds in repetition 403
tcp_ping received 786432 bytes back
Round trip time was 17.1658 milliseconds in repetition 404
tcp_ping received 786432 bytes back
Round trip time was 17.6142 milliseconds in repetition 405
tcp_ping received 786432 bytes back
Round trip time was 17.2205 milliseconds in repetition 406
tcp_ping received 786432 bytes back
Round trip time was 17.1028 milliseconds in repetition 407
tcp_ping received 786432 bytes back
Round trip time was 17.1873 milliseconds in repetition 408
tcp_ping received 786432 bytes back
Round trip time was 17.0882 milliseconds in repetition 409
tcp_ping received 786432 bytes back
Round trip time was 17.0357 milliseconds in repetition 410
tcp_ping received 786432 bytes back
Round trip time was 17.1131 milliseconds in repetition 411
tcp_ping received 786432 bytes back
Round trip time was 16.9827 milliseconds in repetition 412
tcp_ping received 786432 bytes back
Round trip time was 17.1214 milliseconds in repetition 413
tcp_ping received 786432 bytes back
Round trip time was 17.0183 milliseconds in repetition 414
tcp_ping received 786432 bytes back
Round trip time was 17.1078 milliseconds in repetition 415
tcp_ping received 786432 bytes back
Round trip time was 17.7038 milliseconds in repetition 416
tcp_ping received 786432 bytes back
Round trip time was 17.0258 milliseconds in repetition 417
tcp_ping received 786432 bytes back
Round trip time was 18.1543 milliseconds in repetition 418
tcp_ping received 786432 bytes back
Round trip time was 17.346 milliseconds in repetition 419
tcp_ping received 786432 bytes back
Round trip time was 17.2885 milliseconds in repetition 420
tcp_ping received 786432 bytes back
Round trip time was 17.3678 milliseconds in repetition 421
tcp_ping received 786432 bytes back
Round trip time was 17.2274 milliseconds in repetition 422
tcp_ping received 786432 bytes back
Round trip time was 17.3592 milliseconds in repetition 423
tcp_ping received 786432 bytes back
Round trip time was 17.1928 milliseconds in repetition 424
tcp_ping received 786432 bytes back
Round trip time was 17.8327 milliseconds in repetition 425
tcp_ping received 786432 bytes back
Round trip time was 17.1708 milliseconds in repetition 426
tcp_ping received 786432 bytes back
Round trip time was 17.268 milliseconds in repetition 427
tcp_ping received 786432 bytes back
Round trip time was 15.4358 milliseconds in repetition 428
tcp_ping received 786432 bytes back
Round trip time was 17.1414 milliseconds in repetition 429
tcp_ping received 786432 bytes back
Round trip time was 17.7627 milliseconds in repetition 430
tcp_ping received 786432 bytes back
Round trip time was 17.0082 milliseconds in repetition 431
tcp_ping received 786432 bytes back
Round trip time was 17.167 milliseconds in repetition 432
tcp_ping received 786432 bytes back
Round trip time was 17.3884 milliseconds in repetition 433
tcp_ping received 786432 bytes back
Round trip time was 17.3764 milliseconds in repetition 434
tcp_ping received 786432 bytes back
Round trip time was 22.5809 milliseconds in repetition 435
tcp_ping received 786432 bytes back
Round trip time was 28.9721 milliseconds in repetition 436
tcp_ping received 786432 bytes back
Round trip time was 17.2471 milliseconds in repetition 437
tcp_ping received 786432 bytes back
Round trip time was 17.4198 milliseconds in repetition 438
tcp_ping received 786432 bytes back
Round trip time was 17.3323 milliseconds in repetition 439
tcp_ping received 786432 bytes back
Round trip time was 17.3821 milliseconds in repetition 440
tcp_ping received 786432 bytes back
Round trip time was 17.2523 milliseconds in repetition 441
tcp_ping received 786432 bytes back
Round trip time was 17.1621 milliseconds in repetition 442
tcp_ping received 786432 bytes back
Round trip time was 17.1019 milliseconds in repetition 443
tcp_ping received 786432 bytes back
Round trip time was 17.1235 milliseconds in repetition 444
tcp_ping received 786432 bytes back
Round trip time was 17.1605 milliseconds in repetition 445
tcp_ping received 786432 bytes back
Round trip time was 17.0925 milliseconds in repetition 446
tcp_ping received 786432 bytes back
Round trip time was 17.0878 milliseconds in repetition 447
tcp_ping received 786432 bytes back
Round trip time was 17.1134 milliseconds in repetition 448
tcp_ping received 786432 bytes back
Round trip time was 17.1768 milliseconds in repetition 449
tcp_ping received 786432 bytes back
Round trip time was 17.0722 milliseconds in repetition 450
tcp_ping received 786432 bytes back
Round trip time was 17.0161 milliseconds in repetition 451
tcp_ping received 786432 bytes back
Round trip time was 17.1582 milliseconds in repetition 452
tcp_ping received 786432 bytes back
Round trip time was 18.052 milliseconds in repetition 453
tcp_ping received 786432 bytes back
Round trip time was 17.3949 milliseconds in repetition 454
tcp_ping received 786432 bytes back
Round trip time was 17.1687 milliseconds in repetition 455
tcp_ping received 786432 bytes back
Round trip time was 17.239 milliseconds in repetition 456
tcp_ping received 786432 bytes back
Round trip time was 17.9534 milliseconds in repetition 457
tcp_ping received 786432 bytes back
Round trip time was 17.9135 milliseconds in repetition 458
tcp_ping received 786432 bytes back
Round trip time was 16.9428 milliseconds in repetition 459
tcp_ping received 786432 bytes back
Round trip time was 17.2667 milliseconds in repetition 460
tcp_ping received 786432 bytes back
Round trip time was 17.5254 milliseconds in repetition 461
tcp_ping received 786432 bytes back
Round trip time was 17.9646 milliseconds in repetition 462
tcp_ping received 786432 bytes back
Round trip time was 17.2334 milliseconds in repetition 463
tcp_ping received 786432 bytes back
Round trip time was 17.1008 milliseconds in repetition 464
tcp_ping received 786432 bytes back
Round trip time was 17.0226 milliseconds in repetition 465
tcp_ping received 786432 bytes back
Round trip time was 17.0679 milliseconds in repetition 466
tcp_ping received 786432 bytes back
Round trip time was 17.1017 milliseconds in repetition 467
tcp_ping received 786432 bytes back
Round trip time was 16.9531 milliseconds in repetition 468
tcp_ping received 786432 bytes back
Round trip time was 17.0634 milliseconds in repetition 469
tcp_ping received 786432 bytes back
Round trip time was 17.0115 milliseconds in repetition 470
tcp_ping received 786432 bytes back
Round trip time was 17.1023 milliseconds in repetition 471
tcp_ping received 786432 bytes back
Round trip time was 16.9778 milliseconds in repetition 472
tcp_ping received 786432 bytes back
Round trip time was 17.202 milliseconds in repetition 473
tcp_ping received 786432 bytes back
Round trip time was 17.5327 milliseconds in repetition 474
tcp_ping received 786432 bytes back
Round trip time was 17.0231 milliseconds in repetition 475
tcp_ping received 786432 bytes back
Round trip time was 18.3092 milliseconds in repetition 476
tcp_ping received 786432 bytes back
Round trip time was 17.2891 milliseconds in repetition 477
tcp_ping received 786432 bytes back
Round trip time was 17.3413 milliseconds in repetition 478
tcp_ping received 786432 bytes back
Round trip time was 17.2905 milliseconds in repetition 479
tcp_ping received 786432 bytes back
Round trip time was 17.1369 milliseconds in repetition 480
tcp_ping received 786432 bytes back
Round trip time was 17.2863 milliseconds in repetition 481
tcp_ping received 786432 bytes back
Round trip time was 17.0939 milliseconds in repetition 482
tcp_ping received 786432 bytes back
Round trip time was 17.2198 milliseconds in repetition 483
tcp_ping received 786432 bytes back
Round trip time was 17.2447 milliseconds in repetition 484
tcp_ping received 786432 bytes back
Round trip time was 17.2197 milliseconds in repetition 485
tcp_ping received 786432 bytes back
Round trip time was 17.2484 milliseconds in repetition 486
tcp_ping received 786432 bytes back
Round trip time was 17.2916 milliseconds in repetition 487
tcp_ping received 786432 bytes back
Round trip time was 17.2257 milliseconds in repetition 488
tcp_ping received 786432 bytes back
Round trip time was 17.12 milliseconds in repetition 489
tcp_ping received 786432 bytes back
Round trip time was 17.2459 milliseconds in repetition 490
tcp_ping received 786432 bytes back
Round trip time was 17.4244 milliseconds in repetition 491
tcp_ping received 786432 bytes back
Round trip time was 22.7241 milliseconds in repetition 492
tcp_ping received 786432 bytes back
Round trip time was 19.1641 milliseconds in repetition 493
tcp_ping received 786432 bytes back
Round trip time was 17.9078 milliseconds in repetition 494
tcp_ping received 786432 bytes back
Round trip time was 17.2415 milliseconds in repetition 495
tcp_ping received 786432 bytes back
Round trip time was 17.1258 milliseconds in repetition 496
tcp_ping received 786432 bytes back
Round trip time was 17.0012 milliseconds in repetition 497
tcp_ping received 786432 bytes back
Round trip time was 17.0744 milliseconds in repetition 498
tcp_ping received 786432 bytes back
Round trip time was 16.9657 milliseconds in repetition 499
tcp_ping received 786432 bytes back
Round trip time was 17.0306 milliseconds in repetition 500
tcp_ping received 786432 bytes back
Round trip time was 16.9948 milliseconds in repetition 501

 ... clock resolution was 1e-06
TCP Ping:  Statistics over 501 repetitions of 786432 byte messages

RTT : percentile 10: 17.01, median: 17.2075, percentile 90: 17.9883, average: 17.4426, variance: 0.886944

RTT histogram:
15.4358 4
16.1126 1
16.7895 166
17.4663 267
18.1431 31
18.8199 9
19.4967 7
20.1735 7
20.8503 3
21.5272 2
22.204 1
22.8808 2
23.5576 0
24.2344 0
24.9112 0
25.5881 0
26.2649 0
26.9417 0
27.6185 0
28.2953 0
28.9721 1

   median Throughput : 91405.7 KB/s   overall Throughput : 90173.6 KB/s

