TCP Ping trying to connect to server localhost (127.0.0.1) on port 1491
 ... connected to Pong server: asking for 501 repetitions of 1024 bytes TCP messages
 ... Pong server agreed :-)
tcp_ping received 1024 bytes back
Round trip time was 0.158838 milliseconds in repetition 1
tcp_ping received 1024 bytes back
Round trip time was 0.137797 milliseconds in repetition 2
tcp_ping received 1024 bytes back
Round trip time was 0.134582 milliseconds in repetition 3
tcp_ping received 1024 bytes back
Round trip time was 0.13336 milliseconds in repetition 4
tcp_ping received 1024 bytes back
Round trip time was 0.133269 milliseconds in repetition 5
tcp_ping received 1024 bytes back
Round trip time was 0.1599 milliseconds in repetition 6
tcp_ping received 1024 bytes back
Round trip time was 0.183343 milliseconds in repetition 7
tcp_ping received 1024 bytes back
Round trip time was 0.139401 milliseconds in repetition 8
tcp_ping received 1024 bytes back
Round trip time was 0.13324 milliseconds in repetition 9
tcp_ping received 1024 bytes back
Round trip time was 0.114555 milliseconds in repetition 10
tcp_ping received 1024 bytes back
Round trip time was 0.119255 milliseconds in repetition 11
tcp_ping received 1024 bytes back
Round trip time was 0.129523 milliseconds in repetition 12
tcp_ping received 1024 bytes back
Round trip time was 0.422507 milliseconds in repetition 13
tcp_ping received 1024 bytes back
Round trip time was 0.240871 milliseconds in repetition 14
tcp_ping received 1024 bytes back
Round trip time was 0.234329 milliseconds in repetition 15
tcp_ping received 1024 bytes back
Round trip time was 0.189576 milliseconds in repetition 16
tcp_ping received 1024 bytes back
Round trip time was 0.252883 milliseconds in repetition 17
tcp_ping received 1024 bytes back
Round trip time was 0.110127 milliseconds in repetition 18
tcp_ping received 1024 bytes back
Round trip time was 0.063017 milliseconds in repetition 19
tcp_ping received 1024 bytes back
Round trip time was 0.060113 milliseconds in repetition 20
tcp_ping received 1024 bytes back
Round trip time was 0.058831 milliseconds in repetition 21
tcp_ping received 1024 bytes back
Round trip time was 0.059582 milliseconds in repetition 22
tcp_ping received 1024 bytes back
Round trip time was 0.059801 milliseconds in repetition 23
tcp_ping received 1024 bytes back
Round trip time was 0.05883 milliseconds in repetition 24
tcp_ping received 1024 bytes back
Round trip time was 0.059872 milliseconds in repetition 25
tcp_ping received 1024 bytes back
Round trip time was 0.209182 milliseconds in repetition 26
tcp_ping received 1024 bytes back
Round trip time was 0.060163 milliseconds in repetition 27
tcp_ping received 1024 bytes back
Round trip time was 0.05887 milliseconds in repetition 28
tcp_ping received 1024 bytes back
Round trip time was 0.062297 milliseconds in repetition 29
tcp_ping received 1024 bytes back
Round trip time was 0.062197 milliseconds in repetition 30
tcp_ping received 1024 bytes back
Round trip time was 0.062226 milliseconds in repetition 31
tcp_ping received 1024 bytes back
Round trip time was 0.061936 milliseconds in repetition 32
tcp_ping received 1024 bytes back
Round trip time was 0.044263 milliseconds in repetition 33
tcp_ping received 1024 bytes back
Round trip time was 0.044293 milliseconds in repetition 34
tcp_ping received 1024 bytes back
Round trip time was 0.044232 milliseconds in repetition 35
tcp_ping received 1024 bytes back
Round trip time was 0.044184 milliseconds in repetition 36
tcp_ping received 1024 bytes back
Round trip time was 0.044203 milliseconds in repetition 37
tcp_ping received 1024 bytes back
Round trip time was 0.044453 milliseconds in repetition 38
tcp_ping received 1024 bytes back
Round trip time was 0.045094 milliseconds in repetition 39
tcp_ping received 1024 bytes back
Round trip time was 0.097603 milliseconds in repetition 40
tcp_ping received 1024 bytes back
Round trip time was 0.044784 milliseconds in repetition 41
tcp_ping received 1024 bytes back
Round trip time was 0.042339 milliseconds in repetition 42
tcp_ping received 1024 bytes back
Round trip time was 0.042059 milliseconds in repetition 43
tcp_ping received 1024 bytes back
Round trip time was 0.050494 milliseconds in repetition 44
tcp_ping received 1024 bytes back
Round trip time was 0.04244 milliseconds in repetition 45
tcp_ping received 1024 bytes back
Round trip time was 0.042149 milliseconds in repetition 46
tcp_ping received 1024 bytes back
Round trip time was 0.042169 milliseconds in repetition 47
tcp_ping received 1024 bytes back
Round trip time was 0.042009 milliseconds in repetition 48
tcp_ping received 1024 bytes back
Round trip time was 0.042009 milliseconds in repetition 49
tcp_ping received 1024 bytes back
Round trip time was 0.423594 milliseconds in repetition 50
tcp_ping received 1024 bytes back
Round trip time was 0.055433 milliseconds in repetition 51
tcp_ping received 1024 bytes back
Round trip time was 0.051305 milliseconds in repetition 52
tcp_ping received 1024 bytes back
Round trip time was 0.048901 milliseconds in repetition 53
tcp_ping received 1024 bytes back
Round trip time was 0.050614 milliseconds in repetition 54
tcp_ping received 1024 bytes back
Round trip time was 0.051477 milliseconds in repetition 55
tcp_ping received 1024 bytes back
Round trip time was 0.046678 milliseconds in repetition 56
tcp_ping received 1024 bytes back
Round trip time was 0.07423 milliseconds in repetition 57
tcp_ping received 1024 bytes back
Round trip time was 0.051255 milliseconds in repetition 58
tcp_ping received 1024 bytes back
Round trip time was 0.042891 milliseconds in repetition 59
tcp_ping received 1024 bytes back
Round trip time was 0.042039 milliseconds in repetition 60
tcp_ping received 1024 bytes back
Round trip time was 0.042158 milliseconds in repetition 61
tcp_ping received 1024 bytes back
Round trip time was 0.0423 milliseconds in repetition 62
tcp_ping received 1024 bytes back
Round trip time was 0.042178 milliseconds in repetition 63
tcp_ping received 1024 bytes back
Round trip time was 0.041759 milliseconds in repetition 64
tcp_ping received 1024 bytes back
Round trip time was 0.041758 milliseconds in repetition 65
tcp_ping received 1024 bytes back
Round trip time was 0.041867 milliseconds in repetition 66
tcp_ping received 1024 bytes back
Round trip time was 0.14409 milliseconds in repetition 67
tcp_ping received 1024 bytes back
Round trip time was 0.046738 milliseconds in repetition 68
tcp_ping received 1024 bytes back
Round trip time was 0.042018 milliseconds in repetition 69
tcp_ping received 1024 bytes back
Round trip time was 0.042008 milliseconds in repetition 70
tcp_ping received 1024 bytes back
Round trip time was 0.042158 milliseconds in repetition 71
tcp_ping received 1024 bytes back
Round trip time was 0.041969 milliseconds in repetition 72
tcp_ping received 1024 bytes back
Round trip time was 0.042128 milliseconds in repetition 73
tcp_ping received 1024 bytes back
Round trip time was 0.04234 milliseconds in repetition 74
tcp_ping received 1024 bytes back
Round trip time was 0.042029 milliseconds in repetition 75
tcp_ping received 1024 bytes back
Round trip time was 0.041899 milliseconds in repetition 76
tcp_ping received 1024 bytes back
Round trip time was 0.041938 milliseconds in repetition 77
tcp_ping received 1024 bytes back
Round trip time was 0.042298 milliseconds in repetition 78
tcp_ping received 1024 bytes back
Round trip time was 0.0425 milliseconds in repetition 79
tcp_ping received 1024 bytes back
Round trip time was 0.0424 milliseconds in repetition 80
tcp_ping received 1024 bytes back
Round trip time was 0.041979 milliseconds in repetition 81
tcp_ping received 1024 bytes back
Round trip time was 0.042799 milliseconds in repetition 82
tcp_ping received 1024 bytes back
Round trip time was 0.041999 milliseconds in repetition 83
tcp_ping received 1024 bytes back
Round trip time was 0.04287 milliseconds in repetition 84
tcp_ping received 1024 bytes back
Round trip time was 0.042249 milliseconds in repetition 85
tcp_ping received 1024 bytes back
Round trip time was 0.166883 milliseconds in repetition 86
tcp_ping received 1024 bytes back
Round trip time was 0.043832 milliseconds in repetition 87
tcp_ping received 1024 bytes back
Round trip time was 0.04771 milliseconds in repetition 88
tcp_ping received 1024 bytes back
Round trip time was 0.042159 milliseconds in repetition 89
tcp_ping received 1024 bytes back
Round trip time was 0.042218 milliseconds in repetition 90
tcp_ping received 1024 bytes back
Round trip time was 0.042009 milliseconds in repetition 91
tcp_ping received 1024 bytes back
Round trip time was 0.041949 milliseconds in repetition 92
tcp_ping received 1024 bytes back
Round trip time was 0.042078 milliseconds in repetition 93
tcp_ping received 1024 bytes back
Round trip time was 0.04215 milliseconds in repetition 94
tcp_ping received 1024 bytes back
Round trip time was 0.041869 milliseconds in repetition 95
tcp_ping received 1024 bytes back
Round trip time was 0.041859 milliseconds in repetition 96
tcp_ping received 1024 bytes back
Round trip time was 0.041979 milliseconds in repetition 97
tcp_ping received 1024 bytes back
Round trip time was 0.041929 milliseconds in repetition 98
tcp_ping received 1024 bytes back
Round trip time was 0.041959 milliseconds in repetition 99
tcp_ping received 1024 bytes back
Round trip time was 0.041809 milliseconds in repetition 100
tcp_ping received 1024 bytes back
Round trip time was 0.109936 milliseconds in repetition 101
tcp_ping received 1024 bytes back
Round trip time was 0.044443 milliseconds in repetition 102
tcp_ping received 1024 bytes back
Round trip time was 0.042329 milliseconds in repetition 103
tcp_ping received 1024 bytes back
Round trip time was 0.042369 milliseconds in repetition 104
tcp_ping received 1024 bytes back
Round trip time was 0.042138 milliseconds in repetition 105
tcp_ping received 1024 bytes back
Round trip time was 0.041989 milliseconds in repetition 106
tcp_ping received 1024 bytes back
Round trip time was 0.042139 milliseconds in repetition 107
tcp_ping received 1024 bytes back
Round trip time was 0.041899 milliseconds in repetition 108
tcp_ping received 1024 bytes back
Round trip time was 0.042018 milliseconds in repetition 109
tcp_ping received 1024 bytes back
Round trip time was 0.041989 milliseconds in repetition 110
tcp_ping received 1024 bytes back
Round trip time was 0.042039 milliseconds in repetition 111
tcp_ping received 1024 bytes back
Round trip time was 0.041908 milliseconds in repetition 112
tcp_ping received 1024 bytes back
Round trip time was 0.042018 milliseconds in repetition 113
tcp_ping received 1024 bytes back
Round trip time was 0.041818 milliseconds in repetition 114
tcp_ping received 1024 bytes back
Round trip time was 0.042019 milliseconds in repetition 115
tcp_ping received 1024 bytes back
Round trip time was 0.041999 milliseconds in repetition 116
tcp_ping received 1024 bytes back
Round trip time was 0.041939 milliseconds in repetition 117
tcp_ping received 1024 bytes back
Round trip time was 0.041889 milliseconds in repetition 118
tcp_ping received 1024 bytes back
Round trip time was 0.041909 milliseconds in repetition 119
tcp_ping received 1024 bytes back
Round trip time was 0.191719 milliseconds in repetition 120
tcp_ping received 1024 bytes back
Round trip time was 0.044543 milliseconds in repetition 121
tcp_ping received 1024 bytes back
Round trip time was 0.042471 milliseconds in repetition 122
tcp_ping received 1024 bytes back
Round trip time was 0.042349 milliseconds in repetition 123
tcp_ping received 1024 bytes back
Round trip time was 0.04213 milliseconds in repetition 124
tcp_ping received 1024 bytes back
Round trip time was 0.041968 milliseconds in repetition 125
tcp_ping received 1024 bytes back
Round trip time was 0.041908 milliseconds in repetition 126
tcp_ping received 1024 bytes back
Round trip time was 0.042019 milliseconds in repetition 127
tcp_ping received 1024 bytes back
Round trip time was 0.042479 milliseconds in repetition 128
tcp_ping received 1024 bytes back
Round trip time was 0.041998 milliseconds in repetition 129
tcp_ping received 1024 bytes back
Round trip time was 0.041918 milliseconds in repetition 130
tcp_ping received 1024 bytes back
Round trip time was 0.041989 milliseconds in repetition 131
tcp_ping received 1024 bytes back
Round trip time was 0.046517 milliseconds in repetition 132
tcp_ping received 1024 bytes back
Round trip time was 0.042239 milliseconds in repetition 133
tcp_ping received 1024 bytes back
Round trip time was 0.042109 milliseconds in repetition 134
tcp_ping received 1024 bytes back
Round trip time was 0.042009 milliseconds in repetition 135
tcp_ping received 1024 bytes back
Round trip time was 0.164538 milliseconds in repetition 136
tcp_ping received 1024 bytes back
Round trip time was 0.048842 milliseconds in repetition 137
tcp_ping received 1024 bytes back
Round trip time was 0.042509 milliseconds in repetition 138
tcp_ping received 1024 bytes back
Round trip time was 0.042149 milliseconds in repetition 139
tcp_ping received 1024 bytes back
Round trip time was 0.042109 milliseconds in repetition 140
tcp_ping received 1024 bytes back
Round trip time was 0.042399 milliseconds in repetition 141
tcp_ping received 1024 bytes back
Round trip time was 0.042179 milliseconds in repetition 142
tcp_ping received 1024 bytes back
Round trip time was 0.042049 milliseconds in repetition 143
tcp_ping received 1024 bytes back
Round trip time was 0.044784 milliseconds in repetition 144
tcp_ping received 1024 bytes back
Round trip time was 0.044534 milliseconds in repetition 145
tcp_ping received 1024 bytes back
Round trip time was 0.044695 milliseconds in repetition 146
tcp_ping received 1024 bytes back
Round trip time was 0.044564 milliseconds in repetition 147
tcp_ping received 1024 bytes back
Round trip time was 0.044303 milliseconds in repetition 148
tcp_ping received 1024 bytes back
Round trip time was 0.044634 milliseconds in repetition 149
tcp_ping received 1024 bytes back
Round trip time was 0.044503 milliseconds in repetition 150
tcp_ping received 1024 bytes back
Round trip time was 0.044383 milliseconds in repetition 151
tcp_ping received 1024 bytes back
Round trip time was 0.044343 milliseconds in repetition 152
tcp_ping received 1024 bytes back
Round trip time was 0.044784 milliseconds in repetition 153
tcp_ping received 1024 bytes back
Round trip time was 0.132529 milliseconds in repetition 154
tcp_ping received 1024 bytes back
Round trip time was 0.045646 milliseconds in repetition 155
tcp_ping received 1024 bytes back
Round trip time was 0.044454 milliseconds in repetition 156
tcp_ping received 1024 bytes back
Round trip time was 0.044413 milliseconds in repetition 157
tcp_ping received 1024 bytes back
Round trip time was 0.044413 milliseconds in repetition 158
tcp_ping received 1024 bytes back
Round trip time was 0.044333 milliseconds in repetition 159
tcp_ping received 1024 bytes back
Round trip time was 0.044323 milliseconds in repetition 160
tcp_ping received 1024 bytes back
Round trip time was 0.044914 milliseconds in repetition 161
tcp_ping received 1024 bytes back
Round trip time was 0.044483 milliseconds in repetition 162
tcp_ping received 1024 bytes back
Round trip time was 0.044303 milliseconds in repetition 163
tcp_ping received 1024 bytes back
Round trip time was 0.044363 milliseconds in repetition 164
tcp_ping received 1024 bytes back
Round trip time was 0.044443 milliseconds in repetition 165
tcp_ping received 1024 bytes back
Round trip time was 0.044423 milliseconds in repetition 166
tcp_ping received 1024 bytes back
Round trip time was 0.044343 milliseconds in repetition 167
tcp_ping received 1024 bytes back
Round trip time was 0.044393 milliseconds in repetition 168
tcp_ping received 1024 bytes back
Round trip time was 0.044303 milliseconds in repetition 169
tcp_ping received 1024 bytes back
Round trip time was 0.044483 milliseconds in repetition 170
tcp_ping received 1024 bytes back
Round trip time was 0.044283 milliseconds in repetition 171
tcp_ping received 1024 bytes back
Round trip time was 0.081723 milliseconds in repetition 172
tcp_ping received 1024 bytes back
Round trip time was 0.078968 milliseconds in repetition 173
tcp_ping received 1024 bytes back
Round trip time was 0.047159 milliseconds in repetition 174
tcp_ping received 1024 bytes back
Round trip time was 0.050926 milliseconds in repetition 175
tcp_ping received 1024 bytes back
Round trip time was 0.044904 milliseconds in repetition 176
tcp_ping received 1024 bytes back
Round trip time was 0.045014 milliseconds in repetition 177
tcp_ping received 1024 bytes back
Round trip time was 0.044314 milliseconds in repetition 178
tcp_ping received 1024 bytes back
Round trip time was 7.56555 milliseconds in repetition 179
tcp_ping received 1024 bytes back
Round trip time was 0.067747 milliseconds in repetition 180
tcp_ping received 1024 bytes back
Round trip time was 0.045204 milliseconds in repetition 181
tcp_ping received 1024 bytes back
Round trip time was 0.044935 milliseconds in repetition 182
tcp_ping received 1024 bytes back
Round trip time was 0.044694 milliseconds in repetition 183
tcp_ping received 1024 bytes back
Round trip time was 0.044644 milliseconds in repetition 184
tcp_ping received 1024 bytes back
Round trip time was 0.044473 milliseconds in repetition 185
tcp_ping received 1024 bytes back
Round trip time was 0.044523 milliseconds in repetition 186
tcp_ping received 1024 bytes back
Round trip time was 0.045034 milliseconds in repetition 187
tcp_ping received 1024 bytes back
Round trip time was 0.044563 milliseconds in repetition 188
tcp_ping received 1024 bytes back
Round trip time was 0.044423 milliseconds in repetition 189
tcp_ping received 1024 bytes back
Round trip time was 0.044815 milliseconds in repetition 190
tcp_ping received 1024 bytes back
Round trip time was 0.044633 milliseconds in repetition 191
tcp_ping received 1024 bytes back
Round trip time was 0.087263 milliseconds in repetition 192
tcp_ping received 1024 bytes back
Round trip time was 0.045976 milliseconds in repetition 193
tcp_ping received 1024 bytes back
Round trip time was 0.044483 milliseconds in repetition 194
tcp_ping received 1024 bytes back
Round trip time was 0.044563 milliseconds in repetition 195
tcp_ping received 1024 bytes back
Round trip time was 0.044414 milliseconds in repetition 196
tcp_ping received 1024 bytes back
Round trip time was 0.044483 milliseconds in repetition 197
tcp_ping received 1024 bytes back
Round trip time was 0.044474 milliseconds in repetition 198
tcp_ping received 1024 bytes back
Round trip time was 0.044403 milliseconds in repetition 199
tcp_ping received 1024 bytes back
Round trip time was 0.044353 milliseconds in repetition 200
tcp_ping received 1024 bytes back
Round trip time was 0.044364 milliseconds in repetition 201
tcp_ping received 1024 bytes back
Round trip time was 0.044403 milliseconds in repetition 202
tcp_ping received 1024 bytes back
Round trip time was 0.044374 milliseconds in repetition 203
tcp_ping received 1024 bytes back
Round trip time was 0.044363 milliseconds in repetition 204
tcp_ping received 1024 bytes back
Round trip time was 0.044343 milliseconds in repetition 205
tcp_ping received 1024 bytes back
Round trip time was 0.327463 milliseconds in repetition 206
tcp_ping received 1024 bytes back
Round trip time was 0.046657 milliseconds in repetition 207
tcp_ping received 1024 bytes back
Round trip time was 0.044514 milliseconds in repetition 208
tcp_ping received 1024 bytes back
Round trip time was 0.044994 milliseconds in repetition 209
tcp_ping received 1024 bytes back
Round trip time was 0.044554 milliseconds in repetition 210
tcp_ping received 1024 bytes back
Round trip time was 0.044543 milliseconds in repetition 211
tcp_ping received 1024 bytes back
Round trip time was 0.044473 milliseconds in repetition 212
tcp_ping received 1024 bytes back
Round trip time was 0.044594 milliseconds in repetition 213
tcp_ping received 1024 bytes back
Round trip time was 0.044383 milliseconds in repetition 214
tcp_ping received 1024 bytes back
Round trip time was 0.044574 milliseconds in repetition 215
tcp_ping received 1024 bytes back
Round trip time was 0.044513 milliseconds in repetition 216
tcp_ping received 1024 bytes back
Round trip time was 0.044393 milliseconds in repetition 217
tcp_ping received 1024 bytes back
Round trip time was 0.044363 milliseconds in repetition 218
tcp_ping received 1024 bytes back
Round trip time was 0.051747 milliseconds in repetition 219
tcp_ping received 1024 bytes back
Round trip time was 0.044754 milliseconds in repetition 220
tcp_ping received 1024 bytes back
Round trip time was 0.044503 milliseconds in repetition 221
tcp_ping received 1024 bytes back
Round trip time was 0.044524 milliseconds in repetition 222
tcp_ping received 1024 bytes back
Round trip time was 0.134021 milliseconds in repetition 223
tcp_ping received 1024 bytes back
Round trip time was 0.045175 milliseconds in repetition 224
tcp_ping received 1024 bytes back
Round trip time was 0.045085 milliseconds in repetition 225
tcp_ping received 1024 bytes back
Round trip time was 0.044543 milliseconds in repetition 226
tcp_ping received 1024 bytes back
Round trip time was 0.044443 milliseconds in repetition 227
tcp_ping received 1024 bytes back
Round trip time was 0.044423 milliseconds in repetition 228
tcp_ping received 1024 bytes back
Round trip time was 0.044463 milliseconds in repetition 229
tcp_ping received 1024 bytes back
Round trip time was 0.044453 milliseconds in repetition 230
tcp_ping received 1024 bytes back
Round trip time was 0.044544 milliseconds in repetition 231
tcp_ping received 1024 bytes back
Round trip time was 0.044383 milliseconds in repetition 232
tcp_ping received 1024 bytes back
Round trip time was 0.045285 milliseconds in repetition 233
tcp_ping received 1024 bytes back
Round trip time was 0.044553 milliseconds in repetition 234
tcp_ping received 1024 bytes back
Round trip time was 0.044604 milliseconds in repetition 235
tcp_ping received 1024 bytes back
Round trip time was 0.044593 milliseconds in repetition 236
tcp_ping received 1024 bytes back
Round trip time was 0.044393 milliseconds in repetition 237
tcp_ping received 1024 bytes back
Round trip time was 0.044504 milliseconds in repetition 238
tcp_ping received 1024 bytes back
Round trip time was 0.044574 milliseconds in repetition 239
tcp_ping received 1024 bytes back
Round trip time was 0.044403 milliseconds in repetition 240
tcp_ping received 1024 bytes back
Round trip time was 0.183773 milliseconds in repetition 241
tcp_ping received 1024 bytes back
Round trip time was 0.049261 milliseconds in repetition 242
tcp_ping received 1024 bytes back
Round trip time was 0.044573 milliseconds in repetition 243
tcp_ping received 1024 bytes back
Round trip time was 0.045003 milliseconds in repetition 244
tcp_ping received 1024 bytes back
Round trip time was 0.044544 milliseconds in repetition 245
tcp_ping received 1024 bytes back
Round trip time was 0.044594 milliseconds in repetition 246
tcp_ping received 1024 bytes back
Round trip time was 0.044634 milliseconds in repetition 247
tcp_ping received 1024 bytes back
Round trip time was 0.044503 milliseconds in repetition 248
tcp_ping received 1024 bytes back
Round trip time was 0.045265 milliseconds in repetition 249
tcp_ping received 1024 bytes back
Round trip time was 0.044534 milliseconds in repetition 250
tcp_ping received 1024 bytes back
Round trip time was 0.044613 milliseconds in repetition 251
tcp_ping received 1024 bytes back
Round trip time was 0.044464 milliseconds in repetition 252
tcp_ping received 1024 bytes back
Round trip time was 0.044454 milliseconds in repetition 253
tcp_ping received 1024 bytes back
Round trip time was 0.044463 milliseconds in repetition 254
tcp_ping received 1024 bytes back
Round trip time was 0.044553 milliseconds in repetition 255
tcp_ping received 1024 bytes back
Round trip time was 0.044473 milliseconds in repetition 256
tcp_ping received 1024 bytes back
Round trip time was 0.044463 milliseconds in repetition 257
tcp_ping received 1024 bytes back
Round trip time was 0.044514 milliseconds in repetition 258
tcp_ping received 1024 bytes back
Round trip time was 0.081613 milliseconds in repetition 259
tcp_ping received 1024 bytes back
Round trip time was 0.045716 milliseconds in repetition 260
tcp_ping received 1024 bytes back
Round trip time was 0.044684 milliseconds in repetition 261
tcp_ping received 1024 bytes back
Round trip time was 0.058549 milliseconds in repetition 262
tcp_ping received 1024 bytes back
Round trip time was 0.045635 milliseconds in repetition 263
tcp_ping received 1024 bytes back
Round trip time was 0.044573 milliseconds in repetition 264
tcp_ping received 1024 bytes back
Round trip time was 0.271178 milliseconds in repetition 265
tcp_ping received 1024 bytes back
Round trip time was 0.045987 milliseconds in repetition 266
tcp_ping received 1024 bytes back
Round trip time was 0.071304 milliseconds in repetition 267
tcp_ping received 1024 bytes back
Round trip time was 0.045606 milliseconds in repetition 268
tcp_ping received 1024 bytes back
Round trip time was 0.044654 milliseconds in repetition 269
tcp_ping received 1024 bytes back
Round trip time was 0.044564 milliseconds in repetition 270
tcp_ping received 1024 bytes back
Round trip time was 0.044513 milliseconds in repetition 271
tcp_ping received 1024 bytes back
Round trip time was 0.044463 milliseconds in repetition 272
tcp_ping received 1024 bytes back
Round trip time was 0.044383 milliseconds in repetition 273
tcp_ping received 1024 bytes back
Round trip time was 0.044584 milliseconds in repetition 274
tcp_ping received 1024 bytes back
Round trip time was 0.044904 milliseconds in repetition 275
tcp_ping received 1024 bytes back
Round trip time was 0.044513 milliseconds in repetition 276
tcp_ping received 1024 bytes back
Round trip time was 0.044614 milliseconds in repetition 277
tcp_ping received 1024 bytes back
Round trip time was 0.044544 milliseconds in repetition 278
tcp_ping received 1024 bytes back
Round trip time was 0.044564 milliseconds in repetition 279
tcp_ping received 1024 bytes back
Round trip time was 0.044433 milliseconds in repetition 280
tcp_ping received 1024 bytes back
Round trip time was 0.044413 milliseconds in repetition 281
tcp_ping received 1024 bytes back
Round trip time was 0.044494 milliseconds in repetition 282
tcp_ping received 1024 bytes back
Round trip time was 0.044584 milliseconds in repetition 283
tcp_ping received 1024 bytes back
Round trip time was 0.044454 milliseconds in repetition 284
tcp_ping received 1024 bytes back
Round trip time was 0.044383 milliseconds in repetition 285
tcp_ping received 1024 bytes back
Round trip time was 0.123562 milliseconds in repetition 286
tcp_ping received 1024 bytes back
Round trip time was 0.056606 milliseconds in repetition 287
tcp_ping received 1024 bytes back
Round trip time was 0.044934 milliseconds in repetition 288
tcp_ping received 1024 bytes back
Round trip time was 0.044533 milliseconds in repetition 289
tcp_ping received 1024 bytes back
Round trip time was 0.044633 milliseconds in repetition 290
tcp_ping received 1024 bytes back
Round trip time was 0.044613 milliseconds in repetition 291
tcp_ping received 1024 bytes back
Round trip time was 0.044383 milliseconds in repetition 292
tcp_ping received 1024 bytes back
Round trip time was 0.044823 milliseconds in repetition 293
tcp_ping received 1024 bytes back
Round trip time was 0.044543 milliseconds in repetition 294
tcp_ping received 1024 bytes back
Round trip time was 0.044904 milliseconds in repetition 295
tcp_ping received 1024 bytes back
Round trip time was 0.044463 milliseconds in repetition 296
tcp_ping received 1024 bytes back
Round trip time was 0.044553 milliseconds in repetition 297
tcp_ping received 1024 bytes back
Round trip time was 0.044514 milliseconds in repetition 298
tcp_ping received 1024 bytes back
Round trip time was 0.044665 milliseconds in repetition 299
tcp_ping received 1024 bytes back
Round trip time was 0.044503 milliseconds in repetition 300
tcp_ping received 1024 bytes back
Round trip time was 0.044463 milliseconds in repetition 301
tcp_ping received 1024 bytes back
Round trip time was 0.044534 milliseconds in repetition 302
tcp_ping received 1024 bytes back
Round trip time was 0.044523 milliseconds in repetition 303
tcp_ping received 1024 bytes back
Round trip time was 0.044673 milliseconds in repetition 304
tcp_ping received 1024 bytes back
Round trip time was 0.132008 milliseconds in repetition 305
tcp_ping received 1024 bytes back
Round trip time was 0.049233 milliseconds in repetition 306
tcp_ping received 1024 bytes back
Round trip time was 0.044694 milliseconds in repetition 307
tcp_ping received 1024 bytes back
Round trip time was 0.044564 milliseconds in repetition 308
tcp_ping received 1024 bytes back
Round trip time was 0.044573 milliseconds in repetition 309
tcp_ping received 1024 bytes back
Round trip time was 0.044673 milliseconds in repetition 310
tcp_ping received 1024 bytes back
Round trip time was 0.044573 milliseconds in repetition 311
tcp_ping received 1024 bytes back
Round trip time was 0.045014 milliseconds in repetition 312
tcp_ping received 1024 bytes back
Round trip time was 0.044514 milliseconds in repetition 313
tcp_ping received 1024 bytes back
Round trip time was 0.044433 milliseconds in repetition 314
tcp_ping received 1024 bytes back
Round trip time was 0.044503 milliseconds in repetition 315
tcp_ping received 1024 bytes back
Round trip time was 0.044383 milliseconds in repetition 316
tcp_ping received 1024 bytes back
Round trip time was 0.044443 milliseconds in repetition 317
tcp_ping received 1024 bytes back
Round trip time was 0.044334 milliseconds in repetition 318
tcp_ping received 1024 bytes back
Round trip time was 0.044474 milliseconds in repetition 319
tcp_ping received 1024 bytes back
Round trip time was 0.104667 milliseconds in repetition 320
tcp_ping received 1024 bytes back
Round trip time was 0.049602 milliseconds in repetition 321
tcp_ping received 1024 bytes back
Round trip time was 0.044755 milliseconds in repetition 322
tcp_ping received 1024 bytes back
Round trip time was 0.044624 milliseconds in repetition 323
tcp_ping received 1024 bytes back
Round trip time was 0.044543 milliseconds in repetition 324
tcp_ping received 1024 bytes back
Round trip time was 0.044423 milliseconds in repetition 325
tcp_ping received 1024 bytes back
Round trip time was 0.044463 milliseconds in repetition 326
tcp_ping received 1024 bytes back
Round trip time was 0.044534 milliseconds in repetition 327
tcp_ping received 1024 bytes back
Round trip time was 0.044474 milliseconds in repetition 328
tcp_ping received 1024 bytes back
Round trip time was 0.044434 milliseconds in repetition 329
tcp_ping received 1024 bytes back
Round trip time was 0.044473 milliseconds in repetition 330
tcp_ping received 1024 bytes back
Round trip time was 0.044534 milliseconds in repetition 331
tcp_ping received 1024 bytes back
Round trip time was 0.044894 milliseconds in repetition 332
tcp_ping received 1024 bytes back
Round trip time was 0.044795 milliseconds in repetition 333
tcp_ping received 1024 bytes back
Round trip time was 0.044524 milliseconds in repetition 334
tcp_ping received 1024 bytes back
Round trip time was 0.044584 milliseconds in repetition 335
tcp_ping received 1024 bytes back
Round trip time was 0.044614 milliseconds in repetition 336
tcp_ping received 1024 bytes back
Round trip time was 0.044514 milliseconds in repetition 337
tcp_ping received 1024 bytes back
Round trip time was 0.044563 milliseconds in repetition 338
tcp_ping received 1024 bytes back
Round trip time was 0.076293 milliseconds in repetition 339
tcp_ping received 1024 bytes back
Round trip time was 0.044954 milliseconds in repetition 340
tcp_ping received 1024 bytes back
Round trip time was 0.044605 milliseconds in repetition 341
tcp_ping received 1024 bytes back
Round trip time was 0.044473 milliseconds in repetition 342
tcp_ping received 1024 bytes back
Round trip time was 0.044894 milliseconds in repetition 343
tcp_ping received 1024 bytes back
Round trip time was 0.044663 milliseconds in repetition 344
tcp_ping received 1024 bytes back
Round trip time was 0.044714 milliseconds in repetition 345
tcp_ping received 1024 bytes back
Round trip time was 0.044613 milliseconds in repetition 346
tcp_ping received 1024 bytes back
Round trip time was 0.045335 milliseconds in repetition 347
tcp_ping received 1024 bytes back
Round trip time was 0.045336 milliseconds in repetition 348
tcp_ping received 1024 bytes back
Round trip time was 0.044493 milliseconds in repetition 349
tcp_ping received 1024 bytes back
Round trip time was 0.04808 milliseconds in repetition 350
tcp_ping received 1024 bytes back
Round trip time was 0.044573 milliseconds in repetition 351
tcp_ping received 1024 bytes back
Round trip time was 0.044824 milliseconds in repetition 352
tcp_ping received 1024 bytes back
Round trip time was 0.044805 milliseconds in repetition 353
tcp_ping received 1024 bytes back
Round trip time was 0.044363 milliseconds in repetition 354
tcp_ping received 1024 bytes back
Round trip time was 0.044383 milliseconds in repetition 355
tcp_ping received 1024 bytes back
Round trip time was 0.044523 milliseconds in repetition 356
tcp_ping received 1024 bytes back
Round trip time was 0.070221 milliseconds in repetition 357
tcp_ping received 1024 bytes back
Round trip time was 0.057037 milliseconds in repetition 358
tcp_ping received 1024 bytes back
Round trip time was 0.044515 milliseconds in repetition 359
tcp_ping received 1024 bytes back
Round trip time was 0.044423 milliseconds in repetition 360
tcp_ping received 1024 bytes back
Round trip time was 0.044343 milliseconds in repetition 361
tcp_ping received 1024 bytes back
Round trip time was 0.044353 milliseconds in repetition 362
tcp_ping received 1024 bytes back
Round trip time was 0.044343 milliseconds in repetition 363
tcp_ping received 1024 bytes back
Round trip time was 0.044443 milliseconds in repetition 364
tcp_ping received 1024 bytes back
Round trip time was 0.044514 milliseconds in repetition 365
tcp_ping received 1024 bytes back
Round trip time was 0.044463 milliseconds in repetition 366
tcp_ping received 1024 bytes back
Round trip time was 0.044373 milliseconds in repetition 367
tcp_ping received 1024 bytes back
Round trip time was 0.044373 milliseconds in repetition 368
tcp_ping received 1024 bytes back
Round trip time was 0.044403 milliseconds in repetition 369
tcp_ping received 1024 bytes back
Round trip time was 0.044353 milliseconds in repetition 370
tcp_ping received 1024 bytes back
Round trip time was 0.044363 milliseconds in repetition 371
tcp_ping received 1024 bytes back
Round trip time was 0.044433 milliseconds in repetition 372
tcp_ping received 1024 bytes back
Round trip time was 0.044824 milliseconds in repetition 373
tcp_ping received 1024 bytes back
Round trip time was 0.044373 milliseconds in repetition 374
tcp_ping received 1024 bytes back
Round trip time was 0.044393 milliseconds in repetition 375
tcp_ping received 1024 bytes back
Round trip time was 0.044473 milliseconds in repetition 376
tcp_ping received 1024 bytes back
Round trip time was 0.094666 milliseconds in repetition 377
tcp_ping received 1024 bytes back
Round trip time was 0.046386 milliseconds in repetition 378
tcp_ping received 1024 bytes back
Round trip time was 0.044553 milliseconds in repetition 379
tcp_ping received 1024 bytes back
Round trip time was 0.044615 milliseconds in repetition 380
tcp_ping received 1024 bytes back
Round trip time was 0.044553 milliseconds in repetition 381
tcp_ping received 1024 bytes back
Round trip time was 0.044453 milliseconds in repetition 382
tcp_ping received 1024 bytes back
Round trip time was 0.044454 milliseconds in repetition 383
tcp_ping received 1024 bytes back
Round trip time was 0.044483 milliseconds in repetition 384
tcp_ping received 1024 bytes back
Round trip time was 0.044624 milliseconds in repetition 385
tcp_ping received 1024 bytes back
Round trip time was 0.044443 milliseconds in repetition 386
tcp_ping received 1024 bytes back
Round trip time was 0.044393 milliseconds in repetition 387
tcp_ping received 1024 bytes back
Round trip time was 0.044383 milliseconds in repetition 388
tcp_ping received 1024 bytes back
Round trip time was 0.044563 milliseconds in repetition 389
tcp_ping received 1024 bytes back
Round trip time was 0.044333 milliseconds in repetition 390
tcp_ping received 1024 bytes back
Round trip time was 0.044454 milliseconds in repetition 391
tcp_ping received 1024 bytes back
Round trip time was 0.044403 milliseconds in repetition 392
tcp_ping received 1024 bytes back
Round trip time was 0.047819 milliseconds in repetition 393
tcp_ping received 1024 bytes back
Round trip time was 0.044744 milliseconds in repetition 394
tcp_ping received 1024 bytes back
Round trip time was 0.088465 milliseconds in repetition 395
tcp_ping received 1024 bytes back
Round trip time was 0.049352 milliseconds in repetition 396
tcp_ping received 1024 bytes back
Round trip time was 0.044825 milliseconds in repetition 397
tcp_ping received 1024 bytes back
Round trip time was 0.044523 milliseconds in repetition 398
tcp_ping received 1024 bytes back
Round trip time was 0.044313 milliseconds in repetition 399
tcp_ping received 1024 bytes back
Round trip time was 0.044434 milliseconds in repetition 400
tcp_ping received 1024 bytes back
Round trip time was 0.044594 milliseconds in repetition 401
tcp_ping received 1024 bytes back
Round trip time was 0.044454 milliseconds in repetition 402
tcp_ping received 1024 bytes back
Round trip time was 0.044444 milliseconds in repetition 403
tcp_ping received 1024 bytes back
Round trip time was 0.044413 milliseconds in repetition 404
tcp_ping received 1024 bytes back
Round trip time was 0.044543 milliseconds in repetition 405
tcp_ping received 1024 bytes back
Round trip time was 0.044524 milliseconds in repetition 406
tcp_ping received 1024 bytes back
Round trip time was 0.044333 milliseconds in repetition 407
tcp_ping received 1024 bytes back
Round trip time was 0.044343 milliseconds in repetition 408
tcp_ping received 1024 bytes back
Round trip time was 0.044534 milliseconds in repetition 409
tcp_ping received 1024 bytes back
Round trip time was 0.044453 milliseconds in repetition 410
tcp_ping received 1024 bytes back
Round trip time was 0.044443 milliseconds in repetition 411
tcp_ping received 1024 bytes back
Round trip time was 0.044403 milliseconds in repetition 412
tcp_ping received 1024 bytes back
Round trip time was 0.044624 milliseconds in repetition 413
tcp_ping received 1024 bytes back
Round trip time was 0.061236 milliseconds in repetition 414
tcp_ping received 1024 bytes back
Round trip time was 0.056186 milliseconds in repetition 415
tcp_ping received 1024 bytes back
Round trip time was 0.044493 milliseconds in repetition 416
tcp_ping received 1024 bytes back
Round trip time was 0.044544 milliseconds in repetition 417
tcp_ping received 1024 bytes back
Round trip time was 0.044523 milliseconds in repetition 418
tcp_ping received 1024 bytes back
Round trip time was 0.044503 milliseconds in repetition 419
tcp_ping received 1024 bytes back
Round trip time was 0.044443 milliseconds in repetition 420
tcp_ping received 1024 bytes back
Round trip time was 0.044484 milliseconds in repetition 421
tcp_ping received 1024 bytes back
Round trip time was 0.044473 milliseconds in repetition 422
tcp_ping received 1024 bytes back
Round trip time was 0.044543 milliseconds in repetition 423
tcp_ping received 1024 bytes back
Round trip time was 0.044423 milliseconds in repetition 424
tcp_ping received 1024 bytes back
Round trip time was 0.044543 milliseconds in repetition 425
tcp_ping received 1024 bytes back
Round trip time was 0.044554 milliseconds in repetition 426
tcp_ping received 1024 bytes back
Round trip time was 0.044553 milliseconds in repetition 427
tcp_ping received 1024 bytes back
Round trip time was 0.044353 milliseconds in repetition 428
tcp_ping received 1024 bytes back
Round trip time was 0.044553 milliseconds in repetition 429
tcp_ping received 1024 bytes back
Round trip time was 0.044463 milliseconds in repetition 430
tcp_ping received 1024 bytes back
Round trip time was 0.044523 milliseconds in repetition 431
tcp_ping received 1024 bytes back
Round trip time was 0.044473 milliseconds in repetition 432
tcp_ping received 1024 bytes back
Round trip time was 0.044464 milliseconds in repetition 433
tcp_ping received 1024 bytes back
Round trip time was 0.084529 milliseconds in repetition 434
tcp_ping received 1024 bytes back
Round trip time was 0.046056 milliseconds in repetition 435
tcp_ping received 1024 bytes back
Round trip time was 0.044743 milliseconds in repetition 436
tcp_ping received 1024 bytes back
Round trip time was 0.047708 milliseconds in repetition 437
tcp_ping received 1024 bytes back
Round trip time was 0.044675 milliseconds in repetition 438
tcp_ping received 1024 bytes back
Round trip time was 0.044533 milliseconds in repetition 439
tcp_ping received 1024 bytes back
Round trip time was 0.044444 milliseconds in repetition 440
tcp_ping received 1024 bytes back
Round trip time was 0.044403 milliseconds in repetition 441
tcp_ping received 1024 bytes back
Round trip time was 0.044493 milliseconds in repetition 442
tcp_ping received 1024 bytes back
Round trip time was 0.044573 milliseconds in repetition 443
tcp_ping received 1024 bytes back
Round trip time was 0.044513 milliseconds in repetition 444
tcp_ping received 1024 bytes back
Round trip time was 0.044473 milliseconds in repetition 445
tcp_ping received 1024 bytes back
Round trip time was 0.044523 milliseconds in repetition 446
tcp_ping received 1024 bytes back
Round trip time was 0.044433 milliseconds in repetition 447
tcp_ping received 1024 bytes back
Round trip time was 0.044523 milliseconds in repetition 448
tcp_ping received 1024 bytes back
Round trip time was 0.044414 milliseconds in repetition 449
tcp_ping received 1024 bytes back
Round trip time was 0.044504 milliseconds in repetition 450
tcp_ping received 1024 bytes back
Round trip time was 0.044484 milliseconds in repetition 451
tcp_ping received 1024 bytes back
Round trip time was 0.044513 milliseconds in repetition 452
tcp_ping received 1024 bytes back
Round trip time was 0.143809 milliseconds in repetition 453
tcp_ping received 1024 bytes back
Round trip time was 0.046085 milliseconds in repetition 454
tcp_ping received 1024 bytes back
Round trip time was 0.044835 milliseconds in repetition 455
tcp_ping received 1024 bytes back
Round trip time was 0.044483 milliseconds in repetition 456
tcp_ping received 1024 bytes back
Round trip time was 0.044533 milliseconds in repetition 457
tcp_ping received 1024 bytes back
Round trip time was 0.044563 milliseconds in repetition 458
tcp_ping received 1024 bytes back
Round trip time was 0.044634 milliseconds in repetition 459
tcp_ping received 1024 bytes back
Round trip time was 0.044443 milliseconds in repetition 460
tcp_ping received 1024 bytes back
Round trip time was 0.044484 milliseconds in repetition 461
tcp_ping received 1024 bytes back
Round trip time was 0.044584 milliseconds in repetition 462
tcp_ping received 1024 bytes back
Round trip time was 0.044443 milliseconds in repetition 463
tcp_ping received 1024 bytes back
Round trip time was 0.044433 milliseconds in repetition 464
tcp_ping received 1024 bytes back
Round trip time was 0.044493 milliseconds in repetition 465
tcp_ping received 1024 bytes back
Round trip time was 0.044433 milliseconds in repetition 466
tcp_ping received 1024 bytes back
Round trip time was 0.044483 milliseconds in repetition 467
tcp_ping received 1024 bytes back
Round trip time was 0.044473 milliseconds in repetition 468
tcp_ping received 1024 bytes back
Round trip time was 0.044514 milliseconds in repetition 469
tcp_ping received 1024 bytes back
Round trip time was 0.044514 milliseconds in repetition 470
tcp_ping received 1024 bytes back
Round trip time was 0.07995 milliseconds in repetition 471
tcp_ping received 1024 bytes back
Round trip time was 0.046166 milliseconds in repetition 472
tcp_ping received 1024 bytes back
Round trip time was 0.044534 milliseconds in repetition 473
tcp_ping received 1024 bytes back
Round trip time was 0.045045 milliseconds in repetition 474
tcp_ping received 1024 bytes back
Round trip time was 0.044803 milliseconds in repetition 475
tcp_ping received 1024 bytes back
Round trip time was 0.044685 milliseconds in repetition 476
tcp_ping received 1024 bytes back
Round trip time was 0.044675 milliseconds in repetition 477
tcp_ping received 1024 bytes back
Round trip time was 0.044563 milliseconds in repetition 478
tcp_ping received 1024 bytes back
Round trip time was 0.044474 milliseconds in repetition 479
tcp_ping received 1024 bytes back
Round trip time was 0.0481 milliseconds in repetition 480
tcp_ping received 1024 bytes back
Round trip time was 0.044854 milliseconds in repetition 481
tcp_ping received 1024 bytes back
Round trip time was 0.044553 milliseconds in repetition 482
tcp_ping received 1024 bytes back
Round trip time was 0.044543 milliseconds in repetition 483
tcp_ping received 1024 bytes back
Round trip time was 0.044593 milliseconds in repetition 484
tcp_ping received 1024 bytes back
Round trip time was 0.044453 milliseconds in repetition 485
tcp_ping received 1024 bytes back
Round trip time was 0.044573 milliseconds in repetition 486
tcp_ping received 1024 bytes back
Round trip time was 0.044573 milliseconds in repetition 487
tcp_ping received 1024 bytes back
Round trip time was 0.044543 milliseconds in repetition 488
tcp_ping received 1024 bytes back
Round trip time was 0.044563 milliseconds in repetition 489
tcp_ping received 1024 bytes back
Round trip time was 0.086352 milliseconds in repetition 490
tcp_ping received 1024 bytes back
Round trip time was 0.046046 milliseconds in repetition 491
tcp_ping received 1024 bytes back
Round trip time was 0.044565 milliseconds in repetition 492
tcp_ping received 1024 bytes back
Round trip time was 0.044565 milliseconds in repetition 493
tcp_ping received 1024 bytes back
Round trip time was 0.045015 milliseconds in repetition 494
tcp_ping received 1024 bytes back
Round trip time was 0.044655 milliseconds in repetition 495
tcp_ping received 1024 bytes back
Round trip time was 0.044565 milliseconds in repetition 496
tcp_ping received 1024 bytes back
Round trip time was 0.044483 milliseconds in repetition 497
tcp_ping received 1024 bytes back
Round trip time was 0.044644 milliseconds in repetition 498
tcp_ping received 1024 bytes back
Round trip time was 0.044655 milliseconds in repetition 499
tcp_ping received 1024 bytes back
Round trip time was 0.044604 milliseconds in repetition 500
tcp_ping received 1024 bytes back
Round trip time was 0.593994 milliseconds in repetition 501

 ... clock resolution was 1e-06
TCP Ping:  Statistics over 501 repetitions of 1024 byte messages

RTT : percentile 10: 0.042139, median: 0.044523, percentile 90: 0.067747, average: 0.071308, variance: 0.114728

RTT histogram:
0.0417575 492
0.417947 8
0.794137 0
1.17033 0
1.54652 0
1.92271 0
2.2989 0
2.67508 0
3.05127 0
3.42746 0
3.80365 0
4.17984 0
4.55603 0
4.93222 0
5.30841 0
5.6846 0
6.06079 0
6.43698 0
6.81317 0
7.18936 0
7.56555 1

   median Throughput : 45998.7 KB/s   overall Throughput : 28720.5 KB/s

