TCP Ping trying to connect to server localhost (127.0.0.1) on port 1491
 ... connected to Pong server: asking for 501 repetitions of 131072 bytes TCP messages
 ... Pong server agreed :-)
tcp_ping received 131072 bytes back
Round trip time was 3.02667 milliseconds in repetition 1
tcp_ping received 131072 bytes back
Round trip time was 3.0417 milliseconds in repetition 2
tcp_ping received 131072 bytes back
Round trip time was 2.95056 milliseconds in repetition 3
tcp_ping received 131072 bytes back
Round trip time was 2.9554 milliseconds in repetition 4
tcp_ping received 131072 bytes back
Round trip time was 3.02562 milliseconds in repetition 5
tcp_ping received 131072 bytes back
Round trip time was 2.91425 milliseconds in repetition 6
tcp_ping received 131072 bytes back
Round trip time was 3.01221 milliseconds in repetition 7
tcp_ping received 131072 bytes back
Round trip time was 2.94129 milliseconds in repetition 8
tcp_ping received 131072 bytes back
Round trip time was 2.87492 milliseconds in repetition 9
tcp_ping received 131072 bytes back
Round trip time was 2.94774 milliseconds in repetition 10
tcp_ping received 131072 bytes back
Round trip time was 2.96309 milliseconds in repetition 11
tcp_ping received 131072 bytes back
Round trip time was 2.99217 milliseconds in repetition 12
tcp_ping received 131072 bytes back
Round trip time was 2.90238 milliseconds in repetition 13
tcp_ping received 131072 bytes back
Round trip time was 2.89163 milliseconds in repetition 14
tcp_ping received 131072 bytes back
Round trip time was 3.36359 milliseconds in repetition 15
tcp_ping received 131072 bytes back
Round trip time was 3.18535 milliseconds in repetition 16
tcp_ping received 131072 bytes back
Round trip time was 3.19432 milliseconds in repetition 17
tcp_ping received 131072 bytes back
Round trip time was 3.45521 milliseconds in repetition 18
tcp_ping received 131072 bytes back
Round trip time was 2.92591 milliseconds in repetition 19
tcp_ping received 131072 bytes back
Round trip time was 2.95179 milliseconds in repetition 20
tcp_ping received 131072 bytes back
Round trip time was 2.90486 milliseconds in repetition 21
tcp_ping received 131072 bytes back
Round trip time was 3.01395 milliseconds in repetition 22
tcp_ping received 131072 bytes back
Round trip time was 2.92523 milliseconds in repetition 23
tcp_ping received 131072 bytes back
Round trip time was 2.91122 milliseconds in repetition 24
tcp_ping received 131072 bytes back
Round trip time was 2.87875 milliseconds in repetition 25
tcp_ping received 131072 bytes back
Round trip time was 3.16268 milliseconds in repetition 26
tcp_ping received 131072 bytes back
Round trip time was 3.51012 milliseconds in repetition 27
tcp_ping received 131072 bytes back
Round trip time was 2.90143 milliseconds in repetition 28
tcp_ping received 131072 bytes back
Round trip time was 2.87028 milliseconds in repetition 29
tcp_ping received 131072 bytes back
Round trip time was 2.86396 milliseconds in repetition 30
tcp_ping received 131072 bytes back
Round trip time was 2.86138 milliseconds in repetition 31
tcp_ping received 131072 bytes back
Round trip time was 2.86799 milliseconds in repetition 32
tcp_ping received 131072 bytes back
Round trip time was 2.9705 milliseconds in repetition 33
tcp_ping received 131072 bytes back
Round trip time was 2.9714 milliseconds in repetition 34
tcp_ping received 131072 bytes back
Round trip time was 2.8634 milliseconds in repetition 35
tcp_ping received 131072 bytes back
Round trip time was 2.86182 milliseconds in repetition 36
tcp_ping received 131072 bytes back
Round trip time was 2.88644 milliseconds in repetition 37
tcp_ping received 131072 bytes back
Round trip time was 2.93383 milliseconds in repetition 38
tcp_ping received 131072 bytes back
Round trip time was 3.2324 milliseconds in repetition 39
tcp_ping received 131072 bytes back
Round trip time was 2.92556 milliseconds in repetition 40
tcp_ping received 131072 bytes back
Round trip time was 2.90202 milliseconds in repetition 41
tcp_ping received 131072 bytes back
Round trip time was 2.92288 milliseconds in repetition 42
tcp_ping received 131072 bytes back
Round trip time was 3.25104 milliseconds in repetition 43
tcp_ping received 131072 bytes back
Round trip time was 2.98644 milliseconds in repetition 44
tcp_ping received 131072 bytes back
Round trip time was 1.78028 milliseconds in repetition 45
tcp_ping received 131072 bytes back
Round trip time was 2.54279 milliseconds in repetition 46
tcp_ping received 131072 bytes back
Round trip time was 2.88077 milliseconds in repetition 47
tcp_ping received 131072 bytes back
Round trip time was 2.84761 milliseconds in repetition 48
tcp_ping received 131072 bytes back
Round trip time was 2.85027 milliseconds in repetition 49
tcp_ping received 131072 bytes back
Round trip time was 2.85861 milliseconds in repetition 50
tcp_ping received 131072 bytes back
Round trip time was 3.0251 milliseconds in repetition 51
tcp_ping received 131072 bytes back
Round trip time was 2.97582 milliseconds in repetition 52
tcp_ping received 131072 bytes back
Round trip time was 2.9447 milliseconds in repetition 53
tcp_ping received 131072 bytes back
Round trip time was 3.13392 milliseconds in repetition 54
tcp_ping received 131072 bytes back
Round trip time was 3.57986 milliseconds in repetition 55
tcp_ping received 131072 bytes back
Round trip time was 3.54589 milliseconds in repetition 56
tcp_ping received 131072 bytes back
Round trip time was 3.53412 milliseconds in repetition 57
tcp_ping received 131072 bytes back
Round trip time was 3.57099 milliseconds in repetition 58
tcp_ping received 131072 bytes back
Round trip time was 3.41557 milliseconds in repetition 59
tcp_ping received 131072 bytes back
Round trip time was 3.39231 milliseconds in repetition 60
tcp_ping received 131072 bytes back
Round trip time was 3.14664 milliseconds in repetition 61
tcp_ping received 131072 bytes back
Round trip time was 2.54949 milliseconds in repetition 62
tcp_ping received 131072 bytes back
Round trip time was 3.5611 milliseconds in repetition 63
tcp_ping received 131072 bytes back
Round trip time was 3.42218 milliseconds in repetition 64
tcp_ping received 131072 bytes back
Round trip time was 3.83307 milliseconds in repetition 65
tcp_ping received 131072 bytes back
Round trip time was 3.87195 milliseconds in repetition 66
tcp_ping received 131072 bytes back
Round trip time was 2.92571 milliseconds in repetition 67
tcp_ping received 131072 bytes back
Round trip time was 2.85775 milliseconds in repetition 68
tcp_ping received 131072 bytes back
Round trip time was 2.82911 milliseconds in repetition 69
tcp_ping received 131072 bytes back
Round trip time was 2.85626 milliseconds in repetition 70
tcp_ping received 131072 bytes back
Round trip time was 2.99264 milliseconds in repetition 71
tcp_ping received 131072 bytes back
Round trip time was 3.0866 milliseconds in repetition 72
tcp_ping received 131072 bytes back
Round trip time was 2.86237 milliseconds in repetition 73
tcp_ping received 131072 bytes back
Round trip time was 2.83515 milliseconds in repetition 74
tcp_ping received 131072 bytes back
Round trip time was 2.85685 milliseconds in repetition 75
tcp_ping received 131072 bytes back
Round trip time was 3.10176 milliseconds in repetition 76
tcp_ping received 131072 bytes back
Round trip time was 3.0953 milliseconds in repetition 77
tcp_ping received 131072 bytes back
Round trip time was 2.84751 milliseconds in repetition 78
tcp_ping received 131072 bytes back
Round trip time was 2.84934 milliseconds in repetition 79
tcp_ping received 131072 bytes back
Round trip time was 3.87504 milliseconds in repetition 80
tcp_ping received 131072 bytes back
Round trip time was 2.98414 milliseconds in repetition 81
tcp_ping received 131072 bytes back
Round trip time was 3.01583 milliseconds in repetition 82
tcp_ping received 131072 bytes back
Round trip time was 2.90542 milliseconds in repetition 83
tcp_ping received 131072 bytes back
Round trip time was 3.53442 milliseconds in repetition 84
tcp_ping received 131072 bytes back
Round trip time was 3.24869 milliseconds in repetition 85
tcp_ping received 131072 bytes back
Round trip time was 3.17268 milliseconds in repetition 86
tcp_ping received 131072 bytes back
Round trip time was 3.13283 milliseconds in repetition 87
tcp_ping received 131072 bytes back
Round trip time was 3.05179 milliseconds in repetition 88
tcp_ping received 131072 bytes back
Round trip time was 3.05936 milliseconds in repetition 89
tcp_ping received 131072 bytes back
Round trip time was 3.11659 milliseconds in repetition 90
tcp_ping received 131072 bytes back
Round trip time was 3.00034 milliseconds in repetition 91
tcp_ping received 131072 bytes back
Round trip time was 3.07586 milliseconds in repetition 92
tcp_ping received 131072 bytes back
Round trip time was 3.0742 milliseconds in repetition 93
tcp_ping received 131072 bytes back
Round trip time was 2.98235 milliseconds in repetition 94
tcp_ping received 131072 bytes back
Round trip time was 3.00408 milliseconds in repetition 95
tcp_ping received 131072 bytes back
Round trip time was 3.28548 milliseconds in repetition 96
tcp_ping received 131072 bytes back
Round trip time was 3.04839 milliseconds in repetition 97
tcp_ping received 131072 bytes back
Round trip time was 3.02046 milliseconds in repetition 98
tcp_ping received 131072 bytes back
Round trip time was 3.02656 milliseconds in repetition 99
tcp_ping received 131072 bytes back
Round trip time was 3.74523 milliseconds in repetition 100
tcp_ping received 131072 bytes back
Round trip time was 3.2957 milliseconds in repetition 101
tcp_ping received 131072 bytes back
Round trip time was 3.48343 milliseconds in repetition 102
tcp_ping received 131072 bytes back
Round trip time was 3.64663 milliseconds in repetition 103
tcp_ping received 131072 bytes back
Round trip time was 3.39935 milliseconds in repetition 104
tcp_ping received 131072 bytes back
Round trip time was 6.01227 milliseconds in repetition 105
tcp_ping received 131072 bytes back
Round trip time was 3.32967 milliseconds in repetition 106
tcp_ping received 131072 bytes back
Round trip time was 3.10078 milliseconds in repetition 107
tcp_ping received 131072 bytes back
Round trip time was 2.88796 milliseconds in repetition 108
tcp_ping received 131072 bytes back
Round trip time was 2.97222 milliseconds in repetition 109
tcp_ping received 131072 bytes back
Round trip time was 2.91944 milliseconds in repetition 110
tcp_ping received 131072 bytes back
Round trip time was 2.96275 milliseconds in repetition 111
tcp_ping received 131072 bytes back
Round trip time was 3.01782 milliseconds in repetition 112
tcp_ping received 131072 bytes back
Round trip time was 2.9399 milliseconds in repetition 113
tcp_ping received 131072 bytes back
Round trip time was 2.89732 milliseconds in repetition 114
tcp_ping received 131072 bytes back
Round trip time was 2.87816 milliseconds in repetition 115
tcp_ping received 131072 bytes back
Round trip time was 2.90878 milliseconds in repetition 116
tcp_ping received 131072 bytes back
Round trip time was 2.91026 milliseconds in repetition 117
tcp_ping received 131072 bytes back
Round trip time was 3.02198 milliseconds in repetition 118
tcp_ping received 131072 bytes back
Round trip time was 2.88505 milliseconds in repetition 119
tcp_ping received 131072 bytes back
Round trip time was 2.9064 milliseconds in repetition 120
tcp_ping received 131072 bytes back
Round trip time was 2.87254 milliseconds in repetition 121
tcp_ping received 131072 bytes back
Round trip time was 2.87972 milliseconds in repetition 122
tcp_ping received 131072 bytes back
Round trip time was 2.94382 milliseconds in repetition 123
tcp_ping received 131072 bytes back
Round trip time was 3.01706 milliseconds in repetition 124
tcp_ping received 131072 bytes back
Round trip time was 2.89811 milliseconds in repetition 125
tcp_ping received 131072 bytes back
Round trip time was 2.88376 milliseconds in repetition 126
tcp_ping received 131072 bytes back
Round trip time was 2.86646 milliseconds in repetition 127
tcp_ping received 131072 bytes back
Round trip time was 2.84535 milliseconds in repetition 128
tcp_ping received 131072 bytes back
Round trip time was 2.93711 milliseconds in repetition 129
tcp_ping received 131072 bytes back
Round trip time was 2.89924 milliseconds in repetition 130
tcp_ping received 131072 bytes back
Round trip time was 2.87116 milliseconds in repetition 131
tcp_ping received 131072 bytes back
Round trip time was 2.84548 milliseconds in repetition 132
tcp_ping received 131072 bytes back
Round trip time was 2.90707 milliseconds in repetition 133
tcp_ping received 131072 bytes back
Round trip time was 2.98856 milliseconds in repetition 134
tcp_ping received 131072 bytes back
Round trip time was 3.10005 milliseconds in repetition 135
tcp_ping received 131072 bytes back
Round trip time was 2.99696 milliseconds in repetition 136
tcp_ping received 131072 bytes back
Round trip time was 3.02338 milliseconds in repetition 137
tcp_ping received 131072 bytes back
Round trip time was 3.02436 milliseconds in repetition 138
tcp_ping received 131072 bytes back
Round trip time was 3.0323 milliseconds in repetition 139
tcp_ping received 131072 bytes back
Round trip time was 2.96921 milliseconds in repetition 140
tcp_ping received 131072 bytes back
Round trip time was 3.06875 milliseconds in repetition 141
tcp_ping received 131072 bytes back
Round trip time was 3.02176 milliseconds in repetition 142
tcp_ping received 131072 bytes back
Round trip time was 3.04988 milliseconds in repetition 143
tcp_ping received 131072 bytes back
Round trip time was 2.99434 milliseconds in repetition 144
tcp_ping received 131072 bytes back
Round trip time was 2.98913 milliseconds in repetition 145
tcp_ping received 131072 bytes back
Round trip time was 3.05687 milliseconds in repetition 146
tcp_ping received 131072 bytes back
Round trip time was 2.99347 milliseconds in repetition 147
tcp_ping received 131072 bytes back
Round trip time was 4.07927 milliseconds in repetition 148
tcp_ping received 131072 bytes back
Round trip time was 3.20638 milliseconds in repetition 149
tcp_ping received 131072 bytes back
Round trip time was 2.93589 milliseconds in repetition 150
tcp_ping received 131072 bytes back
Round trip time was 2.90827 milliseconds in repetition 151
tcp_ping received 131072 bytes back
Round trip time was 2.9368 milliseconds in repetition 152
tcp_ping received 131072 bytes back
Round trip time was 2.87148 milliseconds in repetition 153
tcp_ping received 131072 bytes back
Round trip time was 3.01775 milliseconds in repetition 154
tcp_ping received 131072 bytes back
Round trip time was 4.10501 milliseconds in repetition 155
tcp_ping received 131072 bytes back
Round trip time was 2.99567 milliseconds in repetition 156
tcp_ping received 131072 bytes back
Round trip time was 2.84738 milliseconds in repetition 157
tcp_ping received 131072 bytes back
Round trip time was 2.84438 milliseconds in repetition 158
tcp_ping received 131072 bytes back
Round trip time was 2.84942 milliseconds in repetition 159
tcp_ping received 131072 bytes back
Round trip time was 2.84353 milliseconds in repetition 160
tcp_ping received 131072 bytes back
Round trip time was 2.84877 milliseconds in repetition 161
tcp_ping received 131072 bytes back
Round trip time was 2.85446 milliseconds in repetition 162
tcp_ping received 131072 bytes back
Round trip time was 3.07215 milliseconds in repetition 163
tcp_ping received 131072 bytes back
Round trip time was 2.85079 milliseconds in repetition 164
tcp_ping received 131072 bytes back
Round trip time was 2.84555 milliseconds in repetition 165
tcp_ping received 131072 bytes back
Round trip time was 2.84564 milliseconds in repetition 166
tcp_ping received 131072 bytes back
Round trip time was 2.84587 milliseconds in repetition 167
tcp_ping received 131072 bytes back
Round trip time was 2.85513 milliseconds in repetition 168
tcp_ping received 131072 bytes back
Round trip time was 2.83533 milliseconds in repetition 169
tcp_ping received 131072 bytes back
Round trip time was 2.95718 milliseconds in repetition 170
tcp_ping received 131072 bytes back
Round trip time was 2.86484 milliseconds in repetition 171
tcp_ping received 131072 bytes back
Round trip time was 2.84402 milliseconds in repetition 172
tcp_ping received 131072 bytes back
Round trip time was 2.93487 milliseconds in repetition 173
tcp_ping received 131072 bytes back
Round trip time was 3.01943 milliseconds in repetition 174
tcp_ping received 131072 bytes back
Round trip time was 2.99265 milliseconds in repetition 175
tcp_ping received 131072 bytes back
Round trip time was 3.05979 milliseconds in repetition 176
tcp_ping received 131072 bytes back
Round trip time was 3.1373 milliseconds in repetition 177
tcp_ping received 131072 bytes back
Round trip time was 3.09383 milliseconds in repetition 178
tcp_ping received 131072 bytes back
Round trip time was 3.02043 milliseconds in repetition 179
tcp_ping received 131072 bytes back
Round trip time was 3.00092 milliseconds in repetition 180
tcp_ping received 131072 bytes back
Round trip time was 2.97792 milliseconds in repetition 181
tcp_ping received 131072 bytes back
Round trip time was 3.00784 milliseconds in repetition 182
tcp_ping received 131072 bytes back
Round trip time was 3.05808 milliseconds in repetition 183
tcp_ping received 131072 bytes back
Round trip time was 5.99546 milliseconds in repetition 184
tcp_ping received 131072 bytes back
Round trip time was 3.05802 milliseconds in repetition 185
tcp_ping received 131072 bytes back
Round trip time was 3.16985 milliseconds in repetition 186
tcp_ping received 131072 bytes back
Round trip time was 3.1456 milliseconds in repetition 187
tcp_ping received 131072 bytes back
Round trip time was 3.15651 milliseconds in repetition 188
tcp_ping received 131072 bytes back
Round trip time was 2.94466 milliseconds in repetition 189
tcp_ping received 131072 bytes back
Round trip time was 2.98904 milliseconds in repetition 190
tcp_ping received 131072 bytes back
Round trip time was 3.01398 milliseconds in repetition 191
tcp_ping received 131072 bytes back
Round trip time was 3.07273 milliseconds in repetition 192
tcp_ping received 131072 bytes back
Round trip time was 3.04473 milliseconds in repetition 193
tcp_ping received 131072 bytes back
Round trip time was 3.02294 milliseconds in repetition 194
tcp_ping received 131072 bytes back
Round trip time was 3.0697 milliseconds in repetition 195
tcp_ping received 131072 bytes back
Round trip time was 3.04158 milliseconds in repetition 196
tcp_ping received 131072 bytes back
Round trip time was 3.67502 milliseconds in repetition 197
tcp_ping received 131072 bytes back
Round trip time was 2.97727 milliseconds in repetition 198
tcp_ping received 131072 bytes back
Round trip time was 3.25143 milliseconds in repetition 199
tcp_ping received 131072 bytes back
Round trip time was 3.10592 milliseconds in repetition 200
tcp_ping received 131072 bytes back
Round trip time was 3.2458 milliseconds in repetition 201
tcp_ping received 131072 bytes back
Round trip time was 3.05263 milliseconds in repetition 202
tcp_ping received 131072 bytes back
Round trip time was 3.20325 milliseconds in repetition 203
tcp_ping received 131072 bytes back
Round trip time was 3.05797 milliseconds in repetition 204
tcp_ping received 131072 bytes back
Round trip time was 3.25393 milliseconds in repetition 205
tcp_ping received 131072 bytes back
Round trip time was 3.37536 milliseconds in repetition 206
tcp_ping received 131072 bytes back
Round trip time was 3.14314 milliseconds in repetition 207
tcp_ping received 131072 bytes back
Round trip time was 3.10991 milliseconds in repetition 208
tcp_ping received 131072 bytes back
Round trip time was 3.02833 milliseconds in repetition 209
tcp_ping received 131072 bytes back
Round trip time was 3.40141 milliseconds in repetition 210
tcp_ping received 131072 bytes back
Round trip time was 3.034 milliseconds in repetition 211
tcp_ping received 131072 bytes back
Round trip time was 3.24707 milliseconds in repetition 212
tcp_ping received 131072 bytes back
Round trip time was 3.02088 milliseconds in repetition 213
tcp_ping received 131072 bytes back
Round trip time was 3.18121 milliseconds in repetition 214
tcp_ping received 131072 bytes back
Round trip time was 3.12787 milliseconds in repetition 215
tcp_ping received 131072 bytes back
Round trip time was 3.23543 milliseconds in repetition 216
tcp_ping received 131072 bytes back
Round trip time was 3.14386 milliseconds in repetition 217
tcp_ping received 131072 bytes back
Round trip time was 3.01461 milliseconds in repetition 218
tcp_ping received 131072 bytes back
Round trip time was 3.22413 milliseconds in repetition 219
tcp_ping received 131072 bytes back
Round trip time was 3.10402 milliseconds in repetition 220
tcp_ping received 131072 bytes back
Round trip time was 3.34629 milliseconds in repetition 221
tcp_ping received 131072 bytes back
Round trip time was 2.98789 milliseconds in repetition 222
tcp_ping received 131072 bytes back
Round trip time was 3.30806 milliseconds in repetition 223
tcp_ping received 131072 bytes back
Round trip time was 3.05849 milliseconds in repetition 224
tcp_ping received 131072 bytes back
Round trip time was 3.24822 milliseconds in repetition 225
tcp_ping received 131072 bytes back
Round trip time was 3.0787 milliseconds in repetition 226
tcp_ping received 131072 bytes back
Round trip time was 2.97199 milliseconds in repetition 227
tcp_ping received 131072 bytes back
Round trip time was 3.42235 milliseconds in repetition 228
tcp_ping received 131072 bytes back
Round trip time was 3.11542 milliseconds in repetition 229
tcp_ping received 131072 bytes back
Round trip time was 3.85497 milliseconds in repetition 230
tcp_ping received 131072 bytes back
Round trip time was 3.30825 milliseconds in repetition 231
tcp_ping received 131072 bytes back
Round trip time was 3.26419 milliseconds in repetition 232
tcp_ping received 131072 bytes back
Round trip time was 3.03035 milliseconds in repetition 233
tcp_ping received 131072 bytes back
Round trip time was 3.19948 milliseconds in repetition 234
tcp_ping received 131072 bytes back
Round trip time was 3.13146 milliseconds in repetition 235
tcp_ping received 131072 bytes back
Round trip time was 3.50645 milliseconds in repetition 236
tcp_ping received 131072 bytes back
Round trip time was 4.29136 milliseconds in repetition 237
tcp_ping received 131072 bytes back
Round trip time was 3.66732 milliseconds in repetition 238
tcp_ping received 131072 bytes back
Round trip time was 3.44362 milliseconds in repetition 239
tcp_ping received 131072 bytes back
Round trip time was 3.60006 milliseconds in repetition 240
tcp_ping received 131072 bytes back
Round trip time was 3.08824 milliseconds in repetition 241
tcp_ping received 131072 bytes back
Round trip time was 3.45709 milliseconds in repetition 242
tcp_ping received 131072 bytes back
Round trip time was 3.09787 milliseconds in repetition 243
tcp_ping received 131072 bytes back
Round trip time was 3.06726 milliseconds in repetition 244
tcp_ping received 131072 bytes back
Round trip time was 5.40692 milliseconds in repetition 245
tcp_ping received 131072 bytes back
Round trip time was 3.41735 milliseconds in repetition 246
tcp_ping received 131072 bytes back
Round trip time was 2.91587 milliseconds in repetition 247
tcp_ping received 131072 bytes back
Round trip time was 3.53909 milliseconds in repetition 248
tcp_ping received 131072 bytes back
Round trip time was 3.35788 milliseconds in repetition 249
tcp_ping received 131072 bytes back
Round trip time was 4.54816 milliseconds in repetition 250
tcp_ping received 131072 bytes back
Round trip time was 3.70038 milliseconds in repetition 251
tcp_ping received 131072 bytes back
Round trip time was 3.31264 milliseconds in repetition 252
tcp_ping received 131072 bytes back
Round trip time was 3.88216 milliseconds in repetition 253
tcp_ping received 131072 bytes back
Round trip time was 3.64988 milliseconds in repetition 254
tcp_ping received 131072 bytes back
Round trip time was 7.44756 milliseconds in repetition 255
tcp_ping received 131072 bytes back
Round trip time was 5.07447 milliseconds in repetition 256
tcp_ping received 131072 bytes back
Round trip time was 3.33685 milliseconds in repetition 257
tcp_ping received 131072 bytes back
Round trip time was 3.96785 milliseconds in repetition 258
tcp_ping received 131072 bytes back
Round trip time was 3.32087 milliseconds in repetition 259
tcp_ping received 131072 bytes back
Round trip time was 3.66399 milliseconds in repetition 260
tcp_ping received 131072 bytes back
Round trip time was 2.89307 milliseconds in repetition 261
tcp_ping received 131072 bytes back
Round trip time was 3.26908 milliseconds in repetition 262
tcp_ping received 131072 bytes back
Round trip time was 2.89788 milliseconds in repetition 263
tcp_ping received 131072 bytes back
Round trip time was 2.8858 milliseconds in repetition 264
tcp_ping received 131072 bytes back
Round trip time was 3.19586 milliseconds in repetition 265
tcp_ping received 131072 bytes back
Round trip time was 2.9084 milliseconds in repetition 266
tcp_ping received 131072 bytes back
Round trip time was 3.26172 milliseconds in repetition 267
tcp_ping received 131072 bytes back
Round trip time was 2.92752 milliseconds in repetition 268
tcp_ping received 131072 bytes back
Round trip time was 3.22745 milliseconds in repetition 269
tcp_ping received 131072 bytes back
Round trip time was 2.93181 milliseconds in repetition 270
tcp_ping received 131072 bytes back
Round trip time was 3.22132 milliseconds in repetition 271
tcp_ping received 131072 bytes back
Round trip time was 2.97893 milliseconds in repetition 272
tcp_ping received 131072 bytes back
Round trip time was 3.26596 milliseconds in repetition 273
tcp_ping received 131072 bytes back
Round trip time was 3.11478 milliseconds in repetition 274
tcp_ping received 131072 bytes back
Round trip time was 3.41962 milliseconds in repetition 275
tcp_ping received 131072 bytes back
Round trip time was 3.30356 milliseconds in repetition 276
tcp_ping received 131072 bytes back
Round trip time was 3.01598 milliseconds in repetition 277
tcp_ping received 131072 bytes back
Round trip time was 3.24963 milliseconds in repetition 278
tcp_ping received 131072 bytes back
Round trip time was 2.99238 milliseconds in repetition 279
tcp_ping received 131072 bytes back
Round trip time was 3.13835 milliseconds in repetition 280
tcp_ping received 131072 bytes back
Round trip time was 3.12473 milliseconds in repetition 281
tcp_ping received 131072 bytes back
Round trip time was 3.14053 milliseconds in repetition 282
tcp_ping received 131072 bytes back
Round trip time was 3.05434 milliseconds in repetition 283
tcp_ping received 131072 bytes back
Round trip time was 3.02887 milliseconds in repetition 284
tcp_ping received 131072 bytes back
Round trip time was 3.0965 milliseconds in repetition 285
tcp_ping received 131072 bytes back
Round trip time was 3.27959 milliseconds in repetition 286
tcp_ping received 131072 bytes back
Round trip time was 3.15588 milliseconds in repetition 287
tcp_ping received 131072 bytes back
Round trip time was 3.01341 milliseconds in repetition 288
tcp_ping received 131072 bytes back
Round trip time was 3.20823 milliseconds in repetition 289
tcp_ping received 131072 bytes back
Round trip time was 3.05156 milliseconds in repetition 290
tcp_ping received 131072 bytes back
Round trip time was 3.12248 milliseconds in repetition 291
tcp_ping received 131072 bytes back
Round trip time was 3.53982 milliseconds in repetition 292
tcp_ping received 131072 bytes back
Round trip time was 3.08222 milliseconds in repetition 293
tcp_ping received 131072 bytes back
Round trip time was 3.07304 milliseconds in repetition 294
tcp_ping received 131072 bytes back
Round trip time was 3.03463 milliseconds in repetition 295
tcp_ping received 131072 bytes back
Round trip time was 3.81793 milliseconds in repetition 296
tcp_ping received 131072 bytes back
Round trip time was 3.00161 milliseconds in repetition 297
tcp_ping received 131072 bytes back
Round trip time was 3.06424 milliseconds in repetition 298
tcp_ping received 131072 bytes back
Round trip time was 3.00561 milliseconds in repetition 299
tcp_ping received 131072 bytes back
Round trip time was 3.04722 milliseconds in repetition 300
tcp_ping received 131072 bytes back
Round trip time was 2.99152 milliseconds in repetition 301
tcp_ping received 131072 bytes back
Round trip time was 3.14211 milliseconds in repetition 302
tcp_ping received 131072 bytes back
Round trip time was 3.19789 milliseconds in repetition 303
tcp_ping received 131072 bytes back
Round trip time was 3.03789 milliseconds in repetition 304
tcp_ping received 131072 bytes back
Round trip time was 3.01131 milliseconds in repetition 305
tcp_ping received 131072 bytes back
Round trip time was 2.98407 milliseconds in repetition 306
tcp_ping received 131072 bytes back
Round trip time was 3.28984 milliseconds in repetition 307
tcp_ping received 131072 bytes back
Round trip time was 2.97557 milliseconds in repetition 308
tcp_ping received 131072 bytes back
Round trip time was 3.09304 milliseconds in repetition 309
tcp_ping received 131072 bytes back
Round trip time was 3.01288 milliseconds in repetition 310
tcp_ping received 131072 bytes back
Round trip time was 3.06127 milliseconds in repetition 311
tcp_ping received 131072 bytes back
Round trip time was 3.08638 milliseconds in repetition 312
tcp_ping received 131072 bytes back
Round trip time was 3.31638 milliseconds in repetition 313
tcp_ping received 131072 bytes back
Round trip time was 3.05812 milliseconds in repetition 314
tcp_ping received 131072 bytes back
Round trip time was 3.04793 milliseconds in repetition 315
tcp_ping received 131072 bytes back
Round trip time was 3.09298 milliseconds in repetition 316
tcp_ping received 131072 bytes back
Round trip time was 3.01792 milliseconds in repetition 317
tcp_ping received 131072 bytes back
Round trip time was 3.18193 milliseconds in repetition 318
tcp_ping received 131072 bytes back
Round trip time was 3.03782 milliseconds in repetition 319
tcp_ping received 131072 bytes back
Round trip time was 3.16297 milliseconds in repetition 320
tcp_ping received 131072 bytes back
Round trip time was 3.06983 milliseconds in repetition 321
tcp_ping received 131072 bytes back
Round trip time was 3.07717 milliseconds in repetition 322
tcp_ping received 131072 bytes back
Round trip time was 3.12182 milliseconds in repetition 323
tcp_ping received 131072 bytes back
Round trip time was 3.03885 milliseconds in repetition 324
tcp_ping received 131072 bytes back
Round trip time was 3.07722 milliseconds in repetition 325
tcp_ping received 131072 bytes back
Round trip time was 3.03954 milliseconds in repetition 326
tcp_ping received 131072 bytes back
Round trip time was 3.0318 milliseconds in repetition 327
tcp_ping received 131072 bytes back
Round trip time was 3.01904 milliseconds in repetition 328
tcp_ping received 131072 bytes back
Round trip time was 3.6975 milliseconds in repetition 329
tcp_ping received 131072 bytes back
Round trip time was 3.02198 milliseconds in repetition 330
tcp_ping received 131072 bytes back
Round trip time was 2.98696 milliseconds in repetition 331
tcp_ping received 131072 bytes back
Round trip time was 3.12259 milliseconds in repetition 332
tcp_ping received 131072 bytes back
Round trip time was 3.14083 milliseconds in repetition 333
tcp_ping received 131072 bytes back
Round trip time was 3.26297 milliseconds in repetition 334
tcp_ping received 131072 bytes back
Round trip time was 3.03841 milliseconds in repetition 335
tcp_ping received 131072 bytes back
Round trip time was 3.03027 milliseconds in repetition 336
tcp_ping received 131072 bytes back
Round trip time was 3.00893 milliseconds in repetition 337
tcp_ping received 131072 bytes back
Round trip time was 3.06903 milliseconds in repetition 338
tcp_ping received 131072 bytes back
Round trip time was 3.02288 milliseconds in repetition 339
tcp_ping received 131072 bytes back
Round trip time was 3.08805 milliseconds in repetition 340
tcp_ping received 131072 bytes back
Round trip time was 2.99824 milliseconds in repetition 341
tcp_ping received 131072 bytes back
Round trip time was 3.03139 milliseconds in repetition 342
tcp_ping received 131072 bytes back
Round trip time was 3.50447 milliseconds in repetition 343
tcp_ping received 131072 bytes back
Round trip time was 3.0001 milliseconds in repetition 344
tcp_ping received 131072 bytes back
Round trip time was 3.09282 milliseconds in repetition 345
tcp_ping received 131072 bytes back
Round trip time was 3.14163 milliseconds in repetition 346
tcp_ping received 131072 bytes back
Round trip time was 3.11781 milliseconds in repetition 347
tcp_ping received 131072 bytes back
Round trip time was 3.10595 milliseconds in repetition 348
tcp_ping received 131072 bytes back
Round trip time was 3.02257 milliseconds in repetition 349
tcp_ping received 131072 bytes back
Round trip time was 3.15759 milliseconds in repetition 350
tcp_ping received 131072 bytes back
Round trip time was 3.07857 milliseconds in repetition 351
tcp_ping received 131072 bytes back
Round trip time was 3.03597 milliseconds in repetition 352
tcp_ping received 131072 bytes back
Round trip time was 3.02981 milliseconds in repetition 353
tcp_ping received 131072 bytes back
Round trip time was 3.13599 milliseconds in repetition 354
tcp_ping received 131072 bytes back
Round trip time was 3.02117 milliseconds in repetition 355
tcp_ping received 131072 bytes back
Round trip time was 4.05737 milliseconds in repetition 356
tcp_ping received 131072 bytes back
Round trip time was 3.05686 milliseconds in repetition 357
tcp_ping received 131072 bytes back
Round trip time was 3.41072 milliseconds in repetition 358
tcp_ping received 131072 bytes back
Round trip time was 3.00606 milliseconds in repetition 359
tcp_ping received 131072 bytes back
Round trip time was 3.3389 milliseconds in repetition 360
tcp_ping received 131072 bytes back
Round trip time was 3.2072 milliseconds in repetition 361
tcp_ping received 131072 bytes back
Round trip time was 3.13007 milliseconds in repetition 362
tcp_ping received 131072 bytes back
Round trip time was 3.27895 milliseconds in repetition 363
tcp_ping received 131072 bytes back
Round trip time was 3.15289 milliseconds in repetition 364
tcp_ping received 131072 bytes back
Round trip time was 3.29534 milliseconds in repetition 365
tcp_ping received 131072 bytes back
Round trip time was 3.08012 milliseconds in repetition 366
tcp_ping received 131072 bytes back
Round trip time was 3.08085 milliseconds in repetition 367
tcp_ping received 131072 bytes back
Round trip time was 3.0349 milliseconds in repetition 368
tcp_ping received 131072 bytes back
Round trip time was 3.03844 milliseconds in repetition 369
tcp_ping received 131072 bytes back
Round trip time was 3.03422 milliseconds in repetition 370
tcp_ping received 131072 bytes back
Round trip time was 3.69065 milliseconds in repetition 371
tcp_ping received 131072 bytes back
Round trip time was 3.27909 milliseconds in repetition 372
tcp_ping received 131072 bytes back
Round trip time was 3.44176 milliseconds in repetition 373
tcp_ping received 131072 bytes back
Round trip time was 3.27337 milliseconds in repetition 374
tcp_ping received 131072 bytes back
Round trip time was 3.0724 milliseconds in repetition 375
tcp_ping received 131072 bytes back
Round trip time was 3.75138 milliseconds in repetition 376
tcp_ping received 131072 bytes back
Round trip time was 3.07268 milliseconds in repetition 377
tcp_ping received 131072 bytes back
Round trip time was 3.06094 milliseconds in repetition 378
tcp_ping received 131072 bytes back
Round trip time was 3.01992 milliseconds in repetition 379
tcp_ping received 131072 bytes back
Round trip time was 3.03649 milliseconds in repetition 380
tcp_ping received 131072 bytes back
Round trip time was 3.10901 milliseconds in repetition 381
tcp_ping received 131072 bytes back
Round trip time was 3.02396 milliseconds in repetition 382
tcp_ping received 131072 bytes back
Round trip time was 3.03455 milliseconds in repetition 383
tcp_ping received 131072 bytes back
Round trip time was 3.03497 milliseconds in repetition 384
tcp_ping received 131072 bytes back
Round trip time was 3.08054 milliseconds in repetition 385
tcp_ping received 131072 bytes back
Round trip time was 2.96759 milliseconds in repetition 386
tcp_ping received 131072 bytes back
Round trip time was 3.63524 milliseconds in repetition 387
tcp_ping received 131072 bytes back
Round trip time was 2.96547 milliseconds in repetition 388
tcp_ping received 131072 bytes back
Round trip time was 3.21096 milliseconds in repetition 389
tcp_ping received 131072 bytes back
Round trip time was 2.95822 milliseconds in repetition 390
tcp_ping received 131072 bytes back
Round trip time was 3.31983 milliseconds in repetition 391
tcp_ping received 131072 bytes back
Round trip time was 3.15547 milliseconds in repetition 392
tcp_ping received 131072 bytes back
Round trip time was 3.15865 milliseconds in repetition 393
tcp_ping received 131072 bytes back
Round trip time was 3.63488 milliseconds in repetition 394
tcp_ping received 131072 bytes back
Round trip time was 3.03562 milliseconds in repetition 395
tcp_ping received 131072 bytes back
Round trip time was 3.03797 milliseconds in repetition 396
tcp_ping received 131072 bytes back
Round trip time was 3.06747 milliseconds in repetition 397
tcp_ping received 131072 bytes back
Round trip time was 3.02986 milliseconds in repetition 398
tcp_ping received 131072 bytes back
Round trip time was 3.00488 milliseconds in repetition 399
tcp_ping received 131072 bytes back
Round trip time was 3.11926 milliseconds in repetition 400
tcp_ping received 131072 bytes back
Round trip time was 2.98996 milliseconds in repetition 401
tcp_ping received 131072 bytes back
Round trip time was 3.14152 milliseconds in repetition 402
tcp_ping received 131072 bytes back
Round trip time was 3.1201 milliseconds in repetition 403
tcp_ping received 131072 bytes back
Round trip time was 3.12807 milliseconds in repetition 404
tcp_ping received 131072 bytes back
Round trip time was 3.07144 milliseconds in repetition 405
tcp_ping received 131072 bytes back
Round trip time was 9.33901 milliseconds in repetition 406
tcp_ping received 131072 bytes back
Round trip time was 2.99591 milliseconds in repetition 407
tcp_ping received 131072 bytes back
Round trip time was 3.10619 milliseconds in repetition 408
tcp_ping received 131072 bytes back
Round trip time was 3.00454 milliseconds in repetition 409
tcp_ping received 131072 bytes back
Round trip time was 2.99251 milliseconds in repetition 410
tcp_ping received 131072 bytes back
Round trip time was 2.99849 milliseconds in repetition 411
tcp_ping received 131072 bytes back
Round trip time was 2.99567 milliseconds in repetition 412
tcp_ping received 131072 bytes back
Round trip time was 3.69221 milliseconds in repetition 413
tcp_ping received 131072 bytes back
Round trip time was 2.99344 milliseconds in repetition 414
tcp_ping received 131072 bytes back
Round trip time was 3.00323 milliseconds in repetition 415
tcp_ping received 131072 bytes back
Round trip time was 3.0036 milliseconds in repetition 416
tcp_ping received 131072 bytes back
Round trip time was 2.97541 milliseconds in repetition 417
tcp_ping received 131072 bytes back
Round trip time was 2.98572 milliseconds in repetition 418
tcp_ping received 131072 bytes back
Round trip time was 2.99311 milliseconds in repetition 419
tcp_ping received 131072 bytes back
Round trip time was 3.03327 milliseconds in repetition 420
tcp_ping received 131072 bytes back
Round trip time was 3.01951 milliseconds in repetition 421
tcp_ping received 131072 bytes back
Round trip time was 3.0539 milliseconds in repetition 422
tcp_ping received 131072 bytes back
Round trip time was 3.03339 milliseconds in repetition 423
tcp_ping received 131072 bytes back
Round trip time was 3.00385 milliseconds in repetition 424
tcp_ping received 131072 bytes back
Round trip time was 2.97836 milliseconds in repetition 425
tcp_ping received 131072 bytes back
Round trip time was 3.02448 milliseconds in repetition 426
tcp_ping received 131072 bytes back
Round trip time was 3.03551 milliseconds in repetition 427
tcp_ping received 131072 bytes back
Round trip time was 3.00815 milliseconds in repetition 428
tcp_ping received 131072 bytes back
Round trip time was 3.03372 milliseconds in repetition 429
tcp_ping received 131072 bytes back
Round trip time was 3.52656 milliseconds in repetition 430
tcp_ping received 131072 bytes back
Round trip time was 3.00369 milliseconds in repetition 431
tcp_ping received 131072 bytes back
Round trip time was 3.033 milliseconds in repetition 432
tcp_ping received 131072 bytes back
Round trip time was 2.93978 milliseconds in repetition 433
tcp_ping received 131072 bytes back
Round trip time was 2.93793 milliseconds in repetition 434
tcp_ping received 131072 bytes back
Round trip time was 2.94901 milliseconds in repetition 435
tcp_ping received 131072 bytes back
Round trip time was 3.62162 milliseconds in repetition 436
tcp_ping received 131072 bytes back
Round trip time was 3.38478 milliseconds in repetition 437
tcp_ping received 131072 bytes back
Round trip time was 3.05089 milliseconds in repetition 438
tcp_ping received 131072 bytes back
Round trip time was 3.01106 milliseconds in repetition 439
tcp_ping received 131072 bytes back
Round trip time was 3.03018 milliseconds in repetition 440
tcp_ping received 131072 bytes back
Round trip time was 3.20071 milliseconds in repetition 441
tcp_ping received 131072 bytes back
Round trip time was 3.05968 milliseconds in repetition 442
tcp_ping received 131072 bytes back
Round trip time was 3.03334 milliseconds in repetition 443
tcp_ping received 131072 bytes back
Round trip time was 3.15766 milliseconds in repetition 444
tcp_ping received 131072 bytes back
Round trip time was 2.99028 milliseconds in repetition 445
tcp_ping received 131072 bytes back
Round trip time was 3.36448 milliseconds in repetition 446
tcp_ping received 131072 bytes back
Round trip time was 3.04603 milliseconds in repetition 447
tcp_ping received 131072 bytes back
Round trip time was 2.9929 milliseconds in repetition 448
tcp_ping received 131072 bytes back
Round trip time was 3.02094 milliseconds in repetition 449
tcp_ping received 131072 bytes back
Round trip time was 3.09627 milliseconds in repetition 450
tcp_ping received 131072 bytes back
Round trip time was 3.01884 milliseconds in repetition 451
tcp_ping received 131072 bytes back
Round trip time was 2.98688 milliseconds in repetition 452
tcp_ping received 131072 bytes back
Round trip time was 3.04147 milliseconds in repetition 453
tcp_ping received 131072 bytes back
Round trip time was 3.0223 milliseconds in repetition 454
tcp_ping received 131072 bytes back
Round trip time was 3.01609 milliseconds in repetition 455
tcp_ping received 131072 bytes back
Round trip time was 3.03291 milliseconds in repetition 456
tcp_ping received 131072 bytes back
Round trip time was 3.00555 milliseconds in repetition 457
tcp_ping received 131072 bytes back
Round trip time was 3.01302 milliseconds in repetition 458
tcp_ping received 131072 bytes back
Round trip time was 3.02212 milliseconds in repetition 459
tcp_ping received 131072 bytes back
Round trip time was 3.01715 milliseconds in repetition 460
tcp_ping received 131072 bytes back
Round trip time was 3.02799 milliseconds in repetition 461
tcp_ping received 131072 bytes back
Round trip time was 3.47667 milliseconds in repetition 462
tcp_ping received 131072 bytes back
Round trip time was 3.03447 milliseconds in repetition 463
tcp_ping received 131072 bytes back
Round trip time was 3.42211 milliseconds in repetition 464
tcp_ping received 131072 bytes back
Round trip time was 3.01935 milliseconds in repetition 465
tcp_ping received 131072 bytes back
Round trip time was 3.05275 milliseconds in repetition 466
tcp_ping received 131072 bytes back
Round trip time was 4.13064 milliseconds in repetition 467
tcp_ping received 131072 bytes back
Round trip time was 3.06672 milliseconds in repetition 468
tcp_ping received 131072 bytes back
Round trip time was 3.52738 milliseconds in repetition 469
tcp_ping received 131072 bytes back
Round trip time was 3.03166 milliseconds in repetition 470
tcp_ping received 131072 bytes back
Round trip time was 3.37643 milliseconds in repetition 471
tcp_ping received 131072 bytes back
Round trip time was 3.0552 milliseconds in repetition 472
tcp_ping received 131072 bytes back
Round trip time was 3.54094 milliseconds in repetition 473
tcp_ping received 131072 bytes back
Round trip time was 3.03883 milliseconds in repetition 474
tcp_ping received 131072 bytes back
Round trip time was 3.56703 milliseconds in repetition 475
tcp_ping received 131072 bytes back
Round trip time was 3.02915 milliseconds in repetition 476
tcp_ping received 131072 bytes back
Round trip time was 3.46436 milliseconds in repetition 477
tcp_ping received 131072 bytes back
Round trip time was 3.0686 milliseconds in repetition 478
tcp_ping received 131072 bytes back
Round trip time was 3.47549 milliseconds in repetition 479
tcp_ping received 131072 bytes back
Round trip time was 3.03484 milliseconds in repetition 480
tcp_ping received 131072 bytes back
Round trip time was 3.41584 milliseconds in repetition 481
tcp_ping received 131072 bytes back
Round trip time was 3.12692 milliseconds in repetition 482
tcp_ping received 131072 bytes back
Round trip time was 3.16565 milliseconds in repetition 483
tcp_ping received 131072 bytes back
Round trip time was 3.36798 milliseconds in repetition 484
tcp_ping received 131072 bytes back
Round trip time was 3.04993 milliseconds in repetition 485
tcp_ping received 131072 bytes back
Round trip time was 3.45333 milliseconds in repetition 486
tcp_ping received 131072 bytes back
Round trip time was 3.08302 milliseconds in repetition 487
tcp_ping received 131072 bytes back
Round trip time was 3.49629 milliseconds in repetition 488
tcp_ping received 131072 bytes back
Round trip time was 3.05369 milliseconds in repetition 489
tcp_ping received 131072 bytes back
Round trip time was 3.37776 milliseconds in repetition 490
tcp_ping received 131072 bytes back
Round trip time was 3.00357 milliseconds in repetition 491
tcp_ping received 131072 bytes back
Round trip time was 3.36838 milliseconds in repetition 492
tcp_ping received 131072 bytes back
Round trip time was 3.10328 milliseconds in repetition 493
tcp_ping received 131072 bytes back
Round trip time was 3.48664 milliseconds in repetition 494
tcp_ping received 131072 bytes back
Round trip time was 2.99589 milliseconds in repetition 495
tcp_ping received 131072 bytes back
Round trip time was 3.36328 milliseconds in repetition 496
tcp_ping received 131072 bytes back
Round trip time was 3.0491 milliseconds in repetition 497
tcp_ping received 131072 bytes back
Round trip time was 3.11953 milliseconds in repetition 498
tcp_ping received 131072 bytes back
Round trip time was 3.35446 milliseconds in repetition 499
tcp_ping received 131072 bytes back
Round trip time was 3.02662 milliseconds in repetition 500
tcp_ping received 131072 bytes back
Round trip time was 3.45671 milliseconds in repetition 501

 ... clock resolution was 1e-06
TCP Ping:  Statistics over 501 repetitions of 131072 byte messages

RTT : percentile 10: 2.89163, median: 3.04603, percentile 90: 3.48664, average: 3.16101, variance: 0.22864

RTT histogram:
1.78028 1
2.15821 0
2.53615 2
2.91409 316
3.29202 130
3.66996 36
4.0479 8
4.42583 2
4.80377 0
5.18171 1
5.55965 1
5.93758 2
6.31552 0
6.69346 0
7.07139 0
7.44933 1
7.82727 0
8.2052 0
8.58314 0
8.96108 0
9.33901 1

   median Throughput : 86060.8 KB/s   overall Throughput : 82930.6 KB/s

