TCP Ping trying to connect to server localhost (127.0.0.1) on port 1491
 ... connected to Pong server: asking for 501 repetitions of 16384 bytes TCP messages
 ... Pong server agreed :-)
tcp_ping received 16384 bytes back
Round trip time was 0.504606 milliseconds in repetition 1
tcp_ping received 16384 bytes back
Round trip time was 0.516077 milliseconds in repetition 2
tcp_ping received 16384 bytes back
Round trip time was 0.498885 milliseconds in repetition 3
tcp_ping received 16384 bytes back
Round trip time was 0.54957 milliseconds in repetition 4
tcp_ping received 16384 bytes back
Round trip time was 0.498694 milliseconds in repetition 5
tcp_ping received 16384 bytes back
Round trip time was 0.518592 milliseconds in repetition 6
tcp_ping received 16384 bytes back
Round trip time was 0.51762 milliseconds in repetition 7
tcp_ping received 16384 bytes back
Round trip time was 0.517239 milliseconds in repetition 8
tcp_ping received 16384 bytes back
Round trip time was 0.498134 milliseconds in repetition 9
tcp_ping received 16384 bytes back
Round trip time was 0.515917 milliseconds in repetition 10
tcp_ping received 16384 bytes back
Round trip time was 0.497913 milliseconds in repetition 11
tcp_ping received 16384 bytes back
Round trip time was 0.500939 milliseconds in repetition 12
tcp_ping received 16384 bytes back
Round trip time was 0.499235 milliseconds in repetition 13
tcp_ping received 16384 bytes back
Round trip time was 0.52831 milliseconds in repetition 14
tcp_ping received 16384 bytes back
Round trip time was 2.31657 milliseconds in repetition 15
tcp_ping received 16384 bytes back
Round trip time was 0.458204 milliseconds in repetition 16
tcp_ping received 16384 bytes back
Round trip time was 0.369011 milliseconds in repetition 17
tcp_ping received 16384 bytes back
Round trip time was 0.479008 milliseconds in repetition 18
tcp_ping received 16384 bytes back
Round trip time was 0.505126 milliseconds in repetition 19
tcp_ping received 16384 bytes back
Round trip time was 0.554119 milliseconds in repetition 20
tcp_ping received 16384 bytes back
Round trip time was 0.36294 milliseconds in repetition 21
tcp_ping received 16384 bytes back
Round trip time was 0.387646 milliseconds in repetition 22
tcp_ping received 16384 bytes back
Round trip time was 0.361718 milliseconds in repetition 23
tcp_ping received 16384 bytes back
Round trip time was 0.359614 milliseconds in repetition 24
tcp_ping received 16384 bytes back
Round trip time was 0.386094 milliseconds in repetition 25
tcp_ping received 16384 bytes back
Round trip time was 0.360837 milliseconds in repetition 26
tcp_ping received 16384 bytes back
Round trip time was 0.38415 milliseconds in repetition 27
tcp_ping received 16384 bytes back
Round trip time was 0.360556 milliseconds in repetition 28
tcp_ping received 16384 bytes back
Round trip time was 0.360105 milliseconds in repetition 29
tcp_ping received 16384 bytes back
Round trip time was 0.456355 milliseconds in repetition 30
tcp_ping received 16384 bytes back
Round trip time was 0.401213 milliseconds in repetition 31
tcp_ping received 16384 bytes back
Round trip time was 0.498905 milliseconds in repetition 32
tcp_ping received 16384 bytes back
Round trip time was 0.395982 milliseconds in repetition 33
tcp_ping received 16384 bytes back
Round trip time was 0.429906 milliseconds in repetition 34
tcp_ping received 16384 bytes back
Round trip time was 0.42689 milliseconds in repetition 35
tcp_ping received 16384 bytes back
Round trip time was 0.395933 milliseconds in repetition 36
tcp_ping received 16384 bytes back
Round trip time was 0.440916 milliseconds in repetition 37
tcp_ping received 16384 bytes back
Round trip time was 0.643135 milliseconds in repetition 38
tcp_ping received 16384 bytes back
Round trip time was 0.458659 milliseconds in repetition 39
tcp_ping received 16384 bytes back
Round trip time was 0.399389 milliseconds in repetition 40
tcp_ping received 16384 bytes back
Round trip time was 0.422721 milliseconds in repetition 41
tcp_ping received 16384 bytes back
Round trip time was 0.397034 milliseconds in repetition 42
tcp_ping received 16384 bytes back
Round trip time was 0.420979 milliseconds in repetition 43
tcp_ping received 16384 bytes back
Round trip time was 0.407373 milliseconds in repetition 44
tcp_ping received 16384 bytes back
Round trip time was 0.487725 milliseconds in repetition 45
tcp_ping received 16384 bytes back
Round trip time was 0.417162 milliseconds in repetition 46
tcp_ping received 16384 bytes back
Round trip time was 0.545583 milliseconds in repetition 47
tcp_ping received 16384 bytes back
Round trip time was 0.41585 milliseconds in repetition 48
tcp_ping received 16384 bytes back
Round trip time was 0.45873 milliseconds in repetition 49
tcp_ping received 16384 bytes back
Round trip time was 0.368781 milliseconds in repetition 50
tcp_ping received 16384 bytes back
Round trip time was 0.514403 milliseconds in repetition 51
tcp_ping received 16384 bytes back
Round trip time was 0.36787 milliseconds in repetition 52
tcp_ping received 16384 bytes back
Round trip time was 0.394911 milliseconds in repetition 53
tcp_ping received 16384 bytes back
Round trip time was 0.364163 milliseconds in repetition 54
tcp_ping received 16384 bytes back
Round trip time was 0.360946 milliseconds in repetition 55
tcp_ping received 16384 bytes back
Round trip time was 0.458279 milliseconds in repetition 56
tcp_ping received 16384 bytes back
Round trip time was 0.372167 milliseconds in repetition 57
tcp_ping received 16384 bytes back
Round trip time was 0.403806 milliseconds in repetition 58
tcp_ping received 16384 bytes back
Round trip time was 0.362469 milliseconds in repetition 59
tcp_ping received 16384 bytes back
Round trip time was 0.360355 milliseconds in repetition 60
tcp_ping received 16384 bytes back
Round trip time was 0.451296 milliseconds in repetition 61
tcp_ping received 16384 bytes back
Round trip time was 0.363091 milliseconds in repetition 62
tcp_ping received 16384 bytes back
Round trip time was 0.385993 milliseconds in repetition 63
tcp_ping received 16384 bytes back
Round trip time was 0.360736 milliseconds in repetition 64
tcp_ping received 16384 bytes back
Round trip time was 0.359965 milliseconds in repetition 65
tcp_ping received 16384 bytes back
Round trip time was 0.405881 milliseconds in repetition 66
tcp_ping received 16384 bytes back
Round trip time was 0.361548 milliseconds in repetition 67
tcp_ping received 16384 bytes back
Round trip time was 0.421359 milliseconds in repetition 68
tcp_ping received 16384 bytes back
Round trip time was 0.36303 milliseconds in repetition 69
tcp_ping received 16384 bytes back
Round trip time was 0.364102 milliseconds in repetition 70
tcp_ping received 16384 bytes back
Round trip time was 0.391814 milliseconds in repetition 71
tcp_ping received 16384 bytes back
Round trip time was 0.369061 milliseconds in repetition 72
tcp_ping received 16384 bytes back
Round trip time was 0.390812 milliseconds in repetition 73
tcp_ping received 16384 bytes back
Round trip time was 0.365815 milliseconds in repetition 74
tcp_ping received 16384 bytes back
Round trip time was 0.360456 milliseconds in repetition 75
tcp_ping received 16384 bytes back
Round trip time was 0.401372 milliseconds in repetition 76
tcp_ping received 16384 bytes back
Round trip time was 0.361658 milliseconds in repetition 77
tcp_ping received 16384 bytes back
Round trip time was 0.359484 milliseconds in repetition 78
tcp_ping received 16384 bytes back
Round trip time was 0.40513 milliseconds in repetition 79
tcp_ping received 16384 bytes back
Round trip time was 0.361398 milliseconds in repetition 80
tcp_ping received 16384 bytes back
Round trip time was 0.388899 milliseconds in repetition 81
tcp_ping received 16384 bytes back
Round trip time was 0.360996 milliseconds in repetition 82
tcp_ping received 16384 bytes back
Round trip time was 0.360075 milliseconds in repetition 83
tcp_ping received 16384 bytes back
Round trip time was 0.386624 milliseconds in repetition 84
tcp_ping received 16384 bytes back
Round trip time was 0.361507 milliseconds in repetition 85
tcp_ping received 16384 bytes back
Round trip time was 0.389309 milliseconds in repetition 86
tcp_ping received 16384 bytes back
Round trip time was 0.508824 milliseconds in repetition 87
tcp_ping received 16384 bytes back
Round trip time was 0.461746 milliseconds in repetition 88
tcp_ping received 16384 bytes back
Round trip time was 0.367388 milliseconds in repetition 89
tcp_ping received 16384 bytes back
Round trip time was 0.361748 milliseconds in repetition 90
tcp_ping received 16384 bytes back
Round trip time was 0.414076 milliseconds in repetition 91
tcp_ping received 16384 bytes back
Round trip time was 0.363352 milliseconds in repetition 92
tcp_ping received 16384 bytes back
Round trip time was 0.53408 milliseconds in repetition 93
tcp_ping received 16384 bytes back
Round trip time was 0.367459 milliseconds in repetition 94
tcp_ping received 16384 bytes back
Round trip time was 0.7738 milliseconds in repetition 95
tcp_ping received 16384 bytes back
Round trip time was 0.485921 milliseconds in repetition 96
tcp_ping received 16384 bytes back
Round trip time was 0.397074 milliseconds in repetition 97
tcp_ping received 16384 bytes back
Round trip time was 0.36826 milliseconds in repetition 98
tcp_ping received 16384 bytes back
Round trip time was 0.403917 milliseconds in repetition 99
tcp_ping received 16384 bytes back
Round trip time was 0.363392 milliseconds in repetition 100
tcp_ping received 16384 bytes back
Round trip time was 0.362139 milliseconds in repetition 101
tcp_ping received 16384 bytes back
Round trip time was 0.484749 milliseconds in repetition 102
tcp_ping received 16384 bytes back
Round trip time was 0.366838 milliseconds in repetition 103
tcp_ping received 16384 bytes back
Round trip time was 0.409747 milliseconds in repetition 104
tcp_ping received 16384 bytes back
Round trip time was 0.364553 milliseconds in repetition 105
tcp_ping received 16384 bytes back
Round trip time was 0.360766 milliseconds in repetition 106
tcp_ping received 16384 bytes back
Round trip time was 0.436709 milliseconds in repetition 107
tcp_ping received 16384 bytes back
Round trip time was 0.364152 milliseconds in repetition 108
tcp_ping received 16384 bytes back
Round trip time was 0.392827 milliseconds in repetition 109
tcp_ping received 16384 bytes back
Round trip time was 0.361368 milliseconds in repetition 110
tcp_ping received 16384 bytes back
Round trip time was 0.360375 milliseconds in repetition 111
tcp_ping received 16384 bytes back
Round trip time was 0.422803 milliseconds in repetition 112
tcp_ping received 16384 bytes back
Round trip time was 0.364233 milliseconds in repetition 113
tcp_ping received 16384 bytes back
Round trip time was 0.472746 milliseconds in repetition 114
tcp_ping received 16384 bytes back
Round trip time was 1.30061 milliseconds in repetition 115
tcp_ping received 16384 bytes back
Round trip time was 0.419857 milliseconds in repetition 116
tcp_ping received 16384 bytes back
Round trip time was 0.457658 milliseconds in repetition 117
tcp_ping received 16384 bytes back
Round trip time was 0.547015 milliseconds in repetition 118
tcp_ping received 16384 bytes back
Round trip time was 0.387276 milliseconds in repetition 119
tcp_ping received 16384 bytes back
Round trip time was 0.359975 milliseconds in repetition 120
tcp_ping received 16384 bytes back
Round trip time was 0.391554 milliseconds in repetition 121
tcp_ping received 16384 bytes back
Round trip time was 0.361547 milliseconds in repetition 122
tcp_ping received 16384 bytes back
Round trip time was 0.423064 milliseconds in repetition 123
tcp_ping received 16384 bytes back
Round trip time was 0.362289 milliseconds in repetition 124
tcp_ping received 16384 bytes back
Round trip time was 0.586855 milliseconds in repetition 125
tcp_ping received 16384 bytes back
Round trip time was 0.579887 milliseconds in repetition 126
tcp_ping received 16384 bytes back
Round trip time was 0.527449 milliseconds in repetition 127
tcp_ping received 16384 bytes back
Round trip time was 0.511749 milliseconds in repetition 128
tcp_ping received 16384 bytes back
Round trip time was 0.5444 milliseconds in repetition 129
tcp_ping received 16384 bytes back
Round trip time was 0.671248 milliseconds in repetition 130
tcp_ping received 16384 bytes back
Round trip time was 0.526477 milliseconds in repetition 131
tcp_ping received 16384 bytes back
Round trip time was 0.544931 milliseconds in repetition 132
tcp_ping received 16384 bytes back
Round trip time was 0.527057 milliseconds in repetition 133
tcp_ping received 16384 bytes back
Round trip time was 0.545392 milliseconds in repetition 134
tcp_ping received 16384 bytes back
Round trip time was 0.507651 milliseconds in repetition 135
tcp_ping received 16384 bytes back
Round trip time was 0.547997 milliseconds in repetition 136
tcp_ping received 16384 bytes back
Round trip time was 0.614202 milliseconds in repetition 137
tcp_ping received 16384 bytes back
Round trip time was 0.381134 milliseconds in repetition 138
tcp_ping received 16384 bytes back
Round trip time was 0.360496 milliseconds in repetition 139
tcp_ping received 16384 bytes back
Round trip time was 0.387548 milliseconds in repetition 140
tcp_ping received 16384 bytes back
Round trip time was 0.362689 milliseconds in repetition 141
tcp_ping received 16384 bytes back
Round trip time was 0.384691 milliseconds in repetition 142
tcp_ping received 16384 bytes back
Round trip time was 0.361427 milliseconds in repetition 143
tcp_ping received 16384 bytes back
Round trip time was 0.359935 milliseconds in repetition 144
tcp_ping received 16384 bytes back
Round trip time was 0.390281 milliseconds in repetition 145
tcp_ping received 16384 bytes back
Round trip time was 0.3684 milliseconds in repetition 146
tcp_ping received 16384 bytes back
Round trip time was 0.363883 milliseconds in repetition 147
tcp_ping received 16384 bytes back
Round trip time was 0.428473 milliseconds in repetition 148
tcp_ping received 16384 bytes back
Round trip time was 0.362258 milliseconds in repetition 149
tcp_ping received 16384 bytes back
Round trip time was 0.385453 milliseconds in repetition 150
tcp_ping received 16384 bytes back
Round trip time was 0.361588 milliseconds in repetition 151
tcp_ping received 16384 bytes back
Round trip time was 0.360084 milliseconds in repetition 152
tcp_ping received 16384 bytes back
Round trip time was 0.397816 milliseconds in repetition 153
tcp_ping received 16384 bytes back
Round trip time was 0.362159 milliseconds in repetition 154
tcp_ping received 16384 bytes back
Round trip time was 0.386014 milliseconds in repetition 155
tcp_ping received 16384 bytes back
Round trip time was 0.361067 milliseconds in repetition 156
tcp_ping received 16384 bytes back
Round trip time was 0.359604 milliseconds in repetition 157
tcp_ping received 16384 bytes back
Round trip time was 0.413574 milliseconds in repetition 158
tcp_ping received 16384 bytes back
Round trip time was 0.36295 milliseconds in repetition 159
tcp_ping received 16384 bytes back
Round trip time was 0.384281 milliseconds in repetition 160
tcp_ping received 16384 bytes back
Round trip time was 0.361748 milliseconds in repetition 161
tcp_ping received 16384 bytes back
Round trip time was 0.360125 milliseconds in repetition 162
tcp_ping received 16384 bytes back
Round trip time was 0.385532 milliseconds in repetition 163
tcp_ping received 16384 bytes back
Round trip time was 0.361157 milliseconds in repetition 164
tcp_ping received 16384 bytes back
Round trip time was 0.360305 milliseconds in repetition 165
tcp_ping received 16384 bytes back
Round trip time was 0.385603 milliseconds in repetition 166
tcp_ping received 16384 bytes back
Round trip time was 0.361427 milliseconds in repetition 167
tcp_ping received 16384 bytes back
Round trip time was 0.38419 milliseconds in repetition 168
tcp_ping received 16384 bytes back
Round trip time was 0.360787 milliseconds in repetition 169
tcp_ping received 16384 bytes back
Round trip time was 0.360005 milliseconds in repetition 170
tcp_ping received 16384 bytes back
Round trip time was 0.384671 milliseconds in repetition 171
tcp_ping received 16384 bytes back
Round trip time was 0.360997 milliseconds in repetition 172
tcp_ping received 16384 bytes back
Round trip time was 0.390912 milliseconds in repetition 173
tcp_ping received 16384 bytes back
Round trip time was 0.360776 milliseconds in repetition 174
tcp_ping received 16384 bytes back
Round trip time was 0.359504 milliseconds in repetition 175
tcp_ping received 16384 bytes back
Round trip time was 0.385252 milliseconds in repetition 176
tcp_ping received 16384 bytes back
Round trip time was 0.361077 milliseconds in repetition 177
tcp_ping received 16384 bytes back
Round trip time was 0.376956 milliseconds in repetition 178
tcp_ping received 16384 bytes back
Round trip time was 0.371706 milliseconds in repetition 179
tcp_ping received 16384 bytes back
Round trip time was 0.360085 milliseconds in repetition 180
tcp_ping received 16384 bytes back
Round trip time was 0.385422 milliseconds in repetition 181
tcp_ping received 16384 bytes back
Round trip time was 0.361217 milliseconds in repetition 182
tcp_ping received 16384 bytes back
Round trip time was 0.360315 milliseconds in repetition 183
tcp_ping received 16384 bytes back
Round trip time was 0.385412 milliseconds in repetition 184
tcp_ping received 16384 bytes back
Round trip time was 0.362288 milliseconds in repetition 185
tcp_ping received 16384 bytes back
Round trip time was 0.383419 milliseconds in repetition 186
tcp_ping received 16384 bytes back
Round trip time was 0.361306 milliseconds in repetition 187
tcp_ping received 16384 bytes back
Round trip time was 0.359764 milliseconds in repetition 188
tcp_ping received 16384 bytes back
Round trip time was 0.386203 milliseconds in repetition 189
tcp_ping received 16384 bytes back
Round trip time was 0.362228 milliseconds in repetition 190
tcp_ping received 16384 bytes back
Round trip time was 0.362078 milliseconds in repetition 191
tcp_ping received 16384 bytes back
Round trip time was 0.395932 milliseconds in repetition 192
tcp_ping received 16384 bytes back
Round trip time was 0.365505 milliseconds in repetition 193
tcp_ping received 16384 bytes back
Round trip time was 0.361598 milliseconds in repetition 194
tcp_ping received 16384 bytes back
Round trip time was 0.386765 milliseconds in repetition 195
tcp_ping received 16384 bytes back
Round trip time was 0.362108 milliseconds in repetition 196
tcp_ping received 16384 bytes back
Round trip time was 0.385783 milliseconds in repetition 197
tcp_ping received 16384 bytes back
Round trip time was 0.360927 milliseconds in repetition 198
tcp_ping received 16384 bytes back
Round trip time was 0.383599 milliseconds in repetition 199
tcp_ping received 16384 bytes back
Round trip time was 0.361167 milliseconds in repetition 200
tcp_ping received 16384 bytes back
Round trip time was 0.359955 milliseconds in repetition 201
tcp_ping received 16384 bytes back
Round trip time was 0.386855 milliseconds in repetition 202
tcp_ping received 16384 bytes back
Round trip time was 0.361528 milliseconds in repetition 203
tcp_ping received 16384 bytes back
Round trip time was 0.360436 milliseconds in repetition 204
tcp_ping received 16384 bytes back
Round trip time was 0.425638 milliseconds in repetition 205
tcp_ping received 16384 bytes back
Round trip time was 0.361638 milliseconds in repetition 206
tcp_ping received 16384 bytes back
Round trip time was 0.386715 milliseconds in repetition 207
tcp_ping received 16384 bytes back
Round trip time was 0.360797 milliseconds in repetition 208
tcp_ping received 16384 bytes back
Round trip time was 0.360106 milliseconds in repetition 209
tcp_ping received 16384 bytes back
Round trip time was 0.385151 milliseconds in repetition 210
tcp_ping received 16384 bytes back
Round trip time was 0.360485 milliseconds in repetition 211
tcp_ping received 16384 bytes back
Round trip time was 0.38403 milliseconds in repetition 212
tcp_ping received 16384 bytes back
Round trip time was 0.361137 milliseconds in repetition 213
tcp_ping received 16384 bytes back
Round trip time was 0.359723 milliseconds in repetition 214
tcp_ping received 16384 bytes back
Round trip time was 0.385924 milliseconds in repetition 215
tcp_ping received 16384 bytes back
Round trip time was 0.361539 milliseconds in repetition 216
tcp_ping received 16384 bytes back
Round trip time was 0.636594 milliseconds in repetition 217
tcp_ping received 16384 bytes back
Round trip time was 0.461775 milliseconds in repetition 218
tcp_ping received 16384 bytes back
Round trip time was 0.561402 milliseconds in repetition 219
tcp_ping received 16384 bytes back
Round trip time was 0.539992 milliseconds in repetition 220
tcp_ping received 16384 bytes back
Round trip time was 0.585417 milliseconds in repetition 221
tcp_ping received 16384 bytes back
Round trip time was 0.534501 milliseconds in repetition 222
tcp_ping received 16384 bytes back
Round trip time was 0.547957 milliseconds in repetition 223
tcp_ping received 16384 bytes back
Round trip time was 0.551073 milliseconds in repetition 224
tcp_ping received 16384 bytes back
Round trip time was 0.520275 milliseconds in repetition 225
tcp_ping received 16384 bytes back
Round trip time was 0.539591 milliseconds in repetition 226
tcp_ping received 16384 bytes back
Round trip time was 0.534902 milliseconds in repetition 227
tcp_ping received 16384 bytes back
Round trip time was 0.540603 milliseconds in repetition 228
tcp_ping received 16384 bytes back
Round trip time was 0.56559 milliseconds in repetition 229
tcp_ping received 16384 bytes back
Round trip time was 0.524603 milliseconds in repetition 230
tcp_ping received 16384 bytes back
Round trip time was 0.53344 milliseconds in repetition 231
tcp_ping received 16384 bytes back
Round trip time was 0.515346 milliseconds in repetition 232
tcp_ping received 16384 bytes back
Round trip time was 0.53353 milliseconds in repetition 233
tcp_ping received 16384 bytes back
Round trip time was 0.516368 milliseconds in repetition 234
tcp_ping received 16384 bytes back
Round trip time was 0.531756 milliseconds in repetition 235
tcp_ping received 16384 bytes back
Round trip time was 0.52866 milliseconds in repetition 236
tcp_ping received 16384 bytes back
Round trip time was 0.541845 milliseconds in repetition 237
tcp_ping received 16384 bytes back
Round trip time was 0.566482 milliseconds in repetition 238
tcp_ping received 16384 bytes back
Round trip time was 0.523713 milliseconds in repetition 239
tcp_ping received 16384 bytes back
Round trip time was 0.534251 milliseconds in repetition 240
tcp_ping received 16384 bytes back
Round trip time was 0.515807 milliseconds in repetition 241
tcp_ping received 16384 bytes back
Round trip time was 0.53365 milliseconds in repetition 242
tcp_ping received 16384 bytes back
Round trip time was 0.538129 milliseconds in repetition 243
tcp_ping received 16384 bytes back
Round trip time was 0.566061 milliseconds in repetition 244
tcp_ping received 16384 bytes back
Round trip time was 0.529302 milliseconds in repetition 245
tcp_ping received 16384 bytes back
Round trip time was 0.515186 milliseconds in repetition 246
tcp_ping received 16384 bytes back
Round trip time was 0.535654 milliseconds in repetition 247
tcp_ping received 16384 bytes back
Round trip time was 0.514995 milliseconds in repetition 248
tcp_ping received 16384 bytes back
Round trip time was 0.534922 milliseconds in repetition 249
tcp_ping received 16384 bytes back
Round trip time was 0.514654 milliseconds in repetition 250
tcp_ping received 16384 bytes back
Round trip time was 0.533871 milliseconds in repetition 251
tcp_ping received 16384 bytes back
Round trip time was 0.545682 milliseconds in repetition 252
tcp_ping received 16384 bytes back
Round trip time was 0.570439 milliseconds in repetition 253
tcp_ping received 16384 bytes back
Round trip time was 0.545912 milliseconds in repetition 254
tcp_ping received 16384 bytes back
Round trip time was 0.566652 milliseconds in repetition 255
tcp_ping received 16384 bytes back
Round trip time was 0.535193 milliseconds in repetition 256
tcp_ping received 16384 bytes back
Round trip time was 0.514465 milliseconds in repetition 257
tcp_ping received 16384 bytes back
Round trip time was 0.532708 milliseconds in repetition 258
tcp_ping received 16384 bytes back
Round trip time was 0.514895 milliseconds in repetition 259
tcp_ping received 16384 bytes back
Round trip time was 0.578173 milliseconds in repetition 260
tcp_ping received 16384 bytes back
Round trip time was 0.551703 milliseconds in repetition 261
tcp_ping received 16384 bytes back
Round trip time was 0.510177 milliseconds in repetition 262
tcp_ping received 16384 bytes back
Round trip time was 0.555822 milliseconds in repetition 263
tcp_ping received 16384 bytes back
Round trip time was 0.521838 milliseconds in repetition 264
tcp_ping received 16384 bytes back
Round trip time was 0.535623 milliseconds in repetition 265
tcp_ping received 16384 bytes back
Round trip time was 0.516138 milliseconds in repetition 266
tcp_ping received 16384 bytes back
Round trip time was 0.526426 milliseconds in repetition 267
tcp_ping received 16384 bytes back
Round trip time was 0.522318 milliseconds in repetition 268
tcp_ping received 16384 bytes back
Round trip time was 0.512871 milliseconds in repetition 269
tcp_ping received 16384 bytes back
Round trip time was 0.54407 milliseconds in repetition 270
tcp_ping received 16384 bytes back
Round trip time was 0.563265 milliseconds in repetition 271
tcp_ping received 16384 bytes back
Round trip time was 0.544981 milliseconds in repetition 272
tcp_ping received 16384 bytes back
Round trip time was 0.524673 milliseconds in repetition 273
tcp_ping received 16384 bytes back
Round trip time was 0.5448 milliseconds in repetition 274
tcp_ping received 16384 bytes back
Round trip time was 0.523973 milliseconds in repetition 275
tcp_ping received 16384 bytes back
Round trip time was 0.546415 milliseconds in repetition 276
tcp_ping received 16384 bytes back
Round trip time was 0.547096 milliseconds in repetition 277
tcp_ping received 16384 bytes back
Round trip time was 0.529753 milliseconds in repetition 278
tcp_ping received 16384 bytes back
Round trip time was 0.562154 milliseconds in repetition 279
tcp_ping received 16384 bytes back
Round trip time was 0.524914 milliseconds in repetition 280
tcp_ping received 16384 bytes back
Round trip time was 0.543659 milliseconds in repetition 281
tcp_ping received 16384 bytes back
Round trip time was 0.525314 milliseconds in repetition 282
tcp_ping received 16384 bytes back
Round trip time was 0.542847 milliseconds in repetition 283
tcp_ping received 16384 bytes back
Round trip time was 0.52801 milliseconds in repetition 284
tcp_ping received 16384 bytes back
Round trip time was 0.535834 milliseconds in repetition 285
tcp_ping received 16384 bytes back
Round trip time was 0.55463 milliseconds in repetition 286
tcp_ping received 16384 bytes back
Round trip time was 0.526016 milliseconds in repetition 287
tcp_ping received 16384 bytes back
Round trip time was 0.546544 milliseconds in repetition 288
tcp_ping received 16384 bytes back
Round trip time was 0.524703 milliseconds in repetition 289
tcp_ping received 16384 bytes back
Round trip time was 0.544953 milliseconds in repetition 290
tcp_ping received 16384 bytes back
Round trip time was 0.524713 milliseconds in repetition 291
tcp_ping received 16384 bytes back
Round trip time was 0.549319 milliseconds in repetition 292
tcp_ping received 16384 bytes back
Round trip time was 0.552967 milliseconds in repetition 293
tcp_ping received 16384 bytes back
Round trip time was 0.524212 milliseconds in repetition 294
tcp_ping received 16384 bytes back
Round trip time was 0.545342 milliseconds in repetition 295
tcp_ping received 16384 bytes back
Round trip time was 0.524945 milliseconds in repetition 296
tcp_ping received 16384 bytes back
Round trip time was 0.547426 milliseconds in repetition 297
tcp_ping received 16384 bytes back
Round trip time was 0.524292 milliseconds in repetition 298
tcp_ping received 16384 bytes back
Round trip time was 0.542116 milliseconds in repetition 299
tcp_ping received 16384 bytes back
Round trip time was 0.529633 milliseconds in repetition 300
tcp_ping received 16384 bytes back
Round trip time was 0.523551 milliseconds in repetition 301
tcp_ping received 16384 bytes back
Round trip time was 0.544892 milliseconds in repetition 302
tcp_ping received 16384 bytes back
Round trip time was 0.524314 milliseconds in repetition 303
tcp_ping received 16384 bytes back
Round trip time was 0.544962 milliseconds in repetition 304
tcp_ping received 16384 bytes back
Round trip time was 0.523942 milliseconds in repetition 305
tcp_ping received 16384 bytes back
Round trip time was 0.544741 milliseconds in repetition 306
tcp_ping received 16384 bytes back
Round trip time was 0.530945 milliseconds in repetition 307
tcp_ping received 16384 bytes back
Round trip time was 0.542606 milliseconds in repetition 308
tcp_ping received 16384 bytes back
Round trip time was 0.541726 milliseconds in repetition 309
tcp_ping received 16384 bytes back
Round trip time was 0.51752 milliseconds in repetition 310
tcp_ping received 16384 bytes back
Round trip time was 0.548738 milliseconds in repetition 311
tcp_ping received 16384 bytes back
Round trip time was 0.51694 milliseconds in repetition 312
tcp_ping received 16384 bytes back
Round trip time was 0.551464 milliseconds in repetition 313
tcp_ping received 16384 bytes back
Round trip time was 0.543348 milliseconds in repetition 314
tcp_ping received 16384 bytes back
Round trip time was 0.552957 milliseconds in repetition 315
tcp_ping received 16384 bytes back
Round trip time was 0.570599 milliseconds in repetition 316
tcp_ping received 16384 bytes back
Round trip time was 0.527288 milliseconds in repetition 317
tcp_ping received 16384 bytes back
Round trip time was 0.54988 milliseconds in repetition 318
tcp_ping received 16384 bytes back
Round trip time was 0.526938 milliseconds in repetition 319
tcp_ping received 16384 bytes back
Round trip time was 0.550612 milliseconds in repetition 320
tcp_ping received 16384 bytes back
Round trip time was 0.533891 milliseconds in repetition 321
tcp_ping received 16384 bytes back
Round trip time was 0.518682 milliseconds in repetition 322
tcp_ping received 16384 bytes back
Round trip time was 0.50196 milliseconds in repetition 323
tcp_ping received 16384 bytes back
Round trip time was 0.532578 milliseconds in repetition 324
tcp_ping received 16384 bytes back
Round trip time was 0.510256 milliseconds in repetition 325
tcp_ping received 16384 bytes back
Round trip time was 0.503314 milliseconds in repetition 326
tcp_ping received 16384 bytes back
Round trip time was 0.5233 milliseconds in repetition 327
tcp_ping received 16384 bytes back
Round trip time was 0.503233 milliseconds in repetition 328
tcp_ping received 16384 bytes back
Round trip time was 0.60281 milliseconds in repetition 329
tcp_ping received 16384 bytes back
Round trip time was 0.5286 milliseconds in repetition 330
tcp_ping received 16384 bytes back
Round trip time was 0.547697 milliseconds in repetition 331
tcp_ping received 16384 bytes back
Round trip time was 0.527118 milliseconds in repetition 332
tcp_ping received 16384 bytes back
Round trip time was 0.532297 milliseconds in repetition 333
tcp_ping received 16384 bytes back
Round trip time was 0.532988 milliseconds in repetition 334
tcp_ping received 16384 bytes back
Round trip time was 0.526987 milliseconds in repetition 335
tcp_ping received 16384 bytes back
Round trip time was 0.553116 milliseconds in repetition 336
tcp_ping received 16384 bytes back
Round trip time was 0.532608 milliseconds in repetition 337
tcp_ping received 16384 bytes back
Round trip time was 0.559318 milliseconds in repetition 338
tcp_ping received 16384 bytes back
Round trip time was 0.529412 milliseconds in repetition 339
tcp_ping received 16384 bytes back
Round trip time was 0.546203 milliseconds in repetition 340
tcp_ping received 16384 bytes back
Round trip time was 0.536255 milliseconds in repetition 341
tcp_ping received 16384 bytes back
Round trip time was 0.531856 milliseconds in repetition 342
tcp_ping received 16384 bytes back
Round trip time was 0.555701 milliseconds in repetition 343
tcp_ping received 16384 bytes back
Round trip time was 0.53373 milliseconds in repetition 344
tcp_ping received 16384 bytes back
Round trip time was 0.549891 milliseconds in repetition 345
tcp_ping received 16384 bytes back
Round trip time was 0.548958 milliseconds in repetition 346
tcp_ping received 16384 bytes back
Round trip time was 0.526737 milliseconds in repetition 347
tcp_ping received 16384 bytes back
Round trip time was 0.548007 milliseconds in repetition 348
tcp_ping received 16384 bytes back
Round trip time was 0.527289 milliseconds in repetition 349
tcp_ping received 16384 bytes back
Round trip time was 0.553848 milliseconds in repetition 350
tcp_ping received 16384 bytes back
Round trip time was 0.530625 milliseconds in repetition 351
tcp_ping received 16384 bytes back
Round trip time was 0.535816 milliseconds in repetition 352
tcp_ping received 16384 bytes back
Round trip time was 0.515686 milliseconds in repetition 353
tcp_ping received 16384 bytes back
Round trip time was 0.521939 milliseconds in repetition 354
tcp_ping received 16384 bytes back
Round trip time was 0.517821 milliseconds in repetition 355
tcp_ping received 16384 bytes back
Round trip time was 0.514023 milliseconds in repetition 356
tcp_ping received 16384 bytes back
Round trip time was 0.546405 milliseconds in repetition 357
tcp_ping received 16384 bytes back
Round trip time was 0.521107 milliseconds in repetition 358
tcp_ping received 16384 bytes back
Round trip time was 0.585015 milliseconds in repetition 359
tcp_ping received 16384 bytes back
Round trip time was 0.529051 milliseconds in repetition 360
tcp_ping received 16384 bytes back
Round trip time was 0.555581 milliseconds in repetition 361
tcp_ping received 16384 bytes back
Round trip time was 0.525955 milliseconds in repetition 362
tcp_ping received 16384 bytes back
Round trip time was 0.547015 milliseconds in repetition 363
tcp_ping received 16384 bytes back
Round trip time was 0.546334 milliseconds in repetition 364
tcp_ping received 16384 bytes back
Round trip time was 0.527309 milliseconds in repetition 365
tcp_ping received 16384 bytes back
Round trip time was 0.551053 milliseconds in repetition 366
tcp_ping received 16384 bytes back
Round trip time was 0.520767 milliseconds in repetition 367
tcp_ping received 16384 bytes back
Round trip time was 0.542607 milliseconds in repetition 368
tcp_ping received 16384 bytes back
Round trip time was 0.520036 milliseconds in repetition 369
tcp_ping received 16384 bytes back
Round trip time was 0.541505 milliseconds in repetition 370
tcp_ping received 16384 bytes back
Round trip time was 0.524463 milliseconds in repetition 371
tcp_ping received 16384 bytes back
Round trip time was 0.531727 milliseconds in repetition 372
tcp_ping received 16384 bytes back
Round trip time was 0.544651 milliseconds in repetition 373
tcp_ping received 16384 bytes back
Round trip time was 0.522088 milliseconds in repetition 374
tcp_ping received 16384 bytes back
Round trip time was 0.540683 milliseconds in repetition 375
tcp_ping received 16384 bytes back
Round trip time was 0.527429 milliseconds in repetition 376
tcp_ping received 16384 bytes back
Round trip time was 0.542717 milliseconds in repetition 377
tcp_ping received 16384 bytes back
Round trip time was 0.521086 milliseconds in repetition 378
tcp_ping received 16384 bytes back
Round trip time was 0.542306 milliseconds in repetition 379
tcp_ping received 16384 bytes back
Round trip time was 0.542387 milliseconds in repetition 380
tcp_ping received 16384 bytes back
Round trip time was 0.522519 milliseconds in repetition 381
tcp_ping received 16384 bytes back
Round trip time was 0.542387 milliseconds in repetition 382
tcp_ping received 16384 bytes back
Round trip time was 0.521528 milliseconds in repetition 383
tcp_ping received 16384 bytes back
Round trip time was 0.541695 milliseconds in repetition 384
tcp_ping received 16384 bytes back
Round trip time was 0.520415 milliseconds in repetition 385
tcp_ping received 16384 bytes back
Round trip time was 0.542897 milliseconds in repetition 386
tcp_ping received 16384 bytes back
Round trip time was 0.525866 milliseconds in repetition 387
tcp_ping received 16384 bytes back
Round trip time was 0.527919 milliseconds in repetition 388
tcp_ping received 16384 bytes back
Round trip time was 0.538759 milliseconds in repetition 389
tcp_ping received 16384 bytes back
Round trip time was 0.520375 milliseconds in repetition 390
tcp_ping received 16384 bytes back
Round trip time was 0.541945 milliseconds in repetition 391
tcp_ping received 16384 bytes back
Round trip time was 0.520195 milliseconds in repetition 392
tcp_ping received 16384 bytes back
Round trip time was 0.540734 milliseconds in repetition 393
tcp_ping received 16384 bytes back
Round trip time was 0.525205 milliseconds in repetition 394
tcp_ping received 16384 bytes back
Round trip time was 0.543227 milliseconds in repetition 395
tcp_ping received 16384 bytes back
Round trip time was 0.521617 milliseconds in repetition 396
tcp_ping received 16384 bytes back
Round trip time was 0.53928 milliseconds in repetition 397
tcp_ping received 16384 bytes back
Round trip time was 0.552305 milliseconds in repetition 398
tcp_ping received 16384 bytes back
Round trip time was 0.521367 milliseconds in repetition 399
tcp_ping received 16384 bytes back
Round trip time was 0.542908 milliseconds in repetition 400
tcp_ping received 16384 bytes back
Round trip time was 0.520065 milliseconds in repetition 401
tcp_ping received 16384 bytes back
Round trip time was 0.539381 milliseconds in repetition 402
tcp_ping received 16384 bytes back
Round trip time was 0.516649 milliseconds in repetition 403
tcp_ping received 16384 bytes back
Round trip time was 0.536245 milliseconds in repetition 404
tcp_ping received 16384 bytes back
Round trip time was 0.514193 milliseconds in repetition 405
tcp_ping received 16384 bytes back
Round trip time was 0.61404 milliseconds in repetition 406
tcp_ping received 16384 bytes back
Round trip time was 0.517049 milliseconds in repetition 407
tcp_ping received 16384 bytes back
Round trip time was 0.523432 milliseconds in repetition 408
tcp_ping received 16384 bytes back
Round trip time was 0.550922 milliseconds in repetition 409
tcp_ping received 16384 bytes back
Round trip time was 0.528651 milliseconds in repetition 410
tcp_ping received 16384 bytes back
Round trip time was 0.546814 milliseconds in repetition 411
tcp_ping received 16384 bytes back
Round trip time was 0.524573 milliseconds in repetition 412
tcp_ping received 16384 bytes back
Round trip time was 0.530084 milliseconds in repetition 413
tcp_ping received 16384 bytes back
Round trip time was 0.536998 milliseconds in repetition 414
tcp_ping received 16384 bytes back
Round trip time was 0.524142 milliseconds in repetition 415
tcp_ping received 16384 bytes back
Round trip time was 0.549149 milliseconds in repetition 416
tcp_ping received 16384 bytes back
Round trip time was 0.527869 milliseconds in repetition 417
tcp_ping received 16384 bytes back
Round trip time was 0.545231 milliseconds in repetition 418
tcp_ping received 16384 bytes back
Round trip time was 0.523401 milliseconds in repetition 419
tcp_ping received 16384 bytes back
Round trip time was 0.54409 milliseconds in repetition 420
tcp_ping received 16384 bytes back
Round trip time was 0.523642 milliseconds in repetition 421
tcp_ping received 16384 bytes back
Round trip time was 0.526857 milliseconds in repetition 422
tcp_ping received 16384 bytes back
Round trip time was 0.525935 milliseconds in repetition 423
tcp_ping received 16384 bytes back
Round trip time was 0.532287 milliseconds in repetition 424
tcp_ping received 16384 bytes back
Round trip time was 0.575207 milliseconds in repetition 425
tcp_ping received 16384 bytes back
Round trip time was 0.524022 milliseconds in repetition 426
tcp_ping received 16384 bytes back
Round trip time was 0.556774 milliseconds in repetition 427
tcp_ping received 16384 bytes back
Round trip time was 0.523461 milliseconds in repetition 428
tcp_ping received 16384 bytes back
Round trip time was 0.543399 milliseconds in repetition 429
tcp_ping received 16384 bytes back
Round trip time was 0.543499 milliseconds in repetition 430
tcp_ping received 16384 bytes back
Round trip time was 0.529472 milliseconds in repetition 431
tcp_ping received 16384 bytes back
Round trip time was 0.551764 milliseconds in repetition 432
tcp_ping received 16384 bytes back
Round trip time was 0.526177 milliseconds in repetition 433
tcp_ping received 16384 bytes back
Round trip time was 0.552956 milliseconds in repetition 434
tcp_ping received 16384 bytes back
Round trip time was 0.52325 milliseconds in repetition 435
tcp_ping received 16384 bytes back
Round trip time was 0.553607 milliseconds in repetition 436
tcp_ping received 16384 bytes back
Round trip time was 0.548509 milliseconds in repetition 437
tcp_ping received 16384 bytes back
Round trip time was 0.535303 milliseconds in repetition 438
tcp_ping received 16384 bytes back
Round trip time was 0.52796 milliseconds in repetition 439
tcp_ping received 16384 bytes back
Round trip time was 0.50172 milliseconds in repetition 440
tcp_ping received 16384 bytes back
Round trip time was 0.524954 milliseconds in repetition 441
tcp_ping received 16384 bytes back
Round trip time was 0.503213 milliseconds in repetition 442
tcp_ping received 16384 bytes back
Round trip time was 0.584666 milliseconds in repetition 443
tcp_ping received 16384 bytes back
Round trip time was 0.503604 milliseconds in repetition 444
tcp_ping received 16384 bytes back
Round trip time was 0.534672 milliseconds in repetition 445
tcp_ping received 16384 bytes back
Round trip time was 0.584866 milliseconds in repetition 446
tcp_ping received 16384 bytes back
Round trip time was 0.516648 milliseconds in repetition 447
tcp_ping received 16384 bytes back
Round trip time was 0.537458 milliseconds in repetition 448
tcp_ping received 16384 bytes back
Round trip time was 0.515807 milliseconds in repetition 449
tcp_ping received 16384 bytes back
Round trip time was 0.539031 milliseconds in repetition 450
tcp_ping received 16384 bytes back
Round trip time was 0.516227 milliseconds in repetition 451
tcp_ping received 16384 bytes back
Round trip time was 0.550832 milliseconds in repetition 452
tcp_ping received 16384 bytes back
Round trip time was 0.536556 milliseconds in repetition 453
tcp_ping received 16384 bytes back
Round trip time was 0.54447 milliseconds in repetition 454
tcp_ping received 16384 bytes back
Round trip time was 0.538419 milliseconds in repetition 455
tcp_ping received 16384 bytes back
Round trip time was 0.523882 milliseconds in repetition 456
tcp_ping received 16384 bytes back
Round trip time was 0.546705 milliseconds in repetition 457
tcp_ping received 16384 bytes back
Round trip time was 0.523512 milliseconds in repetition 458
tcp_ping received 16384 bytes back
Round trip time was 0.558627 milliseconds in repetition 459
tcp_ping received 16384 bytes back
Round trip time was 0.612338 milliseconds in repetition 460
tcp_ping received 16384 bytes back
Round trip time was 0.605395 milliseconds in repetition 461
tcp_ping received 16384 bytes back
Round trip time was 0.601006 milliseconds in repetition 462
tcp_ping received 16384 bytes back
Round trip time was 0.597921 milliseconds in repetition 463
tcp_ping received 16384 bytes back
Round trip time was 0.572072 milliseconds in repetition 464
tcp_ping received 16384 bytes back
Round trip time was 0.551353 milliseconds in repetition 465
tcp_ping received 16384 bytes back
Round trip time was 0.744855 milliseconds in repetition 466
tcp_ping received 16384 bytes back
Round trip time was 0.616446 milliseconds in repetition 467
tcp_ping received 16384 bytes back
Round trip time was 0.569437 milliseconds in repetition 468
tcp_ping received 16384 bytes back
Round trip time was 0.561963 milliseconds in repetition 469
tcp_ping received 16384 bytes back
Round trip time was 0.868538 milliseconds in repetition 470
tcp_ping received 16384 bytes back
Round trip time was 0.581499 milliseconds in repetition 471
tcp_ping received 16384 bytes back
Round trip time was 0.577672 milliseconds in repetition 472
tcp_ping received 16384 bytes back
Round trip time was 0.604743 milliseconds in repetition 473
tcp_ping received 16384 bytes back
Round trip time was 0.561012 milliseconds in repetition 474
tcp_ping received 16384 bytes back
Round trip time was 0.588403 milliseconds in repetition 475
tcp_ping received 16384 bytes back
Round trip time was 0.58668 milliseconds in repetition 476
tcp_ping received 16384 bytes back
Round trip time was 0.558546 milliseconds in repetition 477
tcp_ping received 16384 bytes back
Round trip time was 0.645485 milliseconds in repetition 478
tcp_ping received 16384 bytes back
Round trip time was 0.772788 milliseconds in repetition 479
tcp_ping received 16384 bytes back
Round trip time was 0.838035 milliseconds in repetition 480
tcp_ping received 16384 bytes back
Round trip time was 0.682139 milliseconds in repetition 481
tcp_ping received 16384 bytes back
Round trip time was 0.687209 milliseconds in repetition 482
tcp_ping received 16384 bytes back
Round trip time was 0.59195 milliseconds in repetition 483
tcp_ping received 16384 bytes back
Round trip time was 0.515537 milliseconds in repetition 484
tcp_ping received 16384 bytes back
Round trip time was 0.578655 milliseconds in repetition 485
tcp_ping received 16384 bytes back
Round trip time was 0.532789 milliseconds in repetition 486
tcp_ping received 16384 bytes back
Round trip time was 0.515818 milliseconds in repetition 487
tcp_ping received 16384 bytes back
Round trip time was 0.566823 milliseconds in repetition 488
tcp_ping received 16384 bytes back
Round trip time was 0.558237 milliseconds in repetition 489
tcp_ping received 16384 bytes back
Round trip time was 0.531416 milliseconds in repetition 490
tcp_ping received 16384 bytes back
Round trip time was 0.516498 milliseconds in repetition 491
tcp_ping received 16384 bytes back
Round trip time was 0.62458 milliseconds in repetition 492
tcp_ping received 16384 bytes back
Round trip time was 0.561433 milliseconds in repetition 493
tcp_ping received 16384 bytes back
Round trip time was 0.50646 milliseconds in repetition 494
tcp_ping received 16384 bytes back
Round trip time was 0.524233 milliseconds in repetition 495
tcp_ping received 16384 bytes back
Round trip time was 0.504036 milliseconds in repetition 496
tcp_ping received 16384 bytes back
Round trip time was 0.526056 milliseconds in repetition 497
tcp_ping received 16384 bytes back
Round trip time was 0.502562 milliseconds in repetition 498
tcp_ping received 16384 bytes back
Round trip time was 0.560119 milliseconds in repetition 499
tcp_ping received 16384 bytes back
Round trip time was 0.491762 milliseconds in repetition 500
tcp_ping received 16384 bytes back
Round trip time was 0.564558 milliseconds in repetition 501

 ... clock resolution was 1e-06
TCP Ping:  Statistics over 501 repetitions of 16384 byte messages

RTT : percentile 10: 0.361547, median: 0.52325, percentile 90: 0.561433, average: 0.492617, variance: 0.0153663

RTT histogram:
0.359483 147
0.457338 49
0.555192 285
0.653047 13
0.750901 3
0.848756 2
0.94661 0
1.04446 0
1.14232 0
1.24017 0
1.33803 1
1.43588 0
1.53374 0
1.63159 0
1.72945 0
1.8273 0
1.92516 0
2.02301 0
2.12086 0
2.21872 0
2.31657 1

   median Throughput : 62624 KB/s   overall Throughput : 66518.1 KB/s

