TCP Ping trying to connect to server localhost (127.0.0.1) on port 1491
 ... connected to Pong server: asking for 501 repetitions of 384 bytes TCP messages
 ... Pong server agreed :-)
tcp_ping received 384 bytes back
Round trip time was 0.03793 milliseconds in repetition 1
tcp_ping received 384 bytes back
Round trip time was 0.030698 milliseconds in repetition 2
tcp_ping received 384 bytes back
Round trip time was 0.061004 milliseconds in repetition 3
tcp_ping received 384 bytes back
Round trip time was 0.040255 milliseconds in repetition 4
tcp_ping received 384 bytes back
Round trip time was 0.029446 milliseconds in repetition 5
tcp_ping received 384 bytes back
Round trip time was 0.029395 milliseconds in repetition 6
tcp_ping received 384 bytes back
Round trip time was 0.029235 milliseconds in repetition 7
tcp_ping received 384 bytes back
Round trip time was 0.029224 milliseconds in repetition 8
tcp_ping received 384 bytes back
Round trip time was 0.029325 milliseconds in repetition 9
tcp_ping received 384 bytes back
Round trip time was 0.029085 milliseconds in repetition 10
tcp_ping received 384 bytes back
Round trip time was 0.029144 milliseconds in repetition 11
tcp_ping received 384 bytes back
Round trip time was 0.029164 milliseconds in repetition 12
tcp_ping received 384 bytes back
Round trip time was 0.029195 milliseconds in repetition 13
tcp_ping received 384 bytes back
Round trip time was 0.029025 milliseconds in repetition 14
tcp_ping received 384 bytes back
Round trip time was 0.029023 milliseconds in repetition 15
tcp_ping received 384 bytes back
Round trip time was 0.029576 milliseconds in repetition 16
tcp_ping received 384 bytes back
Round trip time was 0.029224 milliseconds in repetition 17
tcp_ping received 384 bytes back
Round trip time was 0.029124 milliseconds in repetition 18
tcp_ping received 384 bytes back
Round trip time was 0.029195 milliseconds in repetition 19
tcp_ping received 384 bytes back
Round trip time was 0.028975 milliseconds in repetition 20
tcp_ping received 384 bytes back
Round trip time was 0.028904 milliseconds in repetition 21
tcp_ping received 384 bytes back
Round trip time was 0.028864 milliseconds in repetition 22
tcp_ping received 384 bytes back
Round trip time was 0.029045 milliseconds in repetition 23
tcp_ping received 384 bytes back
Round trip time was 0.029075 milliseconds in repetition 24
tcp_ping received 384 bytes back
Round trip time was 0.028955 milliseconds in repetition 25
tcp_ping received 384 bytes back
Round trip time was 0.029004 milliseconds in repetition 26
tcp_ping received 384 bytes back
Round trip time was 0.028934 milliseconds in repetition 27
tcp_ping received 384 bytes back
Round trip time was 0.028944 milliseconds in repetition 28
tcp_ping received 384 bytes back
Round trip time was 0.029035 milliseconds in repetition 29
tcp_ping received 384 bytes back
Round trip time was 0.029045 milliseconds in repetition 30
tcp_ping received 384 bytes back
Round trip time was 0.030438 milliseconds in repetition 31
tcp_ping received 384 bytes back
Round trip time was 0.118903 milliseconds in repetition 32
tcp_ping received 384 bytes back
Round trip time was 0.030196 milliseconds in repetition 33
tcp_ping received 384 bytes back
Round trip time was 0.029115 milliseconds in repetition 34
tcp_ping received 384 bytes back
Round trip time was 0.029275 milliseconds in repetition 35
tcp_ping received 384 bytes back
Round trip time was 0.029075 milliseconds in repetition 36
tcp_ping received 384 bytes back
Round trip time was 0.029005 milliseconds in repetition 37
tcp_ping received 384 bytes back
Round trip time was 4.65228 milliseconds in repetition 38
tcp_ping received 384 bytes back
Round trip time was 0.079919 milliseconds in repetition 39
tcp_ping received 384 bytes back
Round trip time was 0.029916 milliseconds in repetition 40
tcp_ping received 384 bytes back
Round trip time was 0.029395 milliseconds in repetition 41
tcp_ping received 384 bytes back
Round trip time was 0.029114 milliseconds in repetition 42
tcp_ping received 384 bytes back
Round trip time was 0.028943 milliseconds in repetition 43
tcp_ping received 384 bytes back
Round trip time was 0.044923 milliseconds in repetition 44
tcp_ping received 384 bytes back
Round trip time was 0.029576 milliseconds in repetition 45
tcp_ping received 384 bytes back
Round trip time was 0.029074 milliseconds in repetition 46
tcp_ping received 384 bytes back
Round trip time was 0.028935 milliseconds in repetition 47
tcp_ping received 384 bytes back
Round trip time was 0.028985 milliseconds in repetition 48
tcp_ping received 384 bytes back
Round trip time was 0.029005 milliseconds in repetition 49
tcp_ping received 384 bytes back
Round trip time was 0.029055 milliseconds in repetition 50
tcp_ping received 384 bytes back
Round trip time was 0.029064 milliseconds in repetition 51
tcp_ping received 384 bytes back
Round trip time was 0.028873 milliseconds in repetition 52
tcp_ping received 384 bytes back
Round trip time was 0.029195 milliseconds in repetition 53
tcp_ping received 384 bytes back
Round trip time was 0.029064 milliseconds in repetition 54
tcp_ping received 384 bytes back
Round trip time was 0.029166 milliseconds in repetition 55
tcp_ping received 384 bytes back
Round trip time was 0.029355 milliseconds in repetition 56
tcp_ping received 384 bytes back
Round trip time was 0.029105 milliseconds in repetition 57
tcp_ping received 384 bytes back
Round trip time was 0.029364 milliseconds in repetition 58
tcp_ping received 384 bytes back
Round trip time was 0.029154 milliseconds in repetition 59
tcp_ping received 384 bytes back
Round trip time was 0.08018 milliseconds in repetition 60
tcp_ping received 384 bytes back
Round trip time was 0.031559 milliseconds in repetition 61
tcp_ping received 384 bytes back
Round trip time was 0.029104 milliseconds in repetition 62
tcp_ping received 384 bytes back
Round trip time was 0.028934 milliseconds in repetition 63
tcp_ping received 384 bytes back
Round trip time was 0.028945 milliseconds in repetition 64
tcp_ping received 384 bytes back
Round trip time was 0.028923 milliseconds in repetition 65
tcp_ping received 384 bytes back
Round trip time was 0.028883 milliseconds in repetition 66
tcp_ping received 384 bytes back
Round trip time was 0.029105 milliseconds in repetition 67
tcp_ping received 384 bytes back
Round trip time was 0.029044 milliseconds in repetition 68
tcp_ping received 384 bytes back
Round trip time was 0.029054 milliseconds in repetition 69
tcp_ping received 384 bytes back
Round trip time was 0.028945 milliseconds in repetition 70
tcp_ping received 384 bytes back
Round trip time was 0.028964 milliseconds in repetition 71
tcp_ping received 384 bytes back
Round trip time was 0.030177 milliseconds in repetition 72
tcp_ping received 384 bytes back
Round trip time was 0.035206 milliseconds in repetition 73
tcp_ping received 384 bytes back
Round trip time was 0.052137 milliseconds in repetition 74
tcp_ping received 384 bytes back
Round trip time was 0.033252 milliseconds in repetition 75
tcp_ping received 384 bytes back
Round trip time was 0.028713 milliseconds in repetition 76
tcp_ping received 384 bytes back
Round trip time was 0.029617 milliseconds in repetition 77
tcp_ping received 384 bytes back
Round trip time was 0.028613 milliseconds in repetition 78
tcp_ping received 384 bytes back
Round trip time was 0.028735 milliseconds in repetition 79
tcp_ping received 384 bytes back
Round trip time was 0.028483 milliseconds in repetition 80
tcp_ping received 384 bytes back
Round trip time was 0.028363 milliseconds in repetition 81
tcp_ping received 384 bytes back
Round trip time was 0.028483 milliseconds in repetition 82
tcp_ping received 384 bytes back
Round trip time was 0.028504 milliseconds in repetition 83
tcp_ping received 384 bytes back
Round trip time was 0.028443 milliseconds in repetition 84
tcp_ping received 384 bytes back
Round trip time was 0.028503 milliseconds in repetition 85
tcp_ping received 384 bytes back
Round trip time was 0.028294 milliseconds in repetition 86
tcp_ping received 384 bytes back
Round trip time was 0.111454 milliseconds in repetition 87
tcp_ping received 384 bytes back
Round trip time was 0.047258 milliseconds in repetition 88
tcp_ping received 384 bytes back
Round trip time was 0.048101 milliseconds in repetition 89
tcp_ping received 384 bytes back
Round trip time was 0.039555 milliseconds in repetition 90
tcp_ping received 384 bytes back
Round trip time was 0.039794 milliseconds in repetition 91
tcp_ping received 384 bytes back
Round trip time was 0.039915 milliseconds in repetition 92
tcp_ping received 384 bytes back
Round trip time was 0.039384 milliseconds in repetition 93
tcp_ping received 384 bytes back
Round trip time was 0.040135 milliseconds in repetition 94
tcp_ping received 384 bytes back
Round trip time was 0.037972 milliseconds in repetition 95
tcp_ping received 384 bytes back
Round trip time was 0.038081 milliseconds in repetition 96
tcp_ping received 384 bytes back
Round trip time was 0.03683 milliseconds in repetition 97
tcp_ping received 384 bytes back
Round trip time was 0.036137 milliseconds in repetition 98
tcp_ping received 384 bytes back
Round trip time was 0.036348 milliseconds in repetition 99
tcp_ping received 384 bytes back
Round trip time was 0.039514 milliseconds in repetition 100
tcp_ping received 384 bytes back
Round trip time was 0.040506 milliseconds in repetition 101
tcp_ping received 384 bytes back
Round trip time was 0.038332 milliseconds in repetition 102
tcp_ping received 384 bytes back
Round trip time was 0.035898 milliseconds in repetition 103
tcp_ping received 384 bytes back
Round trip time was 0.037139 milliseconds in repetition 104
tcp_ping received 384 bytes back
Round trip time was 0.036899 milliseconds in repetition 105
tcp_ping received 384 bytes back
Round trip time was 0.083616 milliseconds in repetition 106
tcp_ping received 384 bytes back
Round trip time was 0.039083 milliseconds in repetition 107
tcp_ping received 384 bytes back
Round trip time was 0.039383 milliseconds in repetition 108
tcp_ping received 384 bytes back
Round trip time was 0.040496 milliseconds in repetition 109
tcp_ping received 384 bytes back
Round trip time was 0.040797 milliseconds in repetition 110
tcp_ping received 384 bytes back
Round trip time was 0.04296 milliseconds in repetition 111
tcp_ping received 384 bytes back
Round trip time was 0.043651 milliseconds in repetition 112
tcp_ping received 384 bytes back
Round trip time was 0.040927 milliseconds in repetition 113
tcp_ping received 384 bytes back
Round trip time was 0.041609 milliseconds in repetition 114
tcp_ping received 384 bytes back
Round trip time was 0.039094 milliseconds in repetition 115
tcp_ping received 384 bytes back
Round trip time was 0.040816 milliseconds in repetition 116
tcp_ping received 384 bytes back
Round trip time was 0.041958 milliseconds in repetition 117
tcp_ping received 384 bytes back
Round trip time was 0.038482 milliseconds in repetition 118
tcp_ping received 384 bytes back
Round trip time was 0.041107 milliseconds in repetition 119
tcp_ping received 384 bytes back
Round trip time was 0.038142 milliseconds in repetition 120
tcp_ping received 384 bytes back
Round trip time was 0.036007 milliseconds in repetition 121
tcp_ping received 384 bytes back
Round trip time was 0.033513 milliseconds in repetition 122
tcp_ping received 384 bytes back
Round trip time was 0.033142 milliseconds in repetition 123
tcp_ping received 384 bytes back
Round trip time was 0.033052 milliseconds in repetition 124
tcp_ping received 384 bytes back
Round trip time was 0.033423 milliseconds in repetition 125
tcp_ping received 384 bytes back
Round trip time was 0.033974 milliseconds in repetition 126
tcp_ping received 384 bytes back
Round trip time was 0.077745 milliseconds in repetition 127
tcp_ping received 384 bytes back
Round trip time was 0.035396 milliseconds in repetition 128
tcp_ping received 384 bytes back
Round trip time was 0.034083 milliseconds in repetition 129
tcp_ping received 384 bytes back
Round trip time was 0.033713 milliseconds in repetition 130
tcp_ping received 384 bytes back
Round trip time was 0.032943 milliseconds in repetition 131
tcp_ping received 384 bytes back
Round trip time was 0.034274 milliseconds in repetition 132
tcp_ping received 384 bytes back
Round trip time was 2.19254 milliseconds in repetition 133
tcp_ping received 384 bytes back
Round trip time was 0.05896 milliseconds in repetition 134
tcp_ping received 384 bytes back
Round trip time was 0.035967 milliseconds in repetition 135
tcp_ping received 384 bytes back
Round trip time was 0.033974 milliseconds in repetition 136
tcp_ping received 384 bytes back
Round trip time was 0.033703 milliseconds in repetition 137
tcp_ping received 384 bytes back
Round trip time was 0.034034 milliseconds in repetition 138
tcp_ping received 384 bytes back
Round trip time was 0.034464 milliseconds in repetition 139
tcp_ping received 384 bytes back
Round trip time was 0.034155 milliseconds in repetition 140
tcp_ping received 384 bytes back
Round trip time was 0.033663 milliseconds in repetition 141
tcp_ping received 384 bytes back
Round trip time was 0.034104 milliseconds in repetition 142
tcp_ping received 384 bytes back
Round trip time was 0.035636 milliseconds in repetition 143
tcp_ping received 384 bytes back
Round trip time was 5.60816 milliseconds in repetition 144
tcp_ping received 384 bytes back
Round trip time was 0.180097 milliseconds in repetition 145
tcp_ping received 384 bytes back
Round trip time was 0.220604 milliseconds in repetition 146
tcp_ping received 384 bytes back
Round trip time was 0.070813 milliseconds in repetition 147
tcp_ping received 384 bytes back
Round trip time was 0.029906 milliseconds in repetition 148
tcp_ping received 384 bytes back
Round trip time was 0.028985 milliseconds in repetition 149
tcp_ping received 384 bytes back
Round trip time was 0.028715 milliseconds in repetition 150
tcp_ping received 384 bytes back
Round trip time was 0.032191 milliseconds in repetition 151
tcp_ping received 384 bytes back
Round trip time was 0.166392 milliseconds in repetition 152
tcp_ping received 384 bytes back
Round trip time was 0.040376 milliseconds in repetition 153
tcp_ping received 384 bytes back
Round trip time was 0.038573 milliseconds in repetition 154
tcp_ping received 384 bytes back
Round trip time was 0.03723 milliseconds in repetition 155
tcp_ping received 384 bytes back
Round trip time was 0.035847 milliseconds in repetition 156
tcp_ping received 384 bytes back
Round trip time was 0.036949 milliseconds in repetition 157
tcp_ping received 384 bytes back
Round trip time was 0.035657 milliseconds in repetition 158
tcp_ping received 384 bytes back
Round trip time was 0.040415 milliseconds in repetition 159
tcp_ping received 384 bytes back
Round trip time was 0.045085 milliseconds in repetition 160
tcp_ping received 384 bytes back
Round trip time was 0.148819 milliseconds in repetition 161
tcp_ping received 384 bytes back
Round trip time was 0.067126 milliseconds in repetition 162
tcp_ping received 384 bytes back
Round trip time was 0.04787 milliseconds in repetition 163
tcp_ping received 384 bytes back
Round trip time was 0.060123 milliseconds in repetition 164
tcp_ping received 384 bytes back
Round trip time was 0.083566 milliseconds in repetition 165
tcp_ping received 384 bytes back
Round trip time was 0.184747 milliseconds in repetition 166
tcp_ping received 384 bytes back
Round trip time was 0.632701 milliseconds in repetition 167
tcp_ping received 384 bytes back
Round trip time was 0.32552 milliseconds in repetition 168
tcp_ping received 384 bytes back
Round trip time was 0.033503 milliseconds in repetition 169
tcp_ping received 384 bytes back
Round trip time was 0.03225 milliseconds in repetition 170
tcp_ping received 384 bytes back
Round trip time was 0.033242 milliseconds in repetition 171
tcp_ping received 384 bytes back
Round trip time was 0.067858 milliseconds in repetition 172
tcp_ping received 384 bytes back
Round trip time was 0.045947 milliseconds in repetition 173
tcp_ping received 384 bytes back
Round trip time was 0.417112 milliseconds in repetition 174
tcp_ping received 384 bytes back
Round trip time was 0.042479 milliseconds in repetition 175
tcp_ping received 384 bytes back
Round trip time was 0.041006 milliseconds in repetition 176
tcp_ping received 384 bytes back
Round trip time was 0.045715 milliseconds in repetition 177
tcp_ping received 384 bytes back
Round trip time was 0.040566 milliseconds in repetition 178
tcp_ping received 384 bytes back
Round trip time was 0.040565 milliseconds in repetition 179
tcp_ping received 384 bytes back
Round trip time was 0.040766 milliseconds in repetition 180
tcp_ping received 384 bytes back
Round trip time was 0.040596 milliseconds in repetition 181
tcp_ping received 384 bytes back
Round trip time was 0.029625 milliseconds in repetition 182
tcp_ping received 384 bytes back
Round trip time was 0.028663 milliseconds in repetition 183
tcp_ping received 384 bytes back
Round trip time was 0.109145 milliseconds in repetition 184
tcp_ping received 384 bytes back
Round trip time was 0.029064 milliseconds in repetition 185
tcp_ping received 384 bytes back
Round trip time was 0.028814 milliseconds in repetition 186
tcp_ping received 384 bytes back
Round trip time was 0.028634 milliseconds in repetition 187
tcp_ping received 384 bytes back
Round trip time was 0.028623 milliseconds in repetition 188
tcp_ping received 384 bytes back
Round trip time was 0.028663 milliseconds in repetition 189
tcp_ping received 384 bytes back
Round trip time was 0.028694 milliseconds in repetition 190
tcp_ping received 384 bytes back
Round trip time was 0.028733 milliseconds in repetition 191
tcp_ping received 384 bytes back
Round trip time was 0.028673 milliseconds in repetition 192
tcp_ping received 384 bytes back
Round trip time was 0.028643 milliseconds in repetition 193
tcp_ping received 384 bytes back
Round trip time was 0.028654 milliseconds in repetition 194
tcp_ping received 384 bytes back
Round trip time was 0.028524 milliseconds in repetition 195
tcp_ping received 384 bytes back
Round trip time was 0.028645 milliseconds in repetition 196
tcp_ping received 384 bytes back
Round trip time was 0.028654 milliseconds in repetition 197
tcp_ping received 384 bytes back
Round trip time was 0.028843 milliseconds in repetition 198
tcp_ping received 384 bytes back
Round trip time was 0.028543 milliseconds in repetition 199
tcp_ping received 384 bytes back
Round trip time was 0.245761 milliseconds in repetition 200
tcp_ping received 384 bytes back
Round trip time was 0.030267 milliseconds in repetition 201
tcp_ping received 384 bytes back
Round trip time was 0.028833 milliseconds in repetition 202
tcp_ping received 384 bytes back
Round trip time was 0.028805 milliseconds in repetition 203
tcp_ping received 384 bytes back
Round trip time was 0.067767 milliseconds in repetition 204
tcp_ping received 384 bytes back
Round trip time was 0.030757 milliseconds in repetition 205
tcp_ping received 384 bytes back
Round trip time was 0.029476 milliseconds in repetition 206
tcp_ping received 384 bytes back
Round trip time was 0.028673 milliseconds in repetition 207
tcp_ping received 384 bytes back
Round trip time was 0.028704 milliseconds in repetition 208
tcp_ping received 384 bytes back
Round trip time was 0.028503 milliseconds in repetition 209
tcp_ping received 384 bytes back
Round trip time was 0.028543 milliseconds in repetition 210
tcp_ping received 384 bytes back
Round trip time was 0.028583 milliseconds in repetition 211
tcp_ping received 384 bytes back
Round trip time was 0.028523 milliseconds in repetition 212
tcp_ping received 384 bytes back
Round trip time was 0.028715 milliseconds in repetition 213
tcp_ping received 384 bytes back
Round trip time was 0.028614 milliseconds in repetition 214
tcp_ping received 384 bytes back
Round trip time was 0.028563 milliseconds in repetition 215
tcp_ping received 384 bytes back
Round trip time was 0.028573 milliseconds in repetition 216
tcp_ping received 384 bytes back
Round trip time was 0.028523 milliseconds in repetition 217
tcp_ping received 384 bytes back
Round trip time was 0.028855 milliseconds in repetition 218
tcp_ping received 384 bytes back
Round trip time was 0.028734 milliseconds in repetition 219
tcp_ping received 384 bytes back
Round trip time was 0.028663 milliseconds in repetition 220
tcp_ping received 384 bytes back
Round trip time was 0.031719 milliseconds in repetition 221
tcp_ping received 384 bytes back
Round trip time was 0.028624 milliseconds in repetition 222
tcp_ping received 384 bytes back
Round trip time was 0.028534 milliseconds in repetition 223
tcp_ping received 384 bytes back
Round trip time was 0.028643 milliseconds in repetition 224
tcp_ping received 384 bytes back
Round trip time was 0.028703 milliseconds in repetition 225
tcp_ping received 384 bytes back
Round trip time was 0.028654 milliseconds in repetition 226
tcp_ping received 384 bytes back
Round trip time was 0.028713 milliseconds in repetition 227
tcp_ping received 384 bytes back
Round trip time was 0.028633 milliseconds in repetition 228
tcp_ping received 384 bytes back
Round trip time was 0.028784 milliseconds in repetition 229
tcp_ping received 384 bytes back
Round trip time was 0.028685 milliseconds in repetition 230
tcp_ping received 384 bytes back
Round trip time was 0.10676 milliseconds in repetition 231
tcp_ping received 384 bytes back
Round trip time was 0.030426 milliseconds in repetition 232
tcp_ping received 384 bytes back
Round trip time was 0.028604 milliseconds in repetition 233
tcp_ping received 384 bytes back
Round trip time was 0.029185 milliseconds in repetition 234
tcp_ping received 384 bytes back
Round trip time was 0.028623 milliseconds in repetition 235
tcp_ping received 384 bytes back
Round trip time was 0.028583 milliseconds in repetition 236
tcp_ping received 384 bytes back
Round trip time was 0.028583 milliseconds in repetition 237
tcp_ping received 384 bytes back
Round trip time was 0.028574 milliseconds in repetition 238
tcp_ping received 384 bytes back
Round trip time was 0.028604 milliseconds in repetition 239
tcp_ping received 384 bytes back
Round trip time was 0.028483 milliseconds in repetition 240
tcp_ping received 384 bytes back
Round trip time was 0.028653 milliseconds in repetition 241
tcp_ping received 384 bytes back
Round trip time was 0.028665 milliseconds in repetition 242
tcp_ping received 384 bytes back
Round trip time was 0.028653 milliseconds in repetition 243
tcp_ping received 384 bytes back
Round trip time was 0.028623 milliseconds in repetition 244
tcp_ping received 384 bytes back
Round trip time was 0.028634 milliseconds in repetition 245
tcp_ping received 384 bytes back
Round trip time was 0.028655 milliseconds in repetition 246
tcp_ping received 384 bytes back
Round trip time was 0.028763 milliseconds in repetition 247
tcp_ping received 384 bytes back
Round trip time was 0.028694 milliseconds in repetition 248
tcp_ping received 384 bytes back
Round trip time was 0.028603 milliseconds in repetition 249
tcp_ping received 384 bytes back
Round trip time was 0.028643 milliseconds in repetition 250
tcp_ping received 384 bytes back
Round trip time was 0.028663 milliseconds in repetition 251
tcp_ping received 384 bytes back
Round trip time was 0.028614 milliseconds in repetition 252
tcp_ping received 384 bytes back
Round trip time was 0.028695 milliseconds in repetition 253
tcp_ping received 384 bytes back
Round trip time was 0.028764 milliseconds in repetition 254
tcp_ping received 384 bytes back
Round trip time was 0.028653 milliseconds in repetition 255
tcp_ping received 384 bytes back
Round trip time was 0.160551 milliseconds in repetition 256
tcp_ping received 384 bytes back
Round trip time was 0.030988 milliseconds in repetition 257
tcp_ping received 384 bytes back
Round trip time was 0.028744 milliseconds in repetition 258
tcp_ping received 384 bytes back
Round trip time was 0.028674 milliseconds in repetition 259
tcp_ping received 384 bytes back
Round trip time was 0.028664 milliseconds in repetition 260
tcp_ping received 384 bytes back
Round trip time was 0.028654 milliseconds in repetition 261
tcp_ping received 384 bytes back
Round trip time was 0.029095 milliseconds in repetition 262
tcp_ping received 384 bytes back
Round trip time was 0.028733 milliseconds in repetition 263
tcp_ping received 384 bytes back
Round trip time was 0.028814 milliseconds in repetition 264
tcp_ping received 384 bytes back
Round trip time was 0.03203 milliseconds in repetition 265
tcp_ping received 384 bytes back
Round trip time was 0.028764 milliseconds in repetition 266
tcp_ping received 384 bytes back
Round trip time was 0.468437 milliseconds in repetition 267
tcp_ping received 384 bytes back
Round trip time was 0.055003 milliseconds in repetition 268
tcp_ping received 384 bytes back
Round trip time was 0.029395 milliseconds in repetition 269
tcp_ping received 384 bytes back
Round trip time was 0.028705 milliseconds in repetition 270
tcp_ping received 384 bytes back
Round trip time was 0.028813 milliseconds in repetition 271
tcp_ping received 384 bytes back
Round trip time was 0.028914 milliseconds in repetition 272
tcp_ping received 384 bytes back
Round trip time was 0.028894 milliseconds in repetition 273
tcp_ping received 384 bytes back
Round trip time was 0.028705 milliseconds in repetition 274
tcp_ping received 384 bytes back
Round trip time was 0.028784 milliseconds in repetition 275
tcp_ping received 384 bytes back
Round trip time was 0.028624 milliseconds in repetition 276
tcp_ping received 384 bytes back
Round trip time was 0.029274 milliseconds in repetition 277
tcp_ping received 384 bytes back
Round trip time was 0.028805 milliseconds in repetition 278
tcp_ping received 384 bytes back
Round trip time was 0.028713 milliseconds in repetition 279
tcp_ping received 384 bytes back
Round trip time was 0.028703 milliseconds in repetition 280
tcp_ping received 384 bytes back
Round trip time was 0.028634 milliseconds in repetition 281
tcp_ping received 384 bytes back
Round trip time was 0.028724 milliseconds in repetition 282
tcp_ping received 384 bytes back
Round trip time was 0.068589 milliseconds in repetition 283
tcp_ping received 384 bytes back
Round trip time was 0.030127 milliseconds in repetition 284
tcp_ping received 384 bytes back
Round trip time was 0.028573 milliseconds in repetition 285
tcp_ping received 384 bytes back
Round trip time was 0.028543 milliseconds in repetition 286
tcp_ping received 384 bytes back
Round trip time was 0.028443 milliseconds in repetition 287
tcp_ping received 384 bytes back
Round trip time was 0.028584 milliseconds in repetition 288
tcp_ping received 384 bytes back
Round trip time was 0.028623 milliseconds in repetition 289
tcp_ping received 384 bytes back
Round trip time was 0.028643 milliseconds in repetition 290
tcp_ping received 384 bytes back
Round trip time was 0.028513 milliseconds in repetition 291
tcp_ping received 384 bytes back
Round trip time was 0.028543 milliseconds in repetition 292
tcp_ping received 384 bytes back
Round trip time was 0.028555 milliseconds in repetition 293
tcp_ping received 384 bytes back
Round trip time was 0.028605 milliseconds in repetition 294
tcp_ping received 384 bytes back
Round trip time was 0.028544 milliseconds in repetition 295
tcp_ping received 384 bytes back
Round trip time was 0.028533 milliseconds in repetition 296
tcp_ping received 384 bytes back
Round trip time was 0.028434 milliseconds in repetition 297
tcp_ping received 384 bytes back
Round trip time was 0.028575 milliseconds in repetition 298
tcp_ping received 384 bytes back
Round trip time was 0.028544 milliseconds in repetition 299
tcp_ping received 384 bytes back
Round trip time was 0.028603 milliseconds in repetition 300
tcp_ping received 384 bytes back
Round trip time was 0.028595 milliseconds in repetition 301
tcp_ping received 384 bytes back
Round trip time was 0.028583 milliseconds in repetition 302
tcp_ping received 384 bytes back
Round trip time was 0.028844 milliseconds in repetition 303
tcp_ping received 384 bytes back
Round trip time was 0.028563 milliseconds in repetition 304
tcp_ping received 384 bytes back
Round trip time was 0.028563 milliseconds in repetition 305
tcp_ping received 384 bytes back
Round trip time was 0.028703 milliseconds in repetition 306
tcp_ping received 384 bytes back
Round trip time was 0.028885 milliseconds in repetition 307
tcp_ping received 384 bytes back
Round trip time was 0.028643 milliseconds in repetition 308
tcp_ping received 384 bytes back
Round trip time was 0.107051 milliseconds in repetition 309
tcp_ping received 384 bytes back
Round trip time was 0.037501 milliseconds in repetition 310
tcp_ping received 384 bytes back
Round trip time was 0.028834 milliseconds in repetition 311
tcp_ping received 384 bytes back
Round trip time was 0.028674 milliseconds in repetition 312
tcp_ping received 384 bytes back
Round trip time was 0.028553 milliseconds in repetition 313
tcp_ping received 384 bytes back
Round trip time was 0.028553 milliseconds in repetition 314
tcp_ping received 384 bytes back
Round trip time was 0.028684 milliseconds in repetition 315
tcp_ping received 384 bytes back
Round trip time was 0.028673 milliseconds in repetition 316
tcp_ping received 384 bytes back
Round trip time was 0.028874 milliseconds in repetition 317
tcp_ping received 384 bytes back
Round trip time was 0.028564 milliseconds in repetition 318
tcp_ping received 384 bytes back
Round trip time was 0.028563 milliseconds in repetition 319
tcp_ping received 384 bytes back
Round trip time was 0.028503 milliseconds in repetition 320
tcp_ping received 384 bytes back
Round trip time was 0.028804 milliseconds in repetition 321
tcp_ping received 384 bytes back
Round trip time was 0.028654 milliseconds in repetition 322
tcp_ping received 384 bytes back
Round trip time was 0.028713 milliseconds in repetition 323
tcp_ping received 384 bytes back
Round trip time was 0.028633 milliseconds in repetition 324
tcp_ping received 384 bytes back
Round trip time was 0.028533 milliseconds in repetition 325
tcp_ping received 384 bytes back
Round trip time was 0.028623 milliseconds in repetition 326
tcp_ping received 384 bytes back
Round trip time was 0.028603 milliseconds in repetition 327
tcp_ping received 384 bytes back
Round trip time was 0.028674 milliseconds in repetition 328
tcp_ping received 384 bytes back
Round trip time was 0.028645 milliseconds in repetition 329
tcp_ping received 384 bytes back
Round trip time was 0.028614 milliseconds in repetition 330
tcp_ping received 384 bytes back
Round trip time was 0.028554 milliseconds in repetition 331
tcp_ping received 384 bytes back
Round trip time was 0.028514 milliseconds in repetition 332
tcp_ping received 384 bytes back
Round trip time was 0.028554 milliseconds in repetition 333
tcp_ping received 384 bytes back
Round trip time was 0.028624 milliseconds in repetition 334
tcp_ping received 384 bytes back
Round trip time was 0.029094 milliseconds in repetition 335
tcp_ping received 384 bytes back
Round trip time was 0.028533 milliseconds in repetition 336
tcp_ping received 384 bytes back
Round trip time was 0.058019 milliseconds in repetition 337
tcp_ping received 384 bytes back
Round trip time was 0.029476 milliseconds in repetition 338
tcp_ping received 384 bytes back
Round trip time was 0.028663 milliseconds in repetition 339
tcp_ping received 384 bytes back
Round trip time was 0.031239 milliseconds in repetition 340
tcp_ping received 384 bytes back
Round trip time was 0.031069 milliseconds in repetition 341
tcp_ping received 384 bytes back
Round trip time was 0.031007 milliseconds in repetition 342
tcp_ping received 384 bytes back
Round trip time was 0.032181 milliseconds in repetition 343
tcp_ping received 384 bytes back
Round trip time was 0.031139 milliseconds in repetition 344
tcp_ping received 384 bytes back
Round trip time was 0.031089 milliseconds in repetition 345
tcp_ping received 384 bytes back
Round trip time was 0.030957 milliseconds in repetition 346
tcp_ping received 384 bytes back
Round trip time was 0.030938 milliseconds in repetition 347
tcp_ping received 384 bytes back
Round trip time was 0.031059 milliseconds in repetition 348
tcp_ping received 384 bytes back
Round trip time was 0.030957 milliseconds in repetition 349
tcp_ping received 384 bytes back
Round trip time was 0.031079 milliseconds in repetition 350
tcp_ping received 384 bytes back
Round trip time was 0.030968 milliseconds in repetition 351
tcp_ping received 384 bytes back
Round trip time was 0.031008 milliseconds in repetition 352
tcp_ping received 384 bytes back
Round trip time was 0.039494 milliseconds in repetition 353
tcp_ping received 384 bytes back
Round trip time was 0.029375 milliseconds in repetition 354
tcp_ping received 384 bytes back
Round trip time was 0.031019 milliseconds in repetition 355
tcp_ping received 384 bytes back
Round trip time was 0.030937 milliseconds in repetition 356
tcp_ping received 384 bytes back
Round trip time was 0.030859 milliseconds in repetition 357
tcp_ping received 384 bytes back
Round trip time was 0.031049 milliseconds in repetition 358
tcp_ping received 384 bytes back
Round trip time was 0.031019 milliseconds in repetition 359
tcp_ping received 384 bytes back
Round trip time was 0.10696 milliseconds in repetition 360
tcp_ping received 384 bytes back
Round trip time was 0.03762 milliseconds in repetition 361
tcp_ping received 384 bytes back
Round trip time was 0.031359 milliseconds in repetition 362
tcp_ping received 384 bytes back
Round trip time was 0.031119 milliseconds in repetition 363
tcp_ping received 384 bytes back
Round trip time was 0.030857 milliseconds in repetition 364
tcp_ping received 384 bytes back
Round trip time was 0.030859 milliseconds in repetition 365
tcp_ping received 384 bytes back
Round trip time was 0.031049 milliseconds in repetition 366
tcp_ping received 384 bytes back
Round trip time was 0.030967 milliseconds in repetition 367
tcp_ping received 384 bytes back
Round trip time was 0.031027 milliseconds in repetition 368
tcp_ping received 384 bytes back
Round trip time was 0.030909 milliseconds in repetition 369
tcp_ping received 384 bytes back
Round trip time was 0.030987 milliseconds in repetition 370
tcp_ping received 384 bytes back
Round trip time was 0.030869 milliseconds in repetition 371
tcp_ping received 384 bytes back
Round trip time was 0.031119 milliseconds in repetition 372
tcp_ping received 384 bytes back
Round trip time was 0.031039 milliseconds in repetition 373
tcp_ping received 384 bytes back
Round trip time was 0.031109 milliseconds in repetition 374
tcp_ping received 384 bytes back
Round trip time was 0.030969 milliseconds in repetition 375
tcp_ping received 384 bytes back
Round trip time was 0.030887 milliseconds in repetition 376
tcp_ping received 384 bytes back
Round trip time was 0.031079 milliseconds in repetition 377
tcp_ping received 384 bytes back
Round trip time was 0.031169 milliseconds in repetition 378
tcp_ping received 384 bytes back
Round trip time was 0.030967 milliseconds in repetition 379
tcp_ping received 384 bytes back
Round trip time was 0.031068 milliseconds in repetition 380
tcp_ping received 384 bytes back
Round trip time was 0.030948 milliseconds in repetition 381
tcp_ping received 384 bytes back
Round trip time was 0.031078 milliseconds in repetition 382
tcp_ping received 384 bytes back
Round trip time was 0.030969 milliseconds in repetition 383
tcp_ping received 384 bytes back
Round trip time was 0.031129 milliseconds in repetition 384
tcp_ping received 384 bytes back
Round trip time was 0.030937 milliseconds in repetition 385
tcp_ping received 384 bytes back
Round trip time was 0.059652 milliseconds in repetition 386
tcp_ping received 384 bytes back
Round trip time was 0.032191 milliseconds in repetition 387
tcp_ping received 384 bytes back
Round trip time was 0.031027 milliseconds in repetition 388
tcp_ping received 384 bytes back
Round trip time was 0.031139 milliseconds in repetition 389
tcp_ping received 384 bytes back
Round trip time was 0.030817 milliseconds in repetition 390
tcp_ping received 384 bytes back
Round trip time was 0.030978 milliseconds in repetition 391
tcp_ping received 384 bytes back
Round trip time was 0.031028 milliseconds in repetition 392
tcp_ping received 384 bytes back
Round trip time was 0.031039 milliseconds in repetition 393
tcp_ping received 384 bytes back
Round trip time was 0.030997 milliseconds in repetition 394
tcp_ping received 384 bytes back
Round trip time was 0.031059 milliseconds in repetition 395
tcp_ping received 384 bytes back
Round trip time was 0.030917 milliseconds in repetition 396
tcp_ping received 384 bytes back
Round trip time was 0.034585 milliseconds in repetition 397
tcp_ping received 384 bytes back
Round trip time was 0.031028 milliseconds in repetition 398
tcp_ping received 384 bytes back
Round trip time was 0.030999 milliseconds in repetition 399
tcp_ping received 384 bytes back
Round trip time was 0.030847 milliseconds in repetition 400
tcp_ping received 384 bytes back
Round trip time was 0.030887 milliseconds in repetition 401
tcp_ping received 384 bytes back
Round trip time was 0.031059 milliseconds in repetition 402
tcp_ping received 384 bytes back
Round trip time was 0.031089 milliseconds in repetition 403
tcp_ping received 384 bytes back
Round trip time was 0.031047 milliseconds in repetition 404
tcp_ping received 384 bytes back
Round trip time was 0.030947 milliseconds in repetition 405
tcp_ping received 384 bytes back
Round trip time was 0.030889 milliseconds in repetition 406
tcp_ping received 384 bytes back
Round trip time was 0.030919 milliseconds in repetition 407
tcp_ping received 384 bytes back
Round trip time was 0.031038 milliseconds in repetition 408
tcp_ping received 384 bytes back
Round trip time was 0.031119 milliseconds in repetition 409
tcp_ping received 384 bytes back
Round trip time was 0.030978 milliseconds in repetition 410
tcp_ping received 384 bytes back
Round trip time was 0.031079 milliseconds in repetition 411
tcp_ping received 384 bytes back
Round trip time was 0.060563 milliseconds in repetition 412
tcp_ping received 384 bytes back
Round trip time was 0.031949 milliseconds in repetition 413
tcp_ping received 384 bytes back
Round trip time was 0.031129 milliseconds in repetition 414
tcp_ping received 384 bytes back
Round trip time was 0.030997 milliseconds in repetition 415
tcp_ping received 384 bytes back
Round trip time was 0.031519 milliseconds in repetition 416
tcp_ping received 384 bytes back
Round trip time was 0.030967 milliseconds in repetition 417
tcp_ping received 384 bytes back
Round trip time was 0.031109 milliseconds in repetition 418
tcp_ping received 384 bytes back
Round trip time was 0.031179 milliseconds in repetition 419
tcp_ping received 384 bytes back
Round trip time was 0.031038 milliseconds in repetition 420
tcp_ping received 384 bytes back
Round trip time was 0.031149 milliseconds in repetition 421
tcp_ping received 384 bytes back
Round trip time was 0.031059 milliseconds in repetition 422
tcp_ping received 384 bytes back
Round trip time was 0.031218 milliseconds in repetition 423
tcp_ping received 384 bytes back
Round trip time was 0.031118 milliseconds in repetition 424
tcp_ping received 384 bytes back
Round trip time was 0.030947 milliseconds in repetition 425
tcp_ping received 384 bytes back
Round trip time was 0.030929 milliseconds in repetition 426
tcp_ping received 384 bytes back
Round trip time was 0.030947 milliseconds in repetition 427
tcp_ping received 384 bytes back
Round trip time was 0.030999 milliseconds in repetition 428
tcp_ping received 384 bytes back
Round trip time was 0.031108 milliseconds in repetition 429
tcp_ping received 384 bytes back
Round trip time was 0.031068 milliseconds in repetition 430
tcp_ping received 384 bytes back
Round trip time was 0.030959 milliseconds in repetition 431
tcp_ping received 384 bytes back
Round trip time was 0.031048 milliseconds in repetition 432
tcp_ping received 384 bytes back
Round trip time was 0.030909 milliseconds in repetition 433
tcp_ping received 384 bytes back
Round trip time was 0.031087 milliseconds in repetition 434
tcp_ping received 384 bytes back
Round trip time was 0.031059 milliseconds in repetition 435
tcp_ping received 384 bytes back
Round trip time was 0.030937 milliseconds in repetition 436
tcp_ping received 384 bytes back
Round trip time was 0.030839 milliseconds in repetition 437
tcp_ping received 384 bytes back
Round trip time was 0.030958 milliseconds in repetition 438
tcp_ping received 384 bytes back
Round trip time was 0.102373 milliseconds in repetition 439
tcp_ping received 384 bytes back
Round trip time was 0.032521 milliseconds in repetition 440
tcp_ping received 384 bytes back
Round trip time was 0.033893 milliseconds in repetition 441
tcp_ping received 384 bytes back
Round trip time was 0.031059 milliseconds in repetition 442
tcp_ping received 384 bytes back
Round trip time was 0.031558 milliseconds in repetition 443
tcp_ping received 384 bytes back
Round trip time was 0.030999 milliseconds in repetition 444
tcp_ping received 384 bytes back
Round trip time was 0.030917 milliseconds in repetition 445
tcp_ping received 384 bytes back
Round trip time was 0.030959 milliseconds in repetition 446
tcp_ping received 384 bytes back
Round trip time was 0.030877 milliseconds in repetition 447
tcp_ping received 384 bytes back
Round trip time was 0.030959 milliseconds in repetition 448
tcp_ping received 384 bytes back
Round trip time was 0.030957 milliseconds in repetition 449
tcp_ping received 384 bytes back
Round trip time was 0.030969 milliseconds in repetition 450
tcp_ping received 384 bytes back
Round trip time was 0.030988 milliseconds in repetition 451
tcp_ping received 384 bytes back
Round trip time was 0.030887 milliseconds in repetition 452
tcp_ping received 384 bytes back
Round trip time was 0.030929 milliseconds in repetition 453
tcp_ping received 384 bytes back
Round trip time was 0.031027 milliseconds in repetition 454
tcp_ping received 384 bytes back
Round trip time was 0.031149 milliseconds in repetition 455
tcp_ping received 384 bytes back
Round trip time was 0.030947 milliseconds in repetition 456
tcp_ping received 384 bytes back
Round trip time was 0.031068 milliseconds in repetition 457
tcp_ping received 384 bytes back
Round trip time was 0.031097 milliseconds in repetition 458
tcp_ping received 384 bytes back
Round trip time was 0.030979 milliseconds in repetition 459
tcp_ping received 384 bytes back
Round trip time was 0.030907 milliseconds in repetition 460
tcp_ping received 384 bytes back
Round trip time was 0.030868 milliseconds in repetition 461
tcp_ping received 384 bytes back
Round trip time was 0.030879 milliseconds in repetition 462
tcp_ping received 384 bytes back
Round trip time was 0.030887 milliseconds in repetition 463
tcp_ping received 384 bytes back
Round trip time was 0.091623 milliseconds in repetition 464
tcp_ping received 384 bytes back
Round trip time was 0.033653 milliseconds in repetition 465
tcp_ping received 384 bytes back
Round trip time was 0.031099 milliseconds in repetition 466
tcp_ping received 384 bytes back
Round trip time was 0.031017 milliseconds in repetition 467
tcp_ping received 384 bytes back
Round trip time was 0.030939 milliseconds in repetition 468
tcp_ping received 384 bytes back
Round trip time was 0.031037 milliseconds in repetition 469
tcp_ping received 384 bytes back
Round trip time was 0.031087 milliseconds in repetition 470
tcp_ping received 384 bytes back
Round trip time was 0.031368 milliseconds in repetition 471
tcp_ping received 384 bytes back
Round trip time was 0.030959 milliseconds in repetition 472
tcp_ping received 384 bytes back
Round trip time was 0.030967 milliseconds in repetition 473
tcp_ping received 384 bytes back
Round trip time was 0.031108 milliseconds in repetition 474
tcp_ping received 384 bytes back
Round trip time was 0.031057 milliseconds in repetition 475
tcp_ping received 384 bytes back
Round trip time was 0.031009 milliseconds in repetition 476
tcp_ping received 384 bytes back
Round trip time was 0.030979 milliseconds in repetition 477
tcp_ping received 384 bytes back
Round trip time was 0.030967 milliseconds in repetition 478
tcp_ping received 384 bytes back
Round trip time was 0.031059 milliseconds in repetition 479
tcp_ping received 384 bytes back
Round trip time was 0.031029 milliseconds in repetition 480
tcp_ping received 384 bytes back
Round trip time was 0.030998 milliseconds in repetition 481
tcp_ping received 384 bytes back
Round trip time was 0.030947 milliseconds in repetition 482
tcp_ping received 384 bytes back
Round trip time was 0.030878 milliseconds in repetition 483
tcp_ping received 384 bytes back
Round trip time was 0.031049 milliseconds in repetition 484
tcp_ping received 384 bytes back
Round trip time was 0.033913 milliseconds in repetition 485
tcp_ping received 384 bytes back
Round trip time was 0.031389 milliseconds in repetition 486
tcp_ping received 384 bytes back
Round trip time was 0.031098 milliseconds in repetition 487
tcp_ping received 384 bytes back
Round trip time was 0.030899 milliseconds in repetition 488
tcp_ping received 384 bytes back
Round trip time was 0.044352 milliseconds in repetition 489
tcp_ping received 384 bytes back
Round trip time was 0.032791 milliseconds in repetition 490
tcp_ping received 384 bytes back
Round trip time was 0.031017 milliseconds in repetition 491
tcp_ping received 384 bytes back
Round trip time was 0.031009 milliseconds in repetition 492
tcp_ping received 384 bytes back
Round trip time was 0.030868 milliseconds in repetition 493
tcp_ping received 384 bytes back
Round trip time was 0.030947 milliseconds in repetition 494
tcp_ping received 384 bytes back
Round trip time was 0.030979 milliseconds in repetition 495
tcp_ping received 384 bytes back
Round trip time was 0.030958 milliseconds in repetition 496
tcp_ping received 384 bytes back
Round trip time was 0.031308 milliseconds in repetition 497
tcp_ping received 384 bytes back
Round trip time was 0.030969 milliseconds in repetition 498
tcp_ping received 384 bytes back
Round trip time was 0.030929 milliseconds in repetition 499
tcp_ping received 384 bytes back
Round trip time was 0.031089 milliseconds in repetition 500
tcp_ping received 384 bytes back
Round trip time was 0.541164 milliseconds in repetition 501

 ... clock resolution was 1e-06
TCP Ping:  Statistics over 501 repetitions of 384 byte messages

RTT : percentile 10: 0.028604, median: 0.030937, percentile 90: 0.04296, average: 0.065106, variance: 0.115711

RTT histogram:
0.0282925 489
0.307286 6
0.586279 3
0.865273 0
1.14427 0
1.42326 0
1.70225 0
1.98125 0
2.26024 1
2.53923 0
2.81823 0
3.09722 0
3.37621 0
3.65521 0
3.9342 0
4.21319 0
4.49219 0
4.77118 1
5.05017 0
5.32917 0
5.60816 1

   median Throughput : 24824.6 KB/s   overall Throughput : 11796.2 KB/s

