TCP Ping trying to connect to server localhost (127.0.0.1) on port 1491
 ... connected to Pong server: asking for 501 repetitions of 12288 bytes TCP messages
 ... Pong server agreed :-)
tcp_ping received 12288 bytes back
Round trip time was 0.292128 milliseconds in repetition 1
tcp_ping received 12288 bytes back
Round trip time was 0.278111 milliseconds in repetition 2
tcp_ping received 12288 bytes back
Round trip time was 0.277831 milliseconds in repetition 3
tcp_ping received 12288 bytes back
Round trip time was 0.340469 milliseconds in repetition 4
tcp_ping received 12288 bytes back
Round trip time was 0.279264 milliseconds in repetition 5
tcp_ping received 12288 bytes back
Round trip time was 0.276999 milliseconds in repetition 6
tcp_ping received 12288 bytes back
Round trip time was 0.337342 milliseconds in repetition 7
tcp_ping received 12288 bytes back
Round trip time was 0.280054 milliseconds in repetition 8
tcp_ping received 12288 bytes back
Round trip time was 0.277952 milliseconds in repetition 9
tcp_ping received 12288 bytes back
Round trip time was 0.32027 milliseconds in repetition 10
tcp_ping received 12288 bytes back
Round trip time was 0.279304 milliseconds in repetition 11
tcp_ping received 12288 bytes back
Round trip time was 0.277269 milliseconds in repetition 12
tcp_ping received 12288 bytes back
Round trip time was 0.308388 milliseconds in repetition 13
tcp_ping received 12288 bytes back
Round trip time was 0.278992 milliseconds in repetition 14
tcp_ping received 12288 bytes back
Round trip time was 0.498213 milliseconds in repetition 15
tcp_ping received 12288 bytes back
Round trip time was 0.321683 milliseconds in repetition 16
tcp_ping received 12288 bytes back
Round trip time was 0.280084 milliseconds in repetition 17
tcp_ping received 12288 bytes back
Round trip time was 0.278191 milliseconds in repetition 18
tcp_ping received 12288 bytes back
Round trip time was 0.371937 milliseconds in repetition 19
tcp_ping received 12288 bytes back
Round trip time was 0.282189 milliseconds in repetition 20
tcp_ping received 12288 bytes back
Round trip time was 0.278321 milliseconds in repetition 21
tcp_ping received 12288 bytes back
Round trip time was 0.321602 milliseconds in repetition 22
tcp_ping received 12288 bytes back
Round trip time was 0.280977 milliseconds in repetition 23
tcp_ping received 12288 bytes back
Round trip time was 0.276018 milliseconds in repetition 24
tcp_ping received 12288 bytes back
Round trip time was 0.274856 milliseconds in repetition 25
tcp_ping received 12288 bytes back
Round trip time was 0.320991 milliseconds in repetition 26
tcp_ping received 12288 bytes back
Round trip time was 0.278653 milliseconds in repetition 27
tcp_ping received 12288 bytes back
Round trip time was 0.27686 milliseconds in repetition 28
tcp_ping received 12288 bytes back
Round trip time was 0.375003 milliseconds in repetition 29
tcp_ping received 12288 bytes back
Round trip time was 0.280565 milliseconds in repetition 30
tcp_ping received 12288 bytes back
Round trip time was 0.274014 milliseconds in repetition 31
tcp_ping received 12288 bytes back
Round trip time was 0.417954 milliseconds in repetition 32
tcp_ping received 12288 bytes back
Round trip time was 0.292628 milliseconds in repetition 33
tcp_ping received 12288 bytes back
Round trip time was 0.275476 milliseconds in repetition 34
tcp_ping received 12288 bytes back
Round trip time was 0.389901 milliseconds in repetition 35
tcp_ping received 12288 bytes back
Round trip time was 0.311053 milliseconds in repetition 36
tcp_ping received 12288 bytes back
Round trip time was 0.307437 milliseconds in repetition 37
tcp_ping received 12288 bytes back
Round trip time was 0.374672 milliseconds in repetition 38
tcp_ping received 12288 bytes back
Round trip time was 0.310471 milliseconds in repetition 39
tcp_ping received 12288 bytes back
Round trip time was 0.312065 milliseconds in repetition 40
tcp_ping received 12288 bytes back
Round trip time was 0.409067 milliseconds in repetition 41
tcp_ping received 12288 bytes back
Round trip time was 0.314218 milliseconds in repetition 42
tcp_ping received 12288 bytes back
Round trip time was 0.363441 milliseconds in repetition 43
tcp_ping received 12288 bytes back
Round trip time was 0.313548 milliseconds in repetition 44
tcp_ping received 12288 bytes back
Round trip time was 0.314559 milliseconds in repetition 45
tcp_ping received 12288 bytes back
Round trip time was 0.349635 milliseconds in repetition 46
tcp_ping received 12288 bytes back
Round trip time was 0.308108 milliseconds in repetition 47
tcp_ping received 12288 bytes back
Round trip time was 0.308549 milliseconds in repetition 48
tcp_ping received 12288 bytes back
Round trip time was 0.380222 milliseconds in repetition 49
tcp_ping received 12288 bytes back
Round trip time was 0.314079 milliseconds in repetition 50
tcp_ping received 12288 bytes back
Round trip time was 0.311965 milliseconds in repetition 51
tcp_ping received 12288 bytes back
Round trip time was 0.385703 milliseconds in repetition 52
tcp_ping received 12288 bytes back
Round trip time was 0.316012 milliseconds in repetition 53
tcp_ping received 12288 bytes back
Round trip time was 0.332263 milliseconds in repetition 54
tcp_ping received 12288 bytes back
Round trip time was 0.319981 milliseconds in repetition 55
tcp_ping received 12288 bytes back
Round trip time was 0.313579 milliseconds in repetition 56
tcp_ping received 12288 bytes back
Round trip time was 0.350928 milliseconds in repetition 57
tcp_ping received 12288 bytes back
Round trip time was 0.314139 milliseconds in repetition 58
tcp_ping received 12288 bytes back
Round trip time was 0.310061 milliseconds in repetition 59
tcp_ping received 12288 bytes back
Round trip time was 0.350587 milliseconds in repetition 60
tcp_ping received 12288 bytes back
Round trip time was 0.312747 milliseconds in repetition 61
tcp_ping received 12288 bytes back
Round trip time was 0.312716 milliseconds in repetition 62
tcp_ping received 12288 bytes back
Round trip time was 0.387085 milliseconds in repetition 63
tcp_ping received 12288 bytes back
Round trip time was 0.31524 milliseconds in repetition 64
tcp_ping received 12288 bytes back
Round trip time was 0.313447 milliseconds in repetition 65
tcp_ping received 12288 bytes back
Round trip time was 0.370394 milliseconds in repetition 66
tcp_ping received 12288 bytes back
Round trip time was 0.315842 milliseconds in repetition 67
tcp_ping received 12288 bytes back
Round trip time was 0.311414 milliseconds in repetition 68
tcp_ping received 12288 bytes back
Round trip time was 0.356277 milliseconds in repetition 69
tcp_ping received 12288 bytes back
Round trip time was 0.313217 milliseconds in repetition 70
tcp_ping received 12288 bytes back
Round trip time was 0.311463 milliseconds in repetition 71
tcp_ping received 12288 bytes back
Round trip time was 0.353182 milliseconds in repetition 72
tcp_ping received 12288 bytes back
Round trip time was 0.315762 milliseconds in repetition 73
tcp_ping received 12288 bytes back
Round trip time was 0.313688 milliseconds in repetition 74
tcp_ping received 12288 bytes back
Round trip time was 0.383159 milliseconds in repetition 75
tcp_ping received 12288 bytes back
Round trip time was 0.31511 milliseconds in repetition 76
tcp_ping received 12288 bytes back
Round trip time was 0.311023 milliseconds in repetition 77
tcp_ping received 12288 bytes back
Round trip time was 0.425047 milliseconds in repetition 78
tcp_ping received 12288 bytes back
Round trip time was 0.311904 milliseconds in repetition 79
tcp_ping received 12288 bytes back
Round trip time was 0.365145 milliseconds in repetition 80
tcp_ping received 12288 bytes back
Round trip time was 0.315271 milliseconds in repetition 81
tcp_ping received 12288 bytes back
Round trip time was 0.329578 milliseconds in repetition 82
tcp_ping received 12288 bytes back
Round trip time was 0.38378 milliseconds in repetition 83
tcp_ping received 12288 bytes back
Round trip time was 0.32026 milliseconds in repetition 84
tcp_ping received 12288 bytes back
Round trip time was 0.314651 milliseconds in repetition 85
tcp_ping received 12288 bytes back
Round trip time was 0.485149 milliseconds in repetition 86
tcp_ping received 12288 bytes back
Round trip time was 1.30923 milliseconds in repetition 87
tcp_ping received 12288 bytes back
Round trip time was 0.342733 milliseconds in repetition 88
tcp_ping received 12288 bytes back
Round trip time was 0.458028 milliseconds in repetition 89
tcp_ping received 12288 bytes back
Round trip time was 0.374652 milliseconds in repetition 90
tcp_ping received 12288 bytes back
Round trip time was 0.275106 milliseconds in repetition 91
tcp_ping received 12288 bytes back
Round trip time was 0.408335 milliseconds in repetition 92
tcp_ping received 12288 bytes back
Round trip time was 0.278622 milliseconds in repetition 93
tcp_ping received 12288 bytes back
Round trip time was 0.274824 milliseconds in repetition 94
tcp_ping received 12288 bytes back
Round trip time was 0.475511 milliseconds in repetition 95
tcp_ping received 12288 bytes back
Round trip time was 0.281116 milliseconds in repetition 96
tcp_ping received 12288 bytes back
Round trip time was 0.274364 milliseconds in repetition 97
tcp_ping received 12288 bytes back
Round trip time was 0.338495 milliseconds in repetition 98
tcp_ping received 12288 bytes back
Round trip time was 0.281708 milliseconds in repetition 99
tcp_ping received 12288 bytes back
Round trip time was 0.275457 milliseconds in repetition 100
tcp_ping received 12288 bytes back
Round trip time was 0.340519 milliseconds in repetition 101
tcp_ping received 12288 bytes back
Round trip time was 0.276679 milliseconds in repetition 102
tcp_ping received 12288 bytes back
Round trip time was 0.274655 milliseconds in repetition 103
tcp_ping received 12288 bytes back
Round trip time was 0.339115 milliseconds in repetition 104
tcp_ping received 12288 bytes back
Round trip time was 0.285505 milliseconds in repetition 105
tcp_ping received 12288 bytes back
Round trip time was 0.275577 milliseconds in repetition 106
tcp_ping received 12288 bytes back
Round trip time was 0.275718 milliseconds in repetition 107
tcp_ping received 12288 bytes back
Round trip time was 0.380222 milliseconds in repetition 108
tcp_ping received 12288 bytes back
Round trip time was 0.278994 milliseconds in repetition 109
tcp_ping received 12288 bytes back
Round trip time was 0.274565 milliseconds in repetition 110
tcp_ping received 12288 bytes back
Round trip time was 0.323846 milliseconds in repetition 111
tcp_ping received 12288 bytes back
Round trip time was 0.278191 milliseconds in repetition 112
tcp_ping received 12288 bytes back
Round trip time was 0.274865 milliseconds in repetition 113
tcp_ping received 12288 bytes back
Round trip time was 0.305532 milliseconds in repetition 114
tcp_ping received 12288 bytes back
Round trip time was 0.278041 milliseconds in repetition 115
tcp_ping received 12288 bytes back
Round trip time was 0.275295 milliseconds in repetition 116
tcp_ping received 12288 bytes back
Round trip time was 0.354293 milliseconds in repetition 117
tcp_ping received 12288 bytes back
Round trip time was 0.28331 milliseconds in repetition 118
tcp_ping received 12288 bytes back
Round trip time was 0.273854 milliseconds in repetition 119
tcp_ping received 12288 bytes back
Round trip time was 0.273422 milliseconds in repetition 120
tcp_ping received 12288 bytes back
Round trip time was 0.326903 milliseconds in repetition 121
tcp_ping received 12288 bytes back
Round trip time was 0.276829 milliseconds in repetition 122
tcp_ping received 12288 bytes back
Round trip time was 0.274455 milliseconds in repetition 123
tcp_ping received 12288 bytes back
Round trip time was 0.303018 milliseconds in repetition 124
tcp_ping received 12288 bytes back
Round trip time was 0.465302 milliseconds in repetition 125
tcp_ping received 12288 bytes back
Round trip time was 0.307506 milliseconds in repetition 126
tcp_ping received 12288 bytes back
Round trip time was 0.366868 milliseconds in repetition 127
tcp_ping received 12288 bytes back
Round trip time was 0.309009 milliseconds in repetition 128
tcp_ping received 12288 bytes back
Round trip time was 0.369853 milliseconds in repetition 129
tcp_ping received 12288 bytes back
Round trip time was 0.326001 milliseconds in repetition 130
tcp_ping received 12288 bytes back
Round trip time was 0.396643 milliseconds in repetition 131
tcp_ping received 12288 bytes back
Round trip time was 0.353753 milliseconds in repetition 132
tcp_ping received 12288 bytes back
Round trip time was 0.286257 milliseconds in repetition 133
tcp_ping received 12288 bytes back
Round trip time was 0.429315 milliseconds in repetition 134
tcp_ping received 12288 bytes back
Round trip time was 0.283962 milliseconds in repetition 135
tcp_ping received 12288 bytes back
Round trip time was 0.275947 milliseconds in repetition 136
tcp_ping received 12288 bytes back
Round trip time was 0.334107 milliseconds in repetition 137
tcp_ping received 12288 bytes back
Round trip time was 0.314188 milliseconds in repetition 138
tcp_ping received 12288 bytes back
Round trip time was 0.699633 milliseconds in repetition 139
tcp_ping received 12288 bytes back
Round trip time was 0.282629 milliseconds in repetition 140
tcp_ping received 12288 bytes back
Round trip time was 0.275466 milliseconds in repetition 141
tcp_ping received 12288 bytes back
Round trip time was 0.324678 milliseconds in repetition 142
tcp_ping received 12288 bytes back
Round trip time was 0.35181 milliseconds in repetition 143
tcp_ping received 12288 bytes back
Round trip time was 0.280355 milliseconds in repetition 144
tcp_ping received 12288 bytes back
Round trip time was 0.324308 milliseconds in repetition 145
tcp_ping received 12288 bytes back
Round trip time was 0.27744 milliseconds in repetition 146
tcp_ping received 12288 bytes back
Round trip time was 0.274674 milliseconds in repetition 147
tcp_ping received 12288 bytes back
Round trip time was 0.275145 milliseconds in repetition 148
tcp_ping received 12288 bytes back
Round trip time was 0.444553 milliseconds in repetition 149
tcp_ping received 12288 bytes back
Round trip time was 0.279765 milliseconds in repetition 150
tcp_ping received 12288 bytes back
Round trip time was 0.275045 milliseconds in repetition 151
tcp_ping received 12288 bytes back
Round trip time was 0.391123 milliseconds in repetition 152
tcp_ping received 12288 bytes back
Round trip time was 0.315341 milliseconds in repetition 153
tcp_ping received 12288 bytes back
Round trip time was 0.355396 milliseconds in repetition 154
tcp_ping received 12288 bytes back
Round trip time was 0.279274 milliseconds in repetition 155
tcp_ping received 12288 bytes back
Round trip time was 0.275997 milliseconds in repetition 156
tcp_ping received 12288 bytes back
Round trip time was 0.274766 milliseconds in repetition 157
tcp_ping received 12288 bytes back
Round trip time was 0.334276 milliseconds in repetition 158
tcp_ping received 12288 bytes back
Round trip time was 0.278802 milliseconds in repetition 159
tcp_ping received 12288 bytes back
Round trip time was 0.275967 milliseconds in repetition 160
tcp_ping received 12288 bytes back
Round trip time was 0.327594 milliseconds in repetition 161
tcp_ping received 12288 bytes back
Round trip time was 0.278221 milliseconds in repetition 162
tcp_ping received 12288 bytes back
Round trip time was 0.274794 milliseconds in repetition 163
tcp_ping received 12288 bytes back
Round trip time was 0.361978 milliseconds in repetition 164
tcp_ping received 12288 bytes back
Round trip time was 0.2777 milliseconds in repetition 165
tcp_ping received 12288 bytes back
Round trip time was 0.274415 milliseconds in repetition 166
tcp_ping received 12288 bytes back
Round trip time was 0.344585 milliseconds in repetition 167
tcp_ping received 12288 bytes back
Round trip time was 0.278944 milliseconds in repetition 168
tcp_ping received 12288 bytes back
Round trip time was 0.275335 milliseconds in repetition 169
tcp_ping received 12288 bytes back
Round trip time was 0.274554 milliseconds in repetition 170
tcp_ping received 12288 bytes back
Round trip time was 0.317755 milliseconds in repetition 171
tcp_ping received 12288 bytes back
Round trip time was 0.276488 milliseconds in repetition 172
tcp_ping received 12288 bytes back
Round trip time was 0.279063 milliseconds in repetition 173
tcp_ping received 12288 bytes back
Round trip time was 0.303639 milliseconds in repetition 174
tcp_ping received 12288 bytes back
Round trip time was 0.275716 milliseconds in repetition 175
tcp_ping received 12288 bytes back
Round trip time was 0.274305 milliseconds in repetition 176
tcp_ping received 12288 bytes back
Round trip time was 0.314379 milliseconds in repetition 177
tcp_ping received 12288 bytes back
Round trip time was 0.276818 milliseconds in repetition 178
tcp_ping received 12288 bytes back
Round trip time was 0.273582 milliseconds in repetition 179
tcp_ping received 12288 bytes back
Round trip time was 0.339787 milliseconds in repetition 180
tcp_ping received 12288 bytes back
Round trip time was 0.283322 milliseconds in repetition 181
tcp_ping received 12288 bytes back
Round trip time was 0.276529 milliseconds in repetition 182
tcp_ping received 12288 bytes back
Round trip time was 0.274746 milliseconds in repetition 183
tcp_ping received 12288 bytes back
Round trip time was 0.304932 milliseconds in repetition 184
tcp_ping received 12288 bytes back
Round trip time was 0.278733 milliseconds in repetition 185
tcp_ping received 12288 bytes back
Round trip time was 0.278602 milliseconds in repetition 186
tcp_ping received 12288 bytes back
Round trip time was 0.311966 milliseconds in repetition 187
tcp_ping received 12288 bytes back
Round trip time was 0.280256 milliseconds in repetition 188
tcp_ping received 12288 bytes back
Round trip time was 0.276188 milliseconds in repetition 189
tcp_ping received 12288 bytes back
Round trip time was 0.301064 milliseconds in repetition 190
tcp_ping received 12288 bytes back
Round trip time was 0.280465 milliseconds in repetition 191
tcp_ping received 12288 bytes back
Round trip time was 0.273843 milliseconds in repetition 192
tcp_ping received 12288 bytes back
Round trip time was 0.274375 milliseconds in repetition 193
tcp_ping received 12288 bytes back
Round trip time was 0.319018 milliseconds in repetition 194
tcp_ping received 12288 bytes back
Round trip time was 0.276708 milliseconds in repetition 195
tcp_ping received 12288 bytes back
Round trip time was 0.273603 milliseconds in repetition 196
tcp_ping received 12288 bytes back
Round trip time was 0.317586 milliseconds in repetition 197
tcp_ping received 12288 bytes back
Round trip time was 0.276438 milliseconds in repetition 198
tcp_ping received 12288 bytes back
Round trip time was 0.273554 milliseconds in repetition 199
tcp_ping received 12288 bytes back
Round trip time was 0.299812 milliseconds in repetition 200
tcp_ping received 12288 bytes back
Round trip time was 0.275166 milliseconds in repetition 201
tcp_ping received 12288 bytes back
Round trip time was 0.273983 milliseconds in repetition 202
tcp_ping received 12288 bytes back
Round trip time was 0.273813 milliseconds in repetition 203
tcp_ping received 12288 bytes back
Round trip time was 0.300954 milliseconds in repetition 204
tcp_ping received 12288 bytes back
Round trip time was 0.275436 milliseconds in repetition 205
tcp_ping received 12288 bytes back
Round trip time was 0.273572 milliseconds in repetition 206
tcp_ping received 12288 bytes back
Round trip time was 0.312907 milliseconds in repetition 207
tcp_ping received 12288 bytes back
Round trip time was 0.275907 milliseconds in repetition 208
tcp_ping received 12288 bytes back
Round trip time was 0.273813 milliseconds in repetition 209
tcp_ping received 12288 bytes back
Round trip time was 0.273242 milliseconds in repetition 210
tcp_ping received 12288 bytes back
Round trip time was 0.362649 milliseconds in repetition 211
tcp_ping received 12288 bytes back
Round trip time was 0.277431 milliseconds in repetition 212
tcp_ping received 12288 bytes back
Round trip time was 0.274064 milliseconds in repetition 213
tcp_ping received 12288 bytes back
Round trip time was 0.316703 milliseconds in repetition 214
tcp_ping received 12288 bytes back
Round trip time was 0.276378 milliseconds in repetition 215
tcp_ping received 12288 bytes back
Round trip time was 0.27772 milliseconds in repetition 216
tcp_ping received 12288 bytes back
Round trip time was 0.318477 milliseconds in repetition 217
tcp_ping received 12288 bytes back
Round trip time was 0.275546 milliseconds in repetition 218
tcp_ping received 12288 bytes back
Round trip time was 0.273592 milliseconds in repetition 219
tcp_ping received 12288 bytes back
Round trip time was 0.306435 milliseconds in repetition 220
tcp_ping received 12288 bytes back
Round trip time was 0.279033 milliseconds in repetition 221
tcp_ping received 12288 bytes back
Round trip time was 0.273893 milliseconds in repetition 222
tcp_ping received 12288 bytes back
Round trip time was 0.273462 milliseconds in repetition 223
tcp_ping received 12288 bytes back
Round trip time was 0.331061 milliseconds in repetition 224
tcp_ping received 12288 bytes back
Round trip time was 0.276558 milliseconds in repetition 225
tcp_ping received 12288 bytes back
Round trip time was 0.273983 milliseconds in repetition 226
tcp_ping received 12288 bytes back
Round trip time was 0.300233 milliseconds in repetition 227
tcp_ping received 12288 bytes back
Round trip time was 0.276598 milliseconds in repetition 228
tcp_ping received 12288 bytes back
Round trip time was 0.274134 milliseconds in repetition 229
tcp_ping received 12288 bytes back
Round trip time was 0.312476 milliseconds in repetition 230
tcp_ping received 12288 bytes back
Round trip time was 0.278582 milliseconds in repetition 231
tcp_ping received 12288 bytes back
Round trip time was 0.273934 milliseconds in repetition 232
tcp_ping received 12288 bytes back
Round trip time was 0.274403 milliseconds in repetition 233
tcp_ping received 12288 bytes back
Round trip time was 0.358883 milliseconds in repetition 234
tcp_ping received 12288 bytes back
Round trip time was 0.276608 milliseconds in repetition 235
tcp_ping received 12288 bytes back
Round trip time was 0.273763 milliseconds in repetition 236
tcp_ping received 12288 bytes back
Round trip time was 0.338815 milliseconds in repetition 237
tcp_ping received 12288 bytes back
Round trip time was 0.276678 milliseconds in repetition 238
tcp_ping received 12288 bytes back
Round trip time was 0.273723 milliseconds in repetition 239
tcp_ping received 12288 bytes back
Round trip time was 0.301024 milliseconds in repetition 240
tcp_ping received 12288 bytes back
Round trip time was 0.275656 milliseconds in repetition 241
tcp_ping received 12288 bytes back
Round trip time was 0.275257 milliseconds in repetition 242
tcp_ping received 12288 bytes back
Round trip time was 0.275005 milliseconds in repetition 243
tcp_ping received 12288 bytes back
Round trip time was 0.318567 milliseconds in repetition 244
tcp_ping received 12288 bytes back
Round trip time was 0.276568 milliseconds in repetition 245
tcp_ping received 12288 bytes back
Round trip time was 0.274405 milliseconds in repetition 246
tcp_ping received 12288 bytes back
Round trip time was 0.306925 milliseconds in repetition 247
tcp_ping received 12288 bytes back
Round trip time was 0.275567 milliseconds in repetition 248
tcp_ping received 12288 bytes back
Round trip time was 0.273782 milliseconds in repetition 249
tcp_ping received 12288 bytes back
Round trip time was 0.305933 milliseconds in repetition 250
tcp_ping received 12288 bytes back
Round trip time was 0.276669 milliseconds in repetition 251
tcp_ping received 12288 bytes back
Round trip time was 0.274144 milliseconds in repetition 252
tcp_ping received 12288 bytes back
Round trip time was 0.273762 milliseconds in repetition 253
tcp_ping received 12288 bytes back
Round trip time was 0.328596 milliseconds in repetition 254
tcp_ping received 12288 bytes back
Round trip time was 0.277079 milliseconds in repetition 255
tcp_ping received 12288 bytes back
Round trip time was 0.274285 milliseconds in repetition 256
tcp_ping received 12288 bytes back
Round trip time was 0.300605 milliseconds in repetition 257
tcp_ping received 12288 bytes back
Round trip time was 0.275597 milliseconds in repetition 258
tcp_ping received 12288 bytes back
Round trip time was 0.273953 milliseconds in repetition 259
tcp_ping received 12288 bytes back
Round trip time was 0.321544 milliseconds in repetition 260
tcp_ping received 12288 bytes back
Round trip time was 0.276268 milliseconds in repetition 261
tcp_ping received 12288 bytes back
Round trip time was 0.274233 milliseconds in repetition 262
tcp_ping received 12288 bytes back
Round trip time was 0.318246 milliseconds in repetition 263
tcp_ping received 12288 bytes back
Round trip time was 0.285055 milliseconds in repetition 264
tcp_ping received 12288 bytes back
Round trip time was 0.274705 milliseconds in repetition 265
tcp_ping received 12288 bytes back
Round trip time was 0.273762 milliseconds in repetition 266
tcp_ping received 12288 bytes back
Round trip time was 0.308639 milliseconds in repetition 267
tcp_ping received 12288 bytes back
Round trip time was 0.276398 milliseconds in repetition 268
tcp_ping received 12288 bytes back
Round trip time was 0.273743 milliseconds in repetition 269
tcp_ping received 12288 bytes back
Round trip time was 0.300092 milliseconds in repetition 270
tcp_ping received 12288 bytes back
Round trip time was 0.275917 milliseconds in repetition 271
tcp_ping received 12288 bytes back
Round trip time was 0.273663 milliseconds in repetition 272
tcp_ping received 12288 bytes back
Round trip time was 0.273121 milliseconds in repetition 273
tcp_ping received 12288 bytes back
Round trip time was 0.315972 milliseconds in repetition 274
tcp_ping received 12288 bytes back
Round trip time was 0.276167 milliseconds in repetition 275
tcp_ping received 12288 bytes back
Round trip time was 0.274013 milliseconds in repetition 276
tcp_ping received 12288 bytes back
Round trip time was 0.327774 milliseconds in repetition 277
tcp_ping received 12288 bytes back
Round trip time was 0.276709 milliseconds in repetition 278
tcp_ping received 12288 bytes back
Round trip time was 0.273653 milliseconds in repetition 279
tcp_ping received 12288 bytes back
Round trip time was 0.299592 milliseconds in repetition 280
tcp_ping received 12288 bytes back
Round trip time was 0.274816 milliseconds in repetition 281
tcp_ping received 12288 bytes back
Round trip time was 0.273943 milliseconds in repetition 282
tcp_ping received 12288 bytes back
Round trip time was 0.273702 milliseconds in repetition 283
tcp_ping received 12288 bytes back
Round trip time was 0.300112 milliseconds in repetition 284
tcp_ping received 12288 bytes back
Round trip time was 0.276057 milliseconds in repetition 285
tcp_ping received 12288 bytes back
Round trip time was 0.274484 milliseconds in repetition 286
tcp_ping received 12288 bytes back
Round trip time was 0.312716 milliseconds in repetition 287
tcp_ping received 12288 bytes back
Round trip time was 0.276257 milliseconds in repetition 288
tcp_ping received 12288 bytes back
Round trip time was 0.274414 milliseconds in repetition 289
tcp_ping received 12288 bytes back
Round trip time was 0.374863 milliseconds in repetition 290
tcp_ping received 12288 bytes back
Round trip time was 0.276489 milliseconds in repetition 291
tcp_ping received 12288 bytes back
Round trip time was 0.273894 milliseconds in repetition 292
tcp_ping received 12288 bytes back
Round trip time was 0.274174 milliseconds in repetition 293
tcp_ping received 12288 bytes back
Round trip time was 0.300553 milliseconds in repetition 294
tcp_ping received 12288 bytes back
Round trip time was 0.275176 milliseconds in repetition 295
tcp_ping received 12288 bytes back
Round trip time was 0.274275 milliseconds in repetition 296
tcp_ping received 12288 bytes back
Round trip time was 0.299842 milliseconds in repetition 297
tcp_ping received 12288 bytes back
Round trip time was 0.274505 milliseconds in repetition 298
tcp_ping received 12288 bytes back
Round trip time was 0.273564 milliseconds in repetition 299
tcp_ping received 12288 bytes back
Round trip time was 0.312697 milliseconds in repetition 300
tcp_ping received 12288 bytes back
Round trip time was 0.275727 milliseconds in repetition 301
tcp_ping received 12288 bytes back
Round trip time was 0.273572 milliseconds in repetition 302
tcp_ping received 12288 bytes back
Round trip time was 0.278612 milliseconds in repetition 303
tcp_ping received 12288 bytes back
Round trip time was 0.320099 milliseconds in repetition 304
tcp_ping received 12288 bytes back
Round trip time was 0.281538 milliseconds in repetition 305
tcp_ping received 12288 bytes back
Round trip time was 0.273742 milliseconds in repetition 306
tcp_ping received 12288 bytes back
Round trip time was 0.299932 milliseconds in repetition 307
tcp_ping received 12288 bytes back
Round trip time was 0.275586 milliseconds in repetition 308
tcp_ping received 12288 bytes back
Round trip time was 0.274004 milliseconds in repetition 309
tcp_ping received 12288 bytes back
Round trip time was 0.29916 milliseconds in repetition 310
tcp_ping received 12288 bytes back
Round trip time was 0.275426 milliseconds in repetition 311
tcp_ping received 12288 bytes back
Round trip time was 0.273903 milliseconds in repetition 312
tcp_ping received 12288 bytes back
Round trip time was 0.273562 milliseconds in repetition 313
tcp_ping received 12288 bytes back
Round trip time was 0.356187 milliseconds in repetition 314
tcp_ping received 12288 bytes back
Round trip time was 0.2777 milliseconds in repetition 315
tcp_ping received 12288 bytes back
Round trip time was 0.274024 milliseconds in repetition 316
tcp_ping received 12288 bytes back
Round trip time was 0.318858 milliseconds in repetition 317
tcp_ping received 12288 bytes back
Round trip time was 0.276699 milliseconds in repetition 318
tcp_ping received 12288 bytes back
Round trip time was 0.274094 milliseconds in repetition 319
tcp_ping received 12288 bytes back
Round trip time was 0.354915 milliseconds in repetition 320
tcp_ping received 12288 bytes back
Round trip time was 0.276208 milliseconds in repetition 321
tcp_ping received 12288 bytes back
Round trip time was 0.274033 milliseconds in repetition 322
tcp_ping received 12288 bytes back
Round trip time was 0.273713 milliseconds in repetition 323
tcp_ping received 12288 bytes back
Round trip time was 0.306584 milliseconds in repetition 324
tcp_ping received 12288 bytes back
Round trip time was 0.274546 milliseconds in repetition 325
tcp_ping received 12288 bytes back
Round trip time was 0.273872 milliseconds in repetition 326
tcp_ping received 12288 bytes back
Round trip time was 0.299 milliseconds in repetition 327
tcp_ping received 12288 bytes back
Round trip time was 0.275485 milliseconds in repetition 328
tcp_ping received 12288 bytes back
Round trip time was 0.274314 milliseconds in repetition 329
tcp_ping received 12288 bytes back
Round trip time was 0.29848 milliseconds in repetition 330
tcp_ping received 12288 bytes back
Round trip time was 0.275526 milliseconds in repetition 331
tcp_ping received 12288 bytes back
Round trip time was 0.273933 milliseconds in repetition 332
tcp_ping received 12288 bytes back
Round trip time was 0.273894 milliseconds in repetition 333
tcp_ping received 12288 bytes back
Round trip time was 0.319729 milliseconds in repetition 334
tcp_ping received 12288 bytes back
Round trip time was 0.276468 milliseconds in repetition 335
tcp_ping received 12288 bytes back
Round trip time was 0.274224 milliseconds in repetition 336
tcp_ping received 12288 bytes back
Round trip time was 0.300734 milliseconds in repetition 337
tcp_ping received 12288 bytes back
Round trip time was 0.275587 milliseconds in repetition 338
tcp_ping received 12288 bytes back
Round trip time was 0.274405 milliseconds in repetition 339
tcp_ping received 12288 bytes back
Round trip time was 0.274034 milliseconds in repetition 340
tcp_ping received 12288 bytes back
Round trip time was 0.304981 milliseconds in repetition 341
tcp_ping received 12288 bytes back
Round trip time was 0.273644 milliseconds in repetition 342
tcp_ping received 12288 bytes back
Round trip time was 0.273913 milliseconds in repetition 343
tcp_ping received 12288 bytes back
Round trip time was 0.31462 milliseconds in repetition 344
tcp_ping received 12288 bytes back
Round trip time was 0.275496 milliseconds in repetition 345
tcp_ping received 12288 bytes back
Round trip time was 0.278522 milliseconds in repetition 346
tcp_ping received 12288 bytes back
Round trip time was 0.321883 milliseconds in repetition 347
tcp_ping received 12288 bytes back
Round trip time was 0.276168 milliseconds in repetition 348
tcp_ping received 12288 bytes back
Round trip time was 0.274434 milliseconds in repetition 349
tcp_ping received 12288 bytes back
Round trip time was 0.292107 milliseconds in repetition 350
tcp_ping received 12288 bytes back
Round trip time was 0.283942 milliseconds in repetition 351
tcp_ping received 12288 bytes back
Round trip time was 0.273512 milliseconds in repetition 352
tcp_ping received 12288 bytes back
Round trip time was 0.273893 milliseconds in repetition 353
tcp_ping received 12288 bytes back
Round trip time was 0.301084 milliseconds in repetition 354
tcp_ping received 12288 bytes back
Round trip time was 0.275426 milliseconds in repetition 355
tcp_ping received 12288 bytes back
Round trip time was 0.273403 milliseconds in repetition 356
tcp_ping received 12288 bytes back
Round trip time was 0.326702 milliseconds in repetition 357
tcp_ping received 12288 bytes back
Round trip time was 0.276268 milliseconds in repetition 358
tcp_ping received 12288 bytes back
Round trip time was 0.274053 milliseconds in repetition 359
tcp_ping received 12288 bytes back
Round trip time was 0.273743 milliseconds in repetition 360
tcp_ping received 12288 bytes back
Round trip time was 0.320661 milliseconds in repetition 361
tcp_ping received 12288 bytes back
Round trip time was 0.276688 milliseconds in repetition 362
tcp_ping received 12288 bytes back
Round trip time was 0.273843 milliseconds in repetition 363
tcp_ping received 12288 bytes back
Round trip time was 0.299932 milliseconds in repetition 364
tcp_ping received 12288 bytes back
Round trip time was 0.275196 milliseconds in repetition 365
tcp_ping received 12288 bytes back
Round trip time was 0.273692 milliseconds in repetition 366
tcp_ping received 12288 bytes back
Round trip time was 0.298399 milliseconds in repetition 367
tcp_ping received 12288 bytes back
Round trip time was 0.275295 milliseconds in repetition 368
tcp_ping received 12288 bytes back
Round trip time was 0.273674 milliseconds in repetition 369
tcp_ping received 12288 bytes back
Round trip time was 0.273933 milliseconds in repetition 370
tcp_ping received 12288 bytes back
Round trip time was 0.314799 milliseconds in repetition 371
tcp_ping received 12288 bytes back
Round trip time was 0.276378 milliseconds in repetition 372
tcp_ping received 12288 bytes back
Round trip time was 0.274434 milliseconds in repetition 373
tcp_ping received 12288 bytes back
Round trip time was 0.317224 milliseconds in repetition 374
tcp_ping received 12288 bytes back
Round trip time was 0.276469 milliseconds in repetition 375
tcp_ping received 12288 bytes back
Round trip time was 0.273724 milliseconds in repetition 376
tcp_ping received 12288 bytes back
Round trip time was 0.273843 milliseconds in repetition 377
tcp_ping received 12288 bytes back
Round trip time was 0.301695 milliseconds in repetition 378
tcp_ping received 12288 bytes back
Round trip time was 0.274494 milliseconds in repetition 379
tcp_ping received 12288 bytes back
Round trip time was 0.274093 milliseconds in repetition 380
tcp_ping received 12288 bytes back
Round trip time was 0.299742 milliseconds in repetition 381
tcp_ping received 12288 bytes back
Round trip time was 0.27739 milliseconds in repetition 382
tcp_ping received 12288 bytes back
Round trip time was 0.274055 milliseconds in repetition 383
tcp_ping received 12288 bytes back
Round trip time was 0.313417 milliseconds in repetition 384
tcp_ping received 12288 bytes back
Round trip time was 0.275976 milliseconds in repetition 385
tcp_ping received 12288 bytes back
Round trip time was 0.274175 milliseconds in repetition 386
tcp_ping received 12288 bytes back
Round trip time was 0.273764 milliseconds in repetition 387
tcp_ping received 12288 bytes back
Round trip time was 0.326141 milliseconds in repetition 388
tcp_ping received 12288 bytes back
Round trip time was 0.280876 milliseconds in repetition 389
tcp_ping received 12288 bytes back
Round trip time was 0.274475 milliseconds in repetition 390
tcp_ping received 12288 bytes back
Round trip time was 0.302767 milliseconds in repetition 391
tcp_ping received 12288 bytes back
Round trip time was 0.275807 milliseconds in repetition 392
tcp_ping received 12288 bytes back
Round trip time was 0.274224 milliseconds in repetition 393
tcp_ping received 12288 bytes back
Round trip time was 0.299311 milliseconds in repetition 394
tcp_ping received 12288 bytes back
Round trip time was 0.274975 milliseconds in repetition 395
tcp_ping received 12288 bytes back
Round trip time was 0.273983 milliseconds in repetition 396
tcp_ping received 12288 bytes back
Round trip time was 0.274314 milliseconds in repetition 397
tcp_ping received 12288 bytes back
Round trip time was 0.31451 milliseconds in repetition 398
tcp_ping received 12288 bytes back
Round trip time was 0.276358 milliseconds in repetition 399
tcp_ping received 12288 bytes back
Round trip time was 0.274646 milliseconds in repetition 400
tcp_ping received 12288 bytes back
Round trip time was 0.315822 milliseconds in repetition 401
tcp_ping received 12288 bytes back
Round trip time was 0.277099 milliseconds in repetition 402
tcp_ping received 12288 bytes back
Round trip time was 0.273662 milliseconds in repetition 403
tcp_ping received 12288 bytes back
Round trip time was 0.299741 milliseconds in repetition 404
tcp_ping received 12288 bytes back
Round trip time was 0.2775 milliseconds in repetition 405
tcp_ping received 12288 bytes back
Round trip time was 0.274035 milliseconds in repetition 406
tcp_ping received 12288 bytes back
Round trip time was 0.273434 milliseconds in repetition 407
tcp_ping received 12288 bytes back
Round trip time was 0.332452 milliseconds in repetition 408
tcp_ping received 12288 bytes back
Round trip time was 0.276078 milliseconds in repetition 409
tcp_ping received 12288 bytes back
Round trip time was 0.274175 milliseconds in repetition 410
tcp_ping received 12288 bytes back
Round trip time was 0.300664 milliseconds in repetition 411
tcp_ping received 12288 bytes back
Round trip time was 0.275205 milliseconds in repetition 412
tcp_ping received 12288 bytes back
Round trip time was 0.273863 milliseconds in repetition 413
tcp_ping received 12288 bytes back
Round trip time was 0.273744 milliseconds in repetition 414
tcp_ping received 12288 bytes back
Round trip time was 0.317957 milliseconds in repetition 415
tcp_ping received 12288 bytes back
Round trip time was 0.276448 milliseconds in repetition 416
tcp_ping received 12288 bytes back
Round trip time was 0.273934 milliseconds in repetition 417
tcp_ping received 12288 bytes back
Round trip time was 0.323436 milliseconds in repetition 418
tcp_ping received 12288 bytes back
Round trip time was 0.275828 milliseconds in repetition 419
tcp_ping received 12288 bytes back
Round trip time was 0.273873 milliseconds in repetition 420
tcp_ping received 12288 bytes back
Round trip time was 0.300343 milliseconds in repetition 421
tcp_ping received 12288 bytes back
Round trip time was 0.275997 milliseconds in repetition 422
tcp_ping received 12288 bytes back
Round trip time was 0.273603 milliseconds in repetition 423
tcp_ping received 12288 bytes back
Round trip time was 0.273793 milliseconds in repetition 424
tcp_ping received 12288 bytes back
Round trip time was 0.299682 milliseconds in repetition 425
tcp_ping received 12288 bytes back
Round trip time was 0.275457 milliseconds in repetition 426
tcp_ping received 12288 bytes back
Round trip time was 0.273924 milliseconds in repetition 427
tcp_ping received 12288 bytes back
Round trip time was 0.321943 milliseconds in repetition 428
tcp_ping received 12288 bytes back
Round trip time was 0.276879 milliseconds in repetition 429
tcp_ping received 12288 bytes back
Round trip time was 0.273953 milliseconds in repetition 430
tcp_ping received 12288 bytes back
Round trip time was 0.308218 milliseconds in repetition 431
tcp_ping received 12288 bytes back
Round trip time was 0.279545 milliseconds in repetition 432
tcp_ping received 12288 bytes back
Round trip time was 0.274154 milliseconds in repetition 433
tcp_ping received 12288 bytes back
Round trip time was 0.273833 milliseconds in repetition 434
tcp_ping received 12288 bytes back
Round trip time was 0.302507 milliseconds in repetition 435
tcp_ping received 12288 bytes back
Round trip time was 0.275596 milliseconds in repetition 436
tcp_ping received 12288 bytes back
Round trip time was 0.274064 milliseconds in repetition 437
tcp_ping received 12288 bytes back
Round trip time was 0.315721 milliseconds in repetition 438
tcp_ping received 12288 bytes back
Round trip time was 0.276157 milliseconds in repetition 439
tcp_ping received 12288 bytes back
Round trip time was 0.274255 milliseconds in repetition 440
tcp_ping received 12288 bytes back
Round trip time was 0.284103 milliseconds in repetition 441
tcp_ping received 12288 bytes back
Round trip time was 0.276117 milliseconds in repetition 442
tcp_ping received 12288 bytes back
Round trip time was 0.273893 milliseconds in repetition 443
tcp_ping received 12288 bytes back
Round trip time was 0.273893 milliseconds in repetition 444
tcp_ping received 12288 bytes back
Round trip time was 0.299772 milliseconds in repetition 445
tcp_ping received 12288 bytes back
Round trip time was 0.275366 milliseconds in repetition 446
tcp_ping received 12288 bytes back
Round trip time was 0.273533 milliseconds in repetition 447
tcp_ping received 12288 bytes back
Round trip time was 0.300001 milliseconds in repetition 448
tcp_ping received 12288 bytes back
Round trip time was 0.275416 milliseconds in repetition 449
tcp_ping received 12288 bytes back
Round trip time was 0.273642 milliseconds in repetition 450
tcp_ping received 12288 bytes back
Round trip time was 0.274024 milliseconds in repetition 451
tcp_ping received 12288 bytes back
Round trip time was 0.299281 milliseconds in repetition 452
tcp_ping received 12288 bytes back
Round trip time was 0.275255 milliseconds in repetition 453
tcp_ping received 12288 bytes back
Round trip time was 0.274374 milliseconds in repetition 454
tcp_ping received 12288 bytes back
Round trip time was 0.318788 milliseconds in repetition 455
tcp_ping received 12288 bytes back
Round trip time was 0.276639 milliseconds in repetition 456
tcp_ping received 12288 bytes back
Round trip time was 0.273963 milliseconds in repetition 457
tcp_ping received 12288 bytes back
Round trip time was 0.309269 milliseconds in repetition 458
tcp_ping received 12288 bytes back
Round trip time was 0.303019 milliseconds in repetition 459
tcp_ping received 12288 bytes back
Round trip time was 0.275297 milliseconds in repetition 460
tcp_ping received 12288 bytes back
Round trip time was 0.273744 milliseconds in repetition 461
tcp_ping received 12288 bytes back
Round trip time was 0.301655 milliseconds in repetition 462
tcp_ping received 12288 bytes back
Round trip time was 0.275206 milliseconds in repetition 463
tcp_ping received 12288 bytes back
Round trip time was 0.273442 milliseconds in repetition 464
tcp_ping received 12288 bytes back
Round trip time was 0.299682 milliseconds in repetition 465
tcp_ping received 12288 bytes back
Round trip time was 0.275838 milliseconds in repetition 466
tcp_ping received 12288 bytes back
Round trip time was 0.273673 milliseconds in repetition 467
tcp_ping received 12288 bytes back
Round trip time was 0.33636 milliseconds in repetition 468
tcp_ping received 12288 bytes back
Round trip time was 0.276358 milliseconds in repetition 469
tcp_ping received 12288 bytes back
Round trip time was 0.274014 milliseconds in repetition 470
tcp_ping received 12288 bytes back
Round trip time was 0.274845 milliseconds in repetition 471
tcp_ping received 12288 bytes back
Round trip time was 0.300954 milliseconds in repetition 472
tcp_ping received 12288 bytes back
Round trip time was 0.276187 milliseconds in repetition 473
tcp_ping received 12288 bytes back
Round trip time was 0.274215 milliseconds in repetition 474
tcp_ping received 12288 bytes back
Round trip time was 0.305293 milliseconds in repetition 475
tcp_ping received 12288 bytes back
Round trip time was 0.275837 milliseconds in repetition 476
tcp_ping received 12288 bytes back
Round trip time was 0.274464 milliseconds in repetition 477
tcp_ping received 12288 bytes back
Round trip time was 0.315181 milliseconds in repetition 478
tcp_ping received 12288 bytes back
Round trip time was 0.275917 milliseconds in repetition 479
tcp_ping received 12288 bytes back
Round trip time was 0.273883 milliseconds in repetition 480
tcp_ping received 12288 bytes back
Round trip time was 0.273714 milliseconds in repetition 481
tcp_ping received 12288 bytes back
Round trip time was 0.425784 milliseconds in repetition 482
tcp_ping received 12288 bytes back
Round trip time was 0.466675 milliseconds in repetition 483
tcp_ping received 12288 bytes back
Round trip time was 0.476132 milliseconds in repetition 484
tcp_ping received 12288 bytes back
Round trip time was 0.435236 milliseconds in repetition 485
tcp_ping received 12288 bytes back
Round trip time was 0.45872 milliseconds in repetition 486
tcp_ping received 12288 bytes back
Round trip time was 0.425056 milliseconds in repetition 487
tcp_ping received 12288 bytes back
Round trip time was 0.444343 milliseconds in repetition 488
tcp_ping received 12288 bytes back
Round trip time was 0.425437 milliseconds in repetition 489
tcp_ping received 12288 bytes back
Round trip time was 0.540644 milliseconds in repetition 490
tcp_ping received 12288 bytes back
Round trip time was 0.435626 milliseconds in repetition 491
tcp_ping received 12288 bytes back
Round trip time was 0.448851 milliseconds in repetition 492
tcp_ping received 12288 bytes back
Round trip time was 0.428824 milliseconds in repetition 493
tcp_ping received 12288 bytes back
Round trip time was 0.44815 milliseconds in repetition 494
tcp_ping received 12288 bytes back
Round trip time was 0.429274 milliseconds in repetition 495
tcp_ping received 12288 bytes back
Round trip time was 0.435657 milliseconds in repetition 496
tcp_ping received 12288 bytes back
Round trip time was 0.43204 milliseconds in repetition 497
tcp_ping received 12288 bytes back
Round trip time was 0.429074 milliseconds in repetition 498
tcp_ping received 12288 bytes back
Round trip time was 0.433583 milliseconds in repetition 499
tcp_ping received 12288 bytes back
Round trip time was 0.429305 milliseconds in repetition 500
tcp_ping received 12288 bytes back
Round trip time was 0.481672 milliseconds in repetition 501

 ... clock resolution was 1e-06
TCP Ping:  Statistics over 501 repetitions of 12288 byte messages

RTT : percentile 10: 0.273872, median: 0.278622, percentile 90: 0.365145, average: 0.306677, variance: 0.0044479

RTT histogram:
0.27312 291
0.324926 146
0.376731 31
0.428537 21
0.480342 9
0.532147 1
0.583953 0
0.635758 0
0.687564 1
0.739369 0
0.791175 0
0.84298 0
0.894785 0
0.946591 0
0.998396 0
1.0502 0
1.10201 0
1.15381 0
1.20562 0
1.25742 0
1.30923 1

   median Throughput : 88205.5 KB/s   overall Throughput : 80136.3 KB/s

