TCP Ping trying to connect to server localhost (127.0.0.1) on port 1491
 ... connected to Pong server: asking for 501 repetitions of 3072 bytes TCP messages
 ... Pong server agreed :-)
tcp_ping received 3072 bytes back
Round trip time was 0.230222 milliseconds in repetition 1
tcp_ping received 3072 bytes back
Round trip time was 0.29333 milliseconds in repetition 2
tcp_ping received 3072 bytes back
Round trip time was 0.222607 milliseconds in repetition 3
tcp_ping received 3072 bytes back
Round trip time was 0.395351 milliseconds in repetition 4
tcp_ping received 3072 bytes back
Round trip time was 0.266039 milliseconds in repetition 5
tcp_ping received 3072 bytes back
Round trip time was 0.246462 milliseconds in repetition 6
tcp_ping received 3072 bytes back
Round trip time was 0.220323 milliseconds in repetition 7
tcp_ping received 3072 bytes back
Round trip time was 0.219371 milliseconds in repetition 8
tcp_ping received 3072 bytes back
Round trip time was 0.227292 milliseconds in repetition 9
tcp_ping received 3072 bytes back
Round trip time was 0.222577 milliseconds in repetition 10
tcp_ping received 3072 bytes back
Round trip time was 0.226474 milliseconds in repetition 11
tcp_ping received 3072 bytes back
Round trip time was 0.226675 milliseconds in repetition 12
tcp_ping received 3072 bytes back
Round trip time was 0.243357 milliseconds in repetition 13
tcp_ping received 3072 bytes back
Round trip time was 0.227056 milliseconds in repetition 14
tcp_ping received 3072 bytes back
Round trip time was 0.227416 milliseconds in repetition 15
tcp_ping received 3072 bytes back
Round trip time was 0.227105 milliseconds in repetition 16
tcp_ping received 3072 bytes back
Round trip time was 0.243947 milliseconds in repetition 17
tcp_ping received 3072 bytes back
Round trip time was 0.327925 milliseconds in repetition 18
tcp_ping received 3072 bytes back
Round trip time was 0.2882 milliseconds in repetition 19
tcp_ping received 3072 bytes back
Round trip time was 0.228057 milliseconds in repetition 20
tcp_ping received 3072 bytes back
Round trip time was 0.223629 milliseconds in repetition 21
tcp_ping received 3072 bytes back
Round trip time was 0.226685 milliseconds in repetition 22
tcp_ping received 3072 bytes back
Round trip time was 0.226695 milliseconds in repetition 23
tcp_ping received 3072 bytes back
Round trip time was 0.226174 milliseconds in repetition 24
tcp_ping received 3072 bytes back
Round trip time was 0.223799 milliseconds in repetition 25
tcp_ping received 3072 bytes back
Round trip time was 0.227446 milliseconds in repetition 26
tcp_ping received 3072 bytes back
Round trip time was 0.225853 milliseconds in repetition 27
tcp_ping received 3072 bytes back
Round trip time was 0.226364 milliseconds in repetition 28
tcp_ping received 3072 bytes back
Round trip time was 0.214221 milliseconds in repetition 29
tcp_ping received 3072 bytes back
Round trip time was 0.225653 milliseconds in repetition 30
tcp_ping received 3072 bytes back
Round trip time was 3.70247 milliseconds in repetition 31
tcp_ping received 3072 bytes back
Round trip time was 5.21194 milliseconds in repetition 32
tcp_ping received 3072 bytes back
Round trip time was 0.207859 milliseconds in repetition 33
tcp_ping received 3072 bytes back
Round trip time was 0.220272 milliseconds in repetition 34
tcp_ping received 3072 bytes back
Round trip time was 0.247825 milliseconds in repetition 35
tcp_ping received 3072 bytes back
Round trip time was 0.201487 milliseconds in repetition 36
tcp_ping received 3072 bytes back
Round trip time was 0.180849 milliseconds in repetition 37
tcp_ping received 3072 bytes back
Round trip time was 0.344486 milliseconds in repetition 38
tcp_ping received 3072 bytes back
Round trip time was 0.395962 milliseconds in repetition 39
tcp_ping received 3072 bytes back
Round trip time was 0.25069 milliseconds in repetition 40
tcp_ping received 3072 bytes back
Round trip time was 0.275667 milliseconds in repetition 41
tcp_ping received 3072 bytes back
Round trip time was 0.254857 milliseconds in repetition 42
tcp_ping received 3072 bytes back
Round trip time was 0.246447 milliseconds in repetition 43
tcp_ping received 3072 bytes back
Round trip time was 0.32 milliseconds in repetition 44
tcp_ping received 3072 bytes back
Round trip time was 0.307106 milliseconds in repetition 45
tcp_ping received 3072 bytes back
Round trip time was 0.229871 milliseconds in repetition 46
tcp_ping received 3072 bytes back
Round trip time was 0.246211 milliseconds in repetition 47
tcp_ping received 3072 bytes back
Round trip time was 0.225673 milliseconds in repetition 48
tcp_ping received 3072 bytes back
Round trip time was 0.209272 milliseconds in repetition 49
tcp_ping received 3072 bytes back
Round trip time was 0.262441 milliseconds in repetition 50
tcp_ping received 3072 bytes back
Round trip time was 0.248786 milliseconds in repetition 51
tcp_ping received 3072 bytes back
Round trip time was 0.236133 milliseconds in repetition 52
tcp_ping received 3072 bytes back
Round trip time was 0.226834 milliseconds in repetition 53
tcp_ping received 3072 bytes back
Round trip time was 0.238486 milliseconds in repetition 54
tcp_ping received 3072 bytes back
Round trip time was 0.259086 milliseconds in repetition 55
tcp_ping received 3072 bytes back
Round trip time was 0.227116 milliseconds in repetition 56
tcp_ping received 3072 bytes back
Round trip time was 0.224611 milliseconds in repetition 57
tcp_ping received 3072 bytes back
Round trip time was 0.223529 milliseconds in repetition 58
tcp_ping received 3072 bytes back
Round trip time was 1.38867 milliseconds in repetition 59
tcp_ping received 3072 bytes back
Round trip time was 0.246512 milliseconds in repetition 60
tcp_ping received 3072 bytes back
Round trip time was 0.11739 milliseconds in repetition 61
tcp_ping received 3072 bytes back
Round trip time was 0.110237 milliseconds in repetition 62
tcp_ping received 3072 bytes back
Round trip time was 0.107511 milliseconds in repetition 63
tcp_ping received 3072 bytes back
Round trip time was 0.164819 milliseconds in repetition 64
tcp_ping received 3072 bytes back
Round trip time was 0.102161 milliseconds in repetition 65
tcp_ping received 3072 bytes back
Round trip time was 0.102162 milliseconds in repetition 66
tcp_ping received 3072 bytes back
Round trip time was 0.105518 milliseconds in repetition 67
tcp_ping received 3072 bytes back
Round trip time was 0.107361 milliseconds in repetition 68
tcp_ping received 3072 bytes back
Round trip time was 0.105608 milliseconds in repetition 69
tcp_ping received 3072 bytes back
Round trip time was 0.104676 milliseconds in repetition 70
tcp_ping received 3072 bytes back
Round trip time was 0.104406 milliseconds in repetition 71
tcp_ping received 3072 bytes back
Round trip time was 0.14435 milliseconds in repetition 72
tcp_ping received 3072 bytes back
Round trip time was 0.109395 milliseconds in repetition 73
tcp_ping received 3072 bytes back
Round trip time was 0.103453 milliseconds in repetition 74
tcp_ping received 3072 bytes back
Round trip time was 0.10153 milliseconds in repetition 75
tcp_ping received 3072 bytes back
Round trip time was 0.098765 milliseconds in repetition 76
tcp_ping received 3072 bytes back
Round trip time was 0.097723 milliseconds in repetition 77
tcp_ping received 3072 bytes back
Round trip time was 0.099225 milliseconds in repetition 78
tcp_ping received 3072 bytes back
Round trip time was 0.099076 milliseconds in repetition 79
tcp_ping received 3072 bytes back
Round trip time was 0.108763 milliseconds in repetition 80
tcp_ping received 3072 bytes back
Round trip time was 0.152646 milliseconds in repetition 81
tcp_ping received 3072 bytes back
Round trip time was 0.109164 milliseconds in repetition 82
tcp_ping received 3072 bytes back
Round trip time was 0.099947 milliseconds in repetition 83
tcp_ping received 3072 bytes back
Round trip time was 0.103123 milliseconds in repetition 84
tcp_ping received 3072 bytes back
Round trip time was 0.101341 milliseconds in repetition 85
tcp_ping received 3072 bytes back
Round trip time was 0.100249 milliseconds in repetition 86
tcp_ping received 3072 bytes back
Round trip time was 0.093847 milliseconds in repetition 87
tcp_ping received 3072 bytes back
Round trip time was 0.229611 milliseconds in repetition 88
tcp_ping received 3072 bytes back
Round trip time was 0.120736 milliseconds in repetition 89
tcp_ping received 3072 bytes back
Round trip time was 0.102622 milliseconds in repetition 90
tcp_ping received 3072 bytes back
Round trip time was 0.103463 milliseconds in repetition 91
tcp_ping received 3072 bytes back
Round trip time was 0.10168 milliseconds in repetition 92
tcp_ping received 3072 bytes back
Round trip time was 0.098374 milliseconds in repetition 93
tcp_ping received 3072 bytes back
Round trip time was 0.173295 milliseconds in repetition 94
tcp_ping received 3072 bytes back
Round trip time was 0.134171 milliseconds in repetition 95
tcp_ping received 3072 bytes back
Round trip time was 0.104236 milliseconds in repetition 96
tcp_ping received 3072 bytes back
Round trip time was 0.096381 milliseconds in repetition 97
tcp_ping received 3072 bytes back
Round trip time was 0.09555 milliseconds in repetition 98
tcp_ping received 3072 bytes back
Round trip time was 0.09567 milliseconds in repetition 99
tcp_ping received 3072 bytes back
Round trip time was 0.095459 milliseconds in repetition 100
tcp_ping received 3072 bytes back
Round trip time was 0.097042 milliseconds in repetition 101
tcp_ping received 3072 bytes back
Round trip time was 0.095308 milliseconds in repetition 102
tcp_ping received 3072 bytes back
Round trip time was 0.095829 milliseconds in repetition 103
tcp_ping received 3072 bytes back
Round trip time was 0.095919 milliseconds in repetition 104
tcp_ping received 3072 bytes back
Round trip time was 0.130305 milliseconds in repetition 105
tcp_ping received 3072 bytes back
Round trip time was 0.097372 milliseconds in repetition 106
tcp_ping received 3072 bytes back
Round trip time was 0.09623 milliseconds in repetition 107
tcp_ping received 3072 bytes back
Round trip time was 0.095859 milliseconds in repetition 108
tcp_ping received 3072 bytes back
Round trip time was 0.095839 milliseconds in repetition 109
tcp_ping received 3072 bytes back
Round trip time was 0.095519 milliseconds in repetition 110
tcp_ping received 3072 bytes back
Round trip time was 0.096751 milliseconds in repetition 111
tcp_ping received 3072 bytes back
Round trip time was 0.095068 milliseconds in repetition 112
tcp_ping received 3072 bytes back
Round trip time was 0.095389 milliseconds in repetition 113
tcp_ping received 3072 bytes back
Round trip time was 0.130394 milliseconds in repetition 114
tcp_ping received 3072 bytes back
Round trip time was 0.097433 milliseconds in repetition 115
tcp_ping received 3072 bytes back
Round trip time was 0.096341 milliseconds in repetition 116
tcp_ping received 3072 bytes back
Round trip time was 0.09598 milliseconds in repetition 117
tcp_ping received 3072 bytes back
Round trip time was 0.095689 milliseconds in repetition 118
tcp_ping received 3072 bytes back
Round trip time was 0.095699 milliseconds in repetition 119
tcp_ping received 3072 bytes back
Round trip time was 0.096261 milliseconds in repetition 120
tcp_ping received 3072 bytes back
Round trip time was 0.096831 milliseconds in repetition 121
tcp_ping received 3072 bytes back
Round trip time was 0.095448 milliseconds in repetition 122
tcp_ping received 3072 bytes back
Round trip time was 0.153056 milliseconds in repetition 123
tcp_ping received 3072 bytes back
Round trip time was 0.107421 milliseconds in repetition 124
tcp_ping received 3072 bytes back
Round trip time was 0.097693 milliseconds in repetition 125
tcp_ping received 3072 bytes back
Round trip time was 0.09601 milliseconds in repetition 126
tcp_ping received 3072 bytes back
Round trip time was 0.09593 milliseconds in repetition 127
tcp_ping received 3072 bytes back
Round trip time was 0.097272 milliseconds in repetition 128
tcp_ping received 3072 bytes back
Round trip time was 0.096521 milliseconds in repetition 129
tcp_ping received 3072 bytes back
Round trip time was 0.095899 milliseconds in repetition 130
tcp_ping received 3072 bytes back
Round trip time was 0.095759 milliseconds in repetition 131
tcp_ping received 3072 bytes back
Round trip time was 0.133701 milliseconds in repetition 132
tcp_ping received 3072 bytes back
Round trip time was 0.098245 milliseconds in repetition 133
tcp_ping received 3072 bytes back
Round trip time was 0.096021 milliseconds in repetition 134
tcp_ping received 3072 bytes back
Round trip time was 0.096801 milliseconds in repetition 135
tcp_ping received 3072 bytes back
Round trip time was 0.095449 milliseconds in repetition 136
tcp_ping received 3072 bytes back
Round trip time was 0.096181 milliseconds in repetition 137
tcp_ping received 3072 bytes back
Round trip time was 0.095429 milliseconds in repetition 138
tcp_ping received 3072 bytes back
Round trip time was 0.095539 milliseconds in repetition 139
tcp_ping received 3072 bytes back
Round trip time was 0.289954 milliseconds in repetition 140
tcp_ping received 3072 bytes back
Round trip time was 0.098815 milliseconds in repetition 141
tcp_ping received 3072 bytes back
Round trip time was 0.096332 milliseconds in repetition 142
tcp_ping received 3072 bytes back
Round trip time was 0.095509 milliseconds in repetition 143
tcp_ping received 3072 bytes back
Round trip time was 0.094879 milliseconds in repetition 144
tcp_ping received 3072 bytes back
Round trip time was 0.09628 milliseconds in repetition 145
tcp_ping received 3072 bytes back
Round trip time was 0.095679 milliseconds in repetition 146
tcp_ping received 3072 bytes back
Round trip time was 0.095588 milliseconds in repetition 147
tcp_ping received 3072 bytes back
Round trip time was 0.095769 milliseconds in repetition 148
tcp_ping received 3072 bytes back
Round trip time was 0.129823 milliseconds in repetition 149
tcp_ping received 3072 bytes back
Round trip time was 0.098084 milliseconds in repetition 150
tcp_ping received 3072 bytes back
Round trip time was 0.09591 milliseconds in repetition 151
tcp_ping received 3072 bytes back
Round trip time was 0.094828 milliseconds in repetition 152
tcp_ping received 3072 bytes back
Round trip time was 0.096381 milliseconds in repetition 153
tcp_ping received 3072 bytes back
Round trip time was 0.093825 milliseconds in repetition 154
tcp_ping received 3072 bytes back
Round trip time was 0.095649 milliseconds in repetition 155
tcp_ping received 3072 bytes back
Round trip time was 0.097493 milliseconds in repetition 156
tcp_ping received 3072 bytes back
Round trip time was 0.094267 milliseconds in repetition 157
tcp_ping received 3072 bytes back
Round trip time was 0.168165 milliseconds in repetition 158
tcp_ping received 3072 bytes back
Round trip time was 0.100158 milliseconds in repetition 159
tcp_ping received 3072 bytes back
Round trip time was 0.099747 milliseconds in repetition 160
tcp_ping received 3072 bytes back
Round trip time was 0.095911 milliseconds in repetition 161
tcp_ping received 3072 bytes back
Round trip time was 0.09539 milliseconds in repetition 162
tcp_ping received 3072 bytes back
Round trip time was 0.096371 milliseconds in repetition 163
tcp_ping received 3072 bytes back
Round trip time was 0.096099 milliseconds in repetition 164
tcp_ping received 3072 bytes back
Round trip time was 0.094888 milliseconds in repetition 165
tcp_ping received 3072 bytes back
Round trip time was 0.095549 milliseconds in repetition 166
tcp_ping received 3072 bytes back
Round trip time was 0.130916 milliseconds in repetition 167
tcp_ping received 3072 bytes back
Round trip time was 0.10102 milliseconds in repetition 168
tcp_ping received 3072 bytes back
Round trip time was 0.095679 milliseconds in repetition 169
tcp_ping received 3072 bytes back
Round trip time was 0.193993 milliseconds in repetition 170
tcp_ping received 3072 bytes back
Round trip time was 0.098725 milliseconds in repetition 171
tcp_ping received 3072 bytes back
Round trip time was 0.09634 milliseconds in repetition 172
tcp_ping received 3072 bytes back
Round trip time was 0.097042 milliseconds in repetition 173
tcp_ping received 3072 bytes back
Round trip time was 0.095869 milliseconds in repetition 174
tcp_ping received 3072 bytes back
Round trip time was 0.135194 milliseconds in repetition 175
tcp_ping received 3072 bytes back
Round trip time was 0.097925 milliseconds in repetition 176
tcp_ping received 3072 bytes back
Round trip time was 0.096841 milliseconds in repetition 177
tcp_ping received 3072 bytes back
Round trip time was 0.095629 milliseconds in repetition 178
tcp_ping received 3072 bytes back
Round trip time was 0.095138 milliseconds in repetition 179
tcp_ping received 3072 bytes back
Round trip time was 0.096631 milliseconds in repetition 180
tcp_ping received 3072 bytes back
Round trip time was 0.095799 milliseconds in repetition 181
tcp_ping received 3072 bytes back
Round trip time was 0.09555 milliseconds in repetition 182
tcp_ping received 3072 bytes back
Round trip time was 0.09614 milliseconds in repetition 183
tcp_ping received 3072 bytes back
Round trip time was 0.129171 milliseconds in repetition 184
tcp_ping received 3072 bytes back
Round trip time was 0.097122 milliseconds in repetition 185
tcp_ping received 3072 bytes back
Round trip time was 0.09559 milliseconds in repetition 186
tcp_ping received 3072 bytes back
Round trip time was 0.096741 milliseconds in repetition 187
tcp_ping received 3072 bytes back
Round trip time was 0.095609 milliseconds in repetition 188
tcp_ping received 3072 bytes back
Round trip time was 0.095578 milliseconds in repetition 189
tcp_ping received 3072 bytes back
Round trip time was 0.095209 milliseconds in repetition 190
tcp_ping received 3072 bytes back
Round trip time was 0.095248 milliseconds in repetition 191
tcp_ping received 3072 bytes back
Round trip time was 0.094998 milliseconds in repetition 192
tcp_ping received 3072 bytes back
Round trip time was 0.09546 milliseconds in repetition 193
tcp_ping received 3072 bytes back
Round trip time was 0.164229 milliseconds in repetition 194
tcp_ping received 3072 bytes back
Round trip time was 0.100508 milliseconds in repetition 195
tcp_ping received 3072 bytes back
Round trip time was 0.100047 milliseconds in repetition 196
tcp_ping received 3072 bytes back
Round trip time was 0.097022 milliseconds in repetition 197
tcp_ping received 3072 bytes back
Round trip time was 0.098204 milliseconds in repetition 198
tcp_ping received 3072 bytes back
Round trip time was 0.099006 milliseconds in repetition 199
tcp_ping received 3072 bytes back
Round trip time was 0.11787 milliseconds in repetition 200
tcp_ping received 3072 bytes back
Round trip time was 0.09557 milliseconds in repetition 201
tcp_ping received 3072 bytes back
Round trip time was 0.148287 milliseconds in repetition 202
tcp_ping received 3072 bytes back
Round trip time was 0.103994 milliseconds in repetition 203
tcp_ping received 3072 bytes back
Round trip time was 0.095639 milliseconds in repetition 204
tcp_ping received 3072 bytes back
Round trip time was 0.09628 milliseconds in repetition 205
tcp_ping received 3072 bytes back
Round trip time was 0.09631 milliseconds in repetition 206
tcp_ping received 3072 bytes back
Round trip time was 0.097102 milliseconds in repetition 207
tcp_ping received 3072 bytes back
Round trip time was 0.097422 milliseconds in repetition 208
tcp_ping received 3072 bytes back
Round trip time was 0.100437 milliseconds in repetition 209
tcp_ping received 3072 bytes back
Round trip time was 0.095239 milliseconds in repetition 210
tcp_ping received 3072 bytes back
Round trip time was 0.20302 milliseconds in repetition 211
tcp_ping received 3072 bytes back
Round trip time was 0.101179 milliseconds in repetition 212
tcp_ping received 3072 bytes back
Round trip time was 0.08511 milliseconds in repetition 213
tcp_ping received 3072 bytes back
Round trip time was 0.083647 milliseconds in repetition 214
tcp_ping received 3072 bytes back
Round trip time was 0.083908 milliseconds in repetition 215
tcp_ping received 3072 bytes back
Round trip time was 0.083926 milliseconds in repetition 216
tcp_ping received 3072 bytes back
Round trip time was 0.083357 milliseconds in repetition 217
tcp_ping received 3072 bytes back
Round trip time was 0.083627 milliseconds in repetition 218
tcp_ping received 3072 bytes back
Round trip time was 0.308849 milliseconds in repetition 219
tcp_ping received 3072 bytes back
Round trip time was 0.105498 milliseconds in repetition 220
tcp_ping received 3072 bytes back
Round trip time was 0.115536 milliseconds in repetition 221
tcp_ping received 3072 bytes back
Round trip time was 0.09082 milliseconds in repetition 222
tcp_ping received 3072 bytes back
Round trip time was 0.084529 milliseconds in repetition 223
tcp_ping received 3072 bytes back
Round trip time was 0.083817 milliseconds in repetition 224
tcp_ping received 3072 bytes back
Round trip time was 0.084078 milliseconds in repetition 225
tcp_ping received 3072 bytes back
Round trip time was 0.083516 milliseconds in repetition 226
tcp_ping received 3072 bytes back
Round trip time was 0.251731 milliseconds in repetition 227
tcp_ping received 3072 bytes back
Round trip time was 0.092193 milliseconds in repetition 228
tcp_ping received 3072 bytes back
Round trip time was 0.084869 milliseconds in repetition 229
tcp_ping received 3072 bytes back
Round trip time was 0.084739 milliseconds in repetition 230
tcp_ping received 3072 bytes back
Round trip time was 0.083697 milliseconds in repetition 231
tcp_ping received 3072 bytes back
Round trip time was 0.084027 milliseconds in repetition 232
tcp_ping received 3072 bytes back
Round trip time was 0.083406 milliseconds in repetition 233
tcp_ping received 3072 bytes back
Round trip time was 0.083607 milliseconds in repetition 234
tcp_ping received 3072 bytes back
Round trip time was 0.091191 milliseconds in repetition 235
tcp_ping received 3072 bytes back
Round trip time was 0.19179 milliseconds in repetition 236
tcp_ping received 3072 bytes back
Round trip time was 0.105818 milliseconds in repetition 237
tcp_ping received 3072 bytes back
Round trip time was 0.097883 milliseconds in repetition 238
tcp_ping received 3072 bytes back
Round trip time was 0.093084 milliseconds in repetition 239
tcp_ping received 3072 bytes back
Round trip time was 0.094698 milliseconds in repetition 240
tcp_ping received 3072 bytes back
Round trip time was 0.097463 milliseconds in repetition 241
tcp_ping received 3072 bytes back
Round trip time was 0.100759 milliseconds in repetition 242
tcp_ping received 3072 bytes back
Round trip time was 0.099215 milliseconds in repetition 243
tcp_ping received 3072 bytes back
Round trip time was 0.144111 milliseconds in repetition 244
tcp_ping received 3072 bytes back
Round trip time was 0.091111 milliseconds in repetition 245
tcp_ping received 3072 bytes back
Round trip time was 0.084137 milliseconds in repetition 246
tcp_ping received 3072 bytes back
Round trip time was 0.084128 milliseconds in repetition 247
tcp_ping received 3072 bytes back
Round trip time was 0.084789 milliseconds in repetition 248
tcp_ping received 3072 bytes back
Round trip time was 0.083898 milliseconds in repetition 249
tcp_ping received 3072 bytes back
Round trip time was 0.083928 milliseconds in repetition 250
tcp_ping received 3072 bytes back
Round trip time was 0.083317 milliseconds in repetition 251
tcp_ping received 3072 bytes back
Round trip time was 0.084648 milliseconds in repetition 252
tcp_ping received 3072 bytes back
Round trip time was 0.083557 milliseconds in repetition 253
tcp_ping received 3072 bytes back
Round trip time was 0.189895 milliseconds in repetition 254
tcp_ping received 3072 bytes back
Round trip time was 0.093656 milliseconds in repetition 255
tcp_ping received 3072 bytes back
Round trip time was 0.144471 milliseconds in repetition 256
tcp_ping received 3072 bytes back
Round trip time was 0.086051 milliseconds in repetition 257
tcp_ping received 3072 bytes back
Round trip time was 0.083808 milliseconds in repetition 258
tcp_ping received 3072 bytes back
Round trip time was 0.083587 milliseconds in repetition 259
tcp_ping received 3072 bytes back
Round trip time was 0.083666 milliseconds in repetition 260
tcp_ping received 3072 bytes back
Round trip time was 0.08497 milliseconds in repetition 261
tcp_ping received 3072 bytes back
Round trip time was 0.083797 milliseconds in repetition 262
tcp_ping received 3072 bytes back
Round trip time was 0.222187 milliseconds in repetition 263
tcp_ping received 3072 bytes back
Round trip time was 0.089909 milliseconds in repetition 264
tcp_ping received 3072 bytes back
Round trip time was 0.084649 milliseconds in repetition 265
tcp_ping received 3072 bytes back
Round trip time was 0.084016 milliseconds in repetition 266
tcp_ping received 3072 bytes back
Round trip time was 0.083928 milliseconds in repetition 267
tcp_ping received 3072 bytes back
Round trip time was 0.083877 milliseconds in repetition 268
tcp_ping received 3072 bytes back
Round trip time was 0.12835 milliseconds in repetition 269
tcp_ping received 3072 bytes back
Round trip time was 0.120646 milliseconds in repetition 270
tcp_ping received 3072 bytes back
Round trip time was 0.088787 milliseconds in repetition 271
tcp_ping received 3072 bytes back
Round trip time was 0.083807 milliseconds in repetition 272
tcp_ping received 3072 bytes back
Round trip time was 0.083928 milliseconds in repetition 273
tcp_ping received 3072 bytes back
Round trip time was 0.083447 milliseconds in repetition 274
tcp_ping received 3072 bytes back
Round trip time was 0.083726 milliseconds in repetition 275
tcp_ping received 3072 bytes back
Round trip time was 0.083837 milliseconds in repetition 276
tcp_ping received 3072 bytes back
Round trip time was 0.083667 milliseconds in repetition 277
tcp_ping received 3072 bytes back
Round trip time was 0.083606 milliseconds in repetition 278
tcp_ping received 3072 bytes back
Round trip time was 0.083427 milliseconds in repetition 279
tcp_ping received 3072 bytes back
Round trip time was 0.099477 milliseconds in repetition 280
tcp_ping received 3072 bytes back
Round trip time was 0.084608 milliseconds in repetition 281
tcp_ping received 3072 bytes back
Round trip time was 0.083637 milliseconds in repetition 282
tcp_ping received 3072 bytes back
Round trip time was 0.083317 milliseconds in repetition 283
tcp_ping received 3072 bytes back
Round trip time was 0.083577 milliseconds in repetition 284
tcp_ping received 3072 bytes back
Round trip time was 0.083807 milliseconds in repetition 285
tcp_ping received 3072 bytes back
Round trip time was 0.083937 milliseconds in repetition 286
tcp_ping received 3072 bytes back
Round trip time was 0.083337 milliseconds in repetition 287
tcp_ping received 3072 bytes back
Round trip time was 0.258344 milliseconds in repetition 288
tcp_ping received 3072 bytes back
Round trip time was 0.092383 milliseconds in repetition 289
tcp_ping received 3072 bytes back
Round trip time was 0.093935 milliseconds in repetition 290
tcp_ping received 3072 bytes back
Round trip time was 0.084488 milliseconds in repetition 291
tcp_ping received 3072 bytes back
Round trip time was 0.083757 milliseconds in repetition 292
tcp_ping received 3072 bytes back
Round trip time was 0.083466 milliseconds in repetition 293
tcp_ping received 3072 bytes back
Round trip time was 0.083446 milliseconds in repetition 294
tcp_ping received 3072 bytes back
Round trip time was 0.083317 milliseconds in repetition 295
tcp_ping received 3072 bytes back
Round trip time was 0.083505 milliseconds in repetition 296
tcp_ping received 3072 bytes back
Round trip time was 0.083596 milliseconds in repetition 297
tcp_ping received 3072 bytes back
Round trip time was 0.083387 milliseconds in repetition 298
tcp_ping received 3072 bytes back
Round trip time was 0.113492 milliseconds in repetition 299
tcp_ping received 3072 bytes back
Round trip time was 0.084749 milliseconds in repetition 300
tcp_ping received 3072 bytes back
Round trip time was 0.083717 milliseconds in repetition 301
tcp_ping received 3072 bytes back
Round trip time was 0.084027 milliseconds in repetition 302
tcp_ping received 3072 bytes back
Round trip time was 0.088275 milliseconds in repetition 303
tcp_ping received 3072 bytes back
Round trip time was 0.088155 milliseconds in repetition 304
tcp_ping received 3072 bytes back
Round trip time was 0.085179 milliseconds in repetition 305
tcp_ping received 3072 bytes back
Round trip time was 0.09051 milliseconds in repetition 306
tcp_ping received 3072 bytes back
Round trip time was 0.084458 milliseconds in repetition 307
tcp_ping received 3072 bytes back
Round trip time was 0.291777 milliseconds in repetition 308
tcp_ping received 3072 bytes back
Round trip time was 0.088347 milliseconds in repetition 309
tcp_ping received 3072 bytes back
Round trip time was 0.084759 milliseconds in repetition 310
tcp_ping received 3072 bytes back
Round trip time was 0.084127 milliseconds in repetition 311
tcp_ping received 3072 bytes back
Round trip time was 0.084999 milliseconds in repetition 312
tcp_ping received 3072 bytes back
Round trip time was 0.084358 milliseconds in repetition 313
tcp_ping received 3072 bytes back
Round trip time was 0.084307 milliseconds in repetition 314
tcp_ping received 3072 bytes back
Round trip time was 0.084158 milliseconds in repetition 315
tcp_ping received 3072 bytes back
Round trip time was 0.113633 milliseconds in repetition 316
tcp_ping received 3072 bytes back
Round trip time was 0.085631 milliseconds in repetition 317
tcp_ping received 3072 bytes back
Round trip time was 0.207089 milliseconds in repetition 318
tcp_ping received 3072 bytes back
Round trip time was 0.086633 milliseconds in repetition 319
tcp_ping received 3072 bytes back
Round trip time was 0.084869 milliseconds in repetition 320
tcp_ping received 3072 bytes back
Round trip time was 0.084718 milliseconds in repetition 321
tcp_ping received 3072 bytes back
Round trip time was 0.084118 milliseconds in repetition 322
tcp_ping received 3072 bytes back
Round trip time was 0.084218 milliseconds in repetition 323
tcp_ping received 3072 bytes back
Round trip time was 0.083696 milliseconds in repetition 324
tcp_ping received 3072 bytes back
Round trip time was 0.083998 milliseconds in repetition 325
tcp_ping received 3072 bytes back
Round trip time was 0.125786 milliseconds in repetition 326
tcp_ping received 3072 bytes back
Round trip time was 0.084479 milliseconds in repetition 327
tcp_ping received 3072 bytes back
Round trip time was 0.084128 milliseconds in repetition 328
tcp_ping received 3072 bytes back
Round trip time was 0.084838 milliseconds in repetition 329
tcp_ping received 3072 bytes back
Round trip time was 0.084237 milliseconds in repetition 330
tcp_ping received 3072 bytes back
Round trip time was 0.086452 milliseconds in repetition 331
tcp_ping received 3072 bytes back
Round trip time was 0.084098 milliseconds in repetition 332
tcp_ping received 3072 bytes back
Round trip time was 0.083807 milliseconds in repetition 333
tcp_ping received 3072 bytes back
Round trip time was 0.383599 milliseconds in repetition 334
tcp_ping received 3072 bytes back
Round trip time was 0.087184 milliseconds in repetition 335
tcp_ping received 3072 bytes back
Round trip time was 0.084188 milliseconds in repetition 336
tcp_ping received 3072 bytes back
Round trip time was 0.084359 milliseconds in repetition 337
tcp_ping received 3072 bytes back
Round trip time was 0.083757 milliseconds in repetition 338
tcp_ping received 3072 bytes back
Round trip time was 0.083597 milliseconds in repetition 339
tcp_ping received 3072 bytes back
Round trip time was 0.083587 milliseconds in repetition 340
tcp_ping received 3072 bytes back
Round trip time was 0.083566 milliseconds in repetition 341
tcp_ping received 3072 bytes back
Round trip time was 0.083536 milliseconds in repetition 342
tcp_ping received 3072 bytes back
Round trip time was 0.083677 milliseconds in repetition 343
tcp_ping received 3072 bytes back
Round trip time was 0.150662 milliseconds in repetition 344
tcp_ping received 3072 bytes back
Round trip time was 0.090319 milliseconds in repetition 345
tcp_ping received 3072 bytes back
Round trip time was 0.084147 milliseconds in repetition 346
tcp_ping received 3072 bytes back
Round trip time was 0.083896 milliseconds in repetition 347
tcp_ping received 3072 bytes back
Round trip time was 0.083557 milliseconds in repetition 348
tcp_ping received 3072 bytes back
Round trip time was 0.083807 milliseconds in repetition 349
tcp_ping received 3072 bytes back
Round trip time was 0.087554 milliseconds in repetition 350
tcp_ping received 3072 bytes back
Round trip time was 0.084077 milliseconds in repetition 351
tcp_ping received 3072 bytes back
Round trip time was 0.083626 milliseconds in repetition 352
tcp_ping received 3072 bytes back
Round trip time was 0.083596 milliseconds in repetition 353
tcp_ping received 3072 bytes back
Round trip time was 0.113122 milliseconds in repetition 354
tcp_ping received 3072 bytes back
Round trip time was 0.084958 milliseconds in repetition 355
tcp_ping received 3072 bytes back
Round trip time was 0.083917 milliseconds in repetition 356
tcp_ping received 3072 bytes back
Round trip time was 0.083636 milliseconds in repetition 357
tcp_ping received 3072 bytes back
Round trip time was 0.083717 milliseconds in repetition 358
tcp_ping received 3072 bytes back
Round trip time was 0.083747 milliseconds in repetition 359
tcp_ping received 3072 bytes back
Round trip time was 0.084018 milliseconds in repetition 360
tcp_ping received 3072 bytes back
Round trip time was 0.083737 milliseconds in repetition 361
tcp_ping received 3072 bytes back
Round trip time was 0.083717 milliseconds in repetition 362
tcp_ping received 3072 bytes back
Round trip time was 0.083587 milliseconds in repetition 363
tcp_ping received 3072 bytes back
Round trip time was 0.108363 milliseconds in repetition 364
tcp_ping received 3072 bytes back
Round trip time was 0.086503 milliseconds in repetition 365
tcp_ping received 3072 bytes back
Round trip time was 0.084178 milliseconds in repetition 366
tcp_ping received 3072 bytes back
Round trip time was 0.083807 milliseconds in repetition 367
tcp_ping received 3072 bytes back
Round trip time was 0.083617 milliseconds in repetition 368
tcp_ping received 3072 bytes back
Round trip time was 0.083888 milliseconds in repetition 369
tcp_ping received 3072 bytes back
Round trip time was 0.083657 milliseconds in repetition 370
tcp_ping received 3072 bytes back
Round trip time was 0.083798 milliseconds in repetition 371
tcp_ping received 3072 bytes back
Round trip time was 0.083617 milliseconds in repetition 372
tcp_ping received 3072 bytes back
Round trip time was 0.083537 milliseconds in repetition 373
tcp_ping received 3072 bytes back
Round trip time was 0.083887 milliseconds in repetition 374
tcp_ping received 3072 bytes back
Round trip time was 0.124945 milliseconds in repetition 375
tcp_ping received 3072 bytes back
Round trip time was 0.08588 milliseconds in repetition 376
tcp_ping received 3072 bytes back
Round trip time was 0.084218 milliseconds in repetition 377
tcp_ping received 3072 bytes back
Round trip time was 0.083687 milliseconds in repetition 378
tcp_ping received 3072 bytes back
Round trip time was 0.083667 milliseconds in repetition 379
tcp_ping received 3072 bytes back
Round trip time was 0.083707 milliseconds in repetition 380
tcp_ping received 3072 bytes back
Round trip time was 0.083637 milliseconds in repetition 381
tcp_ping received 3072 bytes back
Round trip time was 0.083687 milliseconds in repetition 382
tcp_ping received 3072 bytes back
Round trip time was 0.083927 milliseconds in repetition 383
tcp_ping received 3072 bytes back
Round trip time was 0.083758 milliseconds in repetition 384
tcp_ping received 3072 bytes back
Round trip time was 0.083647 milliseconds in repetition 385
tcp_ping received 3072 bytes back
Round trip time was 0.144571 milliseconds in repetition 386
tcp_ping received 3072 bytes back
Round trip time was 0.085911 milliseconds in repetition 387
tcp_ping received 3072 bytes back
Round trip time was 0.084428 milliseconds in repetition 388
tcp_ping received 3072 bytes back
Round trip time was 0.083687 milliseconds in repetition 389
tcp_ping received 3072 bytes back
Round trip time was 0.083837 milliseconds in repetition 390
tcp_ping received 3072 bytes back
Round trip time was 0.083637 milliseconds in repetition 391
tcp_ping received 3072 bytes back
Round trip time was 0.083687 milliseconds in repetition 392
tcp_ping received 3072 bytes back
Round trip time was 0.087695 milliseconds in repetition 393
tcp_ping received 3072 bytes back
Round trip time was 0.084549 milliseconds in repetition 394
tcp_ping received 3072 bytes back
Round trip time was 0.083877 milliseconds in repetition 395
tcp_ping received 3072 bytes back
Round trip time was 0.1332 milliseconds in repetition 396
tcp_ping received 3072 bytes back
Round trip time was 0.085881 milliseconds in repetition 397
tcp_ping received 3072 bytes back
Round trip time was 0.084028 milliseconds in repetition 398
tcp_ping received 3072 bytes back
Round trip time was 0.083577 milliseconds in repetition 399
tcp_ping received 3072 bytes back
Round trip time was 0.083666 milliseconds in repetition 400
tcp_ping received 3072 bytes back
Round trip time was 0.083657 milliseconds in repetition 401
tcp_ping received 3072 bytes back
Round trip time was 0.083727 milliseconds in repetition 402
tcp_ping received 3072 bytes back
Round trip time was 0.084407 milliseconds in repetition 403
tcp_ping received 3072 bytes back
Round trip time was 0.083937 milliseconds in repetition 404
tcp_ping received 3072 bytes back
Round trip time was 0.083988 milliseconds in repetition 405
tcp_ping received 3072 bytes back
Round trip time was 0.083657 milliseconds in repetition 406
tcp_ping received 3072 bytes back
Round trip time was 0.113853 milliseconds in repetition 407
tcp_ping received 3072 bytes back
Round trip time was 0.084929 milliseconds in repetition 408
tcp_ping received 3072 bytes back
Round trip time was 0.084088 milliseconds in repetition 409
tcp_ping received 3072 bytes back
Round trip time was 0.083877 milliseconds in repetition 410
tcp_ping received 3072 bytes back
Round trip time was 0.083797 milliseconds in repetition 411
tcp_ping received 3072 bytes back
Round trip time was 0.083676 milliseconds in repetition 412
tcp_ping received 3072 bytes back
Round trip time was 0.083647 milliseconds in repetition 413
tcp_ping received 3072 bytes back
Round trip time was 0.083627 milliseconds in repetition 414
tcp_ping received 3072 bytes back
Round trip time was 0.083687 milliseconds in repetition 415
tcp_ping received 3072 bytes back
Round trip time was 0.083647 milliseconds in repetition 416
tcp_ping received 3072 bytes back
Round trip time was 0.12288 milliseconds in repetition 417
tcp_ping received 3072 bytes back
Round trip time was 0.086532 milliseconds in repetition 418
tcp_ping received 3072 bytes back
Round trip time was 0.083897 milliseconds in repetition 419
tcp_ping received 3072 bytes back
Round trip time was 0.083666 milliseconds in repetition 420
tcp_ping received 3072 bytes back
Round trip time was 0.083597 milliseconds in repetition 421
tcp_ping received 3072 bytes back
Round trip time was 0.083747 milliseconds in repetition 422
tcp_ping received 3072 bytes back
Round trip time was 0.083577 milliseconds in repetition 423
tcp_ping received 3072 bytes back
Round trip time was 0.083597 milliseconds in repetition 424
tcp_ping received 3072 bytes back
Round trip time was 0.083927 milliseconds in repetition 425
tcp_ping received 3072 bytes back
Round trip time was 0.083617 milliseconds in repetition 426
tcp_ping received 3072 bytes back
Round trip time was 0.083847 milliseconds in repetition 427
tcp_ping received 3072 bytes back
Round trip time was 0.13295 milliseconds in repetition 428
tcp_ping received 3072 bytes back
Round trip time was 0.08579 milliseconds in repetition 429
tcp_ping received 3072 bytes back
Round trip time was 0.084187 milliseconds in repetition 430
tcp_ping received 3072 bytes back
Round trip time was 0.083977 milliseconds in repetition 431
tcp_ping received 3072 bytes back
Round trip time was 0.083606 milliseconds in repetition 432
tcp_ping received 3072 bytes back
Round trip time was 0.083607 milliseconds in repetition 433
tcp_ping received 3072 bytes back
Round trip time was 0.083797 milliseconds in repetition 434
tcp_ping received 3072 bytes back
Round trip time was 0.083537 milliseconds in repetition 435
tcp_ping received 3072 bytes back
Round trip time was 0.083627 milliseconds in repetition 436
tcp_ping received 3072 bytes back
Round trip time was 0.089237 milliseconds in repetition 437
tcp_ping received 3072 bytes back
Round trip time was 0.116929 milliseconds in repetition 438
tcp_ping received 3072 bytes back
Round trip time was 0.085429 milliseconds in repetition 439
tcp_ping received 3072 bytes back
Round trip time was 0.083847 milliseconds in repetition 440
tcp_ping received 3072 bytes back
Round trip time was 0.084047 milliseconds in repetition 441
tcp_ping received 3072 bytes back
Round trip time was 0.083506 milliseconds in repetition 442
tcp_ping received 3072 bytes back
Round trip time was 0.083748 milliseconds in repetition 443
tcp_ping received 3072 bytes back
Round trip time was 0.083486 milliseconds in repetition 444
tcp_ping received 3072 bytes back
Round trip time was 0.083567 milliseconds in repetition 445
tcp_ping received 3072 bytes back
Round trip time was 0.083657 milliseconds in repetition 446
tcp_ping received 3072 bytes back
Round trip time was 0.083567 milliseconds in repetition 447
tcp_ping received 3072 bytes back
Round trip time was 0.083537 milliseconds in repetition 448
tcp_ping received 3072 bytes back
Round trip time was 0.124684 milliseconds in repetition 449
tcp_ping received 3072 bytes back
Round trip time was 0.08536 milliseconds in repetition 450
tcp_ping received 3072 bytes back
Round trip time was 0.083767 milliseconds in repetition 451
tcp_ping received 3072 bytes back
Round trip time was 0.083817 milliseconds in repetition 452
tcp_ping received 3072 bytes back
Round trip time was 0.083667 milliseconds in repetition 453
tcp_ping received 3072 bytes back
Round trip time was 0.083606 milliseconds in repetition 454
tcp_ping received 3072 bytes back
Round trip time was 0.083587 milliseconds in repetition 455
tcp_ping received 3072 bytes back
Round trip time was 0.083427 milliseconds in repetition 456
tcp_ping received 3072 bytes back
Round trip time was 0.214572 milliseconds in repetition 457
tcp_ping received 3072 bytes back
Round trip time was 0.144351 milliseconds in repetition 458
tcp_ping received 3072 bytes back
Round trip time was 0.089277 milliseconds in repetition 459
tcp_ping received 3072 bytes back
Round trip time was 0.084459 milliseconds in repetition 460
tcp_ping received 3072 bytes back
Round trip time was 0.083847 milliseconds in repetition 461
tcp_ping received 3072 bytes back
Round trip time was 0.083546 milliseconds in repetition 462
tcp_ping received 3072 bytes back
Round trip time was 0.083415 milliseconds in repetition 463
tcp_ping received 3072 bytes back
Round trip time was 0.083587 milliseconds in repetition 464
tcp_ping received 3072 bytes back
Round trip time was 0.083557 milliseconds in repetition 465
tcp_ping received 3072 bytes back
Round trip time was 0.083216 milliseconds in repetition 466
tcp_ping received 3072 bytes back
Round trip time was 0.083526 milliseconds in repetition 467
tcp_ping received 3072 bytes back
Round trip time was 0.160671 milliseconds in repetition 468
tcp_ping received 3072 bytes back
Round trip time was 0.086181 milliseconds in repetition 469
tcp_ping received 3072 bytes back
Round trip time was 0.084118 milliseconds in repetition 470
tcp_ping received 3072 bytes back
Round trip time was 0.084578 milliseconds in repetition 471
tcp_ping received 3072 bytes back
Round trip time was 0.083616 milliseconds in repetition 472
tcp_ping received 3072 bytes back
Round trip time was 0.083827 milliseconds in repetition 473
tcp_ping received 3072 bytes back
Round trip time was 0.083556 milliseconds in repetition 474
tcp_ping received 3072 bytes back
Round trip time was 0.083758 milliseconds in repetition 475
tcp_ping received 3072 bytes back
Round trip time was 0.083385 milliseconds in repetition 476
tcp_ping received 3072 bytes back
Round trip time was 0.083507 milliseconds in repetition 477
tcp_ping received 3072 bytes back
Round trip time was 0.083357 milliseconds in repetition 478
tcp_ping received 3072 bytes back
Round trip time was 0.147608 milliseconds in repetition 479
tcp_ping received 3072 bytes back
Round trip time was 0.118051 milliseconds in repetition 480
tcp_ping received 3072 bytes back
Round trip time was 0.094718 milliseconds in repetition 481
tcp_ping received 3072 bytes back
Round trip time was 0.084828 milliseconds in repetition 482
tcp_ping received 3072 bytes back
Round trip time was 0.083927 milliseconds in repetition 483
tcp_ping received 3072 bytes back
Round trip time was 0.083596 milliseconds in repetition 484
tcp_ping received 3072 bytes back
Round trip time was 0.084297 milliseconds in repetition 485
tcp_ping received 3072 bytes back
Round trip time was 0.083567 milliseconds in repetition 486
tcp_ping received 3072 bytes back
Round trip time was 0.117581 milliseconds in repetition 487
tcp_ping received 3072 bytes back
Round trip time was 0.08517 milliseconds in repetition 488
tcp_ping received 3072 bytes back
Round trip time was 0.083847 milliseconds in repetition 489
tcp_ping received 3072 bytes back
Round trip time was 0.083987 milliseconds in repetition 490
tcp_ping received 3072 bytes back
Round trip time was 0.393077 milliseconds in repetition 491
tcp_ping received 3072 bytes back
Round trip time was 0.087244 milliseconds in repetition 492
tcp_ping received 3072 bytes back
Round trip time was 0.084107 milliseconds in repetition 493
tcp_ping received 3072 bytes back
Round trip time was 0.152115 milliseconds in repetition 494
tcp_ping received 3072 bytes back
Round trip time was 0.085391 milliseconds in repetition 495
tcp_ping received 3072 bytes back
Round trip time was 0.083947 milliseconds in repetition 496
tcp_ping received 3072 bytes back
Round trip time was 0.083587 milliseconds in repetition 497
tcp_ping received 3072 bytes back
Round trip time was 0.083738 milliseconds in repetition 498
tcp_ping received 3072 bytes back
Round trip time was 0.084228 milliseconds in repetition 499
tcp_ping received 3072 bytes back
Round trip time was 0.083637 milliseconds in repetition 500
tcp_ping received 3072 bytes back
Round trip time was 0.083447 milliseconds in repetition 501

 ... clock resolution was 1e-06
TCP Ping:  Statistics over 501 repetitions of 3072 byte messages

RTT : percentile 10: 0.083597, median: 0.094879, percentile 90: 0.226174, average: 0.136179, variance: 0.0839496

RTT histogram:
0.0832155 435
0.339652 63
0.596088 0
0.852524 0
1.10896 0
1.3654 1
1.62183 0
1.87827 0
2.13471 0
2.39114 0
2.64758 0
2.90401 0
3.16045 0
3.41689 0
3.67332 1
3.92976 0
4.18619 0
4.44263 0
4.69907 0
4.9555 0
5.21194 1

   median Throughput : 64756.2 KB/s   overall Throughput : 45117 KB/s

