TCP Ping trying to connect to server localhost (127.0.0.1) on port 1491
 ... connected to Pong server: asking for 501 repetitions of 48 bytes TCP messages
 ... Pong server agreed :-)
tcp_ping received 48 bytes back
Round trip time was 2.47431 milliseconds in repetition 1
tcp_ping received 48 bytes back
Round trip time was 0.635591 milliseconds in repetition 2
tcp_ping received 48 bytes back
Round trip time was 0.243046 milliseconds in repetition 3
tcp_ping received 48 bytes back
Round trip time was 0.97073 milliseconds in repetition 4
tcp_ping received 48 bytes back
Round trip time was 1.61423 milliseconds in repetition 5
tcp_ping received 48 bytes back
Round trip time was 0.205596 milliseconds in repetition 6
tcp_ping received 48 bytes back
Round trip time was 0.164107 milliseconds in repetition 7
tcp_ping received 48 bytes back
Round trip time was 0.154494 milliseconds in repetition 8
tcp_ping received 48 bytes back
Round trip time was 0.182081 milliseconds in repetition 9
tcp_ping received 48 bytes back
Round trip time was 1.89626 milliseconds in repetition 10
tcp_ping received 48 bytes back
Round trip time was 0.167514 milliseconds in repetition 11
tcp_ping received 48 bytes back
Round trip time was 1.79516 milliseconds in repetition 12
tcp_ping received 48 bytes back
Round trip time was 0.337403 milliseconds in repetition 13
tcp_ping received 48 bytes back
Round trip time was 0.316954 milliseconds in repetition 14
tcp_ping received 48 bytes back
Round trip time was 0.154129 milliseconds in repetition 15
tcp_ping received 48 bytes back
Round trip time was 0.168045 milliseconds in repetition 16
tcp_ping received 48 bytes back
Round trip time was 0.176671 milliseconds in repetition 17
tcp_ping received 48 bytes back
Round trip time was 0.194635 milliseconds in repetition 18
tcp_ping received 48 bytes back
Round trip time was 0.180688 milliseconds in repetition 19
tcp_ping received 48 bytes back
Round trip time was 0.205155 milliseconds in repetition 20
tcp_ping received 48 bytes back
Round trip time was 0.184416 milliseconds in repetition 21
tcp_ping received 48 bytes back
Round trip time was 0.148709 milliseconds in repetition 22
tcp_ping received 48 bytes back
Round trip time was 0.157355 milliseconds in repetition 23
tcp_ping received 48 bytes back
Round trip time was 0.163186 milliseconds in repetition 24
tcp_ping received 48 bytes back
Round trip time was 0.157065 milliseconds in repetition 25
tcp_ping received 48 bytes back
Round trip time was 0.16057 milliseconds in repetition 26
tcp_ping received 48 bytes back
Round trip time was 0.311975 milliseconds in repetition 27
tcp_ping received 48 bytes back
Round trip time was 0.421561 milliseconds in repetition 28
tcp_ping received 48 bytes back
Round trip time was 0.17632 milliseconds in repetition 29
tcp_ping received 48 bytes back
Round trip time was 0.125215 milliseconds in repetition 30
tcp_ping received 48 bytes back
Round trip time was 0.147607 milliseconds in repetition 31
tcp_ping received 48 bytes back
Round trip time was 0.155641 milliseconds in repetition 32
tcp_ping received 48 bytes back
Round trip time was 0.116428 milliseconds in repetition 33
tcp_ping received 48 bytes back
Round trip time was 0.111579 milliseconds in repetition 34
tcp_ping received 48 bytes back
Round trip time was 0.110297 milliseconds in repetition 35
tcp_ping received 48 bytes back
Round trip time was 0.109625 milliseconds in repetition 36
tcp_ping received 48 bytes back
Round trip time was 0.109636 milliseconds in repetition 37
tcp_ping received 48 bytes back
Round trip time was 0.147756 milliseconds in repetition 38
tcp_ping received 48 bytes back
Round trip time was 0.140495 milliseconds in repetition 39
tcp_ping received 48 bytes back
Round trip time was 0.153769 milliseconds in repetition 40
tcp_ping received 48 bytes back
Round trip time was 0.085861 milliseconds in repetition 41
tcp_ping received 48 bytes back
Round trip time was 0.118762 milliseconds in repetition 42
tcp_ping received 48 bytes back
Round trip time was 0.112691 milliseconds in repetition 43
tcp_ping received 48 bytes back
Round trip time was 0.093635 milliseconds in repetition 44
tcp_ping received 48 bytes back
Round trip time was 0.120897 milliseconds in repetition 45
tcp_ping received 48 bytes back
Round trip time was 0.126827 milliseconds in repetition 46
tcp_ping received 48 bytes back
Round trip time was 0.124825 milliseconds in repetition 47
tcp_ping received 48 bytes back
Round trip time was 0.123632 milliseconds in repetition 48
tcp_ping received 48 bytes back
Round trip time was 0.124663 milliseconds in repetition 49
tcp_ping received 48 bytes back
Round trip time was 0.124764 milliseconds in repetition 50
tcp_ping received 48 bytes back
Round trip time was 0.125695 milliseconds in repetition 51
tcp_ping received 48 bytes back
Round trip time was 0.13848 milliseconds in repetition 52
tcp_ping received 48 bytes back
Round trip time was 0.108454 milliseconds in repetition 53
tcp_ping received 48 bytes back
Round trip time was 2.88118 milliseconds in repetition 54
tcp_ping received 48 bytes back
Round trip time was 0.036678 milliseconds in repetition 55
tcp_ping received 48 bytes back
Round trip time was 0.03182 milliseconds in repetition 56
tcp_ping received 48 bytes back
Round trip time was 0.031419 milliseconds in repetition 57
tcp_ping received 48 bytes back
Round trip time was 0.031329 milliseconds in repetition 58
tcp_ping received 48 bytes back
Round trip time was 0.031609 milliseconds in repetition 59
tcp_ping received 48 bytes back
Round trip time was 0.031119 milliseconds in repetition 60
tcp_ping received 48 bytes back
Round trip time was 0.030919 milliseconds in repetition 61
tcp_ping received 48 bytes back
Round trip time was 0.030848 milliseconds in repetition 62
tcp_ping received 48 bytes back
Round trip time was 0.030777 milliseconds in repetition 63
tcp_ping received 48 bytes back
Round trip time was 0.030798 milliseconds in repetition 64
tcp_ping received 48 bytes back
Round trip time was 0.030798 milliseconds in repetition 65
tcp_ping received 48 bytes back
Round trip time was 0.030727 milliseconds in repetition 66
tcp_ping received 48 bytes back
Round trip time was 0.030958 milliseconds in repetition 67
tcp_ping received 48 bytes back
Round trip time was 0.030748 milliseconds in repetition 68
tcp_ping received 48 bytes back
Round trip time was 0.030638 milliseconds in repetition 69
tcp_ping received 48 bytes back
Round trip time was 0.030818 milliseconds in repetition 70
tcp_ping received 48 bytes back
Round trip time was 0.030667 milliseconds in repetition 71
tcp_ping received 48 bytes back
Round trip time was 0.030688 milliseconds in repetition 72
tcp_ping received 48 bytes back
Round trip time was 0.030588 milliseconds in repetition 73
tcp_ping received 48 bytes back
Round trip time was 0.030678 milliseconds in repetition 74
tcp_ping received 48 bytes back
Round trip time was 0.060314 milliseconds in repetition 75
tcp_ping received 48 bytes back
Round trip time was 0.043612 milliseconds in repetition 76
tcp_ping received 48 bytes back
Round trip time was 0.030998 milliseconds in repetition 77
tcp_ping received 48 bytes back
Round trip time was 0.030868 milliseconds in repetition 78
tcp_ping received 48 bytes back
Round trip time was 0.030858 milliseconds in repetition 79
tcp_ping received 48 bytes back
Round trip time was 0.030717 milliseconds in repetition 80
tcp_ping received 48 bytes back
Round trip time was 0.031018 milliseconds in repetition 81
tcp_ping received 48 bytes back
Round trip time was 0.031009 milliseconds in repetition 82
tcp_ping received 48 bytes back
Round trip time was 0.030737 milliseconds in repetition 83
tcp_ping received 48 bytes back
Round trip time was 0.030858 milliseconds in repetition 84
tcp_ping received 48 bytes back
Round trip time was 0.030557 milliseconds in repetition 85
tcp_ping received 48 bytes back
Round trip time was 0.030788 milliseconds in repetition 86
tcp_ping received 48 bytes back
Round trip time was 0.031247 milliseconds in repetition 87
tcp_ping received 48 bytes back
Round trip time was 0.030668 milliseconds in repetition 88
tcp_ping received 48 bytes back
Round trip time was 0.030568 milliseconds in repetition 89
tcp_ping received 48 bytes back
Round trip time was 0.036398 milliseconds in repetition 90
tcp_ping received 48 bytes back
Round trip time was 0.031098 milliseconds in repetition 91
tcp_ping received 48 bytes back
Round trip time was 0.030928 milliseconds in repetition 92
tcp_ping received 48 bytes back
Round trip time was 0.030868 milliseconds in repetition 93
tcp_ping received 48 bytes back
Round trip time was 0.030988 milliseconds in repetition 94
tcp_ping received 48 bytes back
Round trip time was 0.030908 milliseconds in repetition 95
tcp_ping received 48 bytes back
Round trip time was 0.030958 milliseconds in repetition 96
tcp_ping received 48 bytes back
Round trip time was 0.02709 milliseconds in repetition 97
tcp_ping received 48 bytes back
Round trip time was 0.022121 milliseconds in repetition 98
tcp_ping received 48 bytes back
Round trip time was 0.022232 milliseconds in repetition 99
tcp_ping received 48 bytes back
Round trip time was 0.050074 milliseconds in repetition 100
tcp_ping received 48 bytes back
Round trip time was 0.023283 milliseconds in repetition 101
tcp_ping received 48 bytes back
Round trip time was 0.022121 milliseconds in repetition 102
tcp_ping received 48 bytes back
Round trip time was 0.02196 milliseconds in repetition 103
tcp_ping received 48 bytes back
Round trip time was 0.02201 milliseconds in repetition 104
tcp_ping received 48 bytes back
Round trip time was 0.02186 milliseconds in repetition 105
tcp_ping received 48 bytes back
Round trip time was 0.0219 milliseconds in repetition 106
tcp_ping received 48 bytes back
Round trip time was 0.022102 milliseconds in repetition 107
tcp_ping received 48 bytes back
Round trip time was 0.022002 milliseconds in repetition 108
tcp_ping received 48 bytes back
Round trip time was 0.021922 milliseconds in repetition 109
tcp_ping received 48 bytes back
Round trip time was 0.022022 milliseconds in repetition 110
tcp_ping received 48 bytes back
Round trip time was 0.021871 milliseconds in repetition 111
tcp_ping received 48 bytes back
Round trip time was 0.021831 milliseconds in repetition 112
tcp_ping received 48 bytes back
Round trip time was 0.02177 milliseconds in repetition 113
tcp_ping received 48 bytes back
Round trip time was 0.022001 milliseconds in repetition 114
tcp_ping received 48 bytes back
Round trip time was 0.02195 milliseconds in repetition 115
tcp_ping received 48 bytes back
Round trip time was 0.021901 milliseconds in repetition 116
tcp_ping received 48 bytes back
Round trip time was 0.02193 milliseconds in repetition 117
tcp_ping received 48 bytes back
Round trip time was 0.02189 milliseconds in repetition 118
tcp_ping received 48 bytes back
Round trip time was 0.022223 milliseconds in repetition 119
tcp_ping received 48 bytes back
Round trip time was 0.021941 milliseconds in repetition 120
tcp_ping received 48 bytes back
Round trip time was 0.021962 milliseconds in repetition 121
tcp_ping received 48 bytes back
Round trip time was 0.021911 milliseconds in repetition 122
tcp_ping received 48 bytes back
Round trip time was 0.021951 milliseconds in repetition 123
tcp_ping received 48 bytes back
Round trip time was 0.021972 milliseconds in repetition 124
tcp_ping received 48 bytes back
Round trip time was 0.021882 milliseconds in repetition 125
tcp_ping received 48 bytes back
Round trip time was 0.021892 milliseconds in repetition 126
tcp_ping received 48 bytes back
Round trip time was 0.022142 milliseconds in repetition 127
tcp_ping received 48 bytes back
Round trip time was 0.022082 milliseconds in repetition 128
tcp_ping received 48 bytes back
Round trip time was 0.02196 milliseconds in repetition 129
tcp_ping received 48 bytes back
Round trip time was 0.02193 milliseconds in repetition 130
tcp_ping received 48 bytes back
Round trip time was 0.02186 milliseconds in repetition 131
tcp_ping received 48 bytes back
Round trip time was 0.021861 milliseconds in repetition 132
tcp_ping received 48 bytes back
Round trip time was 0.021981 milliseconds in repetition 133
tcp_ping received 48 bytes back
Round trip time was 0.022082 milliseconds in repetition 134
tcp_ping received 48 bytes back
Round trip time was 0.050745 milliseconds in repetition 135
tcp_ping received 48 bytes back
Round trip time was 0.02639 milliseconds in repetition 136
tcp_ping received 48 bytes back
Round trip time was 0.022262 milliseconds in repetition 137
tcp_ping received 48 bytes back
Round trip time was 0.022021 milliseconds in repetition 138
tcp_ping received 48 bytes back
Round trip time was 0.022022 milliseconds in repetition 139
tcp_ping received 48 bytes back
Round trip time was 0.022051 milliseconds in repetition 140
tcp_ping received 48 bytes back
Round trip time was 0.02194 milliseconds in repetition 141
tcp_ping received 48 bytes back
Round trip time was 0.02185 milliseconds in repetition 142
tcp_ping received 48 bytes back
Round trip time was 0.022051 milliseconds in repetition 143
tcp_ping received 48 bytes back
Round trip time was 0.02194 milliseconds in repetition 144
tcp_ping received 48 bytes back
Round trip time was 0.021841 milliseconds in repetition 145
tcp_ping received 48 bytes back
Round trip time was 0.021852 milliseconds in repetition 146
tcp_ping received 48 bytes back
Round trip time was 0.021951 milliseconds in repetition 147
tcp_ping received 48 bytes back
Round trip time was 0.021841 milliseconds in repetition 148
tcp_ping received 48 bytes back
Round trip time was 0.02187 milliseconds in repetition 149
tcp_ping received 48 bytes back
Round trip time was 0.021811 milliseconds in repetition 150
tcp_ping received 48 bytes back
Round trip time was 0.021992 milliseconds in repetition 151
tcp_ping received 48 bytes back
Round trip time was 0.021822 milliseconds in repetition 152
tcp_ping received 48 bytes back
Round trip time was 0.021971 milliseconds in repetition 153
tcp_ping received 48 bytes back
Round trip time was 0.021951 milliseconds in repetition 154
tcp_ping received 48 bytes back
Round trip time was 0.021901 milliseconds in repetition 155
tcp_ping received 48 bytes back
Round trip time was 0.02182 milliseconds in repetition 156
tcp_ping received 48 bytes back
Round trip time was 0.022343 milliseconds in repetition 157
tcp_ping received 48 bytes back
Round trip time was 0.021972 milliseconds in repetition 158
tcp_ping received 48 bytes back
Round trip time was 0.02183 milliseconds in repetition 159
tcp_ping received 48 bytes back
Round trip time was 0.021872 milliseconds in repetition 160
tcp_ping received 48 bytes back
Round trip time was 0.021982 milliseconds in repetition 161
tcp_ping received 48 bytes back
Round trip time was 0.0218 milliseconds in repetition 162
tcp_ping received 48 bytes back
Round trip time was 0.021871 milliseconds in repetition 163
tcp_ping received 48 bytes back
Round trip time was 0.021911 milliseconds in repetition 164
tcp_ping received 48 bytes back
Round trip time was 0.021831 milliseconds in repetition 165
tcp_ping received 48 bytes back
Round trip time was 0.022042 milliseconds in repetition 166
tcp_ping received 48 bytes back
Round trip time was 0.022151 milliseconds in repetition 167
tcp_ping received 48 bytes back
Round trip time was 0.022232 milliseconds in repetition 168
tcp_ping received 48 bytes back
Round trip time was 0.022071 milliseconds in repetition 169
tcp_ping received 48 bytes back
Round trip time was 0.021801 milliseconds in repetition 170
tcp_ping received 48 bytes back
Round trip time was 0.02191 milliseconds in repetition 171
tcp_ping received 48 bytes back
Round trip time was 0.04805 milliseconds in repetition 172
tcp_ping received 48 bytes back
Round trip time was 0.022332 milliseconds in repetition 173
tcp_ping received 48 bytes back
Round trip time was 0.022102 milliseconds in repetition 174
tcp_ping received 48 bytes back
Round trip time was 0.022031 milliseconds in repetition 175
tcp_ping received 48 bytes back
Round trip time was 0.021972 milliseconds in repetition 176
tcp_ping received 48 bytes back
Round trip time was 0.02188 milliseconds in repetition 177
tcp_ping received 48 bytes back
Round trip time was 0.022042 milliseconds in repetition 178
tcp_ping received 48 bytes back
Round trip time was 0.025659 milliseconds in repetition 179
tcp_ping received 48 bytes back
Round trip time was 0.021912 milliseconds in repetition 180
tcp_ping received 48 bytes back
Round trip time was 0.021841 milliseconds in repetition 181
tcp_ping received 48 bytes back
Round trip time was 0.02191 milliseconds in repetition 182
tcp_ping received 48 bytes back
Round trip time was 0.021862 milliseconds in repetition 183
tcp_ping received 48 bytes back
Round trip time was 0.02189 milliseconds in repetition 184
tcp_ping received 48 bytes back
Round trip time was 0.0219 milliseconds in repetition 185
tcp_ping received 48 bytes back
Round trip time was 0.021772 milliseconds in repetition 186
tcp_ping received 48 bytes back
Round trip time was 0.022391 milliseconds in repetition 187
tcp_ping received 48 bytes back
Round trip time was 0.022011 milliseconds in repetition 188
tcp_ping received 48 bytes back
Round trip time was 0.02178 milliseconds in repetition 189
tcp_ping received 48 bytes back
Round trip time was 0.0219 milliseconds in repetition 190
tcp_ping received 48 bytes back
Round trip time was 0.021842 milliseconds in repetition 191
tcp_ping received 48 bytes back
Round trip time was 0.021802 milliseconds in repetition 192
tcp_ping received 48 bytes back
Round trip time was 0.02181 milliseconds in repetition 193
tcp_ping received 48 bytes back
Round trip time was 0.021822 milliseconds in repetition 194
tcp_ping received 48 bytes back
Round trip time was 0.021831 milliseconds in repetition 195
tcp_ping received 48 bytes back
Round trip time was 0.02182 milliseconds in repetition 196
tcp_ping received 48 bytes back
Round trip time was 0.021921 milliseconds in repetition 197
tcp_ping received 48 bytes back
Round trip time was 0.021852 milliseconds in repetition 198
tcp_ping received 48 bytes back
Round trip time was 0.061866 milliseconds in repetition 199
tcp_ping received 48 bytes back
Round trip time was 0.047059 milliseconds in repetition 200
tcp_ping received 48 bytes back
Round trip time was 0.024866 milliseconds in repetition 201
tcp_ping received 48 bytes back
Round trip time was 0.021972 milliseconds in repetition 202
tcp_ping received 48 bytes back
Round trip time was 0.021801 milliseconds in repetition 203
tcp_ping received 48 bytes back
Round trip time was 0.02176 milliseconds in repetition 204
tcp_ping received 48 bytes back
Round trip time was 0.0216 milliseconds in repetition 205
tcp_ping received 48 bytes back
Round trip time was 0.021641 milliseconds in repetition 206
tcp_ping received 48 bytes back
Round trip time was 0.021671 milliseconds in repetition 207
tcp_ping received 48 bytes back
Round trip time was 0.021682 milliseconds in repetition 208
tcp_ping received 48 bytes back
Round trip time was 0.0218 milliseconds in repetition 209
tcp_ping received 48 bytes back
Round trip time was 0.021751 milliseconds in repetition 210
tcp_ping received 48 bytes back
Round trip time was 0.02171 milliseconds in repetition 211
tcp_ping received 48 bytes back
Round trip time was 0.021701 milliseconds in repetition 212
tcp_ping received 48 bytes back
Round trip time was 0.0217 milliseconds in repetition 213
tcp_ping received 48 bytes back
Round trip time was 0.02167 milliseconds in repetition 214
tcp_ping received 48 bytes back
Round trip time was 0.021822 milliseconds in repetition 215
tcp_ping received 48 bytes back
Round trip time was 0.021811 milliseconds in repetition 216
tcp_ping received 48 bytes back
Round trip time was 0.02184 milliseconds in repetition 217
tcp_ping received 48 bytes back
Round trip time was 0.021822 milliseconds in repetition 218
tcp_ping received 48 bytes back
Round trip time was 0.021571 milliseconds in repetition 219
tcp_ping received 48 bytes back
Round trip time was 0.02173 milliseconds in repetition 220
tcp_ping received 48 bytes back
Round trip time was 0.021712 milliseconds in repetition 221
tcp_ping received 48 bytes back
Round trip time was 0.021702 milliseconds in repetition 222
tcp_ping received 48 bytes back
Round trip time was 0.021821 milliseconds in repetition 223
tcp_ping received 48 bytes back
Round trip time was 0.026199 milliseconds in repetition 224
tcp_ping received 48 bytes back
Round trip time was 0.0218 milliseconds in repetition 225
tcp_ping received 48 bytes back
Round trip time was 0.021831 milliseconds in repetition 226
tcp_ping received 48 bytes back
Round trip time was 0.02181 milliseconds in repetition 227
tcp_ping received 48 bytes back
Round trip time was 0.021731 milliseconds in repetition 228
tcp_ping received 48 bytes back
Round trip time was 0.02181 milliseconds in repetition 229
tcp_ping received 48 bytes back
Round trip time was 0.021852 milliseconds in repetition 230
tcp_ping received 48 bytes back
Round trip time was 0.021711 milliseconds in repetition 231
tcp_ping received 48 bytes back
Round trip time was 0.02168 milliseconds in repetition 232
tcp_ping received 48 bytes back
Round trip time was 0.056426 milliseconds in repetition 233
tcp_ping received 48 bytes back
Round trip time was 0.022582 milliseconds in repetition 234
tcp_ping received 48 bytes back
Round trip time was 0.021691 milliseconds in repetition 235
tcp_ping received 48 bytes back
Round trip time was 0.02176 milliseconds in repetition 236
tcp_ping received 48 bytes back
Round trip time was 0.02169 milliseconds in repetition 237
tcp_ping received 48 bytes back
Round trip time was 0.021691 milliseconds in repetition 238
tcp_ping received 48 bytes back
Round trip time was 0.02163 milliseconds in repetition 239
tcp_ping received 48 bytes back
Round trip time was 0.02167 milliseconds in repetition 240
tcp_ping received 48 bytes back
Round trip time was 0.0217 milliseconds in repetition 241
tcp_ping received 48 bytes back
Round trip time was 0.021732 milliseconds in repetition 242
tcp_ping received 48 bytes back
Round trip time was 0.02177 milliseconds in repetition 243
tcp_ping received 48 bytes back
Round trip time was 0.021751 milliseconds in repetition 244
tcp_ping received 48 bytes back
Round trip time was 0.021642 milliseconds in repetition 245
tcp_ping received 48 bytes back
Round trip time was 0.02162 milliseconds in repetition 246
tcp_ping received 48 bytes back
Round trip time was 0.02163 milliseconds in repetition 247
tcp_ping received 48 bytes back
Round trip time was 0.02159 milliseconds in repetition 248
tcp_ping received 48 bytes back
Round trip time was 0.02183 milliseconds in repetition 249
tcp_ping received 48 bytes back
Round trip time was 0.021702 milliseconds in repetition 250
tcp_ping received 48 bytes back
Round trip time was 0.02169 milliseconds in repetition 251
tcp_ping received 48 bytes back
Round trip time was 0.02162 milliseconds in repetition 252
tcp_ping received 48 bytes back
Round trip time was 0.02171 milliseconds in repetition 253
tcp_ping received 48 bytes back
Round trip time was 0.021612 milliseconds in repetition 254
tcp_ping received 48 bytes back
Round trip time was 0.021722 milliseconds in repetition 255
tcp_ping received 48 bytes back
Round trip time was 0.0217 milliseconds in repetition 256
tcp_ping received 48 bytes back
Round trip time was 0.02169 milliseconds in repetition 257
tcp_ping received 48 bytes back
Round trip time was 0.021651 milliseconds in repetition 258
tcp_ping received 48 bytes back
Round trip time was 0.021541 milliseconds in repetition 259
tcp_ping received 48 bytes back
Round trip time was 0.022562 milliseconds in repetition 260
tcp_ping received 48 bytes back
Round trip time was 0.0265 milliseconds in repetition 261
tcp_ping received 48 bytes back
Round trip time was 0.027631 milliseconds in repetition 262
tcp_ping received 48 bytes back
Round trip time was 0.027562 milliseconds in repetition 263
tcp_ping received 48 bytes back
Round trip time was 0.029006 milliseconds in repetition 264
tcp_ping received 48 bytes back
Round trip time was 0.028684 milliseconds in repetition 265
tcp_ping received 48 bytes back
Round trip time was 0.029195 milliseconds in repetition 266
tcp_ping received 48 bytes back
Round trip time was 0.054001 milliseconds in repetition 267
tcp_ping received 48 bytes back
Round trip time was 0.040556 milliseconds in repetition 268
tcp_ping received 48 bytes back
Round trip time was 0.032472 milliseconds in repetition 269
tcp_ping received 48 bytes back
Round trip time was 0.027071 milliseconds in repetition 270
tcp_ping received 48 bytes back
Round trip time was 0.028072 milliseconds in repetition 271
tcp_ping received 48 bytes back
Round trip time was 0.0269 milliseconds in repetition 272
tcp_ping received 48 bytes back
Round trip time was 0.02701 milliseconds in repetition 273
tcp_ping received 48 bytes back
Round trip time was 0.026439 milliseconds in repetition 274
tcp_ping received 48 bytes back
Round trip time was 0.027251 milliseconds in repetition 275
tcp_ping received 48 bytes back
Round trip time was 0.027642 milliseconds in repetition 276
tcp_ping received 48 bytes back
Round trip time was 0.026841 milliseconds in repetition 277
tcp_ping received 48 bytes back
Round trip time was 0.027923 milliseconds in repetition 278
tcp_ping received 48 bytes back
Round trip time was 0.027602 milliseconds in repetition 279
tcp_ping received 48 bytes back
Round trip time was 0.027542 milliseconds in repetition 280
tcp_ping received 48 bytes back
Round trip time was 0.028404 milliseconds in repetition 281
tcp_ping received 48 bytes back
Round trip time was 0.027752 milliseconds in repetition 282
tcp_ping received 48 bytes back
Round trip time was 0.028072 milliseconds in repetition 283
tcp_ping received 48 bytes back
Round trip time was 0.027722 milliseconds in repetition 284
tcp_ping received 48 bytes back
Round trip time was 0.027412 milliseconds in repetition 285
tcp_ping received 48 bytes back
Round trip time was 0.027433 milliseconds in repetition 286
tcp_ping received 48 bytes back
Round trip time was 0.027582 milliseconds in repetition 287
tcp_ping received 48 bytes back
Round trip time was 0.027862 milliseconds in repetition 288
tcp_ping received 48 bytes back
Round trip time was 0.027912 milliseconds in repetition 289
tcp_ping received 48 bytes back
Round trip time was 0.028412 milliseconds in repetition 290
tcp_ping received 48 bytes back
Round trip time was 0.028253 milliseconds in repetition 291
tcp_ping received 48 bytes back
Round trip time was 0.028734 milliseconds in repetition 292
tcp_ping received 48 bytes back
Round trip time was 0.027251 milliseconds in repetition 293
tcp_ping received 48 bytes back
Round trip time was 0.027611 milliseconds in repetition 294
tcp_ping received 48 bytes back
Round trip time was 0.066544 milliseconds in repetition 295
tcp_ping received 48 bytes back
Round trip time was 0.030166 milliseconds in repetition 296
tcp_ping received 48 bytes back
Round trip time was 0.028143 milliseconds in repetition 297
tcp_ping received 48 bytes back
Round trip time was 0.027822 milliseconds in repetition 298
tcp_ping received 48 bytes back
Round trip time was 0.028384 milliseconds in repetition 299
tcp_ping received 48 bytes back
Round trip time was 0.027512 milliseconds in repetition 300
tcp_ping received 48 bytes back
Round trip time was 0.027652 milliseconds in repetition 301
tcp_ping received 48 bytes back
Round trip time was 0.028423 milliseconds in repetition 302
tcp_ping received 48 bytes back
Round trip time was 0.028313 milliseconds in repetition 303
tcp_ping received 48 bytes back
Round trip time was 0.029916 milliseconds in repetition 304
tcp_ping received 48 bytes back
Round trip time was 0.028373 milliseconds in repetition 305
tcp_ping received 48 bytes back
Round trip time was 0.029075 milliseconds in repetition 306
tcp_ping received 48 bytes back
Round trip time was 0.028884 milliseconds in repetition 307
tcp_ping received 48 bytes back
Round trip time was 0.028693 milliseconds in repetition 308
tcp_ping received 48 bytes back
Round trip time was 0.028534 milliseconds in repetition 309
tcp_ping received 48 bytes back
Round trip time was 0.028354 milliseconds in repetition 310
tcp_ping received 48 bytes back
Round trip time was 0.028975 milliseconds in repetition 311
tcp_ping received 48 bytes back
Round trip time was 0.029105 milliseconds in repetition 312
tcp_ping received 48 bytes back
Round trip time was 0.037801 milliseconds in repetition 313
tcp_ping received 48 bytes back
Round trip time was 0.025999 milliseconds in repetition 314
tcp_ping received 48 bytes back
Round trip time was 0.02637 milliseconds in repetition 315
tcp_ping received 48 bytes back
Round trip time was 0.028443 milliseconds in repetition 316
tcp_ping received 48 bytes back
Round trip time was 0.045354 milliseconds in repetition 317
tcp_ping received 48 bytes back
Round trip time was 0.022683 milliseconds in repetition 318
tcp_ping received 48 bytes back
Round trip time was 0.022011 milliseconds in repetition 319
tcp_ping received 48 bytes back
Round trip time was 0.022903 milliseconds in repetition 320
tcp_ping received 48 bytes back
Round trip time was 0.087052 milliseconds in repetition 321
tcp_ping received 48 bytes back
Round trip time was 0.02647 milliseconds in repetition 322
tcp_ping received 48 bytes back
Round trip time was 0.021991 milliseconds in repetition 323
tcp_ping received 48 bytes back
Round trip time was 0.021862 milliseconds in repetition 324
tcp_ping received 48 bytes back
Round trip time was 0.021971 milliseconds in repetition 325
tcp_ping received 48 bytes back
Round trip time was 0.021702 milliseconds in repetition 326
tcp_ping received 48 bytes back
Round trip time was 0.021811 milliseconds in repetition 327
tcp_ping received 48 bytes back
Round trip time was 0.021991 milliseconds in repetition 328
tcp_ping received 48 bytes back
Round trip time was 0.021932 milliseconds in repetition 329
tcp_ping received 48 bytes back
Round trip time was 0.021691 milliseconds in repetition 330
tcp_ping received 48 bytes back
Round trip time was 0.021781 milliseconds in repetition 331
tcp_ping received 48 bytes back
Round trip time was 0.02172 milliseconds in repetition 332
tcp_ping received 48 bytes back
Round trip time was 0.02177 milliseconds in repetition 333
tcp_ping received 48 bytes back
Round trip time was 0.02176 milliseconds in repetition 334
tcp_ping received 48 bytes back
Round trip time was 0.02177 milliseconds in repetition 335
tcp_ping received 48 bytes back
Round trip time was 0.021741 milliseconds in repetition 336
tcp_ping received 48 bytes back
Round trip time was 0.02165 milliseconds in repetition 337
tcp_ping received 48 bytes back
Round trip time was 0.0217 milliseconds in repetition 338
tcp_ping received 48 bytes back
Round trip time was 0.021581 milliseconds in repetition 339
tcp_ping received 48 bytes back
Round trip time was 0.021731 milliseconds in repetition 340
tcp_ping received 48 bytes back
Round trip time was 0.021721 milliseconds in repetition 341
tcp_ping received 48 bytes back
Round trip time was 0.021842 milliseconds in repetition 342
tcp_ping received 48 bytes back
Round trip time was 0.021661 milliseconds in repetition 343
tcp_ping received 48 bytes back
Round trip time was 0.021591 milliseconds in repetition 344
tcp_ping received 48 bytes back
Round trip time was 0.021581 milliseconds in repetition 345
tcp_ping received 48 bytes back
Round trip time was 0.02162 milliseconds in repetition 346
tcp_ping received 48 bytes back
Round trip time was 0.021601 milliseconds in repetition 347
tcp_ping received 48 bytes back
Round trip time was 0.02167 milliseconds in repetition 348
tcp_ping received 48 bytes back
Round trip time was 0.02164 milliseconds in repetition 349
tcp_ping received 48 bytes back
Round trip time was 0.02167 milliseconds in repetition 350
tcp_ping received 48 bytes back
Round trip time was 0.021641 milliseconds in repetition 351
tcp_ping received 48 bytes back
Round trip time was 0.021722 milliseconds in repetition 352
tcp_ping received 48 bytes back
Round trip time was 0.021631 milliseconds in repetition 353
tcp_ping received 48 bytes back
Round trip time was 0.021701 milliseconds in repetition 354
tcp_ping received 48 bytes back
Round trip time was 0.0218 milliseconds in repetition 355
tcp_ping received 48 bytes back
Round trip time was 0.021721 milliseconds in repetition 356
tcp_ping received 48 bytes back
Round trip time was 0.034685 milliseconds in repetition 357
tcp_ping received 48 bytes back
Round trip time was 0.025878 milliseconds in repetition 358
tcp_ping received 48 bytes back
Round trip time was 0.022393 milliseconds in repetition 359
tcp_ping received 48 bytes back
Round trip time was 0.021821 milliseconds in repetition 360
tcp_ping received 48 bytes back
Round trip time was 0.021971 milliseconds in repetition 361
tcp_ping received 48 bytes back
Round trip time was 0.022151 milliseconds in repetition 362
tcp_ping received 48 bytes back
Round trip time was 0.022061 milliseconds in repetition 363
tcp_ping received 48 bytes back
Round trip time was 0.021911 milliseconds in repetition 364
tcp_ping received 48 bytes back
Round trip time was 0.021951 milliseconds in repetition 365
tcp_ping received 48 bytes back
Round trip time was 0.021832 milliseconds in repetition 366
tcp_ping received 48 bytes back
Round trip time was 0.021981 milliseconds in repetition 367
tcp_ping received 48 bytes back
Round trip time was 0.02188 milliseconds in repetition 368
tcp_ping received 48 bytes back
Round trip time was 0.021952 milliseconds in repetition 369
tcp_ping received 48 bytes back
Round trip time was 0.02181 milliseconds in repetition 370
tcp_ping received 48 bytes back
Round trip time was 0.021932 milliseconds in repetition 371
tcp_ping received 48 bytes back
Round trip time was 0.021872 milliseconds in repetition 372
tcp_ping received 48 bytes back
Round trip time was 0.021901 milliseconds in repetition 373
tcp_ping received 48 bytes back
Round trip time was 0.021841 milliseconds in repetition 374
tcp_ping received 48 bytes back
Round trip time was 0.022032 milliseconds in repetition 375
tcp_ping received 48 bytes back
Round trip time was 0.021901 milliseconds in repetition 376
tcp_ping received 48 bytes back
Round trip time was 0.021871 milliseconds in repetition 377
tcp_ping received 48 bytes back
Round trip time was 0.021851 milliseconds in repetition 378
tcp_ping received 48 bytes back
Round trip time was 0.0219 milliseconds in repetition 379
tcp_ping received 48 bytes back
Round trip time was 1.63391 milliseconds in repetition 380
tcp_ping received 48 bytes back
Round trip time was 0.321804 milliseconds in repetition 381
tcp_ping received 48 bytes back
Round trip time was 0.180418 milliseconds in repetition 382
tcp_ping received 48 bytes back
Round trip time was 0.202168 milliseconds in repetition 383
tcp_ping received 48 bytes back
Round trip time was 0.180218 milliseconds in repetition 384
tcp_ping received 48 bytes back
Round trip time was 0.177612 milliseconds in repetition 385
tcp_ping received 48 bytes back
Round trip time was 0.178926 milliseconds in repetition 386
tcp_ping received 48 bytes back
Round trip time was 0.176942 milliseconds in repetition 387
tcp_ping received 48 bytes back
Round trip time was 0.182031 milliseconds in repetition 388
tcp_ping received 48 bytes back
Round trip time was 0.178895 milliseconds in repetition 389
tcp_ping received 48 bytes back
Round trip time was 0.176611 milliseconds in repetition 390
tcp_ping received 48 bytes back
Round trip time was 0.17622 milliseconds in repetition 391
tcp_ping received 48 bytes back
Round trip time was 0.17689 milliseconds in repetition 392
tcp_ping received 48 bytes back
Round trip time was 0.201699 milliseconds in repetition 393
tcp_ping received 48 bytes back
Round trip time was 0.265377 milliseconds in repetition 394
tcp_ping received 48 bytes back
Round trip time was 0.198442 milliseconds in repetition 395
tcp_ping received 48 bytes back
Round trip time was 0.172924 milliseconds in repetition 396
tcp_ping received 48 bytes back
Round trip time was 0.182922 milliseconds in repetition 397
tcp_ping received 48 bytes back
Round trip time was 0.248997 milliseconds in repetition 398
tcp_ping received 48 bytes back
Round trip time was 0.161252 milliseconds in repetition 399
tcp_ping received 48 bytes back
Round trip time was 0.16501 milliseconds in repetition 400
tcp_ping received 48 bytes back
Round trip time was 0.169127 milliseconds in repetition 401
tcp_ping received 48 bytes back
Round trip time was 0.185508 milliseconds in repetition 402
tcp_ping received 48 bytes back
Round trip time was 0.255119 milliseconds in repetition 403
tcp_ping received 48 bytes back
Round trip time was 0.181229 milliseconds in repetition 404
tcp_ping received 48 bytes back
Round trip time was 0.551464 milliseconds in repetition 405
tcp_ping received 48 bytes back
Round trip time was 0.181851 milliseconds in repetition 406
tcp_ping received 48 bytes back
Round trip time was 0.177693 milliseconds in repetition 407
tcp_ping received 48 bytes back
Round trip time was 0.175469 milliseconds in repetition 408
tcp_ping received 48 bytes back
Round trip time was 0.203132 milliseconds in repetition 409
tcp_ping received 48 bytes back
Round trip time was 0.179366 milliseconds in repetition 410
tcp_ping received 48 bytes back
Round trip time was 0.176841 milliseconds in repetition 411
tcp_ping received 48 bytes back
Round trip time was 0.179887 milliseconds in repetition 412
tcp_ping received 48 bytes back
Round trip time was 0.179336 milliseconds in repetition 413
tcp_ping received 48 bytes back
Round trip time was 0.179898 milliseconds in repetition 414
tcp_ping received 48 bytes back
Round trip time was 0.180679 milliseconds in repetition 415
tcp_ping received 48 bytes back
Round trip time was 0.184296 milliseconds in repetition 416
tcp_ping received 48 bytes back
Round trip time was 0.182622 milliseconds in repetition 417
tcp_ping received 48 bytes back
Round trip time was 0.200816 milliseconds in repetition 418
tcp_ping received 48 bytes back
Round trip time was 0.182731 milliseconds in repetition 419
tcp_ping received 48 bytes back
Round trip time was 0.173245 milliseconds in repetition 420
tcp_ping received 48 bytes back
Round trip time was 0.174398 milliseconds in repetition 421
tcp_ping received 48 bytes back
Round trip time was 0.173635 milliseconds in repetition 422
tcp_ping received 48 bytes back
Round trip time was 0.175048 milliseconds in repetition 423
tcp_ping received 48 bytes back
Round trip time was 0.177543 milliseconds in repetition 424
tcp_ping received 48 bytes back
Round trip time was 0.173936 milliseconds in repetition 425
tcp_ping received 48 bytes back
Round trip time was 0.174637 milliseconds in repetition 426
tcp_ping received 48 bytes back
Round trip time was 0.173586 milliseconds in repetition 427
tcp_ping received 48 bytes back
Round trip time was 0.174708 milliseconds in repetition 428
tcp_ping received 48 bytes back
Round trip time was 0.17587 milliseconds in repetition 429
tcp_ping received 48 bytes back
Round trip time was 0.189335 milliseconds in repetition 430
tcp_ping received 48 bytes back
Round trip time was 0.175359 milliseconds in repetition 431
tcp_ping received 48 bytes back
Round trip time was 0.175049 milliseconds in repetition 432
tcp_ping received 48 bytes back
Round trip time was 0.172744 milliseconds in repetition 433
tcp_ping received 48 bytes back
Round trip time was 0.184856 milliseconds in repetition 434
tcp_ping received 48 bytes back
Round trip time was 0.186805 milliseconds in repetition 435
tcp_ping received 48 bytes back
Round trip time was 0.16846 milliseconds in repetition 436
tcp_ping received 48 bytes back
Round trip time was 0.174357 milliseconds in repetition 437
tcp_ping received 48 bytes back
Round trip time was 0.174076 milliseconds in repetition 438
tcp_ping received 48 bytes back
Round trip time was 0.173596 milliseconds in repetition 439
tcp_ping received 48 bytes back
Round trip time was 0.188453 milliseconds in repetition 440
tcp_ping received 48 bytes back
Round trip time was 0.173505 milliseconds in repetition 441
tcp_ping received 48 bytes back
Round trip time was 0.172955 milliseconds in repetition 442
tcp_ping received 48 bytes back
Round trip time was 0.174728 milliseconds in repetition 443
tcp_ping received 48 bytes back
Round trip time was 0.174026 milliseconds in repetition 444
tcp_ping received 48 bytes back
Round trip time was 0.218506 milliseconds in repetition 445
tcp_ping received 48 bytes back
Round trip time was 0.179917 milliseconds in repetition 446
tcp_ping received 48 bytes back
Round trip time was 0.175729 milliseconds in repetition 447
tcp_ping received 48 bytes back
Round trip time was 0.17587 milliseconds in repetition 448
tcp_ping received 48 bytes back
Round trip time was 0.179566 milliseconds in repetition 449
tcp_ping received 48 bytes back
Round trip time was 0.19774 milliseconds in repetition 450
tcp_ping received 48 bytes back
Round trip time was 0.179727 milliseconds in repetition 451
tcp_ping received 48 bytes back
Round trip time was 0.17576 milliseconds in repetition 452
tcp_ping received 48 bytes back
Round trip time was 0.176901 milliseconds in repetition 453
tcp_ping received 48 bytes back
Round trip time was 0.189626 milliseconds in repetition 454
tcp_ping received 48 bytes back
Round trip time was 0.175227 milliseconds in repetition 455
tcp_ping received 48 bytes back
Round trip time was 0.174368 milliseconds in repetition 456
tcp_ping received 48 bytes back
Round trip time was 0.179787 milliseconds in repetition 457
tcp_ping received 48 bytes back
Round trip time was 0.170319 milliseconds in repetition 458
tcp_ping received 48 bytes back
Round trip time was 0.166993 milliseconds in repetition 459
tcp_ping received 48 bytes back
Round trip time was 0.169167 milliseconds in repetition 460
tcp_ping received 48 bytes back
Round trip time was 0.169677 milliseconds in repetition 461
tcp_ping received 48 bytes back
Round trip time was 0.169077 milliseconds in repetition 462
tcp_ping received 48 bytes back
Round trip time was 0.169278 milliseconds in repetition 463
tcp_ping received 48 bytes back
Round trip time was 0.241973 milliseconds in repetition 464
tcp_ping received 48 bytes back
Round trip time was 0.170529 milliseconds in repetition 465
tcp_ping received 48 bytes back
Round trip time was 0.169117 milliseconds in repetition 466
tcp_ping received 48 bytes back
Round trip time was 0.169749 milliseconds in repetition 467
tcp_ping received 48 bytes back
Round trip time was 0.168626 milliseconds in repetition 468
tcp_ping received 48 bytes back
Round trip time was 0.185387 milliseconds in repetition 469
tcp_ping received 48 bytes back
Round trip time was 0.172344 milliseconds in repetition 470
tcp_ping received 48 bytes back
Round trip time was 0.169388 milliseconds in repetition 471
tcp_ping received 48 bytes back
Round trip time was 0.169357 milliseconds in repetition 472
tcp_ping received 48 bytes back
Round trip time was 0.169277 milliseconds in repetition 473
tcp_ping received 48 bytes back
Round trip time was 0.168515 milliseconds in repetition 474
tcp_ping received 48 bytes back
Round trip time was 0.147085 milliseconds in repetition 475
tcp_ping received 48 bytes back
Round trip time was 0.168957 milliseconds in repetition 476
tcp_ping received 48 bytes back
Round trip time was 0.168967 milliseconds in repetition 477
tcp_ping received 48 bytes back
Round trip time was 0.170559 milliseconds in repetition 478
tcp_ping received 48 bytes back
Round trip time was 0.227597 milliseconds in repetition 479
tcp_ping received 48 bytes back
Round trip time was 0.171391 milliseconds in repetition 480
tcp_ping received 48 bytes back
Round trip time was 0.168386 milliseconds in repetition 481
tcp_ping received 48 bytes back
Round trip time was 0.168646 milliseconds in repetition 482
tcp_ping received 48 bytes back
Round trip time was 0.168906 milliseconds in repetition 483
tcp_ping received 48 bytes back
Round trip time was 0.168867 milliseconds in repetition 484
tcp_ping received 48 bytes back
Round trip time was 0.173075 milliseconds in repetition 485
tcp_ping received 48 bytes back
Round trip time was 0.168726 milliseconds in repetition 486
tcp_ping received 48 bytes back
Round trip time was 0.169568 milliseconds in repetition 487
tcp_ping received 48 bytes back
Round trip time was 0.168956 milliseconds in repetition 488
tcp_ping received 48 bytes back
Round trip time was 0.169207 milliseconds in repetition 489
tcp_ping received 48 bytes back
Round trip time was 0.168696 milliseconds in repetition 490
tcp_ping received 48 bytes back
Round trip time was 0.183574 milliseconds in repetition 491
tcp_ping received 48 bytes back
Round trip time was 0.167314 milliseconds in repetition 492
tcp_ping received 48 bytes back
Round trip time was 0.169017 milliseconds in repetition 493
tcp_ping received 48 bytes back
Round trip time was 0.168977 milliseconds in repetition 494
tcp_ping received 48 bytes back
Round trip time was 0.169518 milliseconds in repetition 495
tcp_ping received 48 bytes back
Round trip time was 0.161573 milliseconds in repetition 496
tcp_ping received 48 bytes back
Round trip time was 0.168466 milliseconds in repetition 497
tcp_ping received 48 bytes back
Round trip time was 0.168877 milliseconds in repetition 498
tcp_ping received 48 bytes back
Round trip time was 0.169117 milliseconds in repetition 499
tcp_ping received 48 bytes back
Round trip time was 0.175629 milliseconds in repetition 500
tcp_ping received 48 bytes back
Round trip time was 0.185007 milliseconds in repetition 501

 ... clock resolution was 1e-06
TCP Ping:  Statistics over 501 repetitions of 48 byte messages

RTT : percentile 10: 0.021721, median: 0.028354, percentile 90: 0.180418, average: 0.10395, variance: 0.0568065

RTT histogram:
0.0215405 326
0.164523 156
0.307505 9
0.450487 1
0.593469 2
0.736451 0
0.879433 0
1.02241 1
1.1654 0
1.30838 0
1.45136 0
1.59434 2
1.73733 1
1.88031 1
2.02329 0
2.16627 0
2.30925 0
2.45224 1
2.59522 0
2.7382 0
2.88118 1

   median Throughput : 3385.77 KB/s   overall Throughput : 923.52 KB/s

