TCP Ping trying to connect to server localhost (127.0.0.1) on port 1491
 ... connected to Pong server: asking for 501 repetitions of 32 bytes TCP messages
 ... Pong server agreed :-)
tcp_ping received 32 bytes back
Round trip time was 0.198471 milliseconds in repetition 1
tcp_ping received 32 bytes back
Round trip time was 0.188925 milliseconds in repetition 2
tcp_ping received 32 bytes back
Round trip time was 0.176 milliseconds in repetition 3
tcp_ping received 32 bytes back
Round trip time was 0.189035 milliseconds in repetition 4
tcp_ping received 32 bytes back
Round trip time was 0.189646 milliseconds in repetition 5
tcp_ping received 32 bytes back
Round trip time was 0.190487 milliseconds in repetition 6
tcp_ping received 32 bytes back
Round trip time was 0.188412 milliseconds in repetition 7
tcp_ping received 32 bytes back
Round trip time was 0.19711 milliseconds in repetition 8
tcp_ping received 32 bytes back
Round trip time was 0.188022 milliseconds in repetition 9
tcp_ping received 32 bytes back
Round trip time was 0.21353 milliseconds in repetition 10
tcp_ping received 32 bytes back
Round trip time was 0.183745 milliseconds in repetition 11
tcp_ping received 32 bytes back
Round trip time was 0.187691 milliseconds in repetition 12
tcp_ping received 32 bytes back
Round trip time was 0.184666 milliseconds in repetition 13
tcp_ping received 32 bytes back
Round trip time was 0.183044 milliseconds in repetition 14
tcp_ping received 32 bytes back
Round trip time was 0.184446 milliseconds in repetition 15
tcp_ping received 32 bytes back
Round trip time was 0.184336 milliseconds in repetition 16
tcp_ping received 32 bytes back
Round trip time was 0.187 milliseconds in repetition 17
tcp_ping received 32 bytes back
Round trip time was 0.183845 milliseconds in repetition 18
tcp_ping received 32 bytes back
Round trip time was 0.182993 milliseconds in repetition 19
tcp_ping received 32 bytes back
Round trip time was 0.183164 milliseconds in repetition 20
tcp_ping received 32 bytes back
Round trip time was 0.183685 milliseconds in repetition 21
tcp_ping received 32 bytes back
Round trip time was 0.198723 milliseconds in repetition 22
tcp_ping received 32 bytes back
Round trip time was 0.1867 milliseconds in repetition 23
tcp_ping received 32 bytes back
Round trip time was 0.184105 milliseconds in repetition 24
tcp_ping received 32 bytes back
Round trip time was 0.658695 milliseconds in repetition 25
tcp_ping received 32 bytes back
Round trip time was 0.162775 milliseconds in repetition 26
tcp_ping received 32 bytes back
Round trip time was 0.115336 milliseconds in repetition 27
tcp_ping received 32 bytes back
Round trip time was 0.099506 milliseconds in repetition 28
tcp_ping received 32 bytes back
Round trip time was 0.153037 milliseconds in repetition 29
tcp_ping received 32 bytes back
Round trip time was 0.144684 milliseconds in repetition 30
tcp_ping received 32 bytes back
Round trip time was 0.165636 milliseconds in repetition 31
tcp_ping received 32 bytes back
Round trip time was 0.127608 milliseconds in repetition 32
tcp_ping received 32 bytes back
Round trip time was 0.108163 milliseconds in repetition 33
tcp_ping received 32 bytes back
Round trip time was 0.090489 milliseconds in repetition 34
tcp_ping received 32 bytes back
Round trip time was 0.735709 milliseconds in repetition 35
tcp_ping received 32 bytes back
Round trip time was 0.520135 milliseconds in repetition 36
tcp_ping received 32 bytes back
Round trip time was 0.174666 milliseconds in repetition 37
tcp_ping received 32 bytes back
Round trip time was 0.134883 milliseconds in repetition 38
tcp_ping received 32 bytes back
Round trip time was 0.12225 milliseconds in repetition 39
tcp_ping received 32 bytes back
Round trip time was 0.124244 milliseconds in repetition 40
tcp_ping received 32 bytes back
Round trip time was 0.123772 milliseconds in repetition 41
tcp_ping received 32 bytes back
Round trip time was 0.124663 milliseconds in repetition 42
tcp_ping received 32 bytes back
Round trip time was 0.123362 milliseconds in repetition 43
tcp_ping received 32 bytes back
Round trip time was 0.120316 milliseconds in repetition 44
tcp_ping received 32 bytes back
Round trip time was 0.226274 milliseconds in repetition 45
tcp_ping received 32 bytes back
Round trip time was 0.164929 milliseconds in repetition 46
tcp_ping received 32 bytes back
Round trip time was 0.126847 milliseconds in repetition 47
tcp_ping received 32 bytes back
Round trip time was 0.195836 milliseconds in repetition 48
tcp_ping received 32 bytes back
Round trip time was 0.115926 milliseconds in repetition 49
tcp_ping received 32 bytes back
Round trip time was 0.113823 milliseconds in repetition 50
tcp_ping received 32 bytes back
Round trip time was 0.127839 milliseconds in repetition 51
tcp_ping received 32 bytes back
Round trip time was 0.111179 milliseconds in repetition 52
tcp_ping received 32 bytes back
Round trip time was 0.112721 milliseconds in repetition 53
tcp_ping received 32 bytes back
Round trip time was 0.115317 milliseconds in repetition 54
tcp_ping received 32 bytes back
Round trip time was 3.51042 milliseconds in repetition 55
tcp_ping received 32 bytes back
Round trip time was 0.117601 milliseconds in repetition 56
tcp_ping received 32 bytes back
Round trip time was 0.082254 milliseconds in repetition 57
tcp_ping received 32 bytes back
Round trip time was 0.077174 milliseconds in repetition 58
tcp_ping received 32 bytes back
Round trip time was 0.102342 milliseconds in repetition 59
tcp_ping received 32 bytes back
Round trip time was 0.116098 milliseconds in repetition 60
tcp_ping received 32 bytes back
Round trip time was 0.114595 milliseconds in repetition 61
tcp_ping received 32 bytes back
Round trip time was 0.113242 milliseconds in repetition 62
tcp_ping received 32 bytes back
Round trip time was 0.134071 milliseconds in repetition 63
tcp_ping received 32 bytes back
Round trip time was 0.11689 milliseconds in repetition 64
tcp_ping received 32 bytes back
Round trip time was 0.116218 milliseconds in repetition 65
tcp_ping received 32 bytes back
Round trip time was 0.11262 milliseconds in repetition 66
tcp_ping received 32 bytes back
Round trip time was 0.113974 milliseconds in repetition 67
tcp_ping received 32 bytes back
Round trip time was 0.120997 milliseconds in repetition 68
tcp_ping received 32 bytes back
Round trip time was 0.127403 milliseconds in repetition 69
tcp_ping received 32 bytes back
Round trip time was 0.158968 milliseconds in repetition 70
tcp_ping received 32 bytes back
Round trip time was 0.178324 milliseconds in repetition 71
tcp_ping received 32 bytes back
Round trip time was 0.158848 milliseconds in repetition 72
tcp_ping received 32 bytes back
Round trip time was 0.156563 milliseconds in repetition 73
tcp_ping received 32 bytes back
Round trip time was 0.163787 milliseconds in repetition 74
tcp_ping received 32 bytes back
Round trip time was 0.156654 milliseconds in repetition 75
tcp_ping received 32 bytes back
Round trip time was 0.187692 milliseconds in repetition 76
tcp_ping received 32 bytes back
Round trip time was 0.155672 milliseconds in repetition 77
tcp_ping received 32 bytes back
Round trip time was 0.176011 milliseconds in repetition 78
tcp_ping received 32 bytes back
Round trip time was 0.172915 milliseconds in repetition 79
tcp_ping received 32 bytes back
Round trip time was 0.276127 milliseconds in repetition 80
tcp_ping received 32 bytes back
Round trip time was 0.215229 milliseconds in repetition 81
tcp_ping received 32 bytes back
Round trip time was 0.203541 milliseconds in repetition 82
tcp_ping received 32 bytes back
Round trip time was 0.14429 milliseconds in repetition 83
tcp_ping received 32 bytes back
Round trip time was 0.221676 milliseconds in repetition 84
tcp_ping received 32 bytes back
Round trip time was 0.334437 milliseconds in repetition 85
tcp_ping received 32 bytes back
Round trip time was 0.282118 milliseconds in repetition 86
tcp_ping received 32 bytes back
Round trip time was 0.27161 milliseconds in repetition 87
tcp_ping received 32 bytes back
Round trip time was 0.271488 milliseconds in repetition 88
tcp_ping received 32 bytes back
Round trip time was 0.236007 milliseconds in repetition 89
tcp_ping received 32 bytes back
Round trip time was 0.268784 milliseconds in repetition 90
tcp_ping received 32 bytes back
Round trip time was 0.176931 milliseconds in repetition 91
tcp_ping received 32 bytes back
Round trip time was 1.1734 milliseconds in repetition 92
tcp_ping received 32 bytes back
Round trip time was 0.081462 milliseconds in repetition 93
tcp_ping received 32 bytes back
Round trip time was 0.034354 milliseconds in repetition 94
tcp_ping received 32 bytes back
Round trip time was 0.034083 milliseconds in repetition 95
tcp_ping received 32 bytes back
Round trip time was 0.035247 milliseconds in repetition 96
tcp_ping received 32 bytes back
Round trip time was 0.034214 milliseconds in repetition 97
tcp_ping received 32 bytes back
Round trip time was 0.03222 milliseconds in repetition 98
tcp_ping received 32 bytes back
Round trip time was 0.032471 milliseconds in repetition 99
tcp_ping received 32 bytes back
Round trip time was 0.032011 milliseconds in repetition 100
tcp_ping received 32 bytes back
Round trip time was 0.042458 milliseconds in repetition 101
tcp_ping received 32 bytes back
Round trip time was 0.034074 milliseconds in repetition 102
tcp_ping received 32 bytes back
Round trip time was 0.028935 milliseconds in repetition 103
tcp_ping received 32 bytes back
Round trip time was 0.029957 milliseconds in repetition 104
tcp_ping received 32 bytes back
Round trip time was 0.030848 milliseconds in repetition 105
tcp_ping received 32 bytes back
Round trip time was 0.029907 milliseconds in repetition 106
tcp_ping received 32 bytes back
Round trip time was 0.029967 milliseconds in repetition 107
tcp_ping received 32 bytes back
Round trip time was 0.04779 milliseconds in repetition 108
tcp_ping received 32 bytes back
Round trip time was 0.03731 milliseconds in repetition 109
tcp_ping received 32 bytes back
Round trip time was 0.076413 milliseconds in repetition 110
tcp_ping received 32 bytes back
Round trip time was 0.04829 milliseconds in repetition 111
tcp_ping received 32 bytes back
Round trip time was 0.029105 milliseconds in repetition 112
tcp_ping received 32 bytes back
Round trip time was 0.030819 milliseconds in repetition 113
tcp_ping received 32 bytes back
Round trip time was 0.028623 milliseconds in repetition 114
tcp_ping received 32 bytes back
Round trip time was 0.029565 milliseconds in repetition 115
tcp_ping received 32 bytes back
Round trip time was 0.028423 milliseconds in repetition 116
tcp_ping received 32 bytes back
Round trip time was 0.029556 milliseconds in repetition 117
tcp_ping received 32 bytes back
Round trip time was 0.029125 milliseconds in repetition 118
tcp_ping received 32 bytes back
Round trip time was 0.029355 milliseconds in repetition 119
tcp_ping received 32 bytes back
Round trip time was 0.029576 milliseconds in repetition 120
tcp_ping received 32 bytes back
Round trip time was 0.028474 milliseconds in repetition 121
tcp_ping received 32 bytes back
Round trip time was 0.028964 milliseconds in repetition 122
tcp_ping received 32 bytes back
Round trip time was 0.028513 milliseconds in repetition 123
tcp_ping received 32 bytes back
Round trip time was 0.029335 milliseconds in repetition 124
tcp_ping received 32 bytes back
Round trip time was 0.028713 milliseconds in repetition 125
tcp_ping received 32 bytes back
Round trip time was 0.028644 milliseconds in repetition 126
tcp_ping received 32 bytes back
Round trip time was 0.028824 milliseconds in repetition 127
tcp_ping received 32 bytes back
Round trip time was 0.029526 milliseconds in repetition 128
tcp_ping received 32 bytes back
Round trip time was 0.029386 milliseconds in repetition 129
tcp_ping received 32 bytes back
Round trip time was 0.029516 milliseconds in repetition 130
tcp_ping received 32 bytes back
Round trip time was 0.029625 milliseconds in repetition 131
tcp_ping received 32 bytes back
Round trip time was 0.029205 milliseconds in repetition 132
tcp_ping received 32 bytes back
Round trip time was 0.029346 milliseconds in repetition 133
tcp_ping received 32 bytes back
Round trip time was 0.112811 milliseconds in repetition 134
tcp_ping received 32 bytes back
Round trip time was 0.031328 milliseconds in repetition 135
tcp_ping received 32 bytes back
Round trip time was 0.030458 milliseconds in repetition 136
tcp_ping received 32 bytes back
Round trip time was 0.034755 milliseconds in repetition 137
tcp_ping received 32 bytes back
Round trip time was 0.03246 milliseconds in repetition 138
tcp_ping received 32 bytes back
Round trip time was 0.030728 milliseconds in repetition 139
tcp_ping received 32 bytes back
Round trip time was 0.033082 milliseconds in repetition 140
tcp_ping received 32 bytes back
Round trip time was 0.031329 milliseconds in repetition 141
tcp_ping received 32 bytes back
Round trip time was 0.03187 milliseconds in repetition 142
tcp_ping received 32 bytes back
Round trip time was 0.029285 milliseconds in repetition 143
tcp_ping received 32 bytes back
Round trip time was 0.031068 milliseconds in repetition 144
tcp_ping received 32 bytes back
Round trip time was 0.030307 milliseconds in repetition 145
tcp_ping received 32 bytes back
Round trip time was 0.03202 milliseconds in repetition 146
tcp_ping received 32 bytes back
Round trip time was 0.031028 milliseconds in repetition 147
tcp_ping received 32 bytes back
Round trip time was 0.031098 milliseconds in repetition 148
tcp_ping received 32 bytes back
Round trip time was 0.029376 milliseconds in repetition 149
tcp_ping received 32 bytes back
Round trip time was 0.028544 milliseconds in repetition 150
tcp_ping received 32 bytes back
Round trip time was 0.029946 milliseconds in repetition 151
tcp_ping received 32 bytes back
Round trip time was 0.046948 milliseconds in repetition 152
tcp_ping received 32 bytes back
Round trip time was 0.030327 milliseconds in repetition 153
tcp_ping received 32 bytes back
Round trip time was 0.023715 milliseconds in repetition 154
tcp_ping received 32 bytes back
Round trip time was 0.023333 milliseconds in repetition 155
tcp_ping received 32 bytes back
Round trip time was 0.023304 milliseconds in repetition 156
tcp_ping received 32 bytes back
Round trip time was 0.023063 milliseconds in repetition 157
tcp_ping received 32 bytes back
Round trip time was 0.023233 milliseconds in repetition 158
tcp_ping received 32 bytes back
Round trip time was 0.056024 milliseconds in repetition 159
tcp_ping received 32 bytes back
Round trip time was 0.030167 milliseconds in repetition 160
tcp_ping received 32 bytes back
Round trip time was 0.023273 milliseconds in repetition 161
tcp_ping received 32 bytes back
Round trip time was 0.023163 milliseconds in repetition 162
tcp_ping received 32 bytes back
Round trip time was 0.023133 milliseconds in repetition 163
tcp_ping received 32 bytes back
Round trip time was 0.023314 milliseconds in repetition 164
tcp_ping received 32 bytes back
Round trip time was 0.023365 milliseconds in repetition 165
tcp_ping received 32 bytes back
Round trip time was 0.023264 milliseconds in repetition 166
tcp_ping received 32 bytes back
Round trip time was 0.023334 milliseconds in repetition 167
tcp_ping received 32 bytes back
Round trip time was 0.023314 milliseconds in repetition 168
tcp_ping received 32 bytes back
Round trip time was 0.023353 milliseconds in repetition 169
tcp_ping received 32 bytes back
Round trip time was 0.023053 milliseconds in repetition 170
tcp_ping received 32 bytes back
Round trip time was 0.023345 milliseconds in repetition 171
tcp_ping received 32 bytes back
Round trip time was 0.023244 milliseconds in repetition 172
tcp_ping received 32 bytes back
Round trip time was 0.023294 milliseconds in repetition 173
tcp_ping received 32 bytes back
Round trip time was 0.023303 milliseconds in repetition 174
tcp_ping received 32 bytes back
Round trip time was 0.023354 milliseconds in repetition 175
tcp_ping received 32 bytes back
Round trip time was 0.023153 milliseconds in repetition 176
tcp_ping received 32 bytes back
Round trip time was 0.024315 milliseconds in repetition 177
tcp_ping received 32 bytes back
Round trip time was 0.023345 milliseconds in repetition 178
tcp_ping received 32 bytes back
Round trip time was 0.02691 milliseconds in repetition 179
tcp_ping received 32 bytes back
Round trip time was 0.023214 milliseconds in repetition 180
tcp_ping received 32 bytes back
Round trip time was 0.023224 milliseconds in repetition 181
tcp_ping received 32 bytes back
Round trip time was 0.022632 milliseconds in repetition 182
tcp_ping received 32 bytes back
Round trip time was 0.021892 milliseconds in repetition 183
tcp_ping received 32 bytes back
Round trip time was 0.021621 milliseconds in repetition 184
tcp_ping received 32 bytes back
Round trip time was 0.021269 milliseconds in repetition 185
tcp_ping received 32 bytes back
Round trip time was 0.021119 milliseconds in repetition 186
tcp_ping received 32 bytes back
Round trip time was 0.021159 milliseconds in repetition 187
tcp_ping received 32 bytes back
Round trip time was 0.02115 milliseconds in repetition 188
tcp_ping received 32 bytes back
Round trip time was 0.021169 milliseconds in repetition 189
tcp_ping received 32 bytes back
Round trip time was 0.021099 milliseconds in repetition 190
tcp_ping received 32 bytes back
Round trip time was 0.02113 milliseconds in repetition 191
tcp_ping received 32 bytes back
Round trip time was 0.140773 milliseconds in repetition 192
tcp_ping received 32 bytes back
Round trip time was 0.031849 milliseconds in repetition 193
tcp_ping received 32 bytes back
Round trip time was 0.021571 milliseconds in repetition 194
tcp_ping received 32 bytes back
Round trip time was 0.02117 milliseconds in repetition 195
tcp_ping received 32 bytes back
Round trip time was 0.02125 milliseconds in repetition 196
tcp_ping received 32 bytes back
Round trip time was 0.02115 milliseconds in repetition 197
tcp_ping received 32 bytes back
Round trip time was 0.02117 milliseconds in repetition 198
tcp_ping received 32 bytes back
Round trip time was 0.02125 milliseconds in repetition 199
tcp_ping received 32 bytes back
Round trip time was 0.02118 milliseconds in repetition 200
tcp_ping received 32 bytes back
Round trip time was 0.02119 milliseconds in repetition 201
tcp_ping received 32 bytes back
Round trip time was 0.02125 milliseconds in repetition 202
tcp_ping received 32 bytes back
Round trip time was 0.02157 milliseconds in repetition 203
tcp_ping received 32 bytes back
Round trip time was 0.021231 milliseconds in repetition 204
tcp_ping received 32 bytes back
Round trip time was 0.02116 milliseconds in repetition 205
tcp_ping received 32 bytes back
Round trip time was 0.021241 milliseconds in repetition 206
tcp_ping received 32 bytes back
Round trip time was 0.023874 milliseconds in repetition 207
tcp_ping received 32 bytes back
Round trip time was 0.029244 milliseconds in repetition 208
tcp_ping received 32 bytes back
Round trip time was 0.028904 milliseconds in repetition 209
tcp_ping received 32 bytes back
Round trip time was 0.026229 milliseconds in repetition 210
tcp_ping received 32 bytes back
Round trip time was 0.028022 milliseconds in repetition 211
tcp_ping received 32 bytes back
Round trip time was 0.026441 milliseconds in repetition 212
tcp_ping received 32 bytes back
Round trip time was 0.028263 milliseconds in repetition 213
tcp_ping received 32 bytes back
Round trip time was 0.025418 milliseconds in repetition 214
tcp_ping received 32 bytes back
Round trip time was 0.024887 milliseconds in repetition 215
tcp_ping received 32 bytes back
Round trip time was 0.029565 milliseconds in repetition 216
tcp_ping received 32 bytes back
Round trip time was 0.023354 milliseconds in repetition 217
tcp_ping received 32 bytes back
Round trip time was 0.021441 milliseconds in repetition 218
tcp_ping received 32 bytes back
Round trip time was 0.02145 milliseconds in repetition 219
tcp_ping received 32 bytes back
Round trip time was 0.021401 milliseconds in repetition 220
tcp_ping received 32 bytes back
Round trip time was 0.02132 milliseconds in repetition 221
tcp_ping received 32 bytes back
Round trip time was 0.021239 milliseconds in repetition 222
tcp_ping received 32 bytes back
Round trip time was 0.053209 milliseconds in repetition 223
tcp_ping received 32 bytes back
Round trip time was 0.026039 milliseconds in repetition 224
tcp_ping received 32 bytes back
Round trip time was 0.021329 milliseconds in repetition 225
tcp_ping received 32 bytes back
Round trip time was 0.021439 milliseconds in repetition 226
tcp_ping received 32 bytes back
Round trip time was 0.021311 milliseconds in repetition 227
tcp_ping received 32 bytes back
Round trip time was 0.021361 milliseconds in repetition 228
tcp_ping received 32 bytes back
Round trip time was 0.02114 milliseconds in repetition 229
tcp_ping received 32 bytes back
Round trip time was 1.27969 milliseconds in repetition 230
tcp_ping received 32 bytes back
Round trip time was 0.123131 milliseconds in repetition 231
tcp_ping received 32 bytes back
Round trip time was 0.03207 milliseconds in repetition 232
tcp_ping received 32 bytes back
Round trip time was 0.031709 milliseconds in repetition 233
tcp_ping received 32 bytes back
Round trip time was 0.030527 milliseconds in repetition 234
tcp_ping received 32 bytes back
Round trip time was 0.029936 milliseconds in repetition 235
tcp_ping received 32 bytes back
Round trip time was 0.030236 milliseconds in repetition 236
tcp_ping received 32 bytes back
Round trip time was 0.030156 milliseconds in repetition 237
tcp_ping received 32 bytes back
Round trip time was 0.029956 milliseconds in repetition 238
tcp_ping received 32 bytes back
Round trip time was 0.070091 milliseconds in repetition 239
tcp_ping received 32 bytes back
Round trip time was 0.038802 milliseconds in repetition 240
tcp_ping received 32 bytes back
Round trip time was 0.030157 milliseconds in repetition 241
tcp_ping received 32 bytes back
Round trip time was 0.030177 milliseconds in repetition 242
tcp_ping received 32 bytes back
Round trip time was 0.029846 milliseconds in repetition 243
tcp_ping received 32 bytes back
Round trip time was 0.030016 milliseconds in repetition 244
tcp_ping received 32 bytes back
Round trip time was 0.029986 milliseconds in repetition 245
tcp_ping received 32 bytes back
Round trip time was 0.029866 milliseconds in repetition 246
tcp_ping received 32 bytes back
Round trip time was 0.030047 milliseconds in repetition 247
tcp_ping received 32 bytes back
Round trip time was 0.029917 milliseconds in repetition 248
tcp_ping received 32 bytes back
Round trip time was 0.029926 milliseconds in repetition 249
tcp_ping received 32 bytes back
Round trip time was 0.029805 milliseconds in repetition 250
tcp_ping received 32 bytes back
Round trip time was 0.029745 milliseconds in repetition 251
tcp_ping received 32 bytes back
Round trip time was 0.029907 milliseconds in repetition 252
tcp_ping received 32 bytes back
Round trip time was 0.029976 milliseconds in repetition 253
tcp_ping received 32 bytes back
Round trip time was 0.029865 milliseconds in repetition 254
tcp_ping received 32 bytes back
Round trip time was 0.029997 milliseconds in repetition 255
tcp_ping received 32 bytes back
Round trip time was 0.030076 milliseconds in repetition 256
tcp_ping received 32 bytes back
Round trip time was 0.029797 milliseconds in repetition 257
tcp_ping received 32 bytes back
Round trip time was 0.029936 milliseconds in repetition 258
tcp_ping received 32 bytes back
Round trip time was 0.029956 milliseconds in repetition 259
tcp_ping received 32 bytes back
Round trip time was 0.029907 milliseconds in repetition 260
tcp_ping received 32 bytes back
Round trip time was 0.030637 milliseconds in repetition 261
tcp_ping received 32 bytes back
Round trip time was 0.030387 milliseconds in repetition 262
tcp_ping received 32 bytes back
Round trip time was 0.029966 milliseconds in repetition 263
tcp_ping received 32 bytes back
Round trip time was 0.029836 milliseconds in repetition 264
tcp_ping received 32 bytes back
Round trip time was 0.021379 milliseconds in repetition 265
tcp_ping received 32 bytes back
Round trip time was 0.062457 milliseconds in repetition 266
tcp_ping received 32 bytes back
Round trip time was 0.022572 milliseconds in repetition 267
tcp_ping received 32 bytes back
Round trip time was 0.026069 milliseconds in repetition 268
tcp_ping received 32 bytes back
Round trip time was 0.021621 milliseconds in repetition 269
tcp_ping received 32 bytes back
Round trip time was 0.02156 milliseconds in repetition 270
tcp_ping received 32 bytes back
Round trip time was 0.021702 milliseconds in repetition 271
tcp_ping received 32 bytes back
Round trip time was 0.02137 milliseconds in repetition 272
tcp_ping received 32 bytes back
Round trip time was 0.02151 milliseconds in repetition 273
tcp_ping received 32 bytes back
Round trip time was 0.02148 milliseconds in repetition 274
tcp_ping received 32 bytes back
Round trip time was 0.02142 milliseconds in repetition 275
tcp_ping received 32 bytes back
Round trip time was 0.02144 milliseconds in repetition 276
tcp_ping received 32 bytes back
Round trip time was 0.02138 milliseconds in repetition 277
tcp_ping received 32 bytes back
Round trip time was 0.02137 milliseconds in repetition 278
tcp_ping received 32 bytes back
Round trip time was 0.021331 milliseconds in repetition 279
tcp_ping received 32 bytes back
Round trip time was 0.02136 milliseconds in repetition 280
tcp_ping received 32 bytes back
Round trip time was 0.021401 milliseconds in repetition 281
tcp_ping received 32 bytes back
Round trip time was 0.02141 milliseconds in repetition 282
tcp_ping received 32 bytes back
Round trip time was 0.021371 milliseconds in repetition 283
tcp_ping received 32 bytes back
Round trip time was 0.02129 milliseconds in repetition 284
tcp_ping received 32 bytes back
Round trip time was 0.0213 milliseconds in repetition 285
tcp_ping received 32 bytes back
Round trip time was 0.02142 milliseconds in repetition 286
tcp_ping received 32 bytes back
Round trip time was 0.02141 milliseconds in repetition 287
tcp_ping received 32 bytes back
Round trip time was 0.0215 milliseconds in repetition 288
tcp_ping received 32 bytes back
Round trip time was 0.021581 milliseconds in repetition 289
tcp_ping received 32 bytes back
Round trip time was 0.021411 milliseconds in repetition 290
tcp_ping received 32 bytes back
Round trip time was 0.02131 milliseconds in repetition 291
tcp_ping received 32 bytes back
Round trip time was 0.02127 milliseconds in repetition 292
tcp_ping received 32 bytes back
Round trip time was 0.021261 milliseconds in repetition 293
tcp_ping received 32 bytes back
Round trip time was 0.0215 milliseconds in repetition 294
tcp_ping received 32 bytes back
Round trip time was 0.021441 milliseconds in repetition 295
tcp_ping received 32 bytes back
Round trip time was 0.02138 milliseconds in repetition 296
tcp_ping received 32 bytes back
Round trip time was 0.021801 milliseconds in repetition 297
tcp_ping received 32 bytes back
Round trip time was 0.02122 milliseconds in repetition 298
tcp_ping received 32 bytes back
Round trip time was 0.021319 milliseconds in repetition 299
tcp_ping received 32 bytes back
Round trip time was 0.103314 milliseconds in repetition 300
tcp_ping received 32 bytes back
Round trip time was 0.030938 milliseconds in repetition 301
tcp_ping received 32 bytes back
Round trip time was 0.02173 milliseconds in repetition 302
tcp_ping received 32 bytes back
Round trip time was 0.021369 milliseconds in repetition 303
tcp_ping received 32 bytes back
Round trip time was 0.02142 milliseconds in repetition 304
tcp_ping received 32 bytes back
Round trip time was 0.02164 milliseconds in repetition 305
tcp_ping received 32 bytes back
Round trip time was 0.021431 milliseconds in repetition 306
tcp_ping received 32 bytes back
Round trip time was 0.02159 milliseconds in repetition 307
tcp_ping received 32 bytes back
Round trip time was 0.02157 milliseconds in repetition 308
tcp_ping received 32 bytes back
Round trip time was 0.021401 milliseconds in repetition 309
tcp_ping received 32 bytes back
Round trip time was 0.021311 milliseconds in repetition 310
tcp_ping received 32 bytes back
Round trip time was 0.02149 milliseconds in repetition 311
tcp_ping received 32 bytes back
Round trip time was 0.02132 milliseconds in repetition 312
tcp_ping received 32 bytes back
Round trip time was 0.024986 milliseconds in repetition 313
tcp_ping received 32 bytes back
Round trip time was 0.021501 milliseconds in repetition 314
tcp_ping received 32 bytes back
Round trip time was 0.021329 milliseconds in repetition 315
tcp_ping received 32 bytes back
Round trip time was 0.021369 milliseconds in repetition 316
tcp_ping received 32 bytes back
Round trip time was 0.02132 milliseconds in repetition 317
tcp_ping received 32 bytes back
Round trip time was 0.02126 milliseconds in repetition 318
tcp_ping received 32 bytes back
Round trip time was 0.021221 milliseconds in repetition 319
tcp_ping received 32 bytes back
Round trip time was 0.02139 milliseconds in repetition 320
tcp_ping received 32 bytes back
Round trip time was 0.02149 milliseconds in repetition 321
tcp_ping received 32 bytes back
Round trip time was 0.021481 milliseconds in repetition 322
tcp_ping received 32 bytes back
Round trip time was 0.021309 milliseconds in repetition 323
tcp_ping received 32 bytes back
Round trip time was 0.021349 milliseconds in repetition 324
tcp_ping received 32 bytes back
Round trip time was 0.02135 milliseconds in repetition 325
tcp_ping received 32 bytes back
Round trip time was 0.021391 milliseconds in repetition 326
tcp_ping received 32 bytes back
Round trip time was 0.02147 milliseconds in repetition 327
tcp_ping received 32 bytes back
Round trip time was 0.021471 milliseconds in repetition 328
tcp_ping received 32 bytes back
Round trip time was 0.02139 milliseconds in repetition 329
tcp_ping received 32 bytes back
Round trip time was 0.021269 milliseconds in repetition 330
tcp_ping received 32 bytes back
Round trip time was 0.02135 milliseconds in repetition 331
tcp_ping received 32 bytes back
Round trip time was 0.02124 milliseconds in repetition 332
tcp_ping received 32 bytes back
Round trip time was 0.02175 milliseconds in repetition 333
tcp_ping received 32 bytes back
Round trip time was 0.051767 milliseconds in repetition 334
tcp_ping received 32 bytes back
Round trip time was 0.022562 milliseconds in repetition 335
tcp_ping received 32 bytes back
Round trip time was 0.021461 milliseconds in repetition 336
tcp_ping received 32 bytes back
Round trip time was 0.02153 milliseconds in repetition 337
tcp_ping received 32 bytes back
Round trip time was 0.021371 milliseconds in repetition 338
tcp_ping received 32 bytes back
Round trip time was 0.021331 milliseconds in repetition 339
tcp_ping received 32 bytes back
Round trip time was 0.021419 milliseconds in repetition 340
tcp_ping received 32 bytes back
Round trip time was 0.02134 milliseconds in repetition 341
tcp_ping received 32 bytes back
Round trip time was 0.021371 milliseconds in repetition 342
tcp_ping received 32 bytes back
Round trip time was 0.021329 milliseconds in repetition 343
tcp_ping received 32 bytes back
Round trip time was 0.021249 milliseconds in repetition 344
tcp_ping received 32 bytes back
Round trip time was 0.021249 milliseconds in repetition 345
tcp_ping received 32 bytes back
Round trip time was 0.021369 milliseconds in repetition 346
tcp_ping received 32 bytes back
Round trip time was 0.02134 milliseconds in repetition 347
tcp_ping received 32 bytes back
Round trip time was 0.021361 milliseconds in repetition 348
tcp_ping received 32 bytes back
Round trip time was 0.021421 milliseconds in repetition 349
tcp_ping received 32 bytes back
Round trip time was 0.021239 milliseconds in repetition 350
tcp_ping received 32 bytes back
Round trip time was 0.021299 milliseconds in repetition 351
tcp_ping received 32 bytes back
Round trip time was 0.021391 milliseconds in repetition 352
tcp_ping received 32 bytes back
Round trip time was 0.021371 milliseconds in repetition 353
tcp_ping received 32 bytes back
Round trip time was 0.02143 milliseconds in repetition 354
tcp_ping received 32 bytes back
Round trip time was 0.021389 milliseconds in repetition 355
tcp_ping received 32 bytes back
Round trip time was 0.021299 milliseconds in repetition 356
tcp_ping received 32 bytes back
Round trip time was 0.02129 milliseconds in repetition 357
tcp_ping received 32 bytes back
Round trip time was 0.024546 milliseconds in repetition 358
tcp_ping received 32 bytes back
Round trip time was 0.021461 milliseconds in repetition 359
tcp_ping received 32 bytes back
Round trip time was 0.021611 milliseconds in repetition 360
tcp_ping received 32 bytes back
Round trip time was 0.021421 milliseconds in repetition 361
tcp_ping received 32 bytes back
Round trip time was 0.021271 milliseconds in repetition 362
tcp_ping received 32 bytes back
Round trip time was 0.021321 milliseconds in repetition 363
tcp_ping received 32 bytes back
Round trip time was 0.021321 milliseconds in repetition 364
tcp_ping received 32 bytes back
Round trip time was 0.021281 milliseconds in repetition 365
tcp_ping received 32 bytes back
Round trip time was 0.02124 milliseconds in repetition 366
tcp_ping received 32 bytes back
Round trip time was 0.021401 milliseconds in repetition 367
tcp_ping received 32 bytes back
Round trip time was 0.021371 milliseconds in repetition 368
tcp_ping received 32 bytes back
Round trip time was 0.021501 milliseconds in repetition 369
tcp_ping received 32 bytes back
Round trip time was 0.021339 milliseconds in repetition 370
tcp_ping received 32 bytes back
Round trip time was 0.063719 milliseconds in repetition 371
tcp_ping received 32 bytes back
Round trip time was 0.02166 milliseconds in repetition 372
tcp_ping received 32 bytes back
Round trip time was 0.021441 milliseconds in repetition 373
tcp_ping received 32 bytes back
Round trip time was 0.021611 milliseconds in repetition 374
tcp_ping received 32 bytes back
Round trip time was 0.021311 milliseconds in repetition 375
tcp_ping received 32 bytes back
Round trip time was 0.021341 milliseconds in repetition 376
tcp_ping received 32 bytes back
Round trip time was 0.02128 milliseconds in repetition 377
tcp_ping received 32 bytes back
Round trip time was 0.021359 milliseconds in repetition 378
tcp_ping received 32 bytes back
Round trip time was 0.02124 milliseconds in repetition 379
tcp_ping received 32 bytes back
Round trip time was 0.021269 milliseconds in repetition 380
tcp_ping received 32 bytes back
Round trip time was 0.02137 milliseconds in repetition 381
tcp_ping received 32 bytes back
Round trip time was 0.021239 milliseconds in repetition 382
tcp_ping received 32 bytes back
Round trip time was 0.02126 milliseconds in repetition 383
tcp_ping received 32 bytes back
Round trip time was 0.021199 milliseconds in repetition 384
tcp_ping received 32 bytes back
Round trip time was 0.02128 milliseconds in repetition 385
tcp_ping received 32 bytes back
Round trip time was 0.021299 milliseconds in repetition 386
tcp_ping received 32 bytes back
Round trip time was 0.02154 milliseconds in repetition 387
tcp_ping received 32 bytes back
Round trip time was 0.021431 milliseconds in repetition 388
tcp_ping received 32 bytes back
Round trip time was 0.02129 milliseconds in repetition 389
tcp_ping received 32 bytes back
Round trip time was 0.02127 milliseconds in repetition 390
tcp_ping received 32 bytes back
Round trip time was 0.02126 milliseconds in repetition 391
tcp_ping received 32 bytes back
Round trip time was 0.021279 milliseconds in repetition 392
tcp_ping received 32 bytes back
Round trip time was 0.021229 milliseconds in repetition 393
tcp_ping received 32 bytes back
Round trip time was 0.021349 milliseconds in repetition 394
tcp_ping received 32 bytes back
Round trip time was 0.02146 milliseconds in repetition 395
tcp_ping received 32 bytes back
Round trip time was 0.02128 milliseconds in repetition 396
tcp_ping received 32 bytes back
Round trip time was 0.02114 milliseconds in repetition 397
tcp_ping received 32 bytes back
Round trip time was 0.02122 milliseconds in repetition 398
tcp_ping received 32 bytes back
Round trip time was 0.021269 milliseconds in repetition 399
tcp_ping received 32 bytes back
Round trip time was 0.021249 milliseconds in repetition 400
tcp_ping received 32 bytes back
Round trip time was 0.021339 milliseconds in repetition 401
tcp_ping received 32 bytes back
Round trip time was 0.0213 milliseconds in repetition 402
tcp_ping received 32 bytes back
Round trip time was 0.024666 milliseconds in repetition 403
tcp_ping received 32 bytes back
Round trip time was 0.021761 milliseconds in repetition 404
tcp_ping received 32 bytes back
Round trip time was 0.02146 milliseconds in repetition 405
tcp_ping received 32 bytes back
Round trip time was 0.021451 milliseconds in repetition 406
tcp_ping received 32 bytes back
Round trip time was 0.077525 milliseconds in repetition 407
tcp_ping received 32 bytes back
Round trip time was 0.032871 milliseconds in repetition 408
tcp_ping received 32 bytes back
Round trip time was 0.022573 milliseconds in repetition 409
tcp_ping received 32 bytes back
Round trip time was 0.021449 milliseconds in repetition 410
tcp_ping received 32 bytes back
Round trip time was 0.02132 milliseconds in repetition 411
tcp_ping received 32 bytes back
Round trip time was 0.021391 milliseconds in repetition 412
tcp_ping received 32 bytes back
Round trip time was 0.021329 milliseconds in repetition 413
tcp_ping received 32 bytes back
Round trip time was 0.021159 milliseconds in repetition 414
tcp_ping received 32 bytes back
Round trip time was 0.021119 milliseconds in repetition 415
tcp_ping received 32 bytes back
Round trip time was 0.021079 milliseconds in repetition 416
tcp_ping received 32 bytes back
Round trip time was 0.021269 milliseconds in repetition 417
tcp_ping received 32 bytes back
Round trip time was 0.02112 milliseconds in repetition 418
tcp_ping received 32 bytes back
Round trip time was 0.02108 milliseconds in repetition 419
tcp_ping received 32 bytes back
Round trip time was 0.021209 milliseconds in repetition 420
tcp_ping received 32 bytes back
Round trip time was 0.021199 milliseconds in repetition 421
tcp_ping received 32 bytes back
Round trip time was 0.021109 milliseconds in repetition 422
tcp_ping received 32 bytes back
Round trip time was 0.021089 milliseconds in repetition 423
tcp_ping received 32 bytes back
Round trip time was 0.021039 milliseconds in repetition 424
tcp_ping received 32 bytes back
Round trip time was 0.021089 milliseconds in repetition 425
tcp_ping received 32 bytes back
Round trip time was 0.02109 milliseconds in repetition 426
tcp_ping received 32 bytes back
Round trip time was 0.02118 milliseconds in repetition 427
tcp_ping received 32 bytes back
Round trip time was 0.021099 milliseconds in repetition 428
tcp_ping received 32 bytes back
Round trip time was 0.02118 milliseconds in repetition 429
tcp_ping received 32 bytes back
Round trip time was 0.021119 milliseconds in repetition 430
tcp_ping received 32 bytes back
Round trip time was 0.02111 milliseconds in repetition 431
tcp_ping received 32 bytes back
Round trip time was 0.021029 milliseconds in repetition 432
tcp_ping received 32 bytes back
Round trip time was 0.02114 milliseconds in repetition 433
tcp_ping received 32 bytes back
Round trip time was 0.02131 milliseconds in repetition 434
tcp_ping received 32 bytes back
Round trip time was 0.0211 milliseconds in repetition 435
tcp_ping received 32 bytes back
Round trip time was 0.021171 milliseconds in repetition 436
tcp_ping received 32 bytes back
Round trip time was 0.021069 milliseconds in repetition 437
tcp_ping received 32 bytes back
Round trip time was 0.021019 milliseconds in repetition 438
tcp_ping received 32 bytes back
Round trip time was 0.02106 milliseconds in repetition 439
tcp_ping received 32 bytes back
Round trip time was 0.021059 milliseconds in repetition 440
tcp_ping received 32 bytes back
Round trip time was 0.02119 milliseconds in repetition 441
tcp_ping received 32 bytes back
Round trip time was 0.0211 milliseconds in repetition 442
tcp_ping received 32 bytes back
Round trip time was 0.080701 milliseconds in repetition 443
tcp_ping received 32 bytes back
Round trip time was 0.023064 milliseconds in repetition 444
tcp_ping received 32 bytes back
Round trip time was 0.021561 milliseconds in repetition 445
tcp_ping received 32 bytes back
Round trip time was 0.02145 milliseconds in repetition 446
tcp_ping received 32 bytes back
Round trip time was 0.025848 milliseconds in repetition 447
tcp_ping received 32 bytes back
Round trip time was 0.02177 milliseconds in repetition 448
tcp_ping received 32 bytes back
Round trip time was 0.02143 milliseconds in repetition 449
tcp_ping received 32 bytes back
Round trip time was 0.021361 milliseconds in repetition 450
tcp_ping received 32 bytes back
Round trip time was 0.021241 milliseconds in repetition 451
tcp_ping received 32 bytes back
Round trip time was 0.021199 milliseconds in repetition 452
tcp_ping received 32 bytes back
Round trip time was 0.021451 milliseconds in repetition 453
tcp_ping received 32 bytes back
Round trip time was 0.0212 milliseconds in repetition 454
tcp_ping received 32 bytes back
Round trip time was 0.021159 milliseconds in repetition 455
tcp_ping received 32 bytes back
Round trip time was 0.021129 milliseconds in repetition 456
tcp_ping received 32 bytes back
Round trip time was 0.02115 milliseconds in repetition 457
tcp_ping received 32 bytes back
Round trip time was 0.021161 milliseconds in repetition 458
tcp_ping received 32 bytes back
Round trip time was 0.021209 milliseconds in repetition 459
tcp_ping received 32 bytes back
Round trip time was 0.021259 milliseconds in repetition 460
tcp_ping received 32 bytes back
Round trip time was 0.021189 milliseconds in repetition 461
tcp_ping received 32 bytes back
Round trip time was 0.02119 milliseconds in repetition 462
tcp_ping received 32 bytes back
Round trip time was 0.02117 milliseconds in repetition 463
tcp_ping received 32 bytes back
Round trip time was 0.021109 milliseconds in repetition 464
tcp_ping received 32 bytes back
Round trip time was 0.021209 milliseconds in repetition 465
tcp_ping received 32 bytes back
Round trip time was 0.021169 milliseconds in repetition 466
tcp_ping received 32 bytes back
Round trip time was 0.021359 milliseconds in repetition 467
tcp_ping received 32 bytes back
Round trip time was 0.02136 milliseconds in repetition 468
tcp_ping received 32 bytes back
Round trip time was 0.02126 milliseconds in repetition 469
tcp_ping received 32 bytes back
Round trip time was 0.021099 milliseconds in repetition 470
tcp_ping received 32 bytes back
Round trip time was 0.02115 milliseconds in repetition 471
tcp_ping received 32 bytes back
Round trip time was 0.02115 milliseconds in repetition 472
tcp_ping received 32 bytes back
Round trip time was 0.021241 milliseconds in repetition 473
tcp_ping received 32 bytes back
Round trip time was 0.0212 milliseconds in repetition 474
tcp_ping received 32 bytes back
Round trip time was 0.021169 milliseconds in repetition 475
tcp_ping received 32 bytes back
Round trip time was 0.021179 milliseconds in repetition 476
tcp_ping received 32 bytes back
Round trip time was 0.02113 milliseconds in repetition 477
tcp_ping received 32 bytes back
Round trip time was 0.052368 milliseconds in repetition 478
tcp_ping received 32 bytes back
Round trip time was 0.024065 milliseconds in repetition 479
tcp_ping received 32 bytes back
Round trip time was 0.021509 milliseconds in repetition 480
tcp_ping received 32 bytes back
Round trip time was 0.02127 milliseconds in repetition 481
tcp_ping received 32 bytes back
Round trip time was 0.02119 milliseconds in repetition 482
tcp_ping received 32 bytes back
Round trip time was 0.021319 milliseconds in repetition 483
tcp_ping received 32 bytes back
Round trip time was 0.021239 milliseconds in repetition 484
tcp_ping received 32 bytes back
Round trip time was 0.02127 milliseconds in repetition 485
tcp_ping received 32 bytes back
Round trip time was 0.02111 milliseconds in repetition 486
tcp_ping received 32 bytes back
Round trip time was 0.02148 milliseconds in repetition 487
tcp_ping received 32 bytes back
Round trip time was 0.021429 milliseconds in repetition 488
tcp_ping received 32 bytes back
Round trip time was 0.02129 milliseconds in repetition 489
tcp_ping received 32 bytes back
Round trip time was 0.02111 milliseconds in repetition 490
tcp_ping received 32 bytes back
Round trip time was 0.02125 milliseconds in repetition 491
tcp_ping received 32 bytes back
Round trip time was 0.024556 milliseconds in repetition 492
tcp_ping received 32 bytes back
Round trip time was 0.021391 milliseconds in repetition 493
tcp_ping received 32 bytes back
Round trip time was 0.021541 milliseconds in repetition 494
tcp_ping received 32 bytes back
Round trip time was 0.02149 milliseconds in repetition 495
tcp_ping received 32 bytes back
Round trip time was 0.021451 milliseconds in repetition 496
tcp_ping received 32 bytes back
Round trip time was 0.021369 milliseconds in repetition 497
tcp_ping received 32 bytes back
Round trip time was 0.021159 milliseconds in repetition 498
tcp_ping received 32 bytes back
Round trip time was 0.021249 milliseconds in repetition 499
tcp_ping received 32 bytes back
Round trip time was 0.021199 milliseconds in repetition 500
tcp_ping received 32 bytes back
Round trip time was 0.308347 milliseconds in repetition 501

 ... clock resolution was 1e-06
TCP Ping:  Statistics over 501 repetitions of 32 byte messages

RTT : percentile 10: 0.02118, median: 0.022573, percentile 90: 0.164929, average: 0.0661002, variance: 0.0347692

RTT histogram:
0.0210185 410
0.195489 83
0.369959 2
0.544429 1
0.718899 2
0.893369 0
1.06784 0
1.24231 2
1.41678 0
1.59125 0
1.76572 0
1.94019 0
2.11466 0
2.28913 0
2.4636 0
2.63807 0
2.81254 0
2.98701 0
3.16148 0
3.33595 0
3.51042 1

   median Throughput : 2835.25 KB/s   overall Throughput : 968.227 KB/s

